[2024-09-27T15:53:13.299+0000] {local_task_job_runner.py:123} INFO - ::group::Pre task execution logs
[2024-09-27T15:53:13.314+0000] {taskinstance.py:2612} INFO - Dependencies all met for dep_context=non-requeueable deps ti=<TaskInstance: etl_costos_ventas.extract_costos manual__2024-09-27T15:53:11.252578+00:00 [queued]>
[2024-09-27T15:53:13.320+0000] {taskinstance.py:2612} INFO - Dependencies all met for dep_context=requeueable deps ti=<TaskInstance: etl_costos_ventas.extract_costos manual__2024-09-27T15:53:11.252578+00:00 [queued]>
[2024-09-27T15:53:13.321+0000] {taskinstance.py:2865} INFO - Starting attempt 1 of 1
[2024-09-27T15:53:13.341+0000] {taskinstance.py:2888} INFO - Executing <Task(PythonOperator): extract_costos> on 2024-09-27 15:53:11.252578+00:00
[2024-09-27T15:53:13.354+0000] {warnings.py:112} WARNING - /home/***/.local/lib/python3.12/site-packages/***/task/task_runner/standard_task_runner.py:70: DeprecationWarning: This process (pid=101) is multi-threaded, use of fork() may lead to deadlocks in the child.
  pid = os.fork()

[2024-09-27T15:53:13.356+0000] {standard_task_runner.py:72} INFO - Started process 111 to run task
[2024-09-27T15:53:13.356+0000] {standard_task_runner.py:104} INFO - Running: ['***', 'tasks', 'run', 'etl_costos_ventas', 'extract_costos', 'manual__2024-09-27T15:53:11.252578+00:00', '--job-id', '54', '--raw', '--subdir', 'DAGS_FOLDER/RPA_dag.py', '--cfg-path', '/tmp/tmp0p3nlh1a']
[2024-09-27T15:53:13.357+0000] {standard_task_runner.py:105} INFO - Job 54: Subtask extract_costos
[2024-09-27T15:53:13.410+0000] {task_command.py:467} INFO - Running <TaskInstance: etl_costos_ventas.extract_costos manual__2024-09-27T15:53:11.252578+00:00 [running]> on host 32d53c0d21c3
[2024-09-27T15:53:13.502+0000] {taskinstance.py:3131} INFO - Exporting env vars: AIRFLOW_CTX_DAG_OWNER='***' AIRFLOW_CTX_DAG_ID='etl_costos_ventas' AIRFLOW_CTX_TASK_ID='extract_costos' AIRFLOW_CTX_EXECUTION_DATE='2024-09-27T15:53:11.252578+00:00' AIRFLOW_CTX_TRY_NUMBER='1' AIRFLOW_CTX_DAG_RUN_ID='manual__2024-09-27T15:53:11.252578+00:00'
[2024-09-27T15:53:13.503+0000] {logging_mixin.py:190} INFO - Task instance is in running state
[2024-09-27T15:53:13.504+0000] {logging_mixin.py:190} INFO -  Previous state of the Task instance: queued
[2024-09-27T15:53:13.504+0000] {logging_mixin.py:190} INFO - Current task name:extract_costos state:running start_date:2024-09-27 15:53:13.314662+00:00
[2024-09-27T15:53:13.505+0000] {logging_mixin.py:190} INFO - Dag name:etl_costos_ventas and current dag run status:running
[2024-09-27T15:53:13.505+0000] {taskinstance.py:731} INFO - ::endgroup::
[2024-09-27T15:53:13.653+0000] {python.py:240} INFO - Done. Returned value was: None
[2024-09-27T15:53:13.673+0000] {taskinstance.py:340} INFO - ::group::Post task execution logs
[2024-09-27T15:53:13.675+0000] {taskinstance.py:352} INFO - Marking task as SUCCESS. dag_id=etl_costos_ventas, task_id=extract_costos, run_id=manual__2024-09-27T15:53:11.252578+00:00, execution_date=20240927T155311, start_date=20240927T155313, end_date=20240927T155313
[2024-09-27T15:53:13.694+0000] {logging_mixin.py:190} INFO - Task instance in success state
[2024-09-27T15:53:13.695+0000] {logging_mixin.py:190} INFO -  Previous state of the Task instance: running
[2024-09-27T15:53:13.696+0000] {logging_mixin.py:190} INFO - Dag name:etl_costos_ventas queued_at:2024-09-27 15:53:11.278958+00:00
[2024-09-27T15:53:13.696+0000] {logging_mixin.py:190} INFO - Task hostname:32d53c0d21c3 operator:PythonOperator
[2024-09-27T15:53:13.733+0000] {local_task_job_runner.py:266} INFO - Task exited with return code 0
[2024-09-27T15:53:13.744+0000] {local_task_job_runner.py:245} INFO - ::endgroup::
