[2024-09-27T15:53:13.299+0000] {local_task_job_runner.py:123} INFO - ::group::Pre task execution logs
[2024-09-27T15:53:13.314+0000] {taskinstance.py:2612} INFO - Dependencies all met for dep_context=non-requeueable deps ti=<TaskInstance: etl_costos_ventas.extract_ventas manual__2024-09-27T15:53:11.252578+00:00 [queued]>
[2024-09-27T15:53:13.320+0000] {taskinstance.py:2612} INFO - Dependencies all met for dep_context=requeueable deps ti=<TaskInstance: etl_costos_ventas.extract_ventas manual__2024-09-27T15:53:11.252578+00:00 [queued]>
[2024-09-27T15:53:13.321+0000] {taskinstance.py:2865} INFO - Starting attempt 1 of 1
[2024-09-27T15:53:13.332+0000] {taskinstance.py:2888} INFO - Executing <Task(PythonOperator): extract_ventas> on 2024-09-27 15:53:11.252578+00:00
[2024-09-27T15:53:13.340+0000] {warnings.py:112} WARNING - /home/***/.local/lib/python3.12/site-packages/***/task/task_runner/standard_task_runner.py:70: DeprecationWarning: This process (pid=102) is multi-threaded, use of fork() may lead to deadlocks in the child.
  pid = os.fork()

[2024-09-27T15:53:13.343+0000] {standard_task_runner.py:72} INFO - Started process 107 to run task
[2024-09-27T15:53:13.343+0000] {standard_task_runner.py:104} INFO - Running: ['***', 'tasks', 'run', 'etl_costos_ventas', 'extract_ventas', 'manual__2024-09-27T15:53:11.252578+00:00', '--job-id', '53', '--raw', '--subdir', 'DAGS_FOLDER/RPA_dag.py', '--cfg-path', '/tmp/tmpu3he40g_']
[2024-09-27T15:53:13.344+0000] {standard_task_runner.py:105} INFO - Job 53: Subtask extract_ventas
[2024-09-27T15:53:13.402+0000] {task_command.py:467} INFO - Running <TaskInstance: etl_costos_ventas.extract_ventas manual__2024-09-27T15:53:11.252578+00:00 [running]> on host 32d53c0d21c3
[2024-09-27T15:53:13.499+0000] {taskinstance.py:3131} INFO - Exporting env vars: AIRFLOW_CTX_DAG_OWNER='***' AIRFLOW_CTX_DAG_ID='etl_costos_ventas' AIRFLOW_CTX_TASK_ID='extract_ventas' AIRFLOW_CTX_EXECUTION_DATE='2024-09-27T15:53:11.252578+00:00' AIRFLOW_CTX_TRY_NUMBER='1' AIRFLOW_CTX_DAG_RUN_ID='manual__2024-09-27T15:53:11.252578+00:00'
[2024-09-27T15:53:13.501+0000] {logging_mixin.py:190} INFO - Task instance is in running state
[2024-09-27T15:53:13.501+0000] {logging_mixin.py:190} INFO -  Previous state of the Task instance: queued
[2024-09-27T15:53:13.501+0000] {logging_mixin.py:190} INFO - Current task name:extract_ventas state:running start_date:2024-09-27 15:53:13.314589+00:00
[2024-09-27T15:53:13.502+0000] {logging_mixin.py:190} INFO - Dag name:etl_costos_ventas and current dag run status:running
[2024-09-27T15:53:13.502+0000] {taskinstance.py:731} INFO - ::endgroup::
[2024-09-27T15:53:13.646+0000] {python.py:240} INFO - Done. Returned value was: None
[2024-09-27T15:53:13.667+0000] {taskinstance.py:340} INFO - ::group::Post task execution logs
[2024-09-27T15:53:13.669+0000] {taskinstance.py:352} INFO - Marking task as SUCCESS. dag_id=etl_costos_ventas, task_id=extract_ventas, run_id=manual__2024-09-27T15:53:11.252578+00:00, execution_date=20240927T155311, start_date=20240927T155313, end_date=20240927T155313
[2024-09-27T15:53:13.684+0000] {logging_mixin.py:190} INFO - Task instance in success state
[2024-09-27T15:53:13.685+0000] {logging_mixin.py:190} INFO -  Previous state of the Task instance: running
[2024-09-27T15:53:13.686+0000] {logging_mixin.py:190} INFO - Dag name:etl_costos_ventas queued_at:2024-09-27 15:53:11.278958+00:00
[2024-09-27T15:53:13.687+0000] {logging_mixin.py:190} INFO - Task hostname:32d53c0d21c3 operator:PythonOperator
[2024-09-27T15:53:13.720+0000] {local_task_job_runner.py:266} INFO - Task exited with return code 0
[2024-09-27T15:53:13.751+0000] {taskinstance.py:3900} INFO - 1 downstream tasks scheduled from follow-on schedule check
[2024-09-27T15:53:13.753+0000] {local_task_job_runner.py:245} INFO - ::endgroup::
