[2024-09-27T17:47:39.479+0000] {local_task_job_runner.py:123} INFO - ::group::Pre task execution logs
[2024-09-27T17:47:39.493+0000] {taskinstance.py:2612} INFO - Dependencies all met for dep_context=non-requeueable deps ti=<TaskInstance: etl_costos_ventas.load_data manual__2024-09-27T17:47:28.839267+00:00 [queued]>
[2024-09-27T17:47:39.500+0000] {taskinstance.py:2612} INFO - Dependencies all met for dep_context=requeueable deps ti=<TaskInstance: etl_costos_ventas.load_data manual__2024-09-27T17:47:28.839267+00:00 [queued]>
[2024-09-27T17:47:39.500+0000] {taskinstance.py:2865} INFO - Starting attempt 1 of 1
[2024-09-27T17:47:39.512+0000] {taskinstance.py:2888} INFO - Executing <Task(PythonOperator): load_data> on 2024-09-27 17:47:28.839267+00:00
[2024-09-27T17:47:39.523+0000] {standard_task_runner.py:104} INFO - Running: ['***', 'tasks', 'run', 'etl_costos_ventas', 'load_data', 'manual__2024-09-27T17:47:28.839267+00:00', '--job-id', '85', '--raw', '--subdir', 'DAGS_FOLDER/RPA_dag.py', '--cfg-path', '/tmp/tmp0urul38o']
[2024-09-27T17:47:39.523+0000] {warnings.py:112} WARNING - /home/***/.local/lib/python3.12/site-packages/***/task/task_runner/standard_task_runner.py:70: DeprecationWarning: This process (pid=98) is multi-threaded, use of fork() may lead to deadlocks in the child.
  pid = os.fork()

[2024-09-27T17:47:39.524+0000] {standard_task_runner.py:105} INFO - Job 85: Subtask load_data
[2024-09-27T17:47:39.524+0000] {standard_task_runner.py:72} INFO - Started process 100 to run task
[2024-09-27T17:47:39.563+0000] {task_command.py:467} INFO - Running <TaskInstance: etl_costos_ventas.load_data manual__2024-09-27T17:47:28.839267+00:00 [running]> on host 32d53c0d21c3
[2024-09-27T17:47:39.634+0000] {taskinstance.py:3131} INFO - Exporting env vars: AIRFLOW_CTX_DAG_OWNER='***' AIRFLOW_CTX_DAG_ID='etl_costos_ventas' AIRFLOW_CTX_TASK_ID='load_data' AIRFLOW_CTX_EXECUTION_DATE='2024-09-27T17:47:28.839267+00:00' AIRFLOW_CTX_TRY_NUMBER='1' AIRFLOW_CTX_DAG_RUN_ID='manual__2024-09-27T17:47:28.839267+00:00'
[2024-09-27T17:47:39.636+0000] {logging_mixin.py:190} INFO - Task instance is in running state
[2024-09-27T17:47:39.636+0000] {logging_mixin.py:190} INFO -  Previous state of the Task instance: queued
[2024-09-27T17:47:39.636+0000] {logging_mixin.py:190} INFO - Current task name:load_data state:running start_date:2024-09-27 17:47:39.493908+00:00
[2024-09-27T17:47:39.637+0000] {logging_mixin.py:190} INFO - Dag name:etl_costos_ventas and current dag run status:running
[2024-09-27T17:47:39.637+0000] {taskinstance.py:731} INFO - ::endgroup::
[2024-09-27T17:47:39.708+0000] {logging_mixin.py:190} INFO - Archivo Excel corregido generado con éxito.
[2024-09-27T17:47:39.709+0000] {python.py:240} INFO - Done. Returned value was: None
[2024-09-27T17:47:39.717+0000] {taskinstance.py:340} INFO - ::group::Post task execution logs
[2024-09-27T17:47:39.718+0000] {taskinstance.py:352} INFO - Marking task as SUCCESS. dag_id=etl_costos_ventas, task_id=load_data, run_id=manual__2024-09-27T17:47:28.839267+00:00, execution_date=20240927T174728, start_date=20240927T174739, end_date=20240927T174739
[2024-09-27T17:47:39.726+0000] {logging_mixin.py:190} INFO - Task instance in success state
[2024-09-27T17:47:39.727+0000] {logging_mixin.py:190} INFO -  Previous state of the Task instance: running
[2024-09-27T17:47:39.727+0000] {logging_mixin.py:190} INFO - Dag name:etl_costos_ventas queued_at:2024-09-27 17:47:28.861968+00:00
[2024-09-27T17:47:39.728+0000] {logging_mixin.py:190} INFO - Task hostname:32d53c0d21c3 operator:PythonOperator
[2024-09-27T17:47:39.741+0000] {local_task_job_runner.py:266} INFO - Task exited with return code 0
[2024-09-27T17:47:39.755+0000] {taskinstance.py:3900} INFO - 0 downstream tasks scheduled from follow-on schedule check
[2024-09-27T17:47:39.758+0000] {local_task_job_runner.py:245} INFO - ::endgroup::
