[2024-09-27T14:51:08.653+0000] {local_task_job_runner.py:123} INFO - ::group::Pre task execution logs
[2024-09-27T14:51:08.667+0000] {taskinstance.py:2612} INFO - Dependencies all met for dep_context=non-requeueable deps ti=<TaskInstance: etl_costos_ventas.extract_costos manual__2024-09-27T14:51:06.945010+00:00 [queued]>
[2024-09-27T14:51:08.674+0000] {taskinstance.py:2612} INFO - Dependencies all met for dep_context=requeueable deps ti=<TaskInstance: etl_costos_ventas.extract_costos manual__2024-09-27T14:51:06.945010+00:00 [queued]>
[2024-09-27T14:51:08.674+0000] {taskinstance.py:2865} INFO - Starting attempt 1 of 1
[2024-09-27T14:51:08.686+0000] {taskinstance.py:2888} INFO - Executing <Task(PythonOperator): extract_costos> on 2024-09-27 14:51:06.945010+00:00
[2024-09-27T14:51:08.693+0000] {warnings.py:112} WARNING - /home/***/.local/lib/python3.12/site-packages/***/task/task_runner/standard_task_runner.py:70: DeprecationWarning: This process (pid=103) is multi-threaded, use of fork() may lead to deadlocks in the child.
  pid = os.fork()

[2024-09-27T14:51:08.695+0000] {standard_task_runner.py:104} INFO - Running: ['***', 'tasks', 'run', 'etl_costos_ventas', 'extract_costos', 'manual__2024-09-27T14:51:06.945010+00:00', '--job-id', '19', '--raw', '--subdir', 'DAGS_FOLDER/RPA_dag.py', '--cfg-path', '/tmp/tmpwbygrsyk']
[2024-09-27T14:51:08.696+0000] {standard_task_runner.py:72} INFO - Started process 107 to run task
[2024-09-27T14:51:08.696+0000] {standard_task_runner.py:105} INFO - Job 19: Subtask extract_costos
[2024-09-27T14:51:08.739+0000] {task_command.py:467} INFO - Running <TaskInstance: etl_costos_ventas.extract_costos manual__2024-09-27T14:51:06.945010+00:00 [running]> on host 32d53c0d21c3
[2024-09-27T14:51:08.804+0000] {taskinstance.py:3131} INFO - Exporting env vars: AIRFLOW_CTX_DAG_OWNER='***' AIRFLOW_CTX_DAG_ID='etl_costos_ventas' AIRFLOW_CTX_TASK_ID='extract_costos' AIRFLOW_CTX_EXECUTION_DATE='2024-09-27T14:51:06.945010+00:00' AIRFLOW_CTX_TRY_NUMBER='1' AIRFLOW_CTX_DAG_RUN_ID='manual__2024-09-27T14:51:06.945010+00:00'
[2024-09-27T14:51:08.805+0000] {logging_mixin.py:190} INFO - Task instance is in running state
[2024-09-27T14:51:08.805+0000] {logging_mixin.py:190} INFO -  Previous state of the Task instance: queued
[2024-09-27T14:51:08.806+0000] {logging_mixin.py:190} INFO - Current task name:extract_costos state:running start_date:2024-09-27 14:51:08.668499+00:00
[2024-09-27T14:51:08.806+0000] {logging_mixin.py:190} INFO - Dag name:etl_costos_ventas and current dag run status:running
[2024-09-27T14:51:08.806+0000] {taskinstance.py:731} INFO - ::endgroup::
[2024-09-27T14:51:08.915+0000] {python.py:240} INFO - Done. Returned value was: {'Año': {0: 2024, 1: 2024, 2: 2024, 3: 2024, 4: 2024, 5: 2024, 6: 2024, 7: 2024, 8: 2024, 9: 2024, 10: 2024, 11: 2024, 12: 2024, 13: 2024, 14: 2024, 15: 2024, 16: 2024, 17: 2024, 18: 2024}, 'Empresa': {0: 'BBU', 1: 'CL', 2: 'CA', 3: 'CL', 4: 'CA', 5: 'BBU', 6: 'BBU', 7: 'BBU', 8: 'BBU', 9: 'BBU', 10: 'BBU', 11: 'CA', 12: 'CA', 13: 'CA', 14: 'CA', 15: 'CL', 16: 'CL', 17: 'CL', 18: 'CL'}, 'Enero': {0: 91.0, 1: 32.0, 2: 89.0, 3: 25.0, 4: 19.0, 5: 28.0, 6: 14.0, 7: 64.0, 8: 82.0, 9: 16.0, 10: 23.0, 11: 49.0, 12: nan, 13: 38.0, 14: 41.0, 15: 96.0, 16: 14.0, 17: 65.0, 18: 6.0}, 'Febrero': {0: 45.0, 1: 79.0, 2: nan, 3: 10.0, 4: 31.0, 5: 9.0, 6: 63.0, 7: 76.0, 8: 50.0, 9: 43.0, 10: 34.0, 11: 35.0, 12: nan, 13: 2.0, 14: 61.0, 15: 91.0, 16: 97.0, 17: 74.0, 18: nan}, 'Marzo': {0: 78.0, 1: 94.0, 2: 94.0, 3: 72.0, 4: 50.0, 5: 35.0, 6: 42.0, 7: 12.0, 8: nan, 9: 75.0, 10: 55.0, 11: 86.0, 12: 90.0, 13: 49.0, 14: 13.0, 15: 34.0, 16: 53.0, 17: 35.0, 18: 24.0}, 'Abril': {0: 19, 1: 31, 2: 100, 3: 32, 4: 59, 5: 43, 6: 93, 7: 68, 8: 70, 9: 64, 10: 9, 11: 59, 12: 50, 13: 92, 14: 22, 15: 84, 16: 68, 17: 2, 18: 8}, 'Mayo': {0: 98.0, 1: 19.0, 2: 94.0, 3: 63.0, 4: 32.0, 5: 69.0, 6: 5.0, 7: 10.0, 8: nan, 9: 82.0, 10: 5.0, 11: 12.0, 12: 79.0, 13: 9.0, 14: 55.0, 15: 27.0, 16: 94.0, 17: 87.0, 18: 88.0}, 'Junio': {0: 15.0, 1: 11.0, 2: nan, 3: 11.0, 4: 65.0, 5: 88.0, 6: 96.0, 7: 28.0, 8: 13.0, 9: 84.0, 10: 54.0, 11: nan, 12: 43.0, 13: 80.0, 14: 15.0, 15: 11.0, 16: nan, 17: 35.0, 18: 79.0}, 'Julio': {0: 28.0, 1: 66.0, 2: 23.0, 3: 63.0, 4: nan, 5: 41.0, 6: 64.0, 7: 2.0, 8: 44.0, 9: 41.0, 10: 24.0, 11: 93.0, 12: 82.0, 13: 51.0, 14: 96.0, 15: 49.0, 16: 46.0, 17: 7.0, 18: 1.0}, 'Agosto': {0: 55.0, 1: 2.0, 2: nan, 3: 11.0, 4: 77.0, 5: 97.0, 6: 1.0, 7: 71.0, 8: 88.0, 9: 9.0, 10: nan, 11: 3.0, 12: 45.0, 13: 87.0, 14: 18.0, 15: 30.0, 16: 28.0, 17: 50.0, 18: 43.0}, 'Septiembre': {0: 29.0, 1: 23.0, 2: 76.0, 3: 64.0, 4: 82.0, 5: 13.0, 6: 9.0, 7: 69.0, 8: 3.0, 9: 32.0, 10: 6.0, 11: 12.0, 12: 98.0, 13: 38.0, 14: nan, 15: 96.0, 16: 85.0, 17: 40.0, 18: 43.0}, 'Octubre': {0: 49.0, 1: 70.0, 2: 65.0, 3: 59.0, 4: 100.0, 5: 71.0, 6: 6.0, 7: 62.0, 8: nan, 9: 7.0, 10: 41.0, 11: 31.0, 12: 29.0, 13: 82.0, 14: 78.0, 15: 31.0, 16: 20.0, 17: 31.0, 18: 42.0}, 'Noviembre': {0: 81.0, 1: 53.0, 2: 8.0, 3: nan, 4: 63.0, 5: 10.0, 6: 80.0, 7: 77.0, 8: 66.0, 9: 21.0, 10: 29.0, 11: 81.0, 12: 38.0, 13: 44.0, 14: 78.0, 15: 30.0, 16: 83.0, 17: 50.0, 18: 95.0}, 'Diciembre': {0: 62.0, 1: 69.0, 2: nan, 3: 14.0, 4: 86.0, 5: 39.0, 6: 1.0, 7: 15.0, 8: 64.0, 9: 96.0, 10: 97.0, 11: 14.0, 12: 22.0, 13: 83.0, 14: nan, 15: 65.0, 16: 14.0, 17: 37.0, 18: 40.0}}
[2024-09-27T14:51:08.936+0000] {taskinstance.py:340} INFO - ::group::Post task execution logs
[2024-09-27T14:51:08.936+0000] {taskinstance.py:352} INFO - Marking task as SUCCESS. dag_id=etl_costos_ventas, task_id=extract_costos, run_id=manual__2024-09-27T14:51:06.945010+00:00, execution_date=20240927T145106, start_date=20240927T145108, end_date=20240927T145108
[2024-09-27T14:51:08.943+0000] {logging_mixin.py:190} INFO - Task instance in success state
[2024-09-27T14:51:08.944+0000] {logging_mixin.py:190} INFO -  Previous state of the Task instance: running
[2024-09-27T14:51:08.944+0000] {logging_mixin.py:190} INFO - Dag name:etl_costos_ventas queued_at:2024-09-27 14:51:06.957064+00:00
[2024-09-27T14:51:08.944+0000] {logging_mixin.py:190} INFO - Task hostname:32d53c0d21c3 operator:PythonOperator
[2024-09-27T14:51:08.991+0000] {local_task_job_runner.py:266} INFO - Task exited with return code 0
[2024-09-27T14:51:09.011+0000] {taskinstance.py:3900} INFO - 0 downstream tasks scheduled from follow-on schedule check
[2024-09-27T14:51:09.015+0000] {local_task_job_runner.py:245} INFO - ::endgroup::
