[2024-09-27T19:45:56.555+0000] {processor.py:186} INFO - Started process (PID=60) to work on /opt/airflow/dags/RPA_dag.py
[2024-09-27T19:45:56.557+0000] {processor.py:914} INFO - Processing file /opt/airflow/dags/RPA_dag.py for tasks to queue
[2024-09-27T19:45:56.562+0000] {logging_mixin.py:190} INFO - [2024-09-27T19:45:56.561+0000] {dagbag.py:588} INFO - Filling up the DagBag from /opt/airflow/dags/RPA_dag.py
[2024-09-27T19:45:56.609+0000] {processor.py:925} INFO - DAG(s) 'etl_costos_ventas' retrieved from /opt/airflow/dags/RPA_dag.py
[2024-09-27T19:45:56.663+0000] {logging_mixin.py:190} INFO - [2024-09-27T19:45:56.662+0000] {dag.py:3239} INFO - Sync 1 DAGs
[2024-09-27T19:45:56.704+0000] {logging_mixin.py:190} INFO - [2024-09-27T19:45:56.704+0000] {dag.py:4180} INFO - Setting next_dagrun for etl_costos_ventas to 2024-09-27 08:00:00+00:00, run_after=2024-09-28 08:00:00+00:00
[2024-09-27T19:45:56.726+0000] {processor.py:208} INFO - Processing /opt/airflow/dags/RPA_dag.py took 0.181 seconds
[2024-09-27T19:46:27.744+0000] {processor.py:186} INFO - Started process (PID=123) to work on /opt/airflow/dags/RPA_dag.py
[2024-09-27T19:46:27.744+0000] {processor.py:914} INFO - Processing file /opt/airflow/dags/RPA_dag.py for tasks to queue
[2024-09-27T19:46:27.746+0000] {logging_mixin.py:190} INFO - [2024-09-27T19:46:27.746+0000] {dagbag.py:588} INFO - Filling up the DagBag from /opt/airflow/dags/RPA_dag.py
[2024-09-27T19:46:27.760+0000] {processor.py:925} INFO - DAG(s) 'etl_costos_ventas' retrieved from /opt/airflow/dags/RPA_dag.py
[2024-09-27T19:46:27.775+0000] {logging_mixin.py:190} INFO - [2024-09-27T19:46:27.775+0000] {dag.py:3239} INFO - Sync 1 DAGs
[2024-09-27T19:46:27.795+0000] {logging_mixin.py:190} INFO - [2024-09-27T19:46:27.795+0000] {dag.py:4180} INFO - Setting next_dagrun for etl_costos_ventas to 2024-09-27 08:00:00+00:00, run_after=2024-09-28 08:00:00+00:00
[2024-09-27T19:46:27.840+0000] {processor.py:208} INFO - Processing /opt/airflow/dags/RPA_dag.py took 0.101 seconds
[2024-09-27T19:46:58.034+0000] {processor.py:186} INFO - Started process (PID=186) to work on /opt/airflow/dags/RPA_dag.py
[2024-09-27T19:46:58.035+0000] {processor.py:914} INFO - Processing file /opt/airflow/dags/RPA_dag.py for tasks to queue
[2024-09-27T19:46:58.036+0000] {logging_mixin.py:190} INFO - [2024-09-27T19:46:58.036+0000] {dagbag.py:588} INFO - Filling up the DagBag from /opt/airflow/dags/RPA_dag.py
[2024-09-27T19:46:58.050+0000] {processor.py:925} INFO - DAG(s) 'etl_costos_ventas' retrieved from /opt/airflow/dags/RPA_dag.py
[2024-09-27T19:46:58.137+0000] {logging_mixin.py:190} INFO - [2024-09-27T19:46:58.136+0000] {dag.py:3239} INFO - Sync 1 DAGs
[2024-09-27T19:46:58.147+0000] {logging_mixin.py:190} INFO - [2024-09-27T19:46:58.147+0000] {dag.py:3262} INFO - Creating ORM DAG for etl_costos_ventas
[2024-09-27T19:46:58.155+0000] {logging_mixin.py:190} INFO - [2024-09-27T19:46:58.155+0000] {dag.py:4180} INFO - Setting next_dagrun for etl_costos_ventas to 2024-09-26 08:00:00+00:00, run_after=2024-09-27 08:00:00+00:00
[2024-09-27T19:46:58.167+0000] {processor.py:208} INFO - Processing /opt/airflow/dags/RPA_dag.py took 0.138 seconds
[2024-09-27T19:47:00.029+0000] {processor.py:186} INFO - Started process (PID=202) to work on /opt/airflow/dags/RPA_dag.py
[2024-09-27T19:47:00.030+0000] {processor.py:914} INFO - Processing file /opt/airflow/dags/RPA_dag.py for tasks to queue
[2024-09-27T19:47:00.032+0000] {logging_mixin.py:190} INFO - [2024-09-27T19:47:00.032+0000] {dagbag.py:588} INFO - Filling up the DagBag from /opt/airflow/dags/RPA_dag.py
[2024-09-27T19:47:00.053+0000] {processor.py:925} INFO - DAG(s) 'etl_costos_ventas' retrieved from /opt/airflow/dags/RPA_dag.py
[2024-09-27T19:47:00.062+0000] {logging_mixin.py:190} INFO - [2024-09-27T19:47:00.062+0000] {dag.py:3239} INFO - Sync 1 DAGs
[2024-09-27T19:47:00.081+0000] {logging_mixin.py:190} INFO - [2024-09-27T19:47:00.080+0000] {dag.py:4180} INFO - Setting next_dagrun for etl_costos_ventas to 2024-09-26 08:00:00+00:00, run_after=2024-09-27 08:00:00+00:00
[2024-09-27T19:47:00.103+0000] {processor.py:208} INFO - Processing /opt/airflow/dags/RPA_dag.py took 0.078 seconds
[2024-09-27T19:47:00.385+0000] {processor.py:186} INFO - Started process (PID=205) to work on /opt/airflow/dags/RPA_dag.py
[2024-09-27T19:47:00.385+0000] {processor.py:914} INFO - Processing file /opt/airflow/dags/RPA_dag.py for tasks to queue
[2024-09-27T19:47:00.387+0000] {logging_mixin.py:190} INFO - [2024-09-27T19:47:00.387+0000] {dagbag.py:588} INFO - Filling up the DagBag from /opt/airflow/dags/RPA_dag.py
[2024-09-27T19:47:00.411+0000] {processor.py:925} INFO - DAG(s) 'etl_costos_ventas' retrieved from /opt/airflow/dags/RPA_dag.py
[2024-09-27T19:47:00.420+0000] {logging_mixin.py:190} INFO - [2024-09-27T19:47:00.420+0000] {dag.py:3239} INFO - Sync 1 DAGs
[2024-09-27T19:47:00.439+0000] {logging_mixin.py:190} INFO - [2024-09-27T19:47:00.439+0000] {dag.py:4180} INFO - Setting next_dagrun for etl_costos_ventas to 2024-09-26 08:00:00+00:00, run_after=2024-09-27 08:00:00+00:00
[2024-09-27T19:47:00.456+0000] {processor.py:208} INFO - Processing /opt/airflow/dags/RPA_dag.py took 0.076 seconds
[2024-09-27T19:47:00.601+0000] {processor.py:186} INFO - Started process (PID=209) to work on /opt/airflow/dags/RPA_dag.py
[2024-09-27T19:47:00.601+0000] {processor.py:914} INFO - Processing file /opt/airflow/dags/RPA_dag.py for tasks to queue
[2024-09-27T19:47:00.603+0000] {logging_mixin.py:190} INFO - [2024-09-27T19:47:00.603+0000] {dagbag.py:588} INFO - Filling up the DagBag from /opt/airflow/dags/RPA_dag.py
[2024-09-27T19:47:00.617+0000] {processor.py:925} INFO - DAG(s) 'etl_costos_ventas' retrieved from /opt/airflow/dags/RPA_dag.py
[2024-09-27T19:47:00.627+0000] {logging_mixin.py:190} INFO - [2024-09-27T19:47:00.626+0000] {dag.py:3239} INFO - Sync 1 DAGs
[2024-09-27T19:47:00.646+0000] {logging_mixin.py:190} INFO - [2024-09-27T19:47:00.645+0000] {dag.py:4180} INFO - Setting next_dagrun for etl_costos_ventas to 2024-09-26 08:00:00+00:00, run_after=2024-09-27 08:00:00+00:00
[2024-09-27T19:47:00.663+0000] {processor.py:208} INFO - Processing /opt/airflow/dags/RPA_dag.py took 0.067 seconds
[2024-09-27T19:47:00.887+0000] {processor.py:186} INFO - Started process (PID=213) to work on /opt/airflow/dags/RPA_dag.py
[2024-09-27T19:47:00.887+0000] {processor.py:914} INFO - Processing file /opt/airflow/dags/RPA_dag.py for tasks to queue
[2024-09-27T19:47:00.889+0000] {logging_mixin.py:190} INFO - [2024-09-27T19:47:00.889+0000] {dagbag.py:588} INFO - Filling up the DagBag from /opt/airflow/dags/RPA_dag.py
[2024-09-27T19:47:00.903+0000] {processor.py:925} INFO - DAG(s) 'etl_costos_ventas' retrieved from /opt/airflow/dags/RPA_dag.py
[2024-09-27T19:47:00.912+0000] {logging_mixin.py:190} INFO - [2024-09-27T19:47:00.912+0000] {dag.py:3239} INFO - Sync 1 DAGs
[2024-09-27T19:47:00.932+0000] {logging_mixin.py:190} INFO - [2024-09-27T19:47:00.932+0000] {dag.py:4180} INFO - Setting next_dagrun for etl_costos_ventas to 2024-09-26 08:00:00+00:00, run_after=2024-09-27 08:00:00+00:00
[2024-09-27T19:47:00.949+0000] {processor.py:208} INFO - Processing /opt/airflow/dags/RPA_dag.py took 0.066 seconds
[2024-09-27T19:47:01.305+0000] {processor.py:186} INFO - Started process (PID=224) to work on /opt/airflow/dags/RPA_dag.py
[2024-09-27T19:47:01.306+0000] {processor.py:914} INFO - Processing file /opt/airflow/dags/RPA_dag.py for tasks to queue
[2024-09-27T19:47:01.308+0000] {logging_mixin.py:190} INFO - [2024-09-27T19:47:01.308+0000] {dagbag.py:588} INFO - Filling up the DagBag from /opt/airflow/dags/RPA_dag.py
[2024-09-27T19:47:01.331+0000] {processor.py:925} INFO - DAG(s) 'etl_costos_ventas' retrieved from /opt/airflow/dags/RPA_dag.py
[2024-09-27T19:47:01.341+0000] {logging_mixin.py:190} INFO - [2024-09-27T19:47:01.341+0000] {dag.py:3239} INFO - Sync 1 DAGs
[2024-09-27T19:47:01.362+0000] {logging_mixin.py:190} INFO - [2024-09-27T19:47:01.362+0000] {dag.py:4180} INFO - Setting next_dagrun for etl_costos_ventas to 2024-09-26 08:00:00+00:00, run_after=2024-09-27 08:00:00+00:00
[2024-09-27T19:47:01.380+0000] {processor.py:208} INFO - Processing /opt/airflow/dags/RPA_dag.py took 0.080 seconds
[2024-09-27T19:47:31.720+0000] {processor.py:186} INFO - Started process (PID=288) to work on /opt/airflow/dags/RPA_dag.py
[2024-09-27T19:47:31.721+0000] {processor.py:914} INFO - Processing file /opt/airflow/dags/RPA_dag.py for tasks to queue
[2024-09-27T19:47:31.723+0000] {logging_mixin.py:190} INFO - [2024-09-27T19:47:31.722+0000] {dagbag.py:588} INFO - Filling up the DagBag from /opt/airflow/dags/RPA_dag.py
[2024-09-27T19:47:31.738+0000] {processor.py:925} INFO - DAG(s) 'etl_costos_ventas' retrieved from /opt/airflow/dags/RPA_dag.py
[2024-09-27T19:47:31.756+0000] {logging_mixin.py:190} INFO - [2024-09-27T19:47:31.756+0000] {dag.py:3239} INFO - Sync 1 DAGs
[2024-09-27T19:47:31.780+0000] {logging_mixin.py:190} INFO - [2024-09-27T19:47:31.780+0000] {dag.py:4180} INFO - Setting next_dagrun for etl_costos_ventas to 2024-09-26 08:00:00+00:00, run_after=2024-09-27 08:00:00+00:00
[2024-09-27T19:47:31.817+0000] {processor.py:208} INFO - Processing /opt/airflow/dags/RPA_dag.py took 0.103 seconds
[2024-09-27T19:47:57.858+0000] {processor.py:186} INFO - Started process (PID=334) to work on /opt/airflow/dags/RPA_dag.py
[2024-09-27T19:47:57.859+0000] {processor.py:914} INFO - Processing file /opt/airflow/dags/RPA_dag.py for tasks to queue
[2024-09-27T19:47:57.863+0000] {logging_mixin.py:190} INFO - [2024-09-27T19:47:57.862+0000] {dagbag.py:588} INFO - Filling up the DagBag from /opt/airflow/dags/RPA_dag.py
[2024-09-27T19:47:57.897+0000] {processor.py:925} INFO - DAG(s) 'etl_costos_ventas' retrieved from /opt/airflow/dags/RPA_dag.py
[2024-09-27T19:47:57.919+0000] {logging_mixin.py:190} INFO - [2024-09-27T19:47:57.919+0000] {dag.py:3239} INFO - Sync 1 DAGs
[2024-09-27T19:47:57.978+0000] {logging_mixin.py:190} INFO - [2024-09-27T19:47:57.977+0000] {dag.py:4180} INFO - Setting next_dagrun for etl_costos_ventas to 2024-09-27 08:00:00+00:00, run_after=2024-09-28 08:00:00+00:00
[2024-09-27T19:47:58.006+0000] {processor.py:208} INFO - Processing /opt/airflow/dags/RPA_dag.py took 0.153 seconds
