[2024-09-27T18:16:27.947+0000] {local_task_job_runner.py:123} INFO - ::group::Pre task execution logs
[2024-09-27T18:16:27.962+0000] {taskinstance.py:2612} INFO - Dependencies all met for dep_context=non-requeueable deps ti=<TaskInstance: etl_costos_ventas.extract_ventas scheduled__2024-09-26T08:00:00+00:00 [queued]>
[2024-09-27T18:16:27.969+0000] {taskinstance.py:2612} INFO - Dependencies all met for dep_context=requeueable deps ti=<TaskInstance: etl_costos_ventas.extract_ventas scheduled__2024-09-26T08:00:00+00:00 [queued]>
[2024-09-27T18:16:27.969+0000] {taskinstance.py:2865} INFO - Starting attempt 1 of 3
[2024-09-27T18:16:27.980+0000] {taskinstance.py:2888} INFO - Executing <Task(PythonOperator): extract_ventas> on 2024-09-26 08:00:00+00:00
[2024-09-27T18:16:27.989+0000] {warnings.py:112} WARNING - /home/***/.local/lib/python3.12/site-packages/***/task/task_runner/standard_task_runner.py:70: DeprecationWarning: This process (pid=257) is multi-threaded, use of fork() may lead to deadlocks in the child.
  pid = os.fork()

[2024-09-27T18:16:27.990+0000] {standard_task_runner.py:72} INFO - Started process 265 to run task
[2024-09-27T18:16:27.990+0000] {standard_task_runner.py:104} INFO - Running: ['***', 'tasks', 'run', 'etl_costos_ventas', 'extract_ventas', 'scheduled__2024-09-26T08:00:00+00:00', '--job-id', '107', '--raw', '--subdir', 'DAGS_FOLDER/RPA_dag.py', '--cfg-path', '/tmp/tmplscrbc8c']
[2024-09-27T18:16:27.991+0000] {standard_task_runner.py:105} INFO - Job 107: Subtask extract_ventas
[2024-09-27T18:16:28.033+0000] {task_command.py:467} INFO - Running <TaskInstance: etl_costos_ventas.extract_ventas scheduled__2024-09-26T08:00:00+00:00 [running]> on host bb65290724da
[2024-09-27T18:16:28.100+0000] {taskinstance.py:3131} INFO - Exporting env vars: AIRFLOW_CTX_DAG_OWNER='***' AIRFLOW_CTX_DAG_ID='etl_costos_ventas' AIRFLOW_CTX_TASK_ID='extract_ventas' AIRFLOW_CTX_EXECUTION_DATE='2024-09-26T08:00:00+00:00' AIRFLOW_CTX_TRY_NUMBER='1' AIRFLOW_CTX_DAG_RUN_ID='scheduled__2024-09-26T08:00:00+00:00'
[2024-09-27T18:16:28.101+0000] {logging_mixin.py:190} INFO - Task instance is in running state
[2024-09-27T18:16:28.102+0000] {logging_mixin.py:190} INFO -  Previous state of the Task instance: queued
[2024-09-27T18:16:28.102+0000] {logging_mixin.py:190} INFO - Current task name:extract_ventas state:running start_date:2024-09-27 18:16:27.963149+00:00
[2024-09-27T18:16:28.103+0000] {logging_mixin.py:190} INFO - Dag name:etl_costos_ventas and current dag run status:running
[2024-09-27T18:16:28.103+0000] {taskinstance.py:731} INFO - ::endgroup::
[2024-09-27T18:16:28.200+0000] {python.py:240} INFO - Done. Returned value was: None
[2024-09-27T18:16:28.209+0000] {taskinstance.py:340} INFO - ::group::Post task execution logs
[2024-09-27T18:16:28.210+0000] {taskinstance.py:352} INFO - Marking task as SUCCESS. dag_id=etl_costos_ventas, task_id=extract_ventas, run_id=scheduled__2024-09-26T08:00:00+00:00, execution_date=20240926T080000, start_date=20240927T181627, end_date=20240927T181628
[2024-09-27T18:16:28.217+0000] {logging_mixin.py:190} INFO - Task instance in success state
[2024-09-27T18:16:28.217+0000] {logging_mixin.py:190} INFO -  Previous state of the Task instance: running
[2024-09-27T18:16:28.218+0000] {logging_mixin.py:190} INFO - Dag name:etl_costos_ventas queued_at:2024-09-27 18:16:26.484002+00:00
[2024-09-27T18:16:28.218+0000] {logging_mixin.py:190} INFO - Task hostname:bb65290724da operator:PythonOperator
[2024-09-27T18:16:28.244+0000] {local_task_job_runner.py:266} INFO - Task exited with return code 0
[2024-09-27T18:16:28.266+0000] {taskinstance.py:3900} INFO - 1 downstream tasks scheduled from follow-on schedule check
[2024-09-27T18:16:28.268+0000] {local_task_job_runner.py:245} INFO - ::endgroup::
