[2024-09-27T18:36:40.949+0000] {local_task_job_runner.py:123} INFO - ::group::Pre task execution logs
[2024-09-27T18:36:40.968+0000] {taskinstance.py:2612} INFO - Dependencies all met for dep_context=non-requeueable deps ti=<TaskInstance: etl_costos_ventas.extract_ventas manual__2024-09-27T18:36:38.150107+00:00 [queued]>
[2024-09-27T18:36:40.976+0000] {taskinstance.py:2612} INFO - Dependencies all met for dep_context=requeueable deps ti=<TaskInstance: etl_costos_ventas.extract_ventas manual__2024-09-27T18:36:38.150107+00:00 [queued]>
[2024-09-27T18:36:40.977+0000] {taskinstance.py:2865} INFO - Starting attempt 1 of 3
[2024-09-27T18:36:40.994+0000] {taskinstance.py:2888} INFO - Executing <Task(PythonOperator): extract_ventas> on 2024-09-27 18:36:38.150107+00:00
[2024-09-27T18:36:41.009+0000] {warnings.py:112} WARNING - /home/***/.local/lib/python3.12/site-packages/***/task/task_runner/standard_task_runner.py:70: DeprecationWarning: This process (pid=74) is multi-threaded, use of fork() may lead to deadlocks in the child.
  pid = os.fork()

[2024-09-27T18:36:41.011+0000] {standard_task_runner.py:72} INFO - Started process 84 to run task
[2024-09-27T18:36:41.012+0000] {standard_task_runner.py:104} INFO - Running: ['***', 'tasks', 'run', 'etl_costos_ventas', 'extract_ventas', 'manual__2024-09-27T18:36:38.150107+00:00', '--job-id', '116', '--raw', '--subdir', 'DAGS_FOLDER/RPA_dag.py', '--cfg-path', '/tmp/tmpq2e0qshs']
[2024-09-27T18:36:41.013+0000] {standard_task_runner.py:105} INFO - Job 116: Subtask extract_ventas
[2024-09-27T18:36:41.063+0000] {task_command.py:467} INFO - Running <TaskInstance: etl_costos_ventas.extract_ventas manual__2024-09-27T18:36:38.150107+00:00 [running]> on host bb65290724da
[2024-09-27T18:36:41.166+0000] {taskinstance.py:3131} INFO - Exporting env vars: AIRFLOW_CTX_DAG_OWNER='***' AIRFLOW_CTX_DAG_ID='etl_costos_ventas' AIRFLOW_CTX_TASK_ID='extract_ventas' AIRFLOW_CTX_EXECUTION_DATE='2024-09-27T18:36:38.150107+00:00' AIRFLOW_CTX_TRY_NUMBER='1' AIRFLOW_CTX_DAG_RUN_ID='manual__2024-09-27T18:36:38.150107+00:00'
[2024-09-27T18:36:41.168+0000] {logging_mixin.py:190} INFO - Task instance is in running state
[2024-09-27T18:36:41.168+0000] {logging_mixin.py:190} INFO -  Previous state of the Task instance: queued
[2024-09-27T18:36:41.169+0000] {logging_mixin.py:190} INFO - Current task name:extract_ventas state:running start_date:2024-09-27 18:36:40.968886+00:00
[2024-09-27T18:36:41.169+0000] {logging_mixin.py:190} INFO - Dag name:etl_costos_ventas and current dag run status:running
[2024-09-27T18:36:41.170+0000] {taskinstance.py:731} INFO - ::endgroup::
[2024-09-27T18:36:41.405+0000] {python.py:240} INFO - Done. Returned value was: None
[2024-09-27T18:36:41.416+0000] {taskinstance.py:340} INFO - ::group::Post task execution logs
[2024-09-27T18:36:41.417+0000] {taskinstance.py:352} INFO - Marking task as SUCCESS. dag_id=etl_costos_ventas, task_id=extract_ventas, run_id=manual__2024-09-27T18:36:38.150107+00:00, execution_date=20240927T183638, start_date=20240927T183640, end_date=20240927T183641
[2024-09-27T18:36:41.426+0000] {logging_mixin.py:190} INFO - Task instance in success state
[2024-09-27T18:36:41.427+0000] {logging_mixin.py:190} INFO -  Previous state of the Task instance: running
[2024-09-27T18:36:41.428+0000] {logging_mixin.py:190} INFO - Dag name:etl_costos_ventas queued_at:2024-09-27 18:36:38.162204+00:00
[2024-09-27T18:36:41.428+0000] {logging_mixin.py:190} INFO - Task hostname:bb65290724da operator:PythonOperator
[2024-09-27T18:36:41.468+0000] {local_task_job_runner.py:266} INFO - Task exited with return code 0
[2024-09-27T18:36:41.478+0000] {local_task_job_runner.py:245} INFO - ::endgroup::
