[2024-09-27T19:47:37.188+0000] {local_task_job_runner.py:123} INFO - ::group::Pre task execution logs
[2024-09-27T19:47:37.213+0000] {taskinstance.py:2612} INFO - Dependencies all met for dep_context=non-requeueable deps ti=<TaskInstance: etl_costos_ventas.create_dim_tiempo scheduled__2024-09-26T08:00:00+00:00 [queued]>
[2024-09-27T19:47:37.224+0000] {taskinstance.py:2612} INFO - Dependencies all met for dep_context=requeueable deps ti=<TaskInstance: etl_costos_ventas.create_dim_tiempo scheduled__2024-09-26T08:00:00+00:00 [queued]>
[2024-09-27T19:47:37.224+0000] {taskinstance.py:2865} INFO - Starting attempt 1 of 3
[2024-09-27T19:47:37.242+0000] {taskinstance.py:2888} INFO - Executing <Task(PythonOperator): create_dim_tiempo> on 2024-09-26 08:00:00+00:00
[2024-09-27T19:47:37.259+0000] {warnings.py:112} WARNING - /home/***/.local/lib/python3.12/site-packages/***/task/task_runner/standard_task_runner.py:70: DeprecationWarning: This process (pid=86) is multi-threaded, use of fork() may lead to deadlocks in the child.
  pid = os.fork()

[2024-09-27T19:47:37.260+0000] {standard_task_runner.py:104} INFO - Running: ['***', 'tasks', 'run', 'etl_costos_ventas', 'create_dim_tiempo', 'scheduled__2024-09-26T08:00:00+00:00', '--job-id', '139', '--raw', '--subdir', 'DAGS_FOLDER/RPA_dag.py', '--cfg-path', '/tmp/tmprzqo4n8s']
[2024-09-27T19:47:37.262+0000] {standard_task_runner.py:72} INFO - Started process 103 to run task
[2024-09-27T19:47:37.263+0000] {standard_task_runner.py:105} INFO - Job 139: Subtask create_dim_tiempo
[2024-09-27T19:47:37.342+0000] {task_command.py:467} INFO - Running <TaskInstance: etl_costos_ventas.create_dim_tiempo scheduled__2024-09-26T08:00:00+00:00 [running]> on host 0bd379356722
[2024-09-27T19:47:37.458+0000] {taskinstance.py:3131} INFO - Exporting env vars: AIRFLOW_CTX_DAG_OWNER='***' AIRFLOW_CTX_DAG_ID='etl_costos_ventas' AIRFLOW_CTX_TASK_ID='create_dim_tiempo' AIRFLOW_CTX_EXECUTION_DATE='2024-09-26T08:00:00+00:00' AIRFLOW_CTX_TRY_NUMBER='1' AIRFLOW_CTX_DAG_RUN_ID='scheduled__2024-09-26T08:00:00+00:00'
[2024-09-27T19:47:37.460+0000] {logging_mixin.py:190} INFO - Task instance is in running state
[2024-09-27T19:47:37.461+0000] {logging_mixin.py:190} INFO -  Previous state of the Task instance: queued
[2024-09-27T19:47:37.462+0000] {logging_mixin.py:190} INFO - Current task name:create_dim_tiempo state:running start_date:2024-09-27 19:47:37.213982+00:00
[2024-09-27T19:47:37.462+0000] {logging_mixin.py:190} INFO - Dag name:etl_costos_ventas and current dag run status:running
[2024-09-27T19:47:37.463+0000] {taskinstance.py:731} INFO - ::endgroup::
[2024-09-27T19:47:37.489+0000] {python.py:240} INFO - Done. Returned value was: {'AñoMes': [202401, 202402, 202403, 202404, 202405, 202406, 202407, 202408, 202409, 202410, 202411, 202412], 'Año': [2024, 2024, 2024, 2024, 2024, 2024, 2024, 2024, 2024, 2024, 2024, 2024], 'Mes': [1, 2, 3, 4, 5, 6, 7, 8, 9, 10, 11, 12], 'Mes Nombre': ['January', 'February', 'March', 'April', 'May', 'June', 'July', 'August', 'September', 'October', 'November', 'December'], 'Trimestre': [1, 1, 1, 2, 2, 2, 3, 3, 3, 4, 4, 4]}
[2024-09-27T19:47:37.520+0000] {taskinstance.py:340} INFO - ::group::Post task execution logs
[2024-09-27T19:47:37.521+0000] {taskinstance.py:352} INFO - Marking task as SUCCESS. dag_id=etl_costos_ventas, task_id=create_dim_tiempo, run_id=scheduled__2024-09-26T08:00:00+00:00, execution_date=20240926T080000, start_date=20240927T194737, end_date=20240927T194737
[2024-09-27T19:47:37.537+0000] {logging_mixin.py:190} INFO - Task instance in success state
[2024-09-27T19:47:37.538+0000] {logging_mixin.py:190} INFO -  Previous state of the Task instance: running
[2024-09-27T19:47:37.538+0000] {logging_mixin.py:190} INFO - Dag name:etl_costos_ventas queued_at:2024-09-27 19:47:32.058718+00:00
[2024-09-27T19:47:37.539+0000] {logging_mixin.py:190} INFO - Task hostname:0bd379356722 operator:PythonOperator
[2024-09-27T19:47:37.599+0000] {local_task_job_runner.py:266} INFO - Task exited with return code 0
[2024-09-27T19:47:37.625+0000] {taskinstance.py:3900} INFO - 0 downstream tasks scheduled from follow-on schedule check
[2024-09-27T19:47:37.627+0000] {local_task_job_runner.py:245} INFO - ::endgroup::
