[2024-09-27T18:04:35.007+0000] {local_task_job_runner.py:123} INFO - ::group::Pre task execution logs
[2024-09-27T18:04:35.021+0000] {taskinstance.py:2612} INFO - Dependencies all met for dep_context=non-requeueable deps ti=<TaskInstance: etl_costos_ventas.load_data manual__2024-09-27T18:04:28.448406+00:00 [queued]>
[2024-09-27T18:04:35.028+0000] {taskinstance.py:2612} INFO - Dependencies all met for dep_context=requeueable deps ti=<TaskInstance: etl_costos_ventas.load_data manual__2024-09-27T18:04:28.448406+00:00 [queued]>
[2024-09-27T18:04:35.028+0000] {taskinstance.py:2865} INFO - Starting attempt 1 of 1
[2024-09-27T18:04:35.038+0000] {taskinstance.py:2888} INFO - Executing <Task(PythonOperator): load_data> on 2024-09-27 18:04:28.448406+00:00
[2024-09-27T18:04:35.046+0000] {warnings.py:112} WARNING - /home/***/.local/lib/python3.12/site-packages/***/task/task_runner/standard_task_runner.py:70: DeprecationWarning: This process (pid=97) is multi-threaded, use of fork() may lead to deadlocks in the child.
  pid = os.fork()

[2024-09-27T18:04:35.047+0000] {standard_task_runner.py:72} INFO - Started process 99 to run task
[2024-09-27T18:04:35.047+0000] {standard_task_runner.py:104} INFO - Running: ['***', 'tasks', 'run', 'etl_costos_ventas', 'load_data', 'manual__2024-09-27T18:04:28.448406+00:00', '--job-id', '104', '--raw', '--subdir', 'DAGS_FOLDER/RPA_dag.py', '--cfg-path', '/tmp/tmpba2uj_f5']
[2024-09-27T18:04:35.048+0000] {standard_task_runner.py:105} INFO - Job 104: Subtask load_data
[2024-09-27T18:04:35.081+0000] {task_command.py:467} INFO - Running <TaskInstance: etl_costos_ventas.load_data manual__2024-09-27T18:04:28.448406+00:00 [running]> on host bb65290724da
[2024-09-27T18:04:35.151+0000] {taskinstance.py:3131} INFO - Exporting env vars: AIRFLOW_CTX_DAG_OWNER='***' AIRFLOW_CTX_DAG_ID='etl_costos_ventas' AIRFLOW_CTX_TASK_ID='load_data' AIRFLOW_CTX_EXECUTION_DATE='2024-09-27T18:04:28.448406+00:00' AIRFLOW_CTX_TRY_NUMBER='1' AIRFLOW_CTX_DAG_RUN_ID='manual__2024-09-27T18:04:28.448406+00:00'
[2024-09-27T18:04:35.152+0000] {logging_mixin.py:190} INFO - Task instance is in running state
[2024-09-27T18:04:35.153+0000] {logging_mixin.py:190} INFO -  Previous state of the Task instance: queued
[2024-09-27T18:04:35.153+0000] {logging_mixin.py:190} INFO - Current task name:load_data state:running start_date:2024-09-27 18:04:35.021979+00:00
[2024-09-27T18:04:35.153+0000] {logging_mixin.py:190} INFO - Dag name:etl_costos_ventas and current dag run status:running
[2024-09-27T18:04:35.154+0000] {taskinstance.py:731} INFO - ::endgroup::
[2024-09-27T18:04:35.207+0000] {logging_mixin.py:190} INFO - Archivo Excel corregido generado con éxito.
[2024-09-27T18:04:35.208+0000] {python.py:240} INFO - Done. Returned value was: None
[2024-09-27T18:04:35.216+0000] {taskinstance.py:340} INFO - ::group::Post task execution logs
[2024-09-27T18:04:35.217+0000] {taskinstance.py:352} INFO - Marking task as SUCCESS. dag_id=etl_costos_ventas, task_id=load_data, run_id=manual__2024-09-27T18:04:28.448406+00:00, execution_date=20240927T180428, start_date=20240927T180435, end_date=20240927T180435
[2024-09-27T18:04:35.224+0000] {logging_mixin.py:190} INFO - Task instance in success state
[2024-09-27T18:04:35.224+0000] {logging_mixin.py:190} INFO -  Previous state of the Task instance: running
[2024-09-27T18:04:35.225+0000] {logging_mixin.py:190} INFO - Dag name:etl_costos_ventas queued_at:2024-09-27 18:04:28.457960+00:00
[2024-09-27T18:04:35.225+0000] {logging_mixin.py:190} INFO - Task hostname:bb65290724da operator:PythonOperator
[2024-09-27T18:04:35.261+0000] {local_task_job_runner.py:266} INFO - Task exited with return code 0
[2024-09-27T18:04:35.278+0000] {taskinstance.py:3900} INFO - 0 downstream tasks scheduled from follow-on schedule check
[2024-09-27T18:04:35.280+0000] {local_task_job_runner.py:245} INFO - ::endgroup::
