[2024-09-27T18:04:30.947+0000] {local_task_job_runner.py:123} INFO - ::group::Pre task execution logs
[2024-09-27T18:04:30.965+0000] {taskinstance.py:2612} INFO - Dependencies all met for dep_context=non-requeueable deps ti=<TaskInstance: etl_costos_ventas.create_dim_tiempo manual__2024-09-27T18:04:28.448406+00:00 [queued]>
[2024-09-27T18:04:30.972+0000] {taskinstance.py:2612} INFO - Dependencies all met for dep_context=requeueable deps ti=<TaskInstance: etl_costos_ventas.create_dim_tiempo manual__2024-09-27T18:04:28.448406+00:00 [queued]>
[2024-09-27T18:04:30.973+0000] {taskinstance.py:2865} INFO - Starting attempt 1 of 1
[2024-09-27T18:04:30.993+0000] {taskinstance.py:2888} INFO - Executing <Task(PythonOperator): create_dim_tiempo> on 2024-09-27 18:04:28.448406+00:00
[2024-09-27T18:04:31.020+0000] {standard_task_runner.py:104} INFO - Running: ['***', 'tasks', 'run', 'etl_costos_ventas', 'create_dim_tiempo', 'manual__2024-09-27T18:04:28.448406+00:00', '--job-id', '102', '--raw', '--subdir', 'DAGS_FOLDER/RPA_dag.py', '--cfg-path', '/tmp/tmp5ljyn43g']
[2024-09-27T18:04:31.017+0000] {warnings.py:112} WARNING - /home/***/.local/lib/python3.12/site-packages/***/task/task_runner/standard_task_runner.py:70: DeprecationWarning: This process (pid=81) is multi-threaded, use of fork() may lead to deadlocks in the child.
  pid = os.fork()

[2024-09-27T18:04:31.023+0000] {standard_task_runner.py:105} INFO - Job 102: Subtask create_dim_tiempo
[2024-09-27T18:04:31.023+0000] {standard_task_runner.py:72} INFO - Started process 91 to run task
[2024-09-27T18:04:31.089+0000] {task_command.py:467} INFO - Running <TaskInstance: etl_costos_ventas.create_dim_tiempo manual__2024-09-27T18:04:28.448406+00:00 [running]> on host bb65290724da
[2024-09-27T18:04:31.174+0000] {taskinstance.py:3131} INFO - Exporting env vars: AIRFLOW_CTX_DAG_OWNER='***' AIRFLOW_CTX_DAG_ID='etl_costos_ventas' AIRFLOW_CTX_TASK_ID='create_dim_tiempo' AIRFLOW_CTX_EXECUTION_DATE='2024-09-27T18:04:28.448406+00:00' AIRFLOW_CTX_TRY_NUMBER='1' AIRFLOW_CTX_DAG_RUN_ID='manual__2024-09-27T18:04:28.448406+00:00'
[2024-09-27T18:04:31.176+0000] {logging_mixin.py:190} INFO - Task instance is in running state
[2024-09-27T18:04:31.176+0000] {logging_mixin.py:190} INFO -  Previous state of the Task instance: queued
[2024-09-27T18:04:31.177+0000] {logging_mixin.py:190} INFO - Current task name:create_dim_tiempo state:running start_date:2024-09-27 18:04:30.965591+00:00
[2024-09-27T18:04:31.177+0000] {logging_mixin.py:190} INFO - Dag name:etl_costos_ventas and current dag run status:running
[2024-09-27T18:04:31.177+0000] {taskinstance.py:731} INFO - ::endgroup::
[2024-09-27T18:04:31.194+0000] {python.py:240} INFO - Done. Returned value was: {'AñoMes': [202401, 202402, 202403, 202404, 202405, 202406, 202407, 202408, 202409, 202410, 202411, 202412], 'Año': [2024, 2024, 2024, 2024, 2024, 2024, 2024, 2024, 2024, 2024, 2024, 2024], 'Mes': [1, 2, 3, 4, 5, 6, 7, 8, 9, 10, 11, 12], 'Mes Nombre': ['January', 'February', 'March', 'April', 'May', 'June', 'July', 'August', 'September', 'October', 'November', 'December'], 'Trimestre': [1, 1, 1, 2, 2, 2, 3, 3, 3, 4, 4, 4]}
[2024-09-27T18:04:31.217+0000] {taskinstance.py:340} INFO - ::group::Post task execution logs
[2024-09-27T18:04:31.217+0000] {taskinstance.py:352} INFO - Marking task as SUCCESS. dag_id=etl_costos_ventas, task_id=create_dim_tiempo, run_id=manual__2024-09-27T18:04:28.448406+00:00, execution_date=20240927T180428, start_date=20240927T180430, end_date=20240927T180431
[2024-09-27T18:04:31.228+0000] {logging_mixin.py:190} INFO - Task instance in success state
[2024-09-27T18:04:31.229+0000] {logging_mixin.py:190} INFO -  Previous state of the Task instance: running
[2024-09-27T18:04:31.229+0000] {logging_mixin.py:190} INFO - Dag name:etl_costos_ventas queued_at:2024-09-27 18:04:28.457960+00:00
[2024-09-27T18:04:31.229+0000] {logging_mixin.py:190} INFO - Task hostname:bb65290724da operator:PythonOperator
[2024-09-27T18:04:31.279+0000] {local_task_job_runner.py:266} INFO - Task exited with return code 0
[2024-09-27T18:04:31.302+0000] {taskinstance.py:3900} INFO - 0 downstream tasks scheduled from follow-on schedule check
[2024-09-27T18:04:31.306+0000] {local_task_job_runner.py:245} INFO - ::endgroup::
