[2024-09-27T15:32:01.823+0000] {local_task_job_runner.py:123} INFO - ::group::Pre task execution logs
[2024-09-27T15:32:01.839+0000] {taskinstance.py:2612} INFO - Dependencies all met for dep_context=non-requeueable deps ti=<TaskInstance: etl_costos_ventas.extract_ventas manual__2024-09-27T15:31:59.851284+00:00 [queued]>
[2024-09-27T15:32:01.847+0000] {taskinstance.py:2612} INFO - Dependencies all met for dep_context=requeueable deps ti=<TaskInstance: etl_costos_ventas.extract_ventas manual__2024-09-27T15:31:59.851284+00:00 [queued]>
[2024-09-27T15:32:01.848+0000] {taskinstance.py:2865} INFO - Starting attempt 1 of 1
[2024-09-27T15:32:01.862+0000] {taskinstance.py:2888} INFO - Executing <Task(PythonOperator): extract_ventas> on 2024-09-27 15:31:59.851284+00:00
[2024-09-27T15:32:01.873+0000] {warnings.py:112} WARNING - /home/***/.local/lib/python3.12/site-packages/***/task/task_runner/standard_task_runner.py:70: DeprecationWarning: This process (pid=106) is multi-threaded, use of fork() may lead to deadlocks in the child.
  pid = os.fork()

[2024-09-27T15:32:01.875+0000] {standard_task_runner.py:72} INFO - Started process 109 to run task
[2024-09-27T15:32:01.875+0000] {standard_task_runner.py:104} INFO - Running: ['***', 'tasks', 'run', 'etl_costos_ventas', 'extract_ventas', 'manual__2024-09-27T15:31:59.851284+00:00', '--job-id', '38', '--raw', '--subdir', 'DAGS_FOLDER/RPA_dag.py', '--cfg-path', '/tmp/tmp10pw6zbr']
[2024-09-27T15:32:01.876+0000] {standard_task_runner.py:105} INFO - Job 38: Subtask extract_ventas
[2024-09-27T15:32:01.926+0000] {task_command.py:467} INFO - Running <TaskInstance: etl_costos_ventas.extract_ventas manual__2024-09-27T15:31:59.851284+00:00 [running]> on host 32d53c0d21c3
[2024-09-27T15:32:02.005+0000] {taskinstance.py:3131} INFO - Exporting env vars: AIRFLOW_CTX_DAG_OWNER='***' AIRFLOW_CTX_DAG_ID='etl_costos_ventas' AIRFLOW_CTX_TASK_ID='extract_ventas' AIRFLOW_CTX_EXECUTION_DATE='2024-09-27T15:31:59.851284+00:00' AIRFLOW_CTX_TRY_NUMBER='1' AIRFLOW_CTX_DAG_RUN_ID='manual__2024-09-27T15:31:59.851284+00:00'
[2024-09-27T15:32:02.007+0000] {logging_mixin.py:190} INFO - Task instance is in running state
[2024-09-27T15:32:02.007+0000] {logging_mixin.py:190} INFO -  Previous state of the Task instance: queued
[2024-09-27T15:32:02.007+0000] {logging_mixin.py:190} INFO - Current task name:extract_ventas state:running start_date:2024-09-27 15:32:01.840000+00:00
[2024-09-27T15:32:02.008+0000] {logging_mixin.py:190} INFO - Dag name:etl_costos_ventas and current dag run status:running
[2024-09-27T15:32:02.008+0000] {taskinstance.py:731} INFO - ::endgroup::
[2024-09-27T15:32:02.129+0000] {python.py:240} INFO - Done. Returned value was: {'Fecha contabilizacion': {0: '2024-02-01', 1: '2024-02-02', 2: '2024-02-03', 3: '2024-02-04', 4: '2024-02-05', 5: '2024-03-07', 6: '2024-03-08', 7: '2024-03-09', 8: '2024-03-10', 9: '2024-06-20', 10: '2024-06-21', 11: '2024-06-22', 12: '2024-06-23', 13: '2024-06-24', 14: '2024-12-12'}, 'Empresa': {0: 'BBU', 1: 'CL', 2: 'CA', 3: 'CL', 4: 'CL', 5: 'CA', 6: 'CL', 7: 'CA', 8: 'CL', 9: 'CA', 10: 'CL', 11: 'CA', 12: 'BBU', 13: 'BBU', 14: 'BBU'}, 'Acumulado Ventas': {0: 200, 1: 100, 2: 150, 3: 300, 4: 112, 5: 165, 6: 385, 7: 26, 8: 302, 9: 409, 10: 431, 11: 25, 12: 445, 13: 363, 14: 173}}
[2024-09-27T15:32:02.152+0000] {taskinstance.py:340} INFO - ::group::Post task execution logs
[2024-09-27T15:32:02.152+0000] {taskinstance.py:352} INFO - Marking task as SUCCESS. dag_id=etl_costos_ventas, task_id=extract_ventas, run_id=manual__2024-09-27T15:31:59.851284+00:00, execution_date=20240927T153159, start_date=20240927T153201, end_date=20240927T153202
[2024-09-27T15:32:02.160+0000] {logging_mixin.py:190} INFO - Task instance in success state
[2024-09-27T15:32:02.161+0000] {logging_mixin.py:190} INFO -  Previous state of the Task instance: running
[2024-09-27T15:32:02.161+0000] {logging_mixin.py:190} INFO - Dag name:etl_costos_ventas queued_at:2024-09-27 15:31:59.863912+00:00
[2024-09-27T15:32:02.161+0000] {logging_mixin.py:190} INFO - Task hostname:32d53c0d21c3 operator:PythonOperator
[2024-09-27T15:32:02.210+0000] {local_task_job_runner.py:266} INFO - Task exited with return code 0
[2024-09-27T15:32:02.218+0000] {local_task_job_runner.py:245} INFO - ::endgroup::
