[2024-09-27T18:01:06.854+0000] {local_task_job_runner.py:123} INFO - ::group::Pre task execution logs
[2024-09-27T18:01:06.869+0000] {taskinstance.py:2612} INFO - Dependencies all met for dep_context=non-requeueable deps ti=<TaskInstance: etl_costos_ventas.transform_data manual__2024-09-27T18:01:00.266065+00:00 [queued]>
[2024-09-27T18:01:06.876+0000] {taskinstance.py:2612} INFO - Dependencies all met for dep_context=requeueable deps ti=<TaskInstance: etl_costos_ventas.transform_data manual__2024-09-27T18:01:00.266065+00:00 [queued]>
[2024-09-27T18:01:06.877+0000] {taskinstance.py:2865} INFO - Starting attempt 1 of 1
[2024-09-27T18:01:06.888+0000] {taskinstance.py:2888} INFO - Executing <Task(PythonOperator): transform_data> on 2024-09-27 18:01:00.266065+00:00
[2024-09-27T18:01:06.896+0000] {warnings.py:112} WARNING - /home/***/.local/lib/python3.12/site-packages/***/task/task_runner/standard_task_runner.py:70: DeprecationWarning: This process (pid=93) is multi-threaded, use of fork() may lead to deadlocks in the child.
  pid = os.fork()

[2024-09-27T18:01:06.898+0000] {standard_task_runner.py:72} INFO - Started process 95 to run task
[2024-09-27T18:01:06.898+0000] {standard_task_runner.py:104} INFO - Running: ['***', 'tasks', 'run', 'etl_costos_ventas', 'transform_data', 'manual__2024-09-27T18:01:00.266065+00:00', '--job-id', '96', '--raw', '--subdir', 'DAGS_FOLDER/RPA_dag.py', '--cfg-path', '/tmp/tmprur78_u6']
[2024-09-27T18:01:06.899+0000] {standard_task_runner.py:105} INFO - Job 96: Subtask transform_data
[2024-09-27T18:01:06.938+0000] {task_command.py:467} INFO - Running <TaskInstance: etl_costos_ventas.transform_data manual__2024-09-27T18:01:00.266065+00:00 [running]> on host bb65290724da
[2024-09-27T18:01:07.006+0000] {taskinstance.py:3131} INFO - Exporting env vars: AIRFLOW_CTX_DAG_OWNER='***' AIRFLOW_CTX_DAG_ID='etl_costos_ventas' AIRFLOW_CTX_TASK_ID='transform_data' AIRFLOW_CTX_EXECUTION_DATE='2024-09-27T18:01:00.266065+00:00' AIRFLOW_CTX_TRY_NUMBER='1' AIRFLOW_CTX_DAG_RUN_ID='manual__2024-09-27T18:01:00.266065+00:00'
[2024-09-27T18:01:07.008+0000] {logging_mixin.py:190} INFO - Task instance is in running state
[2024-09-27T18:01:07.008+0000] {logging_mixin.py:190} INFO -  Previous state of the Task instance: queued
[2024-09-27T18:01:07.009+0000] {logging_mixin.py:190} INFO - Current task name:transform_data state:running start_date:2024-09-27 18:01:06.869658+00:00
[2024-09-27T18:01:07.009+0000] {logging_mixin.py:190} INFO - Dag name:etl_costos_ventas and current dag run status:running
[2024-09-27T18:01:07.009+0000] {taskinstance.py:731} INFO - ::endgroup::
[2024-09-27T18:01:07.041+0000] {python.py:240} INFO - Done. Returned value was: {'fact_costos': {'AñoMes': [202401, 202401, 202401, 202402, 202402, 202402, 202403, 202403, 202403, 202404, 202404, 202404, 202405, 202405, 202405, 202406, 202406, 202406, 202407, 202407, 202407, 202408, 202408, 202408, 202409, 202409, 202409, 202410, 202410, 202410, 202411, 202411, 202411, 202412, 202412, 202412], 'Empresa': ['BBU', 'CA', 'CL', 'BBU', 'CA', 'CL', 'BBU', 'CA', 'CL', 'BBU', 'CA', 'CL', 'BBU', 'CA', 'CL', 'BBU', 'CA', 'CL', 'BBU', 'CA', 'CL', 'BBU', 'CA', 'CL', 'BBU', 'CA', 'CL', 'BBU', 'CA', 'CL', 'BBU', 'CA', 'CL', 'BBU', 'CA', 'CL'], 'Costo': [318.0, 236.0, 238.0, 320.0, 129.0, 351.0, 297.0, 382.0, 312.0, 366.0, 382.0, 225.0, 269.0, 281.0, 378.0, 378.0, 203.0, 147.0, 244.0, 345.0, 232.0, 321.0, 230.0, 164.0, 161.0, 306.0, 351.0, 236.0, 385.0, 253.0, 364.0, 312.0, 311.0, 374.0, 205.0, 239.0]}, 'fact_ventas': {'AñoMes': [202402, 202402, 202402, 202403, 202403, 202406, 202406, 202406, 202412], 'Empresa': ['BBU', 'CA', 'CL', 'CA', 'CL', 'BBU', 'CA', 'CL', 'BBU'], 'Acumulado Ventas': [200, 150, 512, 191, 687, 808, 434, 431, 173]}, 'dim_empresa': {'Empresa': ['BBU', 'CA', 'CL']}}
[2024-09-27T18:01:07.062+0000] {taskinstance.py:340} INFO - ::group::Post task execution logs
[2024-09-27T18:01:07.063+0000] {taskinstance.py:352} INFO - Marking task as SUCCESS. dag_id=etl_costos_ventas, task_id=transform_data, run_id=manual__2024-09-27T18:01:00.266065+00:00, execution_date=20240927T180100, start_date=20240927T180106, end_date=20240927T180107
[2024-09-27T18:01:07.071+0000] {logging_mixin.py:190} INFO - Task instance in success state
[2024-09-27T18:01:07.072+0000] {logging_mixin.py:190} INFO -  Previous state of the Task instance: running
[2024-09-27T18:01:07.073+0000] {logging_mixin.py:190} INFO - Dag name:etl_costos_ventas queued_at:2024-09-27 18:01:00.276937+00:00
[2024-09-27T18:01:07.073+0000] {logging_mixin.py:190} INFO - Task hostname:bb65290724da operator:PythonOperator
[2024-09-27T18:01:07.112+0000] {local_task_job_runner.py:266} INFO - Task exited with return code 0
[2024-09-27T18:01:07.131+0000] {taskinstance.py:3900} INFO - 1 downstream tasks scheduled from follow-on schedule check
[2024-09-27T18:01:07.134+0000] {local_task_job_runner.py:245} INFO - ::endgroup::
