[2024-09-27T19:46:00.657+0000] {processor.py:186} INFO - Started process (PID=101) to work on /home/airflow/.local/lib/python3.12/site-packages/airflow/example_dags/example_complex.py
[2024-09-27T19:46:00.657+0000] {processor.py:914} INFO - Processing file /home/airflow/.local/lib/python3.12/site-packages/airflow/example_dags/example_complex.py for tasks to queue
[2024-09-27T19:46:00.660+0000] {logging_mixin.py:190} INFO - [2024-09-27T19:46:00.659+0000] {dagbag.py:588} INFO - Filling up the DagBag from /home/airflow/.local/lib/python3.12/site-packages/airflow/example_dags/example_complex.py
[2024-09-27T19:46:00.671+0000] {processor.py:925} INFO - DAG(s) 'example_complex' retrieved from /home/airflow/.local/lib/python3.12/site-packages/airflow/example_dags/example_complex.py
[2024-09-27T19:46:00.700+0000] {logging_mixin.py:190} INFO - [2024-09-27T19:46:00.699+0000] {dag.py:3239} INFO - Sync 1 DAGs
[2024-09-27T19:46:00.716+0000] {logging_mixin.py:190} INFO - [2024-09-27T19:46:00.716+0000] {dag.py:4180} INFO - Setting next_dagrun for example_complex to None, run_after=None
[2024-09-27T19:46:00.732+0000] {processor.py:208} INFO - Processing /home/airflow/.local/lib/python3.12/site-packages/airflow/example_dags/example_complex.py took 0.081 seconds
[2024-09-27T19:46:32.164+0000] {processor.py:186} INFO - Started process (PID=170) to work on /home/airflow/.local/lib/python3.12/site-packages/airflow/example_dags/example_complex.py
[2024-09-27T19:46:32.165+0000] {processor.py:914} INFO - Processing file /home/airflow/.local/lib/python3.12/site-packages/airflow/example_dags/example_complex.py for tasks to queue
[2024-09-27T19:46:32.167+0000] {logging_mixin.py:190} INFO - [2024-09-27T19:46:32.167+0000] {dagbag.py:588} INFO - Filling up the DagBag from /home/airflow/.local/lib/python3.12/site-packages/airflow/example_dags/example_complex.py
[2024-09-27T19:46:32.178+0000] {processor.py:925} INFO - DAG(s) 'example_complex' retrieved from /home/airflow/.local/lib/python3.12/site-packages/airflow/example_dags/example_complex.py
[2024-09-27T19:46:32.204+0000] {logging_mixin.py:190} INFO - [2024-09-27T19:46:32.204+0000] {dag.py:3239} INFO - Sync 1 DAGs
[2024-09-27T19:46:32.217+0000] {logging_mixin.py:190} INFO - [2024-09-27T19:46:32.217+0000] {dag.py:4180} INFO - Setting next_dagrun for example_complex to None, run_after=None
[2024-09-27T19:46:32.239+0000] {processor.py:208} INFO - Processing /home/airflow/.local/lib/python3.12/site-packages/airflow/example_dags/example_complex.py took 0.079 seconds
[2024-09-27T19:47:02.405+0000] {processor.py:186} INFO - Started process (PID=238) to work on /home/airflow/.local/lib/python3.12/site-packages/airflow/example_dags/example_complex.py
[2024-09-27T19:47:02.406+0000] {processor.py:914} INFO - Processing file /home/airflow/.local/lib/python3.12/site-packages/airflow/example_dags/example_complex.py for tasks to queue
[2024-09-27T19:47:02.408+0000] {logging_mixin.py:190} INFO - [2024-09-27T19:47:02.408+0000] {dagbag.py:588} INFO - Filling up the DagBag from /home/airflow/.local/lib/python3.12/site-packages/airflow/example_dags/example_complex.py
[2024-09-27T19:47:02.418+0000] {processor.py:925} INFO - DAG(s) 'example_complex' retrieved from /home/airflow/.local/lib/python3.12/site-packages/airflow/example_dags/example_complex.py
[2024-09-27T19:47:02.446+0000] {logging_mixin.py:190} INFO - [2024-09-27T19:47:02.445+0000] {dag.py:3239} INFO - Sync 1 DAGs
[2024-09-27T19:47:02.459+0000] {logging_mixin.py:190} INFO - [2024-09-27T19:47:02.458+0000] {dag.py:4180} INFO - Setting next_dagrun for example_complex to None, run_after=None
[2024-09-27T19:47:02.474+0000] {processor.py:208} INFO - Processing /home/airflow/.local/lib/python3.12/site-packages/airflow/example_dags/example_complex.py took 0.074 seconds
[2024-09-27T19:47:32.980+0000] {processor.py:186} INFO - Started process (PID=310) to work on /home/airflow/.local/lib/python3.12/site-packages/airflow/example_dags/example_complex.py
[2024-09-27T19:47:32.982+0000] {processor.py:914} INFO - Processing file /home/airflow/.local/lib/python3.12/site-packages/airflow/example_dags/example_complex.py for tasks to queue
[2024-09-27T19:47:32.986+0000] {logging_mixin.py:190} INFO - [2024-09-27T19:47:32.985+0000] {dagbag.py:588} INFO - Filling up the DagBag from /home/airflow/.local/lib/python3.12/site-packages/airflow/example_dags/example_complex.py
[2024-09-27T19:47:33.004+0000] {processor.py:925} INFO - DAG(s) 'example_complex' retrieved from /home/airflow/.local/lib/python3.12/site-packages/airflow/example_dags/example_complex.py
[2024-09-27T19:47:33.053+0000] {logging_mixin.py:190} INFO - [2024-09-27T19:47:33.052+0000] {dag.py:3239} INFO - Sync 1 DAGs
[2024-09-27T19:47:33.079+0000] {logging_mixin.py:190} INFO - [2024-09-27T19:47:33.078+0000] {dag.py:4180} INFO - Setting next_dagrun for example_complex to None, run_after=None
[2024-09-27T19:47:33.105+0000] {processor.py:208} INFO - Processing /home/airflow/.local/lib/python3.12/site-packages/airflow/example_dags/example_complex.py took 0.135 seconds
[2024-09-27T19:48:03.733+0000] {processor.py:186} INFO - Started process (PID=381) to work on /home/airflow/.local/lib/python3.12/site-packages/airflow/example_dags/example_complex.py
[2024-09-27T19:48:03.735+0000] {processor.py:914} INFO - Processing file /home/airflow/.local/lib/python3.12/site-packages/airflow/example_dags/example_complex.py for tasks to queue
[2024-09-27T19:48:03.737+0000] {logging_mixin.py:190} INFO - [2024-09-27T19:48:03.737+0000] {dagbag.py:588} INFO - Filling up the DagBag from /home/airflow/.local/lib/python3.12/site-packages/airflow/example_dags/example_complex.py
[2024-09-27T19:48:03.750+0000] {processor.py:925} INFO - DAG(s) 'example_complex' retrieved from /home/airflow/.local/lib/python3.12/site-packages/airflow/example_dags/example_complex.py
[2024-09-27T19:48:03.786+0000] {logging_mixin.py:190} INFO - [2024-09-27T19:48:03.786+0000] {dag.py:3239} INFO - Sync 1 DAGs
[2024-09-27T19:48:03.801+0000] {logging_mixin.py:190} INFO - [2024-09-27T19:48:03.800+0000] {dag.py:4180} INFO - Setting next_dagrun for example_complex to None, run_after=None
[2024-09-27T19:48:03.822+0000] {processor.py:208} INFO - Processing /home/airflow/.local/lib/python3.12/site-packages/airflow/example_dags/example_complex.py took 0.096 seconds
