[2024-09-27T19:46:00.876+0000] {processor.py:186} INFO - Started process (PID=103) to work on /home/airflow/.local/lib/python3.12/site-packages/airflow/example_dags/example_skip_dag.py
[2024-09-27T19:46:00.877+0000] {processor.py:914} INFO - Processing file /home/airflow/.local/lib/python3.12/site-packages/airflow/example_dags/example_skip_dag.py for tasks to queue
[2024-09-27T19:46:00.879+0000] {logging_mixin.py:190} INFO - [2024-09-27T19:46:00.879+0000] {dagbag.py:588} INFO - Filling up the DagBag from /home/airflow/.local/lib/python3.12/site-packages/airflow/example_dags/example_skip_dag.py
[2024-09-27T19:46:00.887+0000] {processor.py:925} INFO - DAG(s) 'example_skip_dag' retrieved from /home/airflow/.local/lib/python3.12/site-packages/airflow/example_dags/example_skip_dag.py
[2024-09-27T19:46:00.907+0000] {logging_mixin.py:190} INFO - [2024-09-27T19:46:00.907+0000] {dag.py:3239} INFO - Sync 1 DAGs
[2024-09-27T19:46:00.930+0000] {logging_mixin.py:190} INFO - [2024-09-27T19:46:00.929+0000] {dag.py:4180} INFO - Setting next_dagrun for example_skip_dag to 2024-09-26 00:00:00+00:00, run_after=2024-09-27 00:00:00+00:00
[2024-09-27T19:46:00.945+0000] {processor.py:208} INFO - Processing /home/airflow/.local/lib/python3.12/site-packages/airflow/example_dags/example_skip_dag.py took 0.073 seconds
[2024-09-27T19:46:32.275+0000] {processor.py:186} INFO - Started process (PID=172) to work on /home/airflow/.local/lib/python3.12/site-packages/airflow/example_dags/example_skip_dag.py
[2024-09-27T19:46:32.276+0000] {processor.py:914} INFO - Processing file /home/airflow/.local/lib/python3.12/site-packages/airflow/example_dags/example_skip_dag.py for tasks to queue
[2024-09-27T19:46:32.277+0000] {logging_mixin.py:190} INFO - [2024-09-27T19:46:32.277+0000] {dagbag.py:588} INFO - Filling up the DagBag from /home/airflow/.local/lib/python3.12/site-packages/airflow/example_dags/example_skip_dag.py
[2024-09-27T19:46:32.283+0000] {processor.py:925} INFO - DAG(s) 'example_skip_dag' retrieved from /home/airflow/.local/lib/python3.12/site-packages/airflow/example_dags/example_skip_dag.py
[2024-09-27T19:46:32.302+0000] {logging_mixin.py:190} INFO - [2024-09-27T19:46:32.302+0000] {dag.py:3239} INFO - Sync 1 DAGs
[2024-09-27T19:46:32.322+0000] {logging_mixin.py:190} INFO - [2024-09-27T19:46:32.322+0000] {dag.py:4180} INFO - Setting next_dagrun for example_skip_dag to 2024-09-26 00:00:00+00:00, run_after=2024-09-27 00:00:00+00:00
[2024-09-27T19:46:32.336+0000] {processor.py:208} INFO - Processing /home/airflow/.local/lib/python3.12/site-packages/airflow/example_dags/example_skip_dag.py took 0.065 seconds
[2024-09-27T19:47:02.506+0000] {processor.py:186} INFO - Started process (PID=240) to work on /home/airflow/.local/lib/python3.12/site-packages/airflow/example_dags/example_skip_dag.py
[2024-09-27T19:47:02.507+0000] {processor.py:914} INFO - Processing file /home/airflow/.local/lib/python3.12/site-packages/airflow/example_dags/example_skip_dag.py for tasks to queue
[2024-09-27T19:47:02.508+0000] {logging_mixin.py:190} INFO - [2024-09-27T19:47:02.508+0000] {dagbag.py:588} INFO - Filling up the DagBag from /home/airflow/.local/lib/python3.12/site-packages/airflow/example_dags/example_skip_dag.py
[2024-09-27T19:47:02.515+0000] {processor.py:925} INFO - DAG(s) 'example_skip_dag' retrieved from /home/airflow/.local/lib/python3.12/site-packages/airflow/example_dags/example_skip_dag.py
[2024-09-27T19:47:02.533+0000] {logging_mixin.py:190} INFO - [2024-09-27T19:47:02.533+0000] {dag.py:3239} INFO - Sync 1 DAGs
[2024-09-27T19:47:02.555+0000] {logging_mixin.py:190} INFO - [2024-09-27T19:47:02.555+0000] {dag.py:4180} INFO - Setting next_dagrun for example_skip_dag to 2024-09-26 00:00:00+00:00, run_after=2024-09-27 00:00:00+00:00
[2024-09-27T19:47:02.570+0000] {processor.py:208} INFO - Processing /home/airflow/.local/lib/python3.12/site-packages/airflow/example_dags/example_skip_dag.py took 0.070 seconds
[2024-09-27T19:47:33.165+0000] {processor.py:186} INFO - Started process (PID=312) to work on /home/airflow/.local/lib/python3.12/site-packages/airflow/example_dags/example_skip_dag.py
[2024-09-27T19:47:33.166+0000] {processor.py:914} INFO - Processing file /home/airflow/.local/lib/python3.12/site-packages/airflow/example_dags/example_skip_dag.py for tasks to queue
[2024-09-27T19:47:33.170+0000] {logging_mixin.py:190} INFO - [2024-09-27T19:47:33.169+0000] {dagbag.py:588} INFO - Filling up the DagBag from /home/airflow/.local/lib/python3.12/site-packages/airflow/example_dags/example_skip_dag.py
[2024-09-27T19:47:33.181+0000] {processor.py:925} INFO - DAG(s) 'example_skip_dag' retrieved from /home/airflow/.local/lib/python3.12/site-packages/airflow/example_dags/example_skip_dag.py
[2024-09-27T19:47:33.211+0000] {logging_mixin.py:190} INFO - [2024-09-27T19:47:33.211+0000] {dag.py:3239} INFO - Sync 1 DAGs
[2024-09-27T19:47:33.252+0000] {logging_mixin.py:190} INFO - [2024-09-27T19:47:33.251+0000] {dag.py:4180} INFO - Setting next_dagrun for example_skip_dag to 2024-09-26 00:00:00+00:00, run_after=2024-09-27 00:00:00+00:00
[2024-09-27T19:47:33.282+0000] {processor.py:208} INFO - Processing /home/airflow/.local/lib/python3.12/site-packages/airflow/example_dags/example_skip_dag.py took 0.126 seconds
