[2024-09-27T19:45:57.591+0000] {processor.py:186} INFO - Started process (PID=68) to work on /home/airflow/.local/lib/python3.12/site-packages/airflow/example_dags/example_setup_teardown.py
[2024-09-27T19:45:57.592+0000] {processor.py:914} INFO - Processing file /home/airflow/.local/lib/python3.12/site-packages/airflow/example_dags/example_setup_teardown.py for tasks to queue
[2024-09-27T19:45:57.596+0000] {logging_mixin.py:190} INFO - [2024-09-27T19:45:57.595+0000] {dagbag.py:588} INFO - Filling up the DagBag from /home/airflow/.local/lib/python3.12/site-packages/airflow/example_dags/example_setup_teardown.py
[2024-09-27T19:45:57.612+0000] {processor.py:925} INFO - DAG(s) 'example_setup_teardown' retrieved from /home/airflow/.local/lib/python3.12/site-packages/airflow/example_dags/example_setup_teardown.py
[2024-09-27T19:45:57.650+0000] {logging_mixin.py:190} INFO - [2024-09-27T19:45:57.650+0000] {dag.py:3239} INFO - Sync 1 DAGs
[2024-09-27T19:45:57.668+0000] {logging_mixin.py:190} INFO - [2024-09-27T19:45:57.668+0000] {dag.py:4180} INFO - Setting next_dagrun for example_setup_teardown to None, run_after=None
[2024-09-27T19:45:57.688+0000] {processor.py:208} INFO - Processing /home/airflow/.local/lib/python3.12/site-packages/airflow/example_dags/example_setup_teardown.py took 0.106 seconds
[2024-09-27T19:46:28.107+0000] {processor.py:186} INFO - Started process (PID=130) to work on /home/airflow/.local/lib/python3.12/site-packages/airflow/example_dags/example_setup_teardown.py
[2024-09-27T19:46:28.107+0000] {processor.py:914} INFO - Processing file /home/airflow/.local/lib/python3.12/site-packages/airflow/example_dags/example_setup_teardown.py for tasks to queue
[2024-09-27T19:46:28.109+0000] {logging_mixin.py:190} INFO - [2024-09-27T19:46:28.109+0000] {dagbag.py:588} INFO - Filling up the DagBag from /home/airflow/.local/lib/python3.12/site-packages/airflow/example_dags/example_setup_teardown.py
[2024-09-27T19:46:28.115+0000] {processor.py:925} INFO - DAG(s) 'example_setup_teardown' retrieved from /home/airflow/.local/lib/python3.12/site-packages/airflow/example_dags/example_setup_teardown.py
[2024-09-27T19:46:28.131+0000] {logging_mixin.py:190} INFO - [2024-09-27T19:46:28.131+0000] {dag.py:3239} INFO - Sync 1 DAGs
[2024-09-27T19:46:28.142+0000] {logging_mixin.py:190} INFO - [2024-09-27T19:46:28.142+0000] {dag.py:4180} INFO - Setting next_dagrun for example_setup_teardown to None, run_after=None
[2024-09-27T19:46:28.187+0000] {processor.py:208} INFO - Processing /home/airflow/.local/lib/python3.12/site-packages/airflow/example_dags/example_setup_teardown.py took 0.084 seconds
[2024-09-27T19:46:58.320+0000] {processor.py:186} INFO - Started process (PID=192) to work on /home/airflow/.local/lib/python3.12/site-packages/airflow/example_dags/example_setup_teardown.py
[2024-09-27T19:46:58.320+0000] {processor.py:914} INFO - Processing file /home/airflow/.local/lib/python3.12/site-packages/airflow/example_dags/example_setup_teardown.py for tasks to queue
[2024-09-27T19:46:58.322+0000] {logging_mixin.py:190} INFO - [2024-09-27T19:46:58.322+0000] {dagbag.py:588} INFO - Filling up the DagBag from /home/airflow/.local/lib/python3.12/site-packages/airflow/example_dags/example_setup_teardown.py
[2024-09-27T19:46:58.328+0000] {processor.py:925} INFO - DAG(s) 'example_setup_teardown' retrieved from /home/airflow/.local/lib/python3.12/site-packages/airflow/example_dags/example_setup_teardown.py
[2024-09-27T19:46:58.345+0000] {logging_mixin.py:190} INFO - [2024-09-27T19:46:58.345+0000] {dag.py:3239} INFO - Sync 1 DAGs
[2024-09-27T19:46:58.357+0000] {logging_mixin.py:190} INFO - [2024-09-27T19:46:58.357+0000] {dag.py:4180} INFO - Setting next_dagrun for example_setup_teardown to None, run_after=None
[2024-09-27T19:46:58.371+0000] {processor.py:208} INFO - Processing /home/airflow/.local/lib/python3.12/site-packages/airflow/example_dags/example_setup_teardown.py took 0.056 seconds
[2024-09-27T19:47:28.726+0000] {processor.py:186} INFO - Started process (PID=261) to work on /home/airflow/.local/lib/python3.12/site-packages/airflow/example_dags/example_setup_teardown.py
[2024-09-27T19:47:28.727+0000] {processor.py:914} INFO - Processing file /home/airflow/.local/lib/python3.12/site-packages/airflow/example_dags/example_setup_teardown.py for tasks to queue
[2024-09-27T19:47:28.728+0000] {logging_mixin.py:190} INFO - [2024-09-27T19:47:28.728+0000] {dagbag.py:588} INFO - Filling up the DagBag from /home/airflow/.local/lib/python3.12/site-packages/airflow/example_dags/example_setup_teardown.py
[2024-09-27T19:47:28.735+0000] {processor.py:925} INFO - DAG(s) 'example_setup_teardown' retrieved from /home/airflow/.local/lib/python3.12/site-packages/airflow/example_dags/example_setup_teardown.py
[2024-09-27T19:47:28.751+0000] {logging_mixin.py:190} INFO - [2024-09-27T19:47:28.750+0000] {dag.py:3239} INFO - Sync 1 DAGs
[2024-09-27T19:47:28.762+0000] {logging_mixin.py:190} INFO - [2024-09-27T19:47:28.762+0000] {dag.py:4180} INFO - Setting next_dagrun for example_setup_teardown to None, run_after=None
[2024-09-27T19:47:28.779+0000] {processor.py:208} INFO - Processing /home/airflow/.local/lib/python3.12/site-packages/airflow/example_dags/example_setup_teardown.py took 0.058 seconds
[2024-09-27T19:47:59.333+0000] {processor.py:186} INFO - Started process (PID=342) to work on /home/airflow/.local/lib/python3.12/site-packages/airflow/example_dags/example_setup_teardown.py
[2024-09-27T19:47:59.334+0000] {processor.py:914} INFO - Processing file /home/airflow/.local/lib/python3.12/site-packages/airflow/example_dags/example_setup_teardown.py for tasks to queue
[2024-09-27T19:47:59.336+0000] {logging_mixin.py:190} INFO - [2024-09-27T19:47:59.335+0000] {dagbag.py:588} INFO - Filling up the DagBag from /home/airflow/.local/lib/python3.12/site-packages/airflow/example_dags/example_setup_teardown.py
[2024-09-27T19:47:59.342+0000] {processor.py:925} INFO - DAG(s) 'example_setup_teardown' retrieved from /home/airflow/.local/lib/python3.12/site-packages/airflow/example_dags/example_setup_teardown.py
[2024-09-27T19:47:59.359+0000] {logging_mixin.py:190} INFO - [2024-09-27T19:47:59.359+0000] {dag.py:3239} INFO - Sync 1 DAGs
[2024-09-27T19:47:59.371+0000] {logging_mixin.py:190} INFO - [2024-09-27T19:47:59.371+0000] {dag.py:4180} INFO - Setting next_dagrun for example_setup_teardown to None, run_after=None
[2024-09-27T19:47:59.386+0000] {processor.py:208} INFO - Processing /home/airflow/.local/lib/python3.12/site-packages/airflow/example_dags/example_setup_teardown.py took 0.058 seconds
