[2024-09-27T19:46:00.427+0000] {processor.py:186} INFO - Started process (PID=98) to work on /home/airflow/.local/lib/python3.12/site-packages/airflow/example_dags/example_display_name.py
[2024-09-27T19:46:00.427+0000] {processor.py:914} INFO - Processing file /home/airflow/.local/lib/python3.12/site-packages/airflow/example_dags/example_display_name.py for tasks to queue
[2024-09-27T19:46:00.430+0000] {logging_mixin.py:190} INFO - [2024-09-27T19:46:00.429+0000] {dagbag.py:588} INFO - Filling up the DagBag from /home/airflow/.local/lib/python3.12/site-packages/airflow/example_dags/example_display_name.py
[2024-09-27T19:46:00.438+0000] {processor.py:925} INFO - DAG(s) 'example_display_name' retrieved from /home/airflow/.local/lib/python3.12/site-packages/airflow/example_dags/example_display_name.py
[2024-09-27T19:46:00.460+0000] {logging_mixin.py:190} INFO - [2024-09-27T19:46:00.460+0000] {dag.py:3239} INFO - Sync 1 DAGs
[2024-09-27T19:46:00.475+0000] {logging_mixin.py:190} INFO - [2024-09-27T19:46:00.475+0000] {dag.py:4180} INFO - Setting next_dagrun for example_display_name to None, run_after=None
[2024-09-27T19:46:00.492+0000] {processor.py:208} INFO - Processing /home/airflow/.local/lib/python3.12/site-packages/airflow/example_dags/example_display_name.py took 0.072 seconds
[2024-09-27T19:46:31.912+0000] {processor.py:186} INFO - Started process (PID=167) to work on /home/airflow/.local/lib/python3.12/site-packages/airflow/example_dags/example_display_name.py
[2024-09-27T19:46:31.913+0000] {processor.py:914} INFO - Processing file /home/airflow/.local/lib/python3.12/site-packages/airflow/example_dags/example_display_name.py for tasks to queue
[2024-09-27T19:46:31.916+0000] {logging_mixin.py:190} INFO - [2024-09-27T19:46:31.916+0000] {dagbag.py:588} INFO - Filling up the DagBag from /home/airflow/.local/lib/python3.12/site-packages/airflow/example_dags/example_display_name.py
[2024-09-27T19:46:31.925+0000] {processor.py:925} INFO - DAG(s) 'example_display_name' retrieved from /home/airflow/.local/lib/python3.12/site-packages/airflow/example_dags/example_display_name.py
[2024-09-27T19:46:31.944+0000] {logging_mixin.py:190} INFO - [2024-09-27T19:46:31.944+0000] {dag.py:3239} INFO - Sync 1 DAGs
[2024-09-27T19:46:31.960+0000] {logging_mixin.py:190} INFO - [2024-09-27T19:46:31.959+0000] {dag.py:4180} INFO - Setting next_dagrun for example_display_name to None, run_after=None
[2024-09-27T19:46:32.007+0000] {processor.py:208} INFO - Processing /home/airflow/.local/lib/python3.12/site-packages/airflow/example_dags/example_display_name.py took 0.102 seconds
[2024-09-27T19:47:02.278+0000] {processor.py:186} INFO - Started process (PID=235) to work on /home/airflow/.local/lib/python3.12/site-packages/airflow/example_dags/example_display_name.py
[2024-09-27T19:47:02.279+0000] {processor.py:914} INFO - Processing file /home/airflow/.local/lib/python3.12/site-packages/airflow/example_dags/example_display_name.py for tasks to queue
[2024-09-27T19:47:02.281+0000] {logging_mixin.py:190} INFO - [2024-09-27T19:47:02.281+0000] {dagbag.py:588} INFO - Filling up the DagBag from /home/airflow/.local/lib/python3.12/site-packages/airflow/example_dags/example_display_name.py
[2024-09-27T19:47:02.289+0000] {processor.py:925} INFO - DAG(s) 'example_display_name' retrieved from /home/airflow/.local/lib/python3.12/site-packages/airflow/example_dags/example_display_name.py
[2024-09-27T19:47:02.308+0000] {logging_mixin.py:190} INFO - [2024-09-27T19:47:02.308+0000] {dag.py:3239} INFO - Sync 1 DAGs
[2024-09-27T19:47:02.321+0000] {logging_mixin.py:190} INFO - [2024-09-27T19:47:02.320+0000] {dag.py:4180} INFO - Setting next_dagrun for example_display_name to None, run_after=None
[2024-09-27T19:47:02.337+0000] {processor.py:208} INFO - Processing /home/airflow/.local/lib/python3.12/site-packages/airflow/example_dags/example_display_name.py took 0.065 seconds
[2024-09-27T19:47:32.617+0000] {processor.py:186} INFO - Started process (PID=307) to work on /home/airflow/.local/lib/python3.12/site-packages/airflow/example_dags/example_display_name.py
[2024-09-27T19:47:32.618+0000] {processor.py:914} INFO - Processing file /home/airflow/.local/lib/python3.12/site-packages/airflow/example_dags/example_display_name.py for tasks to queue
[2024-09-27T19:47:32.621+0000] {logging_mixin.py:190} INFO - [2024-09-27T19:47:32.621+0000] {dagbag.py:588} INFO - Filling up the DagBag from /home/airflow/.local/lib/python3.12/site-packages/airflow/example_dags/example_display_name.py
[2024-09-27T19:47:32.632+0000] {processor.py:925} INFO - DAG(s) 'example_display_name' retrieved from /home/airflow/.local/lib/python3.12/site-packages/airflow/example_dags/example_display_name.py
[2024-09-27T19:47:32.657+0000] {logging_mixin.py:190} INFO - [2024-09-27T19:47:32.657+0000] {dag.py:3239} INFO - Sync 1 DAGs
[2024-09-27T19:47:32.682+0000] {logging_mixin.py:190} INFO - [2024-09-27T19:47:32.681+0000] {dag.py:4180} INFO - Setting next_dagrun for example_display_name to None, run_after=None
[2024-09-27T19:47:32.717+0000] {processor.py:208} INFO - Processing /home/airflow/.local/lib/python3.12/site-packages/airflow/example_dags/example_display_name.py took 0.109 seconds
[2024-09-27T19:48:03.448+0000] {processor.py:186} INFO - Started process (PID=378) to work on /home/airflow/.local/lib/python3.12/site-packages/airflow/example_dags/example_display_name.py
[2024-09-27T19:48:03.450+0000] {processor.py:914} INFO - Processing file /home/airflow/.local/lib/python3.12/site-packages/airflow/example_dags/example_display_name.py for tasks to queue
[2024-09-27T19:48:03.453+0000] {logging_mixin.py:190} INFO - [2024-09-27T19:48:03.452+0000] {dagbag.py:588} INFO - Filling up the DagBag from /home/airflow/.local/lib/python3.12/site-packages/airflow/example_dags/example_display_name.py
[2024-09-27T19:48:03.472+0000] {processor.py:925} INFO - DAG(s) 'example_display_name' retrieved from /home/airflow/.local/lib/python3.12/site-packages/airflow/example_dags/example_display_name.py
[2024-09-27T19:48:03.497+0000] {logging_mixin.py:190} INFO - [2024-09-27T19:48:03.496+0000] {dag.py:3239} INFO - Sync 1 DAGs
[2024-09-27T19:48:03.522+0000] {logging_mixin.py:190} INFO - [2024-09-27T19:48:03.521+0000] {dag.py:4180} INFO - Setting next_dagrun for example_display_name to None, run_after=None
[2024-09-27T19:48:03.547+0000] {processor.py:208} INFO - Processing /home/airflow/.local/lib/python3.12/site-packages/airflow/example_dags/example_display_name.py took 0.106 seconds
