[2024-09-27T19:46:01.230+0000] {processor.py:186} INFO - Started process (PID=115) to work on /home/airflow/.local/lib/python3.12/site-packages/airflow/example_dags/example_bash_decorator.py
[2024-09-27T19:46:01.231+0000] {processor.py:914} INFO - Processing file /home/airflow/.local/lib/python3.12/site-packages/airflow/example_dags/example_bash_decorator.py for tasks to queue
[2024-09-27T19:46:01.233+0000] {logging_mixin.py:190} INFO - [2024-09-27T19:46:01.233+0000] {dagbag.py:588} INFO - Filling up the DagBag from /home/airflow/.local/lib/python3.12/site-packages/airflow/example_dags/example_bash_decorator.py
[2024-09-27T19:46:01.247+0000] {processor.py:925} INFO - DAG(s) 'example_bash_decorator' retrieved from /home/airflow/.local/lib/python3.12/site-packages/airflow/example_dags/example_bash_decorator.py
[2024-09-27T19:46:01.352+0000] {logging_mixin.py:190} INFO - [2024-09-27T19:46:01.351+0000] {dag.py:3239} INFO - Sync 1 DAGs
[2024-09-27T19:46:01.362+0000] {logging_mixin.py:190} INFO - [2024-09-27T19:46:01.362+0000] {dag.py:4180} INFO - Setting next_dagrun for example_bash_decorator to None, run_after=None
[2024-09-27T19:46:01.378+0000] {processor.py:208} INFO - Processing /home/airflow/.local/lib/python3.12/site-packages/airflow/example_dags/example_bash_decorator.py took 0.152 seconds
[2024-09-27T19:46:32.599+0000] {processor.py:186} INFO - Started process (PID=178) to work on /home/airflow/.local/lib/python3.12/site-packages/airflow/example_dags/example_bash_decorator.py
[2024-09-27T19:46:32.599+0000] {processor.py:914} INFO - Processing file /home/airflow/.local/lib/python3.12/site-packages/airflow/example_dags/example_bash_decorator.py for tasks to queue
[2024-09-27T19:46:32.601+0000] {logging_mixin.py:190} INFO - [2024-09-27T19:46:32.601+0000] {dagbag.py:588} INFO - Filling up the DagBag from /home/airflow/.local/lib/python3.12/site-packages/airflow/example_dags/example_bash_decorator.py
[2024-09-27T19:46:32.613+0000] {processor.py:925} INFO - DAG(s) 'example_bash_decorator' retrieved from /home/airflow/.local/lib/python3.12/site-packages/airflow/example_dags/example_bash_decorator.py
[2024-09-27T19:46:32.633+0000] {logging_mixin.py:190} INFO - [2024-09-27T19:46:32.633+0000] {dag.py:3239} INFO - Sync 1 DAGs
[2024-09-27T19:46:32.645+0000] {logging_mixin.py:190} INFO - [2024-09-27T19:46:32.645+0000] {dag.py:4180} INFO - Setting next_dagrun for example_bash_decorator to None, run_after=None
[2024-09-27T19:46:32.659+0000] {processor.py:208} INFO - Processing /home/airflow/.local/lib/python3.12/site-packages/airflow/example_dags/example_bash_decorator.py took 0.065 seconds
[2024-09-27T19:47:02.802+0000] {processor.py:186} INFO - Started process (PID=246) to work on /home/airflow/.local/lib/python3.12/site-packages/airflow/example_dags/example_bash_decorator.py
[2024-09-27T19:47:02.803+0000] {processor.py:914} INFO - Processing file /home/airflow/.local/lib/python3.12/site-packages/airflow/example_dags/example_bash_decorator.py for tasks to queue
[2024-09-27T19:47:02.805+0000] {logging_mixin.py:190} INFO - [2024-09-27T19:47:02.805+0000] {dagbag.py:588} INFO - Filling up the DagBag from /home/airflow/.local/lib/python3.12/site-packages/airflow/example_dags/example_bash_decorator.py
[2024-09-27T19:47:02.817+0000] {processor.py:925} INFO - DAG(s) 'example_bash_decorator' retrieved from /home/airflow/.local/lib/python3.12/site-packages/airflow/example_dags/example_bash_decorator.py
[2024-09-27T19:47:02.839+0000] {logging_mixin.py:190} INFO - [2024-09-27T19:47:02.838+0000] {dag.py:3239} INFO - Sync 1 DAGs
[2024-09-27T19:47:02.852+0000] {logging_mixin.py:190} INFO - [2024-09-27T19:47:02.852+0000] {dag.py:4180} INFO - Setting next_dagrun for example_bash_decorator to None, run_after=None
[2024-09-27T19:47:02.869+0000] {processor.py:208} INFO - Processing /home/airflow/.local/lib/python3.12/site-packages/airflow/example_dags/example_bash_decorator.py took 0.072 seconds
[2024-09-27T19:47:34.042+0000] {processor.py:186} INFO - Started process (PID=318) to work on /home/airflow/.local/lib/python3.12/site-packages/airflow/example_dags/example_bash_decorator.py
[2024-09-27T19:47:34.043+0000] {processor.py:914} INFO - Processing file /home/airflow/.local/lib/python3.12/site-packages/airflow/example_dags/example_bash_decorator.py for tasks to queue
[2024-09-27T19:47:34.047+0000] {logging_mixin.py:190} INFO - [2024-09-27T19:47:34.047+0000] {dagbag.py:588} INFO - Filling up the DagBag from /home/airflow/.local/lib/python3.12/site-packages/airflow/example_dags/example_bash_decorator.py
[2024-09-27T19:47:34.071+0000] {processor.py:925} INFO - DAG(s) 'example_bash_decorator' retrieved from /home/airflow/.local/lib/python3.12/site-packages/airflow/example_dags/example_bash_decorator.py
[2024-09-27T19:47:34.115+0000] {logging_mixin.py:190} INFO - [2024-09-27T19:47:34.115+0000] {dag.py:3239} INFO - Sync 1 DAGs
[2024-09-27T19:47:34.137+0000] {logging_mixin.py:190} INFO - [2024-09-27T19:47:34.136+0000] {dag.py:4180} INFO - Setting next_dagrun for example_bash_decorator to None, run_after=None
[2024-09-27T19:47:34.160+0000] {processor.py:208} INFO - Processing /home/airflow/.local/lib/python3.12/site-packages/airflow/example_dags/example_bash_decorator.py took 0.125 seconds
