[2024-09-27T19:46:01.322+0000] {processor.py:186} INFO - Started process (PID=116) to work on /home/airflow/.local/lib/python3.12/site-packages/airflow/example_dags/example_sensors.py
[2024-09-27T19:46:01.323+0000] {processor.py:914} INFO - Processing file /home/airflow/.local/lib/python3.12/site-packages/airflow/example_dags/example_sensors.py for tasks to queue
[2024-09-27T19:46:01.325+0000] {logging_mixin.py:190} INFO - [2024-09-27T19:46:01.325+0000] {dagbag.py:588} INFO - Filling up the DagBag from /home/airflow/.local/lib/python3.12/site-packages/airflow/example_dags/example_sensors.py
[2024-09-27T19:46:01.336+0000] {processor.py:925} INFO - DAG(s) 'example_sensors' retrieved from /home/airflow/.local/lib/python3.12/site-packages/airflow/example_dags/example_sensors.py
[2024-09-27T19:46:01.360+0000] {logging_mixin.py:190} INFO - [2024-09-27T19:46:01.359+0000] {dag.py:3239} INFO - Sync 1 DAGs
[2024-09-27T19:46:01.372+0000] {logging_mixin.py:190} INFO - [2024-09-27T19:46:01.372+0000] {dag.py:4180} INFO - Setting next_dagrun for example_sensors to None, run_after=None
[2024-09-27T19:46:01.388+0000] {processor.py:208} INFO - Processing /home/airflow/.local/lib/python3.12/site-packages/airflow/example_dags/example_sensors.py took 0.071 seconds
[2024-09-27T19:46:32.652+0000] {processor.py:186} INFO - Started process (PID=179) to work on /home/airflow/.local/lib/python3.12/site-packages/airflow/example_dags/example_sensors.py
[2024-09-27T19:46:32.653+0000] {processor.py:914} INFO - Processing file /home/airflow/.local/lib/python3.12/site-packages/airflow/example_dags/example_sensors.py for tasks to queue
[2024-09-27T19:46:32.655+0000] {logging_mixin.py:190} INFO - [2024-09-27T19:46:32.654+0000] {dagbag.py:588} INFO - Filling up the DagBag from /home/airflow/.local/lib/python3.12/site-packages/airflow/example_dags/example_sensors.py
[2024-09-27T19:46:32.663+0000] {processor.py:925} INFO - DAG(s) 'example_sensors' retrieved from /home/airflow/.local/lib/python3.12/site-packages/airflow/example_dags/example_sensors.py
[2024-09-27T19:46:32.684+0000] {logging_mixin.py:190} INFO - [2024-09-27T19:46:32.684+0000] {dag.py:3239} INFO - Sync 1 DAGs
[2024-09-27T19:46:32.696+0000] {logging_mixin.py:190} INFO - [2024-09-27T19:46:32.696+0000] {dag.py:4180} INFO - Setting next_dagrun for example_sensors to None, run_after=None
[2024-09-27T19:46:32.710+0000] {processor.py:208} INFO - Processing /home/airflow/.local/lib/python3.12/site-packages/airflow/example_dags/example_sensors.py took 0.062 seconds
[2024-09-27T19:47:02.866+0000] {processor.py:186} INFO - Started process (PID=247) to work on /home/airflow/.local/lib/python3.12/site-packages/airflow/example_dags/example_sensors.py
[2024-09-27T19:47:02.866+0000] {processor.py:914} INFO - Processing file /home/airflow/.local/lib/python3.12/site-packages/airflow/example_dags/example_sensors.py for tasks to queue
[2024-09-27T19:47:02.868+0000] {logging_mixin.py:190} INFO - [2024-09-27T19:47:02.868+0000] {dagbag.py:588} INFO - Filling up the DagBag from /home/airflow/.local/lib/python3.12/site-packages/airflow/example_dags/example_sensors.py
[2024-09-27T19:47:02.877+0000] {processor.py:925} INFO - DAG(s) 'example_sensors' retrieved from /home/airflow/.local/lib/python3.12/site-packages/airflow/example_dags/example_sensors.py
[2024-09-27T19:47:02.900+0000] {logging_mixin.py:190} INFO - [2024-09-27T19:47:02.900+0000] {dag.py:3239} INFO - Sync 1 DAGs
[2024-09-27T19:47:02.913+0000] {logging_mixin.py:190} INFO - [2024-09-27T19:47:02.912+0000] {dag.py:4180} INFO - Setting next_dagrun for example_sensors to None, run_after=None
[2024-09-27T19:47:02.928+0000] {processor.py:208} INFO - Processing /home/airflow/.local/lib/python3.12/site-packages/airflow/example_dags/example_sensors.py took 0.067 seconds
[2024-09-27T19:47:34.230+0000] {processor.py:186} INFO - Started process (PID=319) to work on /home/airflow/.local/lib/python3.12/site-packages/airflow/example_dags/example_sensors.py
[2024-09-27T19:47:34.233+0000] {processor.py:914} INFO - Processing file /home/airflow/.local/lib/python3.12/site-packages/airflow/example_dags/example_sensors.py for tasks to queue
[2024-09-27T19:47:34.238+0000] {logging_mixin.py:190} INFO - [2024-09-27T19:47:34.237+0000] {dagbag.py:588} INFO - Filling up the DagBag from /home/airflow/.local/lib/python3.12/site-packages/airflow/example_dags/example_sensors.py
[2024-09-27T19:47:34.258+0000] {processor.py:925} INFO - DAG(s) 'example_sensors' retrieved from /home/airflow/.local/lib/python3.12/site-packages/airflow/example_dags/example_sensors.py
[2024-09-27T19:47:34.299+0000] {logging_mixin.py:190} INFO - [2024-09-27T19:47:34.299+0000] {dag.py:3239} INFO - Sync 1 DAGs
[2024-09-27T19:47:34.322+0000] {logging_mixin.py:190} INFO - [2024-09-27T19:47:34.321+0000] {dag.py:4180} INFO - Setting next_dagrun for example_sensors to None, run_after=None
[2024-09-27T19:47:34.352+0000] {processor.py:208} INFO - Processing /home/airflow/.local/lib/python3.12/site-packages/airflow/example_dags/example_sensors.py took 0.134 seconds
