[2024-09-27T19:45:59.656+0000] {processor.py:186} INFO - Started process (PID=87) to work on /home/airflow/.local/lib/python3.12/site-packages/airflow/example_dags/example_latest_only_with_trigger.py
[2024-09-27T19:45:59.656+0000] {processor.py:914} INFO - Processing file /home/airflow/.local/lib/python3.12/site-packages/airflow/example_dags/example_latest_only_with_trigger.py for tasks to queue
[2024-09-27T19:45:59.658+0000] {logging_mixin.py:190} INFO - [2024-09-27T19:45:59.658+0000] {dagbag.py:588} INFO - Filling up the DagBag from /home/airflow/.local/lib/python3.12/site-packages/airflow/example_dags/example_latest_only_with_trigger.py
[2024-09-27T19:45:59.666+0000] {processor.py:925} INFO - DAG(s) 'latest_only_with_trigger' retrieved from /home/airflow/.local/lib/python3.12/site-packages/airflow/example_dags/example_latest_only_with_trigger.py
[2024-09-27T19:45:59.684+0000] {logging_mixin.py:190} INFO - [2024-09-27T19:45:59.684+0000] {dag.py:3239} INFO - Sync 1 DAGs
[2024-09-27T19:45:59.705+0000] {logging_mixin.py:190} INFO - [2024-09-27T19:45:59.704+0000] {dag.py:4180} INFO - Setting next_dagrun for latest_only_with_trigger to 2024-09-27 12:00:00+00:00, run_after=2024-09-27 16:00:00+00:00
[2024-09-27T19:45:59.723+0000] {processor.py:208} INFO - Processing /home/airflow/.local/lib/python3.12/site-packages/airflow/example_dags/example_latest_only_with_trigger.py took 0.072 seconds
[2024-09-27T19:46:30.875+0000] {processor.py:186} INFO - Started process (PID=150) to work on /home/airflow/.local/lib/python3.12/site-packages/airflow/example_dags/example_latest_only_with_trigger.py
[2024-09-27T19:46:30.876+0000] {processor.py:914} INFO - Processing file /home/airflow/.local/lib/python3.12/site-packages/airflow/example_dags/example_latest_only_with_trigger.py for tasks to queue
[2024-09-27T19:46:30.878+0000] {logging_mixin.py:190} INFO - [2024-09-27T19:46:30.877+0000] {dagbag.py:588} INFO - Filling up the DagBag from /home/airflow/.local/lib/python3.12/site-packages/airflow/example_dags/example_latest_only_with_trigger.py
[2024-09-27T19:46:30.883+0000] {processor.py:925} INFO - DAG(s) 'latest_only_with_trigger' retrieved from /home/airflow/.local/lib/python3.12/site-packages/airflow/example_dags/example_latest_only_with_trigger.py
[2024-09-27T19:46:30.901+0000] {logging_mixin.py:190} INFO - [2024-09-27T19:46:30.901+0000] {dag.py:3239} INFO - Sync 1 DAGs
[2024-09-27T19:46:30.922+0000] {logging_mixin.py:190} INFO - [2024-09-27T19:46:30.922+0000] {dag.py:4180} INFO - Setting next_dagrun for latest_only_with_trigger to 2024-09-27 12:00:00+00:00, run_after=2024-09-27 16:00:00+00:00
[2024-09-27T19:46:30.968+0000] {processor.py:208} INFO - Processing /home/airflow/.local/lib/python3.12/site-packages/airflow/example_dags/example_latest_only_with_trigger.py took 0.098 seconds
[2024-09-27T19:47:01.236+0000] {processor.py:186} INFO - Started process (PID=223) to work on /home/airflow/.local/lib/python3.12/site-packages/airflow/example_dags/example_latest_only_with_trigger.py
[2024-09-27T19:47:01.237+0000] {processor.py:914} INFO - Processing file /home/airflow/.local/lib/python3.12/site-packages/airflow/example_dags/example_latest_only_with_trigger.py for tasks to queue
[2024-09-27T19:47:01.239+0000] {logging_mixin.py:190} INFO - [2024-09-27T19:47:01.239+0000] {dagbag.py:588} INFO - Filling up the DagBag from /home/airflow/.local/lib/python3.12/site-packages/airflow/example_dags/example_latest_only_with_trigger.py
[2024-09-27T19:47:01.244+0000] {processor.py:925} INFO - DAG(s) 'latest_only_with_trigger' retrieved from /home/airflow/.local/lib/python3.12/site-packages/airflow/example_dags/example_latest_only_with_trigger.py
[2024-09-27T19:47:01.262+0000] {logging_mixin.py:190} INFO - [2024-09-27T19:47:01.262+0000] {dag.py:3239} INFO - Sync 1 DAGs
[2024-09-27T19:47:01.281+0000] {logging_mixin.py:190} INFO - [2024-09-27T19:47:01.281+0000] {dag.py:4180} INFO - Setting next_dagrun for latest_only_with_trigger to 2024-09-27 12:00:00+00:00, run_after=2024-09-27 16:00:00+00:00
[2024-09-27T19:47:01.294+0000] {processor.py:208} INFO - Processing /home/airflow/.local/lib/python3.12/site-packages/airflow/example_dags/example_latest_only_with_trigger.py took 0.062 seconds
[2024-09-27T19:47:31.618+0000] {processor.py:186} INFO - Started process (PID=287) to work on /home/airflow/.local/lib/python3.12/site-packages/airflow/example_dags/example_latest_only_with_trigger.py
[2024-09-27T19:47:31.618+0000] {processor.py:914} INFO - Processing file /home/airflow/.local/lib/python3.12/site-packages/airflow/example_dags/example_latest_only_with_trigger.py for tasks to queue
[2024-09-27T19:47:31.620+0000] {logging_mixin.py:190} INFO - [2024-09-27T19:47:31.620+0000] {dagbag.py:588} INFO - Filling up the DagBag from /home/airflow/.local/lib/python3.12/site-packages/airflow/example_dags/example_latest_only_with_trigger.py
[2024-09-27T19:47:31.626+0000] {processor.py:925} INFO - DAG(s) 'latest_only_with_trigger' retrieved from /home/airflow/.local/lib/python3.12/site-packages/airflow/example_dags/example_latest_only_with_trigger.py
[2024-09-27T19:47:31.648+0000] {logging_mixin.py:190} INFO - [2024-09-27T19:47:31.648+0000] {dag.py:3239} INFO - Sync 1 DAGs
[2024-09-27T19:47:31.668+0000] {logging_mixin.py:190} INFO - [2024-09-27T19:47:31.668+0000] {dag.py:4180} INFO - Setting next_dagrun for latest_only_with_trigger to 2024-09-27 12:00:00+00:00, run_after=2024-09-27 16:00:00+00:00
[2024-09-27T19:47:31.682+0000] {processor.py:208} INFO - Processing /home/airflow/.local/lib/python3.12/site-packages/airflow/example_dags/example_latest_only_with_trigger.py took 0.069 seconds
[2024-09-27T19:48:02.619+0000] {processor.py:186} INFO - Started process (PID=367) to work on /home/airflow/.local/lib/python3.12/site-packages/airflow/example_dags/example_latest_only_with_trigger.py
[2024-09-27T19:48:02.619+0000] {processor.py:914} INFO - Processing file /home/airflow/.local/lib/python3.12/site-packages/airflow/example_dags/example_latest_only_with_trigger.py for tasks to queue
[2024-09-27T19:48:02.621+0000] {logging_mixin.py:190} INFO - [2024-09-27T19:48:02.621+0000] {dagbag.py:588} INFO - Filling up the DagBag from /home/airflow/.local/lib/python3.12/site-packages/airflow/example_dags/example_latest_only_with_trigger.py
[2024-09-27T19:48:02.627+0000] {processor.py:925} INFO - DAG(s) 'latest_only_with_trigger' retrieved from /home/airflow/.local/lib/python3.12/site-packages/airflow/example_dags/example_latest_only_with_trigger.py
[2024-09-27T19:48:02.644+0000] {logging_mixin.py:190} INFO - [2024-09-27T19:48:02.643+0000] {dag.py:3239} INFO - Sync 1 DAGs
[2024-09-27T19:48:02.666+0000] {logging_mixin.py:190} INFO - [2024-09-27T19:48:02.666+0000] {dag.py:4180} INFO - Setting next_dagrun for latest_only_with_trigger to 2024-09-27 12:00:00+00:00, run_after=2024-09-27 16:00:00+00:00
[2024-09-27T19:48:02.682+0000] {processor.py:208} INFO - Processing /home/airflow/.local/lib/python3.12/site-packages/airflow/example_dags/example_latest_only_with_trigger.py took 0.067 seconds
