[2024-09-27T19:46:00.211+0000] {processor.py:186} INFO - Started process (PID=95) to work on /home/airflow/.local/lib/python3.12/site-packages/airflow/example_dags/example_branch_python_dop_operator_3.py
[2024-09-27T19:46:00.212+0000] {processor.py:914} INFO - Processing file /home/airflow/.local/lib/python3.12/site-packages/airflow/example_dags/example_branch_python_dop_operator_3.py for tasks to queue
[2024-09-27T19:46:00.214+0000] {logging_mixin.py:190} INFO - [2024-09-27T19:46:00.213+0000] {dagbag.py:588} INFO - Filling up the DagBag from /home/airflow/.local/lib/python3.12/site-packages/airflow/example_dags/example_branch_python_dop_operator_3.py
[2024-09-27T19:46:00.222+0000] {processor.py:925} INFO - DAG(s) 'example_branch_dop_operator_v3' retrieved from /home/airflow/.local/lib/python3.12/site-packages/airflow/example_dags/example_branch_python_dop_operator_3.py
[2024-09-27T19:46:00.240+0000] {logging_mixin.py:190} INFO - [2024-09-27T19:46:00.240+0000] {dag.py:3239} INFO - Sync 1 DAGs
[2024-09-27T19:46:00.263+0000] {logging_mixin.py:190} INFO - [2024-09-27T19:46:00.262+0000] {dag.py:4180} INFO - Setting next_dagrun for example_branch_dop_operator_v3 to 2024-09-27 19:45:00+00:00, run_after=2024-09-27 19:46:00+00:00
[2024-09-27T19:46:00.277+0000] {processor.py:208} INFO - Processing /home/airflow/.local/lib/python3.12/site-packages/airflow/example_dags/example_branch_python_dop_operator_3.py took 0.072 seconds
[2024-09-27T19:46:31.700+0000] {processor.py:186} INFO - Started process (PID=164) to work on /home/airflow/.local/lib/python3.12/site-packages/airflow/example_dags/example_branch_python_dop_operator_3.py
[2024-09-27T19:46:31.701+0000] {processor.py:914} INFO - Processing file /home/airflow/.local/lib/python3.12/site-packages/airflow/example_dags/example_branch_python_dop_operator_3.py for tasks to queue
[2024-09-27T19:46:31.703+0000] {logging_mixin.py:190} INFO - [2024-09-27T19:46:31.703+0000] {dagbag.py:588} INFO - Filling up the DagBag from /home/airflow/.local/lib/python3.12/site-packages/airflow/example_dags/example_branch_python_dop_operator_3.py
[2024-09-27T19:46:31.711+0000] {processor.py:925} INFO - DAG(s) 'example_branch_dop_operator_v3' retrieved from /home/airflow/.local/lib/python3.12/site-packages/airflow/example_dags/example_branch_python_dop_operator_3.py
[2024-09-27T19:46:31.725+0000] {logging_mixin.py:190} INFO - [2024-09-27T19:46:31.725+0000] {dag.py:3239} INFO - Sync 1 DAGs
[2024-09-27T19:46:31.746+0000] {logging_mixin.py:190} INFO - [2024-09-27T19:46:31.746+0000] {dag.py:4180} INFO - Setting next_dagrun for example_branch_dop_operator_v3 to 2024-09-27 19:45:00+00:00, run_after=2024-09-27 19:46:00+00:00
[2024-09-27T19:46:31.789+0000] {processor.py:208} INFO - Processing /home/airflow/.local/lib/python3.12/site-packages/airflow/example_dags/example_branch_python_dop_operator_3.py took 0.093 seconds
[2024-09-27T19:47:01.966+0000] {processor.py:186} INFO - Started process (PID=232) to work on /home/airflow/.local/lib/python3.12/site-packages/airflow/example_dags/example_branch_python_dop_operator_3.py
[2024-09-27T19:47:01.967+0000] {processor.py:914} INFO - Processing file /home/airflow/.local/lib/python3.12/site-packages/airflow/example_dags/example_branch_python_dop_operator_3.py for tasks to queue
[2024-09-27T19:47:01.968+0000] {logging_mixin.py:190} INFO - [2024-09-27T19:47:01.968+0000] {dagbag.py:588} INFO - Filling up the DagBag from /home/airflow/.local/lib/python3.12/site-packages/airflow/example_dags/example_branch_python_dop_operator_3.py
[2024-09-27T19:47:01.977+0000] {processor.py:925} INFO - DAG(s) 'example_branch_dop_operator_v3' retrieved from /home/airflow/.local/lib/python3.12/site-packages/airflow/example_dags/example_branch_python_dop_operator_3.py
[2024-09-27T19:47:01.992+0000] {logging_mixin.py:190} INFO - [2024-09-27T19:47:01.992+0000] {dag.py:3239} INFO - Sync 1 DAGs
[2024-09-27T19:47:02.020+0000] {logging_mixin.py:190} INFO - [2024-09-27T19:47:02.019+0000] {dag.py:4180} INFO - Setting next_dagrun for example_branch_dop_operator_v3 to 2024-09-27 19:46:00+00:00, run_after=2024-09-27 19:47:00+00:00
[2024-09-27T19:47:02.035+0000] {processor.py:208} INFO - Processing /home/airflow/.local/lib/python3.12/site-packages/airflow/example_dags/example_branch_python_dop_operator_3.py took 0.074 seconds
[2024-09-27T19:47:32.132+0000] {processor.py:186} INFO - Started process (PID=295) to work on /home/airflow/.local/lib/python3.12/site-packages/airflow/example_dags/example_branch_python_dop_operator_3.py
[2024-09-27T19:47:32.134+0000] {processor.py:914} INFO - Processing file /home/airflow/.local/lib/python3.12/site-packages/airflow/example_dags/example_branch_python_dop_operator_3.py for tasks to queue
[2024-09-27T19:47:32.137+0000] {logging_mixin.py:190} INFO - [2024-09-27T19:47:32.136+0000] {dagbag.py:588} INFO - Filling up the DagBag from /home/airflow/.local/lib/python3.12/site-packages/airflow/example_dags/example_branch_python_dop_operator_3.py
[2024-09-27T19:47:32.148+0000] {processor.py:925} INFO - DAG(s) 'example_branch_dop_operator_v3' retrieved from /home/airflow/.local/lib/python3.12/site-packages/airflow/example_dags/example_branch_python_dop_operator_3.py
[2024-09-27T19:47:32.170+0000] {logging_mixin.py:190} INFO - [2024-09-27T19:47:32.170+0000] {dag.py:3239} INFO - Sync 1 DAGs
[2024-09-27T19:47:32.198+0000] {logging_mixin.py:190} INFO - [2024-09-27T19:47:32.198+0000] {dag.py:4180} INFO - Setting next_dagrun for example_branch_dop_operator_v3 to 2024-09-27 19:46:00+00:00, run_after=2024-09-27 19:47:00+00:00
[2024-09-27T19:47:32.221+0000] {processor.py:208} INFO - Processing /home/airflow/.local/lib/python3.12/site-packages/airflow/example_dags/example_branch_python_dop_operator_3.py took 0.094 seconds
[2024-09-27T19:48:03.028+0000] {processor.py:186} INFO - Started process (PID=373) to work on /home/airflow/.local/lib/python3.12/site-packages/airflow/example_dags/example_branch_python_dop_operator_3.py
[2024-09-27T19:48:03.029+0000] {processor.py:914} INFO - Processing file /home/airflow/.local/lib/python3.12/site-packages/airflow/example_dags/example_branch_python_dop_operator_3.py for tasks to queue
[2024-09-27T19:48:03.031+0000] {logging_mixin.py:190} INFO - [2024-09-27T19:48:03.031+0000] {dagbag.py:588} INFO - Filling up the DagBag from /home/airflow/.local/lib/python3.12/site-packages/airflow/example_dags/example_branch_python_dop_operator_3.py
[2024-09-27T19:48:03.042+0000] {processor.py:925} INFO - DAG(s) 'example_branch_dop_operator_v3' retrieved from /home/airflow/.local/lib/python3.12/site-packages/airflow/example_dags/example_branch_python_dop_operator_3.py
[2024-09-27T19:48:03.064+0000] {logging_mixin.py:190} INFO - [2024-09-27T19:48:03.063+0000] {dag.py:3239} INFO - Sync 1 DAGs
[2024-09-27T19:48:03.100+0000] {logging_mixin.py:190} INFO - [2024-09-27T19:48:03.100+0000] {dag.py:4180} INFO - Setting next_dagrun for example_branch_dop_operator_v3 to 2024-09-27 19:47:00+00:00, run_after=2024-09-27 19:48:00+00:00
[2024-09-27T19:48:03.126+0000] {processor.py:208} INFO - Processing /home/airflow/.local/lib/python3.12/site-packages/airflow/example_dags/example_branch_python_dop_operator_3.py took 0.106 seconds
