[2024-09-27T19:45:59.981+0000] {processor.py:186} INFO - Started process (PID=92) to work on /home/airflow/.local/lib/python3.12/site-packages/airflow/example_dags/example_bash_operator.py
[2024-09-27T19:45:59.983+0000] {processor.py:914} INFO - Processing file /home/airflow/.local/lib/python3.12/site-packages/airflow/example_dags/example_bash_operator.py for tasks to queue
[2024-09-27T19:45:59.986+0000] {logging_mixin.py:190} INFO - [2024-09-27T19:45:59.986+0000] {dagbag.py:588} INFO - Filling up the DagBag from /home/airflow/.local/lib/python3.12/site-packages/airflow/example_dags/example_bash_operator.py
[2024-09-27T19:46:00.001+0000] {processor.py:925} INFO - DAG(s) 'example_bash_operator' retrieved from /home/airflow/.local/lib/python3.12/site-packages/airflow/example_dags/example_bash_operator.py
[2024-09-27T19:46:00.030+0000] {logging_mixin.py:190} INFO - [2024-09-27T19:46:00.030+0000] {dag.py:3239} INFO - Sync 1 DAGs
[2024-09-27T19:46:00.057+0000] {logging_mixin.py:190} INFO - [2024-09-27T19:46:00.057+0000] {dag.py:4180} INFO - Setting next_dagrun for example_bash_operator to 2024-09-26 00:00:00+00:00, run_after=2024-09-27 00:00:00+00:00
[2024-09-27T19:46:00.075+0000] {processor.py:208} INFO - Processing /home/airflow/.local/lib/python3.12/site-packages/airflow/example_dags/example_bash_operator.py took 0.100 seconds
[2024-09-27T19:46:31.337+0000] {processor.py:186} INFO - Started process (PID=161) to work on /home/airflow/.local/lib/python3.12/site-packages/airflow/example_dags/example_bash_operator.py
[2024-09-27T19:46:31.338+0000] {processor.py:914} INFO - Processing file /home/airflow/.local/lib/python3.12/site-packages/airflow/example_dags/example_bash_operator.py for tasks to queue
[2024-09-27T19:46:31.340+0000] {logging_mixin.py:190} INFO - [2024-09-27T19:46:31.339+0000] {dagbag.py:588} INFO - Filling up the DagBag from /home/airflow/.local/lib/python3.12/site-packages/airflow/example_dags/example_bash_operator.py
[2024-09-27T19:46:31.349+0000] {processor.py:925} INFO - DAG(s) 'example_bash_operator' retrieved from /home/airflow/.local/lib/python3.12/site-packages/airflow/example_dags/example_bash_operator.py
[2024-09-27T19:46:31.371+0000] {logging_mixin.py:190} INFO - [2024-09-27T19:46:31.371+0000] {dag.py:3239} INFO - Sync 1 DAGs
[2024-09-27T19:46:31.391+0000] {logging_mixin.py:190} INFO - [2024-09-27T19:46:31.391+0000] {dag.py:4180} INFO - Setting next_dagrun for example_bash_operator to 2024-09-26 00:00:00+00:00, run_after=2024-09-27 00:00:00+00:00
[2024-09-27T19:46:31.438+0000] {processor.py:208} INFO - Processing /home/airflow/.local/lib/python3.12/site-packages/airflow/example_dags/example_bash_operator.py took 0.106 seconds
[2024-09-27T19:47:01.632+0000] {processor.py:186} INFO - Started process (PID=229) to work on /home/airflow/.local/lib/python3.12/site-packages/airflow/example_dags/example_bash_operator.py
[2024-09-27T19:47:01.633+0000] {processor.py:914} INFO - Processing file /home/airflow/.local/lib/python3.12/site-packages/airflow/example_dags/example_bash_operator.py for tasks to queue
[2024-09-27T19:47:01.635+0000] {logging_mixin.py:190} INFO - [2024-09-27T19:47:01.635+0000] {dagbag.py:588} INFO - Filling up the DagBag from /home/airflow/.local/lib/python3.12/site-packages/airflow/example_dags/example_bash_operator.py
[2024-09-27T19:47:01.647+0000] {processor.py:925} INFO - DAG(s) 'example_bash_operator' retrieved from /home/airflow/.local/lib/python3.12/site-packages/airflow/example_dags/example_bash_operator.py
[2024-09-27T19:47:01.670+0000] {logging_mixin.py:190} INFO - [2024-09-27T19:47:01.669+0000] {dag.py:3239} INFO - Sync 1 DAGs
[2024-09-27T19:47:01.693+0000] {logging_mixin.py:190} INFO - [2024-09-27T19:47:01.693+0000] {dag.py:4180} INFO - Setting next_dagrun for example_bash_operator to 2024-09-26 00:00:00+00:00, run_after=2024-09-27 00:00:00+00:00
[2024-09-27T19:47:01.716+0000] {processor.py:208} INFO - Processing /home/airflow/.local/lib/python3.12/site-packages/airflow/example_dags/example_bash_operator.py took 0.089 seconds
[2024-09-27T19:47:32.004+0000] {processor.py:186} INFO - Started process (PID=293) to work on /home/airflow/.local/lib/python3.12/site-packages/airflow/example_dags/example_bash_operator.py
[2024-09-27T19:47:32.005+0000] {processor.py:914} INFO - Processing file /home/airflow/.local/lib/python3.12/site-packages/airflow/example_dags/example_bash_operator.py for tasks to queue
[2024-09-27T19:47:32.007+0000] {logging_mixin.py:190} INFO - [2024-09-27T19:47:32.006+0000] {dagbag.py:588} INFO - Filling up the DagBag from /home/airflow/.local/lib/python3.12/site-packages/airflow/example_dags/example_bash_operator.py
[2024-09-27T19:47:32.019+0000] {processor.py:925} INFO - DAG(s) 'example_bash_operator' retrieved from /home/airflow/.local/lib/python3.12/site-packages/airflow/example_dags/example_bash_operator.py
[2024-09-27T19:47:32.045+0000] {logging_mixin.py:190} INFO - [2024-09-27T19:47:32.045+0000] {dag.py:3239} INFO - Sync 1 DAGs
[2024-09-27T19:47:32.073+0000] {logging_mixin.py:190} INFO - [2024-09-27T19:47:32.073+0000] {dag.py:4180} INFO - Setting next_dagrun for example_bash_operator to 2024-09-26 00:00:00+00:00, run_after=2024-09-27 00:00:00+00:00
[2024-09-27T19:47:32.094+0000] {processor.py:208} INFO - Processing /home/airflow/.local/lib/python3.12/site-packages/airflow/example_dags/example_bash_operator.py took 0.096 seconds
[2024-09-27T19:48:02.948+0000] {processor.py:186} INFO - Started process (PID=372) to work on /home/airflow/.local/lib/python3.12/site-packages/airflow/example_dags/example_bash_operator.py
[2024-09-27T19:48:02.949+0000] {processor.py:914} INFO - Processing file /home/airflow/.local/lib/python3.12/site-packages/airflow/example_dags/example_bash_operator.py for tasks to queue
[2024-09-27T19:48:02.952+0000] {logging_mixin.py:190} INFO - [2024-09-27T19:48:02.951+0000] {dagbag.py:588} INFO - Filling up the DagBag from /home/airflow/.local/lib/python3.12/site-packages/airflow/example_dags/example_bash_operator.py
[2024-09-27T19:48:02.968+0000] {processor.py:925} INFO - DAG(s) 'example_bash_operator' retrieved from /home/airflow/.local/lib/python3.12/site-packages/airflow/example_dags/example_bash_operator.py
[2024-09-27T19:48:02.997+0000] {logging_mixin.py:190} INFO - [2024-09-27T19:48:02.997+0000] {dag.py:3239} INFO - Sync 1 DAGs
[2024-09-27T19:48:03.026+0000] {logging_mixin.py:190} INFO - [2024-09-27T19:48:03.026+0000] {dag.py:4180} INFO - Setting next_dagrun for example_bash_operator to 2024-09-26 00:00:00+00:00, run_after=2024-09-27 00:00:00+00:00
[2024-09-27T19:48:03.045+0000] {processor.py:208} INFO - Processing /home/airflow/.local/lib/python3.12/site-packages/airflow/example_dags/example_bash_operator.py took 0.103 seconds
