[2024-09-27T19:45:59.313+0000] {processor.py:186} INFO - Started process (PID=83) to work on /home/airflow/.local/lib/python3.12/site-packages/airflow/example_dags/example_xcomargs.py
[2024-09-27T19:45:59.314+0000] {processor.py:914} INFO - Processing file /home/airflow/.local/lib/python3.12/site-packages/airflow/example_dags/example_xcomargs.py for tasks to queue
[2024-09-27T19:45:59.316+0000] {logging_mixin.py:190} INFO - [2024-09-27T19:45:59.315+0000] {dagbag.py:588} INFO - Filling up the DagBag from /home/airflow/.local/lib/python3.12/site-packages/airflow/example_dags/example_xcomargs.py
[2024-09-27T19:45:59.325+0000] {processor.py:925} INFO - DAG(s) 'example_xcom_args', 'example_xcom_args_with_operators' retrieved from /home/airflow/.local/lib/python3.12/site-packages/airflow/example_dags/example_xcomargs.py
[2024-09-27T19:45:59.347+0000] {logging_mixin.py:190} INFO - [2024-09-27T19:45:59.347+0000] {dag.py:3239} INFO - Sync 2 DAGs
[2024-09-27T19:45:59.361+0000] {logging_mixin.py:190} INFO - [2024-09-27T19:45:59.360+0000] {dag.py:4180} INFO - Setting next_dagrun for example_xcom_args to None, run_after=None
[2024-09-27T19:45:59.364+0000] {logging_mixin.py:190} INFO - [2024-09-27T19:45:59.364+0000] {dag.py:4180} INFO - Setting next_dagrun for example_xcom_args_with_operators to None, run_after=None
[2024-09-27T19:45:59.378+0000] {processor.py:208} INFO - Processing /home/airflow/.local/lib/python3.12/site-packages/airflow/example_dags/example_xcomargs.py took 0.071 seconds
[2024-09-27T19:46:30.438+0000] {processor.py:186} INFO - Started process (PID=146) to work on /home/airflow/.local/lib/python3.12/site-packages/airflow/example_dags/example_xcomargs.py
[2024-09-27T19:46:30.439+0000] {processor.py:914} INFO - Processing file /home/airflow/.local/lib/python3.12/site-packages/airflow/example_dags/example_xcomargs.py for tasks to queue
[2024-09-27T19:46:30.441+0000] {logging_mixin.py:190} INFO - [2024-09-27T19:46:30.441+0000] {dagbag.py:588} INFO - Filling up the DagBag from /home/airflow/.local/lib/python3.12/site-packages/airflow/example_dags/example_xcomargs.py
[2024-09-27T19:46:30.449+0000] {processor.py:925} INFO - DAG(s) 'example_xcom_args', 'example_xcom_args_with_operators' retrieved from /home/airflow/.local/lib/python3.12/site-packages/airflow/example_dags/example_xcomargs.py
[2024-09-27T19:46:30.468+0000] {logging_mixin.py:190} INFO - [2024-09-27T19:46:30.468+0000] {dag.py:3239} INFO - Sync 2 DAGs
[2024-09-27T19:46:30.479+0000] {logging_mixin.py:190} INFO - [2024-09-27T19:46:30.479+0000] {dag.py:4180} INFO - Setting next_dagrun for example_xcom_args to None, run_after=None
[2024-09-27T19:46:30.483+0000] {logging_mixin.py:190} INFO - [2024-09-27T19:46:30.483+0000] {dag.py:4180} INFO - Setting next_dagrun for example_xcom_args_with_operators to None, run_after=None
[2024-09-27T19:46:30.503+0000] {processor.py:208} INFO - Processing /home/airflow/.local/lib/python3.12/site-packages/airflow/example_dags/example_xcomargs.py took 0.069 seconds
[2024-09-27T19:47:00.798+0000] {processor.py:186} INFO - Started process (PID=212) to work on /home/airflow/.local/lib/python3.12/site-packages/airflow/example_dags/example_xcomargs.py
[2024-09-27T19:47:00.798+0000] {processor.py:914} INFO - Processing file /home/airflow/.local/lib/python3.12/site-packages/airflow/example_dags/example_xcomargs.py for tasks to queue
[2024-09-27T19:47:00.800+0000] {logging_mixin.py:190} INFO - [2024-09-27T19:47:00.800+0000] {dagbag.py:588} INFO - Filling up the DagBag from /home/airflow/.local/lib/python3.12/site-packages/airflow/example_dags/example_xcomargs.py
[2024-09-27T19:47:00.808+0000] {processor.py:925} INFO - DAG(s) 'example_xcom_args_with_operators', 'example_xcom_args' retrieved from /home/airflow/.local/lib/python3.12/site-packages/airflow/example_dags/example_xcomargs.py
[2024-09-27T19:47:00.825+0000] {logging_mixin.py:190} INFO - [2024-09-27T19:47:00.825+0000] {dag.py:3239} INFO - Sync 2 DAGs
[2024-09-27T19:47:00.837+0000] {logging_mixin.py:190} INFO - [2024-09-27T19:47:00.836+0000] {dag.py:4180} INFO - Setting next_dagrun for example_xcom_args to None, run_after=None
[2024-09-27T19:47:00.839+0000] {logging_mixin.py:190} INFO - [2024-09-27T19:47:00.839+0000] {dag.py:4180} INFO - Setting next_dagrun for example_xcom_args_with_operators to None, run_after=None
[2024-09-27T19:47:00.852+0000] {processor.py:208} INFO - Processing /home/airflow/.local/lib/python3.12/site-packages/airflow/example_dags/example_xcomargs.py took 0.058 seconds
[2024-09-27T19:47:31.139+0000] {processor.py:186} INFO - Started process (PID=283) to work on /home/airflow/.local/lib/python3.12/site-packages/airflow/example_dags/example_xcomargs.py
[2024-09-27T19:47:31.141+0000] {processor.py:914} INFO - Processing file /home/airflow/.local/lib/python3.12/site-packages/airflow/example_dags/example_xcomargs.py for tasks to queue
[2024-09-27T19:47:31.143+0000] {logging_mixin.py:190} INFO - [2024-09-27T19:47:31.143+0000] {dagbag.py:588} INFO - Filling up the DagBag from /home/airflow/.local/lib/python3.12/site-packages/airflow/example_dags/example_xcomargs.py
[2024-09-27T19:47:31.153+0000] {processor.py:925} INFO - DAG(s) 'example_xcom_args_with_operators', 'example_xcom_args' retrieved from /home/airflow/.local/lib/python3.12/site-packages/airflow/example_dags/example_xcomargs.py
[2024-09-27T19:47:31.179+0000] {logging_mixin.py:190} INFO - [2024-09-27T19:47:31.178+0000] {dag.py:3239} INFO - Sync 2 DAGs
[2024-09-27T19:47:31.194+0000] {logging_mixin.py:190} INFO - [2024-09-27T19:47:31.193+0000] {dag.py:4180} INFO - Setting next_dagrun for example_xcom_args to None, run_after=None
[2024-09-27T19:47:31.197+0000] {logging_mixin.py:190} INFO - [2024-09-27T19:47:31.197+0000] {dag.py:4180} INFO - Setting next_dagrun for example_xcom_args_with_operators to None, run_after=None
[2024-09-27T19:47:31.211+0000] {processor.py:208} INFO - Processing /home/airflow/.local/lib/python3.12/site-packages/airflow/example_dags/example_xcomargs.py took 0.079 seconds
[2024-09-27T19:48:01.301+0000] {processor.py:186} INFO - Started process (PID=363) to work on /home/airflow/.local/lib/python3.12/site-packages/airflow/example_dags/example_xcomargs.py
[2024-09-27T19:48:01.301+0000] {processor.py:914} INFO - Processing file /home/airflow/.local/lib/python3.12/site-packages/airflow/example_dags/example_xcomargs.py for tasks to queue
[2024-09-27T19:48:01.303+0000] {logging_mixin.py:190} INFO - [2024-09-27T19:48:01.303+0000] {dagbag.py:588} INFO - Filling up the DagBag from /home/airflow/.local/lib/python3.12/site-packages/airflow/example_dags/example_xcomargs.py
[2024-09-27T19:48:01.312+0000] {processor.py:925} INFO - DAG(s) 'example_xcom_args_with_operators', 'example_xcom_args' retrieved from /home/airflow/.local/lib/python3.12/site-packages/airflow/example_dags/example_xcomargs.py
[2024-09-27T19:48:01.331+0000] {logging_mixin.py:190} INFO - [2024-09-27T19:48:01.331+0000] {dag.py:3239} INFO - Sync 2 DAGs
[2024-09-27T19:48:01.343+0000] {logging_mixin.py:190} INFO - [2024-09-27T19:48:01.343+0000] {dag.py:4180} INFO - Setting next_dagrun for example_xcom_args to None, run_after=None
[2024-09-27T19:48:01.346+0000] {logging_mixin.py:190} INFO - [2024-09-27T19:48:01.346+0000] {dag.py:4180} INFO - Setting next_dagrun for example_xcom_args_with_operators to None, run_after=None
[2024-09-27T19:48:01.358+0000] {processor.py:208} INFO - Processing /home/airflow/.local/lib/python3.12/site-packages/airflow/example_dags/example_xcomargs.py took 0.063 seconds
[2024-09-27T20:22:03.125+0000] {processor.py:186} INFO - Started process (PID=77) to work on /home/airflow/.local/lib/python3.12/site-packages/airflow/example_dags/example_xcomargs.py
[2024-09-27T20:22:03.126+0000] {processor.py:914} INFO - Processing file /home/airflow/.local/lib/python3.12/site-packages/airflow/example_dags/example_xcomargs.py for tasks to queue
[2024-09-27T20:22:03.128+0000] {logging_mixin.py:190} INFO - [2024-09-27T20:22:03.128+0000] {dagbag.py:588} INFO - Filling up the DagBag from /home/airflow/.local/lib/python3.12/site-packages/airflow/example_dags/example_xcomargs.py
[2024-09-27T20:22:03.146+0000] {processor.py:925} INFO - DAG(s) 'example_xcom_args_with_operators', 'example_xcom_args' retrieved from /home/airflow/.local/lib/python3.12/site-packages/airflow/example_dags/example_xcomargs.py
[2024-09-27T20:22:03.181+0000] {logging_mixin.py:190} INFO - [2024-09-27T20:22:03.181+0000] {dag.py:3239} INFO - Sync 2 DAGs
[2024-09-27T20:22:03.202+0000] {logging_mixin.py:190} INFO - [2024-09-27T20:22:03.201+0000] {dag.py:4180} INFO - Setting next_dagrun for example_xcom_args to None, run_after=None
[2024-09-27T20:22:03.207+0000] {logging_mixin.py:190} INFO - [2024-09-27T20:22:03.206+0000] {dag.py:4180} INFO - Setting next_dagrun for example_xcom_args_with_operators to None, run_after=None
[2024-09-27T20:22:03.228+0000] {processor.py:208} INFO - Processing /home/airflow/.local/lib/python3.12/site-packages/airflow/example_dags/example_xcomargs.py took 0.109 seconds
[2024-09-27T20:22:33.394+0000] {processor.py:186} INFO - Started process (PID=140) to work on /home/airflow/.local/lib/python3.12/site-packages/airflow/example_dags/example_xcomargs.py
[2024-09-27T20:22:33.395+0000] {processor.py:914} INFO - Processing file /home/airflow/.local/lib/python3.12/site-packages/airflow/example_dags/example_xcomargs.py for tasks to queue
[2024-09-27T20:22:33.397+0000] {logging_mixin.py:190} INFO - [2024-09-27T20:22:33.396+0000] {dagbag.py:588} INFO - Filling up the DagBag from /home/airflow/.local/lib/python3.12/site-packages/airflow/example_dags/example_xcomargs.py
[2024-09-27T20:22:33.405+0000] {processor.py:925} INFO - DAG(s) 'example_xcom_args_with_operators', 'example_xcom_args' retrieved from /home/airflow/.local/lib/python3.12/site-packages/airflow/example_dags/example_xcomargs.py
[2024-09-27T20:22:33.426+0000] {logging_mixin.py:190} INFO - [2024-09-27T20:22:33.425+0000] {dag.py:3239} INFO - Sync 2 DAGs
[2024-09-27T20:22:33.441+0000] {logging_mixin.py:190} INFO - [2024-09-27T20:22:33.441+0000] {dag.py:4180} INFO - Setting next_dagrun for example_xcom_args to None, run_after=None
[2024-09-27T20:22:33.445+0000] {logging_mixin.py:190} INFO - [2024-09-27T20:22:33.444+0000] {dag.py:4180} INFO - Setting next_dagrun for example_xcom_args_with_operators to None, run_after=None
[2024-09-27T20:22:33.458+0000] {processor.py:208} INFO - Processing /home/airflow/.local/lib/python3.12/site-packages/airflow/example_dags/example_xcomargs.py took 0.070 seconds
[2024-09-27T20:23:03.746+0000] {processor.py:186} INFO - Started process (PID=208) to work on /home/airflow/.local/lib/python3.12/site-packages/airflow/example_dags/example_xcomargs.py
[2024-09-27T20:23:03.746+0000] {processor.py:914} INFO - Processing file /home/airflow/.local/lib/python3.12/site-packages/airflow/example_dags/example_xcomargs.py for tasks to queue
[2024-09-27T20:23:03.748+0000] {logging_mixin.py:190} INFO - [2024-09-27T20:23:03.748+0000] {dagbag.py:588} INFO - Filling up the DagBag from /home/airflow/.local/lib/python3.12/site-packages/airflow/example_dags/example_xcomargs.py
[2024-09-27T20:23:03.756+0000] {processor.py:925} INFO - DAG(s) 'example_xcom_args_with_operators', 'example_xcom_args' retrieved from /home/airflow/.local/lib/python3.12/site-packages/airflow/example_dags/example_xcomargs.py
[2024-09-27T20:23:03.775+0000] {logging_mixin.py:190} INFO - [2024-09-27T20:23:03.775+0000] {dag.py:3239} INFO - Sync 2 DAGs
[2024-09-27T20:23:03.787+0000] {logging_mixin.py:190} INFO - [2024-09-27T20:23:03.786+0000] {dag.py:4180} INFO - Setting next_dagrun for example_xcom_args to None, run_after=None
[2024-09-27T20:23:03.790+0000] {logging_mixin.py:190} INFO - [2024-09-27T20:23:03.789+0000] {dag.py:4180} INFO - Setting next_dagrun for example_xcom_args_with_operators to None, run_after=None
[2024-09-27T20:23:03.803+0000] {processor.py:208} INFO - Processing /home/airflow/.local/lib/python3.12/site-packages/airflow/example_dags/example_xcomargs.py took 0.062 seconds
[2024-09-27T20:23:34.335+0000] {processor.py:186} INFO - Started process (PID=272) to work on /home/airflow/.local/lib/python3.12/site-packages/airflow/example_dags/example_xcomargs.py
[2024-09-27T20:23:34.336+0000] {processor.py:914} INFO - Processing file /home/airflow/.local/lib/python3.12/site-packages/airflow/example_dags/example_xcomargs.py for tasks to queue
[2024-09-27T20:23:34.338+0000] {logging_mixin.py:190} INFO - [2024-09-27T20:23:34.338+0000] {dagbag.py:588} INFO - Filling up the DagBag from /home/airflow/.local/lib/python3.12/site-packages/airflow/example_dags/example_xcomargs.py
[2024-09-27T20:23:34.347+0000] {processor.py:925} INFO - DAG(s) 'example_xcom_args_with_operators', 'example_xcom_args' retrieved from /home/airflow/.local/lib/python3.12/site-packages/airflow/example_dags/example_xcomargs.py
[2024-09-27T20:23:34.368+0000] {logging_mixin.py:190} INFO - [2024-09-27T20:23:34.368+0000] {dag.py:3239} INFO - Sync 2 DAGs
[2024-09-27T20:23:34.380+0000] {logging_mixin.py:190} INFO - [2024-09-27T20:23:34.380+0000] {dag.py:4180} INFO - Setting next_dagrun for example_xcom_args to None, run_after=None
[2024-09-27T20:23:34.384+0000] {logging_mixin.py:190} INFO - [2024-09-27T20:23:34.384+0000] {dag.py:4180} INFO - Setting next_dagrun for example_xcom_args_with_operators to None, run_after=None
[2024-09-27T20:23:34.398+0000] {processor.py:208} INFO - Processing /home/airflow/.local/lib/python3.12/site-packages/airflow/example_dags/example_xcomargs.py took 0.068 seconds
[2024-09-27T20:24:05.301+0000] {processor.py:186} INFO - Started process (PID=335) to work on /home/airflow/.local/lib/python3.12/site-packages/airflow/example_dags/example_xcomargs.py
[2024-09-27T20:24:05.302+0000] {processor.py:914} INFO - Processing file /home/airflow/.local/lib/python3.12/site-packages/airflow/example_dags/example_xcomargs.py for tasks to queue
[2024-09-27T20:24:05.304+0000] {logging_mixin.py:190} INFO - [2024-09-27T20:24:05.304+0000] {dagbag.py:588} INFO - Filling up the DagBag from /home/airflow/.local/lib/python3.12/site-packages/airflow/example_dags/example_xcomargs.py
[2024-09-27T20:24:05.314+0000] {processor.py:925} INFO - DAG(s) 'example_xcom_args', 'example_xcom_args_with_operators' retrieved from /home/airflow/.local/lib/python3.12/site-packages/airflow/example_dags/example_xcomargs.py
[2024-09-27T20:24:05.336+0000] {logging_mixin.py:190} INFO - [2024-09-27T20:24:05.336+0000] {dag.py:3239} INFO - Sync 2 DAGs
[2024-09-27T20:24:05.351+0000] {logging_mixin.py:190} INFO - [2024-09-27T20:24:05.350+0000] {dag.py:4180} INFO - Setting next_dagrun for example_xcom_args to None, run_after=None
[2024-09-27T20:24:05.356+0000] {logging_mixin.py:190} INFO - [2024-09-27T20:24:05.355+0000] {dag.py:4180} INFO - Setting next_dagrun for example_xcom_args_with_operators to None, run_after=None
[2024-09-27T20:24:05.372+0000] {processor.py:208} INFO - Processing /home/airflow/.local/lib/python3.12/site-packages/airflow/example_dags/example_xcomargs.py took 0.075 seconds
[2024-09-27T20:24:35.807+0000] {processor.py:186} INFO - Started process (PID=398) to work on /home/airflow/.local/lib/python3.12/site-packages/airflow/example_dags/example_xcomargs.py
[2024-09-27T20:24:35.808+0000] {processor.py:914} INFO - Processing file /home/airflow/.local/lib/python3.12/site-packages/airflow/example_dags/example_xcomargs.py for tasks to queue
[2024-09-27T20:24:35.810+0000] {logging_mixin.py:190} INFO - [2024-09-27T20:24:35.810+0000] {dagbag.py:588} INFO - Filling up the DagBag from /home/airflow/.local/lib/python3.12/site-packages/airflow/example_dags/example_xcomargs.py
[2024-09-27T20:24:35.818+0000] {processor.py:925} INFO - DAG(s) 'example_xcom_args_with_operators', 'example_xcom_args' retrieved from /home/airflow/.local/lib/python3.12/site-packages/airflow/example_dags/example_xcomargs.py
[2024-09-27T20:24:35.840+0000] {logging_mixin.py:190} INFO - [2024-09-27T20:24:35.839+0000] {dag.py:3239} INFO - Sync 2 DAGs
[2024-09-27T20:24:35.853+0000] {logging_mixin.py:190} INFO - [2024-09-27T20:24:35.852+0000] {dag.py:4180} INFO - Setting next_dagrun for example_xcom_args to None, run_after=None
[2024-09-27T20:24:35.856+0000] {logging_mixin.py:190} INFO - [2024-09-27T20:24:35.856+0000] {dag.py:4180} INFO - Setting next_dagrun for example_xcom_args_with_operators to None, run_after=None
[2024-09-27T20:24:35.901+0000] {processor.py:208} INFO - Processing /home/airflow/.local/lib/python3.12/site-packages/airflow/example_dags/example_xcomargs.py took 0.098 seconds
[2024-09-27T20:25:06.664+0000] {processor.py:186} INFO - Started process (PID=461) to work on /home/airflow/.local/lib/python3.12/site-packages/airflow/example_dags/example_xcomargs.py
[2024-09-27T20:25:06.665+0000] {processor.py:914} INFO - Processing file /home/airflow/.local/lib/python3.12/site-packages/airflow/example_dags/example_xcomargs.py for tasks to queue
[2024-09-27T20:25:06.667+0000] {logging_mixin.py:190} INFO - [2024-09-27T20:25:06.666+0000] {dagbag.py:588} INFO - Filling up the DagBag from /home/airflow/.local/lib/python3.12/site-packages/airflow/example_dags/example_xcomargs.py
[2024-09-27T20:25:06.678+0000] {processor.py:925} INFO - DAG(s) 'example_xcom_args', 'example_xcom_args_with_operators' retrieved from /home/airflow/.local/lib/python3.12/site-packages/airflow/example_dags/example_xcomargs.py
[2024-09-27T20:25:06.698+0000] {logging_mixin.py:190} INFO - [2024-09-27T20:25:06.698+0000] {dag.py:3239} INFO - Sync 2 DAGs
[2024-09-27T20:25:06.713+0000] {logging_mixin.py:190} INFO - [2024-09-27T20:25:06.713+0000] {dag.py:4180} INFO - Setting next_dagrun for example_xcom_args to None, run_after=None
[2024-09-27T20:25:06.717+0000] {logging_mixin.py:190} INFO - [2024-09-27T20:25:06.717+0000] {dag.py:4180} INFO - Setting next_dagrun for example_xcom_args_with_operators to None, run_after=None
[2024-09-27T20:25:06.731+0000] {processor.py:208} INFO - Processing /home/airflow/.local/lib/python3.12/site-packages/airflow/example_dags/example_xcomargs.py took 0.072 seconds
[2024-09-27T20:25:36.994+0000] {processor.py:186} INFO - Started process (PID=524) to work on /home/airflow/.local/lib/python3.12/site-packages/airflow/example_dags/example_xcomargs.py
[2024-09-27T20:25:36.994+0000] {processor.py:914} INFO - Processing file /home/airflow/.local/lib/python3.12/site-packages/airflow/example_dags/example_xcomargs.py for tasks to queue
[2024-09-27T20:25:36.996+0000] {logging_mixin.py:190} INFO - [2024-09-27T20:25:36.996+0000] {dagbag.py:588} INFO - Filling up the DagBag from /home/airflow/.local/lib/python3.12/site-packages/airflow/example_dags/example_xcomargs.py
[2024-09-27T20:25:37.004+0000] {processor.py:925} INFO - DAG(s) 'example_xcom_args', 'example_xcom_args_with_operators' retrieved from /home/airflow/.local/lib/python3.12/site-packages/airflow/example_dags/example_xcomargs.py
[2024-09-27T20:25:37.022+0000] {logging_mixin.py:190} INFO - [2024-09-27T20:25:37.022+0000] {dag.py:3239} INFO - Sync 2 DAGs
[2024-09-27T20:25:37.034+0000] {logging_mixin.py:190} INFO - [2024-09-27T20:25:37.034+0000] {dag.py:4180} INFO - Setting next_dagrun for example_xcom_args to None, run_after=None
[2024-09-27T20:25:37.037+0000] {logging_mixin.py:190} INFO - [2024-09-27T20:25:37.037+0000] {dag.py:4180} INFO - Setting next_dagrun for example_xcom_args_with_operators to None, run_after=None
[2024-09-27T20:25:37.051+0000] {processor.py:208} INFO - Processing /home/airflow/.local/lib/python3.12/site-packages/airflow/example_dags/example_xcomargs.py took 0.063 seconds
[2024-09-27T20:26:07.241+0000] {processor.py:186} INFO - Started process (PID=587) to work on /home/airflow/.local/lib/python3.12/site-packages/airflow/example_dags/example_xcomargs.py
[2024-09-27T20:26:07.242+0000] {processor.py:914} INFO - Processing file /home/airflow/.local/lib/python3.12/site-packages/airflow/example_dags/example_xcomargs.py for tasks to queue
[2024-09-27T20:26:07.244+0000] {logging_mixin.py:190} INFO - [2024-09-27T20:26:07.244+0000] {dagbag.py:588} INFO - Filling up the DagBag from /home/airflow/.local/lib/python3.12/site-packages/airflow/example_dags/example_xcomargs.py
[2024-09-27T20:26:07.251+0000] {processor.py:925} INFO - DAG(s) 'example_xcom_args', 'example_xcom_args_with_operators' retrieved from /home/airflow/.local/lib/python3.12/site-packages/airflow/example_dags/example_xcomargs.py
[2024-09-27T20:26:07.269+0000] {logging_mixin.py:190} INFO - [2024-09-27T20:26:07.269+0000] {dag.py:3239} INFO - Sync 2 DAGs
[2024-09-27T20:26:07.281+0000] {logging_mixin.py:190} INFO - [2024-09-27T20:26:07.281+0000] {dag.py:4180} INFO - Setting next_dagrun for example_xcom_args to None, run_after=None
[2024-09-27T20:26:07.284+0000] {logging_mixin.py:190} INFO - [2024-09-27T20:26:07.284+0000] {dag.py:4180} INFO - Setting next_dagrun for example_xcom_args_with_operators to None, run_after=None
[2024-09-27T20:26:07.297+0000] {processor.py:208} INFO - Processing /home/airflow/.local/lib/python3.12/site-packages/airflow/example_dags/example_xcomargs.py took 0.061 seconds
[2024-09-27T20:26:37.707+0000] {processor.py:186} INFO - Started process (PID=650) to work on /home/airflow/.local/lib/python3.12/site-packages/airflow/example_dags/example_xcomargs.py
[2024-09-27T20:26:37.711+0000] {processor.py:914} INFO - Processing file /home/airflow/.local/lib/python3.12/site-packages/airflow/example_dags/example_xcomargs.py for tasks to queue
[2024-09-27T20:26:37.720+0000] {logging_mixin.py:190} INFO - [2024-09-27T20:26:37.719+0000] {dagbag.py:588} INFO - Filling up the DagBag from /home/airflow/.local/lib/python3.12/site-packages/airflow/example_dags/example_xcomargs.py
[2024-09-27T20:26:37.736+0000] {processor.py:925} INFO - DAG(s) 'example_xcom_args_with_operators', 'example_xcom_args' retrieved from /home/airflow/.local/lib/python3.12/site-packages/airflow/example_dags/example_xcomargs.py
[2024-09-27T20:26:37.765+0000] {logging_mixin.py:190} INFO - [2024-09-27T20:26:37.764+0000] {dag.py:3239} INFO - Sync 2 DAGs
[2024-09-27T20:26:37.781+0000] {logging_mixin.py:190} INFO - [2024-09-27T20:26:37.781+0000] {dag.py:4180} INFO - Setting next_dagrun for example_xcom_args to None, run_after=None
[2024-09-27T20:26:37.786+0000] {logging_mixin.py:190} INFO - [2024-09-27T20:26:37.786+0000] {dag.py:4180} INFO - Setting next_dagrun for example_xcom_args_with_operators to None, run_after=None
[2024-09-27T20:26:37.804+0000] {processor.py:208} INFO - Processing /home/airflow/.local/lib/python3.12/site-packages/airflow/example_dags/example_xcomargs.py took 0.110 seconds
[2024-09-27T20:27:08.373+0000] {processor.py:186} INFO - Started process (PID=713) to work on /home/airflow/.local/lib/python3.12/site-packages/airflow/example_dags/example_xcomargs.py
[2024-09-27T20:27:08.374+0000] {processor.py:914} INFO - Processing file /home/airflow/.local/lib/python3.12/site-packages/airflow/example_dags/example_xcomargs.py for tasks to queue
[2024-09-27T20:27:08.376+0000] {logging_mixin.py:190} INFO - [2024-09-27T20:27:08.376+0000] {dagbag.py:588} INFO - Filling up the DagBag from /home/airflow/.local/lib/python3.12/site-packages/airflow/example_dags/example_xcomargs.py
[2024-09-27T20:27:08.385+0000] {processor.py:925} INFO - DAG(s) 'example_xcom_args', 'example_xcom_args_with_operators' retrieved from /home/airflow/.local/lib/python3.12/site-packages/airflow/example_dags/example_xcomargs.py
[2024-09-27T20:27:08.403+0000] {logging_mixin.py:190} INFO - [2024-09-27T20:27:08.403+0000] {dag.py:3239} INFO - Sync 2 DAGs
[2024-09-27T20:27:08.415+0000] {logging_mixin.py:190} INFO - [2024-09-27T20:27:08.415+0000] {dag.py:4180} INFO - Setting next_dagrun for example_xcom_args to None, run_after=None
[2024-09-27T20:27:08.418+0000] {logging_mixin.py:190} INFO - [2024-09-27T20:27:08.418+0000] {dag.py:4180} INFO - Setting next_dagrun for example_xcom_args_with_operators to None, run_after=None
[2024-09-27T20:27:08.429+0000] {processor.py:208} INFO - Processing /home/airflow/.local/lib/python3.12/site-packages/airflow/example_dags/example_xcomargs.py took 0.060 seconds
[2024-09-27T20:27:40.866+0000] {processor.py:186} INFO - Started process (PID=776) to work on /home/airflow/.local/lib/python3.12/site-packages/airflow/example_dags/example_xcomargs.py
[2024-09-27T20:27:40.868+0000] {processor.py:914} INFO - Processing file /home/airflow/.local/lib/python3.12/site-packages/airflow/example_dags/example_xcomargs.py for tasks to queue
[2024-09-27T20:27:40.873+0000] {logging_mixin.py:190} INFO - [2024-09-27T20:27:40.872+0000] {dagbag.py:588} INFO - Filling up the DagBag from /home/airflow/.local/lib/python3.12/site-packages/airflow/example_dags/example_xcomargs.py
[2024-09-27T20:27:40.890+0000] {processor.py:925} INFO - DAG(s) 'example_xcom_args', 'example_xcom_args_with_operators' retrieved from /home/airflow/.local/lib/python3.12/site-packages/airflow/example_dags/example_xcomargs.py
[2024-09-27T20:27:40.935+0000] {logging_mixin.py:190} INFO - [2024-09-27T20:27:40.934+0000] {dag.py:3239} INFO - Sync 2 DAGs
[2024-09-27T20:27:40.959+0000] {logging_mixin.py:190} INFO - [2024-09-27T20:27:40.959+0000] {dag.py:4180} INFO - Setting next_dagrun for example_xcom_args to None, run_after=None
[2024-09-27T20:27:40.965+0000] {logging_mixin.py:190} INFO - [2024-09-27T20:27:40.964+0000] {dag.py:4180} INFO - Setting next_dagrun for example_xcom_args_with_operators to None, run_after=None
[2024-09-27T20:27:40.997+0000] {processor.py:208} INFO - Processing /home/airflow/.local/lib/python3.12/site-packages/airflow/example_dags/example_xcomargs.py took 0.140 seconds
[2024-09-27T20:28:11.146+0000] {processor.py:186} INFO - Started process (PID=839) to work on /home/airflow/.local/lib/python3.12/site-packages/airflow/example_dags/example_xcomargs.py
[2024-09-27T20:28:11.147+0000] {processor.py:914} INFO - Processing file /home/airflow/.local/lib/python3.12/site-packages/airflow/example_dags/example_xcomargs.py for tasks to queue
[2024-09-27T20:28:11.149+0000] {logging_mixin.py:190} INFO - [2024-09-27T20:28:11.149+0000] {dagbag.py:588} INFO - Filling up the DagBag from /home/airflow/.local/lib/python3.12/site-packages/airflow/example_dags/example_xcomargs.py
[2024-09-27T20:28:11.156+0000] {processor.py:925} INFO - DAG(s) 'example_xcom_args', 'example_xcom_args_with_operators' retrieved from /home/airflow/.local/lib/python3.12/site-packages/airflow/example_dags/example_xcomargs.py
[2024-09-27T20:28:11.175+0000] {logging_mixin.py:190} INFO - [2024-09-27T20:28:11.175+0000] {dag.py:3239} INFO - Sync 2 DAGs
[2024-09-27T20:28:11.188+0000] {logging_mixin.py:190} INFO - [2024-09-27T20:28:11.187+0000] {dag.py:4180} INFO - Setting next_dagrun for example_xcom_args to None, run_after=None
[2024-09-27T20:28:11.191+0000] {logging_mixin.py:190} INFO - [2024-09-27T20:28:11.191+0000] {dag.py:4180} INFO - Setting next_dagrun for example_xcom_args_with_operators to None, run_after=None
[2024-09-27T20:28:11.203+0000] {processor.py:208} INFO - Processing /home/airflow/.local/lib/python3.12/site-packages/airflow/example_dags/example_xcomargs.py took 0.062 seconds
[2024-09-27T20:28:41.403+0000] {processor.py:186} INFO - Started process (PID=902) to work on /home/airflow/.local/lib/python3.12/site-packages/airflow/example_dags/example_xcomargs.py
[2024-09-27T20:28:41.404+0000] {processor.py:914} INFO - Processing file /home/airflow/.local/lib/python3.12/site-packages/airflow/example_dags/example_xcomargs.py for tasks to queue
[2024-09-27T20:28:41.406+0000] {logging_mixin.py:190} INFO - [2024-09-27T20:28:41.406+0000] {dagbag.py:588} INFO - Filling up the DagBag from /home/airflow/.local/lib/python3.12/site-packages/airflow/example_dags/example_xcomargs.py
[2024-09-27T20:28:41.415+0000] {processor.py:925} INFO - DAG(s) 'example_xcom_args', 'example_xcom_args_with_operators' retrieved from /home/airflow/.local/lib/python3.12/site-packages/airflow/example_dags/example_xcomargs.py
[2024-09-27T20:28:41.435+0000] {logging_mixin.py:190} INFO - [2024-09-27T20:28:41.435+0000] {dag.py:3239} INFO - Sync 2 DAGs
[2024-09-27T20:28:41.448+0000] {logging_mixin.py:190} INFO - [2024-09-27T20:28:41.448+0000] {dag.py:4180} INFO - Setting next_dagrun for example_xcom_args to None, run_after=None
[2024-09-27T20:28:41.453+0000] {logging_mixin.py:190} INFO - [2024-09-27T20:28:41.453+0000] {dag.py:4180} INFO - Setting next_dagrun for example_xcom_args_with_operators to None, run_after=None
[2024-09-27T20:28:41.467+0000] {processor.py:208} INFO - Processing /home/airflow/.local/lib/python3.12/site-packages/airflow/example_dags/example_xcomargs.py took 0.068 seconds
[2024-09-27T20:29:11.638+0000] {processor.py:186} INFO - Started process (PID=965) to work on /home/airflow/.local/lib/python3.12/site-packages/airflow/example_dags/example_xcomargs.py
[2024-09-27T20:29:11.639+0000] {processor.py:914} INFO - Processing file /home/airflow/.local/lib/python3.12/site-packages/airflow/example_dags/example_xcomargs.py for tasks to queue
[2024-09-27T20:29:11.641+0000] {logging_mixin.py:190} INFO - [2024-09-27T20:29:11.641+0000] {dagbag.py:588} INFO - Filling up the DagBag from /home/airflow/.local/lib/python3.12/site-packages/airflow/example_dags/example_xcomargs.py
[2024-09-27T20:29:11.649+0000] {processor.py:925} INFO - DAG(s) 'example_xcom_args', 'example_xcom_args_with_operators' retrieved from /home/airflow/.local/lib/python3.12/site-packages/airflow/example_dags/example_xcomargs.py
[2024-09-27T20:29:11.671+0000] {logging_mixin.py:190} INFO - [2024-09-27T20:29:11.671+0000] {dag.py:3239} INFO - Sync 2 DAGs
[2024-09-27T20:29:11.685+0000] {logging_mixin.py:190} INFO - [2024-09-27T20:29:11.685+0000] {dag.py:4180} INFO - Setting next_dagrun for example_xcom_args to None, run_after=None
[2024-09-27T20:29:11.689+0000] {logging_mixin.py:190} INFO - [2024-09-27T20:29:11.689+0000] {dag.py:4180} INFO - Setting next_dagrun for example_xcom_args_with_operators to None, run_after=None
[2024-09-27T20:29:11.703+0000] {processor.py:208} INFO - Processing /home/airflow/.local/lib/python3.12/site-packages/airflow/example_dags/example_xcomargs.py took 0.069 seconds
[2024-09-27T20:29:41.941+0000] {processor.py:186} INFO - Started process (PID=1028) to work on /home/airflow/.local/lib/python3.12/site-packages/airflow/example_dags/example_xcomargs.py
[2024-09-27T20:29:41.942+0000] {processor.py:914} INFO - Processing file /home/airflow/.local/lib/python3.12/site-packages/airflow/example_dags/example_xcomargs.py for tasks to queue
[2024-09-27T20:29:41.944+0000] {logging_mixin.py:190} INFO - [2024-09-27T20:29:41.944+0000] {dagbag.py:588} INFO - Filling up the DagBag from /home/airflow/.local/lib/python3.12/site-packages/airflow/example_dags/example_xcomargs.py
[2024-09-27T20:29:41.952+0000] {processor.py:925} INFO - DAG(s) 'example_xcom_args', 'example_xcom_args_with_operators' retrieved from /home/airflow/.local/lib/python3.12/site-packages/airflow/example_dags/example_xcomargs.py
[2024-09-27T20:29:41.972+0000] {logging_mixin.py:190} INFO - [2024-09-27T20:29:41.971+0000] {dag.py:3239} INFO - Sync 2 DAGs
[2024-09-27T20:29:41.985+0000] {logging_mixin.py:190} INFO - [2024-09-27T20:29:41.985+0000] {dag.py:4180} INFO - Setting next_dagrun for example_xcom_args to None, run_after=None
[2024-09-27T20:29:41.989+0000] {logging_mixin.py:190} INFO - [2024-09-27T20:29:41.989+0000] {dag.py:4180} INFO - Setting next_dagrun for example_xcom_args_with_operators to None, run_after=None
[2024-09-27T20:29:42.004+0000] {processor.py:208} INFO - Processing /home/airflow/.local/lib/python3.12/site-packages/airflow/example_dags/example_xcomargs.py took 0.067 seconds
[2024-09-27T20:30:12.285+0000] {processor.py:186} INFO - Started process (PID=1091) to work on /home/airflow/.local/lib/python3.12/site-packages/airflow/example_dags/example_xcomargs.py
[2024-09-27T20:30:12.286+0000] {processor.py:914} INFO - Processing file /home/airflow/.local/lib/python3.12/site-packages/airflow/example_dags/example_xcomargs.py for tasks to queue
[2024-09-27T20:30:12.288+0000] {logging_mixin.py:190} INFO - [2024-09-27T20:30:12.288+0000] {dagbag.py:588} INFO - Filling up the DagBag from /home/airflow/.local/lib/python3.12/site-packages/airflow/example_dags/example_xcomargs.py
[2024-09-27T20:30:12.295+0000] {processor.py:925} INFO - DAG(s) 'example_xcom_args', 'example_xcom_args_with_operators' retrieved from /home/airflow/.local/lib/python3.12/site-packages/airflow/example_dags/example_xcomargs.py
[2024-09-27T20:30:12.313+0000] {logging_mixin.py:190} INFO - [2024-09-27T20:30:12.313+0000] {dag.py:3239} INFO - Sync 2 DAGs
[2024-09-27T20:30:12.325+0000] {logging_mixin.py:190} INFO - [2024-09-27T20:30:12.325+0000] {dag.py:4180} INFO - Setting next_dagrun for example_xcom_args to None, run_after=None
[2024-09-27T20:30:12.328+0000] {logging_mixin.py:190} INFO - [2024-09-27T20:30:12.328+0000] {dag.py:4180} INFO - Setting next_dagrun for example_xcom_args_with_operators to None, run_after=None
[2024-09-27T20:30:12.339+0000] {processor.py:208} INFO - Processing /home/airflow/.local/lib/python3.12/site-packages/airflow/example_dags/example_xcomargs.py took 0.059 seconds
[2024-09-27T20:30:42.610+0000] {processor.py:186} INFO - Started process (PID=1154) to work on /home/airflow/.local/lib/python3.12/site-packages/airflow/example_dags/example_xcomargs.py
[2024-09-27T20:30:42.611+0000] {processor.py:914} INFO - Processing file /home/airflow/.local/lib/python3.12/site-packages/airflow/example_dags/example_xcomargs.py for tasks to queue
[2024-09-27T20:30:42.613+0000] {logging_mixin.py:190} INFO - [2024-09-27T20:30:42.613+0000] {dagbag.py:588} INFO - Filling up the DagBag from /home/airflow/.local/lib/python3.12/site-packages/airflow/example_dags/example_xcomargs.py
[2024-09-27T20:30:42.621+0000] {processor.py:925} INFO - DAG(s) 'example_xcom_args', 'example_xcom_args_with_operators' retrieved from /home/airflow/.local/lib/python3.12/site-packages/airflow/example_dags/example_xcomargs.py
[2024-09-27T20:30:42.639+0000] {logging_mixin.py:190} INFO - [2024-09-27T20:30:42.639+0000] {dag.py:3239} INFO - Sync 2 DAGs
[2024-09-27T20:30:42.651+0000] {logging_mixin.py:190} INFO - [2024-09-27T20:30:42.651+0000] {dag.py:4180} INFO - Setting next_dagrun for example_xcom_args to None, run_after=None
[2024-09-27T20:30:42.655+0000] {logging_mixin.py:190} INFO - [2024-09-27T20:30:42.655+0000] {dag.py:4180} INFO - Setting next_dagrun for example_xcom_args_with_operators to None, run_after=None
[2024-09-27T20:30:42.667+0000] {processor.py:208} INFO - Processing /home/airflow/.local/lib/python3.12/site-packages/airflow/example_dags/example_xcomargs.py took 0.061 seconds
[2024-09-27T20:31:13.072+0000] {processor.py:186} INFO - Started process (PID=1218) to work on /home/airflow/.local/lib/python3.12/site-packages/airflow/example_dags/example_xcomargs.py
[2024-09-27T20:31:13.073+0000] {processor.py:914} INFO - Processing file /home/airflow/.local/lib/python3.12/site-packages/airflow/example_dags/example_xcomargs.py for tasks to queue
[2024-09-27T20:31:13.075+0000] {logging_mixin.py:190} INFO - [2024-09-27T20:31:13.075+0000] {dagbag.py:588} INFO - Filling up the DagBag from /home/airflow/.local/lib/python3.12/site-packages/airflow/example_dags/example_xcomargs.py
[2024-09-27T20:31:13.083+0000] {processor.py:925} INFO - DAG(s) 'example_xcom_args_with_operators', 'example_xcom_args' retrieved from /home/airflow/.local/lib/python3.12/site-packages/airflow/example_dags/example_xcomargs.py
[2024-09-27T20:31:13.103+0000] {logging_mixin.py:190} INFO - [2024-09-27T20:31:13.102+0000] {dag.py:3239} INFO - Sync 2 DAGs
[2024-09-27T20:31:13.116+0000] {logging_mixin.py:190} INFO - [2024-09-27T20:31:13.116+0000] {dag.py:4180} INFO - Setting next_dagrun for example_xcom_args to None, run_after=None
[2024-09-27T20:31:13.119+0000] {logging_mixin.py:190} INFO - [2024-09-27T20:31:13.119+0000] {dag.py:4180} INFO - Setting next_dagrun for example_xcom_args_with_operators to None, run_after=None
[2024-09-27T20:31:13.131+0000] {processor.py:208} INFO - Processing /home/airflow/.local/lib/python3.12/site-packages/airflow/example_dags/example_xcomargs.py took 0.064 seconds
[2024-09-27T20:31:43.594+0000] {processor.py:186} INFO - Started process (PID=1281) to work on /home/airflow/.local/lib/python3.12/site-packages/airflow/example_dags/example_xcomargs.py
[2024-09-27T20:31:43.595+0000] {processor.py:914} INFO - Processing file /home/airflow/.local/lib/python3.12/site-packages/airflow/example_dags/example_xcomargs.py for tasks to queue
[2024-09-27T20:31:43.597+0000] {logging_mixin.py:190} INFO - [2024-09-27T20:31:43.597+0000] {dagbag.py:588} INFO - Filling up the DagBag from /home/airflow/.local/lib/python3.12/site-packages/airflow/example_dags/example_xcomargs.py
[2024-09-27T20:31:43.606+0000] {processor.py:925} INFO - DAG(s) 'example_xcom_args_with_operators', 'example_xcom_args' retrieved from /home/airflow/.local/lib/python3.12/site-packages/airflow/example_dags/example_xcomargs.py
[2024-09-27T20:31:43.626+0000] {logging_mixin.py:190} INFO - [2024-09-27T20:31:43.626+0000] {dag.py:3239} INFO - Sync 2 DAGs
[2024-09-27T20:31:43.638+0000] {logging_mixin.py:190} INFO - [2024-09-27T20:31:43.638+0000] {dag.py:4180} INFO - Setting next_dagrun for example_xcom_args to None, run_after=None
[2024-09-27T20:31:43.642+0000] {logging_mixin.py:190} INFO - [2024-09-27T20:31:43.642+0000] {dag.py:4180} INFO - Setting next_dagrun for example_xcom_args_with_operators to None, run_after=None
[2024-09-27T20:31:43.656+0000] {processor.py:208} INFO - Processing /home/airflow/.local/lib/python3.12/site-packages/airflow/example_dags/example_xcomargs.py took 0.066 seconds
[2024-09-27T20:32:14.442+0000] {processor.py:186} INFO - Started process (PID=1344) to work on /home/airflow/.local/lib/python3.12/site-packages/airflow/example_dags/example_xcomargs.py
[2024-09-27T20:32:14.443+0000] {processor.py:914} INFO - Processing file /home/airflow/.local/lib/python3.12/site-packages/airflow/example_dags/example_xcomargs.py for tasks to queue
[2024-09-27T20:32:14.445+0000] {logging_mixin.py:190} INFO - [2024-09-27T20:32:14.445+0000] {dagbag.py:588} INFO - Filling up the DagBag from /home/airflow/.local/lib/python3.12/site-packages/airflow/example_dags/example_xcomargs.py
[2024-09-27T20:32:14.456+0000] {processor.py:925} INFO - DAG(s) 'example_xcom_args', 'example_xcom_args_with_operators' retrieved from /home/airflow/.local/lib/python3.12/site-packages/airflow/example_dags/example_xcomargs.py
[2024-09-27T20:32:14.488+0000] {logging_mixin.py:190} INFO - [2024-09-27T20:32:14.488+0000] {dag.py:3239} INFO - Sync 2 DAGs
[2024-09-27T20:32:14.509+0000] {logging_mixin.py:190} INFO - [2024-09-27T20:32:14.509+0000] {dag.py:4180} INFO - Setting next_dagrun for example_xcom_args to None, run_after=None
[2024-09-27T20:32:14.514+0000] {logging_mixin.py:190} INFO - [2024-09-27T20:32:14.514+0000] {dag.py:4180} INFO - Setting next_dagrun for example_xcom_args_with_operators to None, run_after=None
[2024-09-27T20:32:14.535+0000] {processor.py:208} INFO - Processing /home/airflow/.local/lib/python3.12/site-packages/airflow/example_dags/example_xcomargs.py took 0.099 seconds
[2024-09-27T20:32:45.284+0000] {processor.py:186} INFO - Started process (PID=1407) to work on /home/airflow/.local/lib/python3.12/site-packages/airflow/example_dags/example_xcomargs.py
[2024-09-27T20:32:45.284+0000] {processor.py:914} INFO - Processing file /home/airflow/.local/lib/python3.12/site-packages/airflow/example_dags/example_xcomargs.py for tasks to queue
[2024-09-27T20:32:45.286+0000] {logging_mixin.py:190} INFO - [2024-09-27T20:32:45.286+0000] {dagbag.py:588} INFO - Filling up the DagBag from /home/airflow/.local/lib/python3.12/site-packages/airflow/example_dags/example_xcomargs.py
[2024-09-27T20:32:45.294+0000] {processor.py:925} INFO - DAG(s) 'example_xcom_args_with_operators', 'example_xcom_args' retrieved from /home/airflow/.local/lib/python3.12/site-packages/airflow/example_dags/example_xcomargs.py
[2024-09-27T20:32:45.311+0000] {logging_mixin.py:190} INFO - [2024-09-27T20:32:45.311+0000] {dag.py:3239} INFO - Sync 2 DAGs
[2024-09-27T20:32:45.324+0000] {logging_mixin.py:190} INFO - [2024-09-27T20:32:45.324+0000] {dag.py:4180} INFO - Setting next_dagrun for example_xcom_args to None, run_after=None
[2024-09-27T20:32:45.327+0000] {logging_mixin.py:190} INFO - [2024-09-27T20:32:45.327+0000] {dag.py:4180} INFO - Setting next_dagrun for example_xcom_args_with_operators to None, run_after=None
[2024-09-27T20:32:45.339+0000] {processor.py:208} INFO - Processing /home/airflow/.local/lib/python3.12/site-packages/airflow/example_dags/example_xcomargs.py took 0.059 seconds
[2024-09-27T20:33:15.571+0000] {processor.py:186} INFO - Started process (PID=1470) to work on /home/airflow/.local/lib/python3.12/site-packages/airflow/example_dags/example_xcomargs.py
[2024-09-27T20:33:15.572+0000] {processor.py:914} INFO - Processing file /home/airflow/.local/lib/python3.12/site-packages/airflow/example_dags/example_xcomargs.py for tasks to queue
[2024-09-27T20:33:15.574+0000] {logging_mixin.py:190} INFO - [2024-09-27T20:33:15.574+0000] {dagbag.py:588} INFO - Filling up the DagBag from /home/airflow/.local/lib/python3.12/site-packages/airflow/example_dags/example_xcomargs.py
[2024-09-27T20:33:15.585+0000] {processor.py:925} INFO - DAG(s) 'example_xcom_args_with_operators', 'example_xcom_args' retrieved from /home/airflow/.local/lib/python3.12/site-packages/airflow/example_dags/example_xcomargs.py
[2024-09-27T20:33:15.608+0000] {logging_mixin.py:190} INFO - [2024-09-27T20:33:15.608+0000] {dag.py:3239} INFO - Sync 2 DAGs
[2024-09-27T20:33:15.623+0000] {logging_mixin.py:190} INFO - [2024-09-27T20:33:15.623+0000] {dag.py:4180} INFO - Setting next_dagrun for example_xcom_args to None, run_after=None
[2024-09-27T20:33:15.628+0000] {logging_mixin.py:190} INFO - [2024-09-27T20:33:15.628+0000] {dag.py:4180} INFO - Setting next_dagrun for example_xcom_args_with_operators to None, run_after=None
[2024-09-27T20:33:15.643+0000] {processor.py:208} INFO - Processing /home/airflow/.local/lib/python3.12/site-packages/airflow/example_dags/example_xcomargs.py took 0.078 seconds
[2024-09-27T20:33:46.415+0000] {processor.py:186} INFO - Started process (PID=1533) to work on /home/airflow/.local/lib/python3.12/site-packages/airflow/example_dags/example_xcomargs.py
[2024-09-27T20:33:46.416+0000] {processor.py:914} INFO - Processing file /home/airflow/.local/lib/python3.12/site-packages/airflow/example_dags/example_xcomargs.py for tasks to queue
[2024-09-27T20:33:46.418+0000] {logging_mixin.py:190} INFO - [2024-09-27T20:33:46.418+0000] {dagbag.py:588} INFO - Filling up the DagBag from /home/airflow/.local/lib/python3.12/site-packages/airflow/example_dags/example_xcomargs.py
[2024-09-27T20:33:46.426+0000] {processor.py:925} INFO - DAG(s) 'example_xcom_args', 'example_xcom_args_with_operators' retrieved from /home/airflow/.local/lib/python3.12/site-packages/airflow/example_dags/example_xcomargs.py
[2024-09-27T20:33:46.449+0000] {logging_mixin.py:190} INFO - [2024-09-27T20:33:46.449+0000] {dag.py:3239} INFO - Sync 2 DAGs
[2024-09-27T20:33:46.464+0000] {logging_mixin.py:190} INFO - [2024-09-27T20:33:46.464+0000] {dag.py:4180} INFO - Setting next_dagrun for example_xcom_args to None, run_after=None
[2024-09-27T20:33:46.468+0000] {logging_mixin.py:190} INFO - [2024-09-27T20:33:46.468+0000] {dag.py:4180} INFO - Setting next_dagrun for example_xcom_args_with_operators to None, run_after=None
[2024-09-27T20:33:46.486+0000] {processor.py:208} INFO - Processing /home/airflow/.local/lib/python3.12/site-packages/airflow/example_dags/example_xcomargs.py took 0.076 seconds
[2024-09-27T20:34:16.822+0000] {processor.py:186} INFO - Started process (PID=1596) to work on /home/airflow/.local/lib/python3.12/site-packages/airflow/example_dags/example_xcomargs.py
[2024-09-27T20:34:16.823+0000] {processor.py:914} INFO - Processing file /home/airflow/.local/lib/python3.12/site-packages/airflow/example_dags/example_xcomargs.py for tasks to queue
[2024-09-27T20:34:16.825+0000] {logging_mixin.py:190} INFO - [2024-09-27T20:34:16.825+0000] {dagbag.py:588} INFO - Filling up the DagBag from /home/airflow/.local/lib/python3.12/site-packages/airflow/example_dags/example_xcomargs.py
[2024-09-27T20:34:16.833+0000] {processor.py:925} INFO - DAG(s) 'example_xcom_args', 'example_xcom_args_with_operators' retrieved from /home/airflow/.local/lib/python3.12/site-packages/airflow/example_dags/example_xcomargs.py
[2024-09-27T20:34:16.853+0000] {logging_mixin.py:190} INFO - [2024-09-27T20:34:16.853+0000] {dag.py:3239} INFO - Sync 2 DAGs
[2024-09-27T20:34:16.867+0000] {logging_mixin.py:190} INFO - [2024-09-27T20:34:16.867+0000] {dag.py:4180} INFO - Setting next_dagrun for example_xcom_args to None, run_after=None
[2024-09-27T20:34:16.872+0000] {logging_mixin.py:190} INFO - [2024-09-27T20:34:16.872+0000] {dag.py:4180} INFO - Setting next_dagrun for example_xcom_args_with_operators to None, run_after=None
[2024-09-27T20:34:16.885+0000] {processor.py:208} INFO - Processing /home/airflow/.local/lib/python3.12/site-packages/airflow/example_dags/example_xcomargs.py took 0.068 seconds
[2024-09-27T20:34:47.778+0000] {processor.py:186} INFO - Started process (PID=1659) to work on /home/airflow/.local/lib/python3.12/site-packages/airflow/example_dags/example_xcomargs.py
[2024-09-27T20:34:47.779+0000] {processor.py:914} INFO - Processing file /home/airflow/.local/lib/python3.12/site-packages/airflow/example_dags/example_xcomargs.py for tasks to queue
[2024-09-27T20:34:47.780+0000] {logging_mixin.py:190} INFO - [2024-09-27T20:34:47.780+0000] {dagbag.py:588} INFO - Filling up the DagBag from /home/airflow/.local/lib/python3.12/site-packages/airflow/example_dags/example_xcomargs.py
[2024-09-27T20:34:47.788+0000] {processor.py:925} INFO - DAG(s) 'example_xcom_args_with_operators', 'example_xcom_args' retrieved from /home/airflow/.local/lib/python3.12/site-packages/airflow/example_dags/example_xcomargs.py
[2024-09-27T20:34:47.805+0000] {logging_mixin.py:190} INFO - [2024-09-27T20:34:47.805+0000] {dag.py:3239} INFO - Sync 2 DAGs
[2024-09-27T20:34:47.816+0000] {logging_mixin.py:190} INFO - [2024-09-27T20:34:47.816+0000] {dag.py:4180} INFO - Setting next_dagrun for example_xcom_args to None, run_after=None
[2024-09-27T20:34:47.819+0000] {logging_mixin.py:190} INFO - [2024-09-27T20:34:47.819+0000] {dag.py:4180} INFO - Setting next_dagrun for example_xcom_args_with_operators to None, run_after=None
[2024-09-27T20:34:47.831+0000] {processor.py:208} INFO - Processing /home/airflow/.local/lib/python3.12/site-packages/airflow/example_dags/example_xcomargs.py took 0.057 seconds
