[2024-09-27T19:46:00.530+0000] {processor.py:186} INFO - Started process (PID=99) to work on /home/airflow/.local/lib/python3.12/site-packages/airflow/example_dags/example_subdag_operator.py
[2024-09-27T19:46:00.531+0000] {processor.py:914} INFO - Processing file /home/airflow/.local/lib/python3.12/site-packages/airflow/example_dags/example_subdag_operator.py for tasks to queue
[2024-09-27T19:46:00.533+0000] {logging_mixin.py:190} INFO - [2024-09-27T19:46:00.532+0000] {dagbag.py:588} INFO - Filling up the DagBag from /home/airflow/.local/lib/python3.12/site-packages/airflow/example_dags/example_subdag_operator.py
[2024-09-27T19:46:00.555+0000] {processor.py:925} INFO - DAG(s) 'example_subdag_operator.section-1', 'example_subdag_operator.section-2', 'example_subdag_operator' retrieved from /home/airflow/.local/lib/python3.12/site-packages/airflow/example_dags/example_subdag_operator.py
[2024-09-27T19:46:00.570+0000] {logging_mixin.py:190} INFO - [2024-09-27T19:46:00.569+0000] {dag.py:3239} INFO - Sync 3 DAGs
[2024-09-27T19:46:00.591+0000] {logging_mixin.py:190} INFO - [2024-09-27T19:46:00.591+0000] {dag.py:4180} INFO - Setting next_dagrun for example_subdag_operator to 2022-01-01 05:00:00+00:00, run_after=2022-01-01 05:00:00+00:00
[2024-09-27T19:46:00.594+0000] {logging_mixin.py:190} INFO - [2024-09-27T19:46:00.594+0000] {dag.py:4180} INFO - Setting next_dagrun for example_subdag_operator.section-1 to None, run_after=None
[2024-09-27T19:46:00.595+0000] {logging_mixin.py:190} INFO - [2024-09-27T19:46:00.595+0000] {dag.py:4180} INFO - Setting next_dagrun for example_subdag_operator.section-2 to None, run_after=None
[2024-09-27T19:46:00.600+0000] {logging_mixin.py:190} INFO - [2024-09-27T19:46:00.600+0000] {dag.py:3239} INFO - Sync 2 DAGs
[2024-09-27T19:46:00.605+0000] {logging_mixin.py:190} INFO - [2024-09-27T19:46:00.605+0000] {dag.py:4180} INFO - Setting next_dagrun for example_subdag_operator.section-1 to None, run_after=None
[2024-09-27T19:46:00.606+0000] {logging_mixin.py:190} INFO - [2024-09-27T19:46:00.606+0000] {dag.py:4180} INFO - Setting next_dagrun for example_subdag_operator.section-2 to None, run_after=None
[2024-09-27T19:46:00.615+0000] {processor.py:208} INFO - Processing /home/airflow/.local/lib/python3.12/site-packages/airflow/example_dags/example_subdag_operator.py took 0.089 seconds
[2024-09-27T19:46:32.041+0000] {processor.py:186} INFO - Started process (PID=168) to work on /home/airflow/.local/lib/python3.12/site-packages/airflow/example_dags/example_subdag_operator.py
[2024-09-27T19:46:32.042+0000] {processor.py:914} INFO - Processing file /home/airflow/.local/lib/python3.12/site-packages/airflow/example_dags/example_subdag_operator.py for tasks to queue
[2024-09-27T19:46:32.044+0000] {logging_mixin.py:190} INFO - [2024-09-27T19:46:32.044+0000] {dagbag.py:588} INFO - Filling up the DagBag from /home/airflow/.local/lib/python3.12/site-packages/airflow/example_dags/example_subdag_operator.py
[2024-09-27T19:46:32.064+0000] {processor.py:925} INFO - DAG(s) 'example_subdag_operator.section-1', 'example_subdag_operator.section-2', 'example_subdag_operator' retrieved from /home/airflow/.local/lib/python3.12/site-packages/airflow/example_dags/example_subdag_operator.py
[2024-09-27T19:46:32.078+0000] {logging_mixin.py:190} INFO - [2024-09-27T19:46:32.078+0000] {dag.py:3239} INFO - Sync 3 DAGs
[2024-09-27T19:46:32.098+0000] {logging_mixin.py:190} INFO - [2024-09-27T19:46:32.098+0000] {dag.py:4180} INFO - Setting next_dagrun for example_subdag_operator to 2022-01-01 05:00:00+00:00, run_after=2022-01-01 05:00:00+00:00
[2024-09-27T19:46:32.101+0000] {logging_mixin.py:190} INFO - [2024-09-27T19:46:32.101+0000] {dag.py:4180} INFO - Setting next_dagrun for example_subdag_operator.section-1 to None, run_after=None
[2024-09-27T19:46:32.102+0000] {logging_mixin.py:190} INFO - [2024-09-27T19:46:32.102+0000] {dag.py:4180} INFO - Setting next_dagrun for example_subdag_operator.section-2 to None, run_after=None
[2024-09-27T19:46:32.107+0000] {logging_mixin.py:190} INFO - [2024-09-27T19:46:32.107+0000] {dag.py:3239} INFO - Sync 2 DAGs
[2024-09-27T19:46:32.112+0000] {logging_mixin.py:190} INFO - [2024-09-27T19:46:32.111+0000] {dag.py:4180} INFO - Setting next_dagrun for example_subdag_operator.section-1 to None, run_after=None
[2024-09-27T19:46:32.112+0000] {logging_mixin.py:190} INFO - [2024-09-27T19:46:32.112+0000] {dag.py:4180} INFO - Setting next_dagrun for example_subdag_operator.section-2 to None, run_after=None
[2024-09-27T19:46:32.129+0000] {processor.py:208} INFO - Processing /home/airflow/.local/lib/python3.12/site-packages/airflow/example_dags/example_subdag_operator.py took 0.092 seconds
[2024-09-27T19:47:02.281+0000] {processor.py:186} INFO - Started process (PID=236) to work on /home/airflow/.local/lib/python3.12/site-packages/airflow/example_dags/example_subdag_operator.py
[2024-09-27T19:47:02.282+0000] {processor.py:914} INFO - Processing file /home/airflow/.local/lib/python3.12/site-packages/airflow/example_dags/example_subdag_operator.py for tasks to queue
[2024-09-27T19:47:02.284+0000] {logging_mixin.py:190} INFO - [2024-09-27T19:47:02.284+0000] {dagbag.py:588} INFO - Filling up the DagBag from /home/airflow/.local/lib/python3.12/site-packages/airflow/example_dags/example_subdag_operator.py
[2024-09-27T19:47:02.307+0000] {processor.py:925} INFO - DAG(s) 'example_subdag_operator.section-1', 'example_subdag_operator.section-2', 'example_subdag_operator' retrieved from /home/airflow/.local/lib/python3.12/site-packages/airflow/example_dags/example_subdag_operator.py
[2024-09-27T19:47:02.322+0000] {logging_mixin.py:190} INFO - [2024-09-27T19:47:02.322+0000] {dag.py:3239} INFO - Sync 3 DAGs
[2024-09-27T19:47:02.343+0000] {logging_mixin.py:190} INFO - [2024-09-27T19:47:02.343+0000] {dag.py:4180} INFO - Setting next_dagrun for example_subdag_operator to 2022-01-01 05:00:00+00:00, run_after=2022-01-01 05:00:00+00:00
[2024-09-27T19:47:02.347+0000] {logging_mixin.py:190} INFO - [2024-09-27T19:47:02.347+0000] {dag.py:4180} INFO - Setting next_dagrun for example_subdag_operator.section-1 to None, run_after=None
[2024-09-27T19:47:02.349+0000] {logging_mixin.py:190} INFO - [2024-09-27T19:47:02.349+0000] {dag.py:4180} INFO - Setting next_dagrun for example_subdag_operator.section-2 to None, run_after=None
[2024-09-27T19:47:02.356+0000] {logging_mixin.py:190} INFO - [2024-09-27T19:47:02.356+0000] {dag.py:3239} INFO - Sync 2 DAGs
[2024-09-27T19:47:02.361+0000] {logging_mixin.py:190} INFO - [2024-09-27T19:47:02.361+0000] {dag.py:4180} INFO - Setting next_dagrun for example_subdag_operator.section-1 to None, run_after=None
[2024-09-27T19:47:02.361+0000] {logging_mixin.py:190} INFO - [2024-09-27T19:47:02.361+0000] {dag.py:4180} INFO - Setting next_dagrun for example_subdag_operator.section-2 to None, run_after=None
[2024-09-27T19:47:02.370+0000] {processor.py:208} INFO - Processing /home/airflow/.local/lib/python3.12/site-packages/airflow/example_dags/example_subdag_operator.py took 0.094 seconds
[2024-09-27T19:47:32.775+0000] {processor.py:186} INFO - Started process (PID=308) to work on /home/airflow/.local/lib/python3.12/site-packages/airflow/example_dags/example_subdag_operator.py
[2024-09-27T19:47:32.776+0000] {processor.py:914} INFO - Processing file /home/airflow/.local/lib/python3.12/site-packages/airflow/example_dags/example_subdag_operator.py for tasks to queue
[2024-09-27T19:47:32.779+0000] {logging_mixin.py:190} INFO - [2024-09-27T19:47:32.778+0000] {dagbag.py:588} INFO - Filling up the DagBag from /home/airflow/.local/lib/python3.12/site-packages/airflow/example_dags/example_subdag_operator.py
[2024-09-27T19:47:32.814+0000] {processor.py:925} INFO - DAG(s) 'example_subdag_operator.section-1', 'example_subdag_operator.section-2', 'example_subdag_operator' retrieved from /home/airflow/.local/lib/python3.12/site-packages/airflow/example_dags/example_subdag_operator.py
[2024-09-27T19:47:32.837+0000] {logging_mixin.py:190} INFO - [2024-09-27T19:47:32.836+0000] {dag.py:3239} INFO - Sync 3 DAGs
[2024-09-27T19:47:32.865+0000] {logging_mixin.py:190} INFO - [2024-09-27T19:47:32.865+0000] {dag.py:4180} INFO - Setting next_dagrun for example_subdag_operator to 2022-01-01 05:00:00+00:00, run_after=2022-01-01 05:00:00+00:00
[2024-09-27T19:47:32.870+0000] {logging_mixin.py:190} INFO - [2024-09-27T19:47:32.870+0000] {dag.py:4180} INFO - Setting next_dagrun for example_subdag_operator.section-1 to None, run_after=None
[2024-09-27T19:47:32.873+0000] {logging_mixin.py:190} INFO - [2024-09-27T19:47:32.873+0000] {dag.py:4180} INFO - Setting next_dagrun for example_subdag_operator.section-2 to None, run_after=None
[2024-09-27T19:47:32.885+0000] {logging_mixin.py:190} INFO - [2024-09-27T19:47:32.884+0000] {dag.py:3239} INFO - Sync 2 DAGs
[2024-09-27T19:47:32.891+0000] {logging_mixin.py:190} INFO - [2024-09-27T19:47:32.891+0000] {dag.py:4180} INFO - Setting next_dagrun for example_subdag_operator.section-1 to None, run_after=None
[2024-09-27T19:47:32.892+0000] {logging_mixin.py:190} INFO - [2024-09-27T19:47:32.892+0000] {dag.py:4180} INFO - Setting next_dagrun for example_subdag_operator.section-2 to None, run_after=None
[2024-09-27T19:47:32.908+0000] {processor.py:208} INFO - Processing /home/airflow/.local/lib/python3.12/site-packages/airflow/example_dags/example_subdag_operator.py took 0.140 seconds
[2024-09-27T19:48:03.534+0000] {processor.py:186} INFO - Started process (PID=379) to work on /home/airflow/.local/lib/python3.12/site-packages/airflow/example_dags/example_subdag_operator.py
[2024-09-27T19:48:03.535+0000] {processor.py:914} INFO - Processing file /home/airflow/.local/lib/python3.12/site-packages/airflow/example_dags/example_subdag_operator.py for tasks to queue
[2024-09-27T19:48:03.538+0000] {logging_mixin.py:190} INFO - [2024-09-27T19:48:03.538+0000] {dagbag.py:588} INFO - Filling up the DagBag from /home/airflow/.local/lib/python3.12/site-packages/airflow/example_dags/example_subdag_operator.py
[2024-09-27T19:48:03.574+0000] {processor.py:925} INFO - DAG(s) 'example_subdag_operator.section-1', 'example_subdag_operator.section-2', 'example_subdag_operator' retrieved from /home/airflow/.local/lib/python3.12/site-packages/airflow/example_dags/example_subdag_operator.py
[2024-09-27T19:48:03.597+0000] {logging_mixin.py:190} INFO - [2024-09-27T19:48:03.597+0000] {dag.py:3239} INFO - Sync 3 DAGs
[2024-09-27T19:48:03.627+0000] {logging_mixin.py:190} INFO - [2024-09-27T19:48:03.626+0000] {dag.py:4180} INFO - Setting next_dagrun for example_subdag_operator to 2022-01-01 05:00:00+00:00, run_after=2022-01-01 05:00:00+00:00
[2024-09-27T19:48:03.632+0000] {logging_mixin.py:190} INFO - [2024-09-27T19:48:03.632+0000] {dag.py:4180} INFO - Setting next_dagrun for example_subdag_operator.section-1 to None, run_after=None
[2024-09-27T19:48:03.634+0000] {logging_mixin.py:190} INFO - [2024-09-27T19:48:03.634+0000] {dag.py:4180} INFO - Setting next_dagrun for example_subdag_operator.section-2 to None, run_after=None
[2024-09-27T19:48:03.646+0000] {logging_mixin.py:190} INFO - [2024-09-27T19:48:03.645+0000] {dag.py:3239} INFO - Sync 2 DAGs
[2024-09-27T19:48:03.655+0000] {logging_mixin.py:190} INFO - [2024-09-27T19:48:03.654+0000] {dag.py:4180} INFO - Setting next_dagrun for example_subdag_operator.section-1 to None, run_after=None
[2024-09-27T19:48:03.656+0000] {logging_mixin.py:190} INFO - [2024-09-27T19:48:03.656+0000] {dag.py:4180} INFO - Setting next_dagrun for example_subdag_operator.section-2 to None, run_after=None
[2024-09-27T19:48:03.673+0000] {processor.py:208} INFO - Processing /home/airflow/.local/lib/python3.12/site-packages/airflow/example_dags/example_subdag_operator.py took 0.146 seconds
[2024-09-27T20:22:04.232+0000] {processor.py:186} INFO - Started process (PID=93) to work on /home/airflow/.local/lib/python3.12/site-packages/airflow/example_dags/example_subdag_operator.py
[2024-09-27T20:22:04.233+0000] {processor.py:914} INFO - Processing file /home/airflow/.local/lib/python3.12/site-packages/airflow/example_dags/example_subdag_operator.py for tasks to queue
[2024-09-27T20:22:04.235+0000] {logging_mixin.py:190} INFO - [2024-09-27T20:22:04.235+0000] {dagbag.py:588} INFO - Filling up the DagBag from /home/airflow/.local/lib/python3.12/site-packages/airflow/example_dags/example_subdag_operator.py
[2024-09-27T20:22:04.254+0000] {processor.py:925} INFO - DAG(s) 'example_subdag_operator.section-1', 'example_subdag_operator.section-2', 'example_subdag_operator' retrieved from /home/airflow/.local/lib/python3.12/site-packages/airflow/example_dags/example_subdag_operator.py
[2024-09-27T20:22:04.267+0000] {logging_mixin.py:190} INFO - [2024-09-27T20:22:04.267+0000] {dag.py:3239} INFO - Sync 3 DAGs
[2024-09-27T20:22:04.286+0000] {logging_mixin.py:190} INFO - [2024-09-27T20:22:04.286+0000] {dag.py:4180} INFO - Setting next_dagrun for example_subdag_operator to 2022-01-01 05:00:00+00:00, run_after=2022-01-01 05:00:00+00:00
[2024-09-27T20:22:04.290+0000] {logging_mixin.py:190} INFO - [2024-09-27T20:22:04.290+0000] {dag.py:4180} INFO - Setting next_dagrun for example_subdag_operator.section-1 to None, run_after=None
[2024-09-27T20:22:04.291+0000] {logging_mixin.py:190} INFO - [2024-09-27T20:22:04.291+0000] {dag.py:4180} INFO - Setting next_dagrun for example_subdag_operator.section-2 to None, run_after=None
[2024-09-27T20:22:04.297+0000] {logging_mixin.py:190} INFO - [2024-09-27T20:22:04.297+0000] {dag.py:3239} INFO - Sync 2 DAGs
[2024-09-27T20:22:04.302+0000] {logging_mixin.py:190} INFO - [2024-09-27T20:22:04.301+0000] {dag.py:4180} INFO - Setting next_dagrun for example_subdag_operator.section-1 to None, run_after=None
[2024-09-27T20:22:04.302+0000] {logging_mixin.py:190} INFO - [2024-09-27T20:22:04.302+0000] {dag.py:4180} INFO - Setting next_dagrun for example_subdag_operator.section-2 to None, run_after=None
[2024-09-27T20:22:04.311+0000] {processor.py:208} INFO - Processing /home/airflow/.local/lib/python3.12/site-packages/airflow/example_dags/example_subdag_operator.py took 0.083 seconds
[2024-09-27T20:22:34.463+0000] {processor.py:186} INFO - Started process (PID=156) to work on /home/airflow/.local/lib/python3.12/site-packages/airflow/example_dags/example_subdag_operator.py
[2024-09-27T20:22:34.464+0000] {processor.py:914} INFO - Processing file /home/airflow/.local/lib/python3.12/site-packages/airflow/example_dags/example_subdag_operator.py for tasks to queue
[2024-09-27T20:22:34.466+0000] {logging_mixin.py:190} INFO - [2024-09-27T20:22:34.466+0000] {dagbag.py:588} INFO - Filling up the DagBag from /home/airflow/.local/lib/python3.12/site-packages/airflow/example_dags/example_subdag_operator.py
[2024-09-27T20:22:34.484+0000] {processor.py:925} INFO - DAG(s) 'example_subdag_operator.section-1', 'example_subdag_operator.section-2', 'example_subdag_operator' retrieved from /home/airflow/.local/lib/python3.12/site-packages/airflow/example_dags/example_subdag_operator.py
[2024-09-27T20:22:34.496+0000] {logging_mixin.py:190} INFO - [2024-09-27T20:22:34.496+0000] {dag.py:3239} INFO - Sync 3 DAGs
[2024-09-27T20:22:34.516+0000] {logging_mixin.py:190} INFO - [2024-09-27T20:22:34.516+0000] {dag.py:4180} INFO - Setting next_dagrun for example_subdag_operator to 2022-01-01 05:00:00+00:00, run_after=2022-01-01 05:00:00+00:00
[2024-09-27T20:22:34.519+0000] {logging_mixin.py:190} INFO - [2024-09-27T20:22:34.519+0000] {dag.py:4180} INFO - Setting next_dagrun for example_subdag_operator.section-1 to None, run_after=None
[2024-09-27T20:22:34.521+0000] {logging_mixin.py:190} INFO - [2024-09-27T20:22:34.521+0000] {dag.py:4180} INFO - Setting next_dagrun for example_subdag_operator.section-2 to None, run_after=None
[2024-09-27T20:22:34.526+0000] {logging_mixin.py:190} INFO - [2024-09-27T20:22:34.526+0000] {dag.py:3239} INFO - Sync 2 DAGs
[2024-09-27T20:22:34.531+0000] {logging_mixin.py:190} INFO - [2024-09-27T20:22:34.531+0000] {dag.py:4180} INFO - Setting next_dagrun for example_subdag_operator.section-1 to None, run_after=None
[2024-09-27T20:22:34.531+0000] {logging_mixin.py:190} INFO - [2024-09-27T20:22:34.531+0000] {dag.py:4180} INFO - Setting next_dagrun for example_subdag_operator.section-2 to None, run_after=None
[2024-09-27T20:22:34.539+0000] {processor.py:208} INFO - Processing /home/airflow/.local/lib/python3.12/site-packages/airflow/example_dags/example_subdag_operator.py took 0.080 seconds
[2024-09-27T20:23:04.925+0000] {processor.py:186} INFO - Started process (PID=224) to work on /home/airflow/.local/lib/python3.12/site-packages/airflow/example_dags/example_subdag_operator.py
[2024-09-27T20:23:04.926+0000] {processor.py:914} INFO - Processing file /home/airflow/.local/lib/python3.12/site-packages/airflow/example_dags/example_subdag_operator.py for tasks to queue
[2024-09-27T20:23:04.928+0000] {logging_mixin.py:190} INFO - [2024-09-27T20:23:04.928+0000] {dagbag.py:588} INFO - Filling up the DagBag from /home/airflow/.local/lib/python3.12/site-packages/airflow/example_dags/example_subdag_operator.py
[2024-09-27T20:23:04.949+0000] {processor.py:925} INFO - DAG(s) 'example_subdag_operator.section-1', 'example_subdag_operator.section-2', 'example_subdag_operator' retrieved from /home/airflow/.local/lib/python3.12/site-packages/airflow/example_dags/example_subdag_operator.py
[2024-09-27T20:23:04.961+0000] {logging_mixin.py:190} INFO - [2024-09-27T20:23:04.961+0000] {dag.py:3239} INFO - Sync 3 DAGs
[2024-09-27T20:23:04.984+0000] {logging_mixin.py:190} INFO - [2024-09-27T20:23:04.984+0000] {dag.py:4180} INFO - Setting next_dagrun for example_subdag_operator to 2022-01-01 05:00:00+00:00, run_after=2022-01-01 05:00:00+00:00
[2024-09-27T20:23:04.987+0000] {logging_mixin.py:190} INFO - [2024-09-27T20:23:04.987+0000] {dag.py:4180} INFO - Setting next_dagrun for example_subdag_operator.section-1 to None, run_after=None
[2024-09-27T20:23:04.988+0000] {logging_mixin.py:190} INFO - [2024-09-27T20:23:04.988+0000] {dag.py:4180} INFO - Setting next_dagrun for example_subdag_operator.section-2 to None, run_after=None
[2024-09-27T20:23:04.994+0000] {logging_mixin.py:190} INFO - [2024-09-27T20:23:04.994+0000] {dag.py:3239} INFO - Sync 2 DAGs
[2024-09-27T20:23:04.999+0000] {logging_mixin.py:190} INFO - [2024-09-27T20:23:04.999+0000] {dag.py:4180} INFO - Setting next_dagrun for example_subdag_operator.section-1 to None, run_after=None
[2024-09-27T20:23:04.999+0000] {logging_mixin.py:190} INFO - [2024-09-27T20:23:04.999+0000] {dag.py:4180} INFO - Setting next_dagrun for example_subdag_operator.section-2 to None, run_after=None
[2024-09-27T20:23:05.008+0000] {processor.py:208} INFO - Processing /home/airflow/.local/lib/python3.12/site-packages/airflow/example_dags/example_subdag_operator.py took 0.087 seconds
[2024-09-27T20:23:35.540+0000] {processor.py:186} INFO - Started process (PID=288) to work on /home/airflow/.local/lib/python3.12/site-packages/airflow/example_dags/example_subdag_operator.py
[2024-09-27T20:23:35.542+0000] {processor.py:914} INFO - Processing file /home/airflow/.local/lib/python3.12/site-packages/airflow/example_dags/example_subdag_operator.py for tasks to queue
[2024-09-27T20:23:35.544+0000] {logging_mixin.py:190} INFO - [2024-09-27T20:23:35.544+0000] {dagbag.py:588} INFO - Filling up the DagBag from /home/airflow/.local/lib/python3.12/site-packages/airflow/example_dags/example_subdag_operator.py
[2024-09-27T20:23:35.565+0000] {processor.py:925} INFO - DAG(s) 'example_subdag_operator.section-1', 'example_subdag_operator.section-2', 'example_subdag_operator' retrieved from /home/airflow/.local/lib/python3.12/site-packages/airflow/example_dags/example_subdag_operator.py
[2024-09-27T20:23:35.578+0000] {logging_mixin.py:190} INFO - [2024-09-27T20:23:35.578+0000] {dag.py:3239} INFO - Sync 3 DAGs
[2024-09-27T20:23:35.600+0000] {logging_mixin.py:190} INFO - [2024-09-27T20:23:35.600+0000] {dag.py:4180} INFO - Setting next_dagrun for example_subdag_operator to 2022-01-01 05:00:00+00:00, run_after=2022-01-01 05:00:00+00:00
[2024-09-27T20:23:35.603+0000] {logging_mixin.py:190} INFO - [2024-09-27T20:23:35.603+0000] {dag.py:4180} INFO - Setting next_dagrun for example_subdag_operator.section-1 to None, run_after=None
[2024-09-27T20:23:35.605+0000] {logging_mixin.py:190} INFO - [2024-09-27T20:23:35.604+0000] {dag.py:4180} INFO - Setting next_dagrun for example_subdag_operator.section-2 to None, run_after=None
[2024-09-27T20:23:35.610+0000] {logging_mixin.py:190} INFO - [2024-09-27T20:23:35.610+0000] {dag.py:3239} INFO - Sync 2 DAGs
[2024-09-27T20:23:35.615+0000] {logging_mixin.py:190} INFO - [2024-09-27T20:23:35.615+0000] {dag.py:4180} INFO - Setting next_dagrun for example_subdag_operator.section-1 to None, run_after=None
[2024-09-27T20:23:35.615+0000] {logging_mixin.py:190} INFO - [2024-09-27T20:23:35.615+0000] {dag.py:4180} INFO - Setting next_dagrun for example_subdag_operator.section-2 to None, run_after=None
[2024-09-27T20:23:35.624+0000] {processor.py:208} INFO - Processing /home/airflow/.local/lib/python3.12/site-packages/airflow/example_dags/example_subdag_operator.py took 0.089 seconds
[2024-09-27T20:24:06.824+0000] {processor.py:186} INFO - Started process (PID=351) to work on /home/airflow/.local/lib/python3.12/site-packages/airflow/example_dags/example_subdag_operator.py
[2024-09-27T20:24:06.825+0000] {processor.py:914} INFO - Processing file /home/airflow/.local/lib/python3.12/site-packages/airflow/example_dags/example_subdag_operator.py for tasks to queue
[2024-09-27T20:24:06.828+0000] {logging_mixin.py:190} INFO - [2024-09-27T20:24:06.828+0000] {dagbag.py:588} INFO - Filling up the DagBag from /home/airflow/.local/lib/python3.12/site-packages/airflow/example_dags/example_subdag_operator.py
[2024-09-27T20:24:06.855+0000] {processor.py:925} INFO - DAG(s) 'example_subdag_operator.section-1', 'example_subdag_operator.section-2', 'example_subdag_operator' retrieved from /home/airflow/.local/lib/python3.12/site-packages/airflow/example_dags/example_subdag_operator.py
[2024-09-27T20:24:06.882+0000] {logging_mixin.py:190} INFO - [2024-09-27T20:24:06.881+0000] {dag.py:3239} INFO - Sync 3 DAGs
[2024-09-27T20:24:06.912+0000] {logging_mixin.py:190} INFO - [2024-09-27T20:24:06.912+0000] {dag.py:4180} INFO - Setting next_dagrun for example_subdag_operator to 2022-01-01 05:00:00+00:00, run_after=2022-01-01 05:00:00+00:00
[2024-09-27T20:24:06.916+0000] {logging_mixin.py:190} INFO - [2024-09-27T20:24:06.916+0000] {dag.py:4180} INFO - Setting next_dagrun for example_subdag_operator.section-1 to None, run_after=None
[2024-09-27T20:24:06.917+0000] {logging_mixin.py:190} INFO - [2024-09-27T20:24:06.917+0000] {dag.py:4180} INFO - Setting next_dagrun for example_subdag_operator.section-2 to None, run_after=None
[2024-09-27T20:24:06.926+0000] {logging_mixin.py:190} INFO - [2024-09-27T20:24:06.926+0000] {dag.py:3239} INFO - Sync 2 DAGs
[2024-09-27T20:24:06.932+0000] {logging_mixin.py:190} INFO - [2024-09-27T20:24:06.932+0000] {dag.py:4180} INFO - Setting next_dagrun for example_subdag_operator.section-1 to None, run_after=None
[2024-09-27T20:24:06.933+0000] {logging_mixin.py:190} INFO - [2024-09-27T20:24:06.933+0000] {dag.py:4180} INFO - Setting next_dagrun for example_subdag_operator.section-2 to None, run_after=None
[2024-09-27T20:24:06.942+0000] {processor.py:208} INFO - Processing /home/airflow/.local/lib/python3.12/site-packages/airflow/example_dags/example_subdag_operator.py took 0.122 seconds
[2024-09-27T20:24:37.256+0000] {processor.py:186} INFO - Started process (PID=414) to work on /home/airflow/.local/lib/python3.12/site-packages/airflow/example_dags/example_subdag_operator.py
[2024-09-27T20:24:37.257+0000] {processor.py:914} INFO - Processing file /home/airflow/.local/lib/python3.12/site-packages/airflow/example_dags/example_subdag_operator.py for tasks to queue
[2024-09-27T20:24:37.259+0000] {logging_mixin.py:190} INFO - [2024-09-27T20:24:37.259+0000] {dagbag.py:588} INFO - Filling up the DagBag from /home/airflow/.local/lib/python3.12/site-packages/airflow/example_dags/example_subdag_operator.py
[2024-09-27T20:24:37.279+0000] {processor.py:925} INFO - DAG(s) 'example_subdag_operator.section-1', 'example_subdag_operator.section-2', 'example_subdag_operator' retrieved from /home/airflow/.local/lib/python3.12/site-packages/airflow/example_dags/example_subdag_operator.py
[2024-09-27T20:24:37.292+0000] {logging_mixin.py:190} INFO - [2024-09-27T20:24:37.291+0000] {dag.py:3239} INFO - Sync 3 DAGs
[2024-09-27T20:24:37.311+0000] {logging_mixin.py:190} INFO - [2024-09-27T20:24:37.310+0000] {dag.py:4180} INFO - Setting next_dagrun for example_subdag_operator to 2022-01-01 05:00:00+00:00, run_after=2022-01-01 05:00:00+00:00
[2024-09-27T20:24:37.314+0000] {logging_mixin.py:190} INFO - [2024-09-27T20:24:37.314+0000] {dag.py:4180} INFO - Setting next_dagrun for example_subdag_operator.section-1 to None, run_after=None
[2024-09-27T20:24:37.315+0000] {logging_mixin.py:190} INFO - [2024-09-27T20:24:37.315+0000] {dag.py:4180} INFO - Setting next_dagrun for example_subdag_operator.section-2 to None, run_after=None
[2024-09-27T20:24:37.321+0000] {logging_mixin.py:190} INFO - [2024-09-27T20:24:37.321+0000] {dag.py:3239} INFO - Sync 2 DAGs
[2024-09-27T20:24:37.327+0000] {logging_mixin.py:190} INFO - [2024-09-27T20:24:37.326+0000] {dag.py:4180} INFO - Setting next_dagrun for example_subdag_operator.section-1 to None, run_after=None
[2024-09-27T20:24:37.327+0000] {logging_mixin.py:190} INFO - [2024-09-27T20:24:37.327+0000] {dag.py:4180} INFO - Setting next_dagrun for example_subdag_operator.section-2 to None, run_after=None
[2024-09-27T20:24:37.336+0000] {processor.py:208} INFO - Processing /home/airflow/.local/lib/python3.12/site-packages/airflow/example_dags/example_subdag_operator.py took 0.086 seconds
[2024-09-27T20:25:07.843+0000] {processor.py:186} INFO - Started process (PID=477) to work on /home/airflow/.local/lib/python3.12/site-packages/airflow/example_dags/example_subdag_operator.py
[2024-09-27T20:25:07.844+0000] {processor.py:914} INFO - Processing file /home/airflow/.local/lib/python3.12/site-packages/airflow/example_dags/example_subdag_operator.py for tasks to queue
[2024-09-27T20:25:07.846+0000] {logging_mixin.py:190} INFO - [2024-09-27T20:25:07.845+0000] {dagbag.py:588} INFO - Filling up the DagBag from /home/airflow/.local/lib/python3.12/site-packages/airflow/example_dags/example_subdag_operator.py
[2024-09-27T20:25:07.865+0000] {processor.py:925} INFO - DAG(s) 'example_subdag_operator.section-1', 'example_subdag_operator.section-2', 'example_subdag_operator' retrieved from /home/airflow/.local/lib/python3.12/site-packages/airflow/example_dags/example_subdag_operator.py
[2024-09-27T20:25:07.876+0000] {logging_mixin.py:190} INFO - [2024-09-27T20:25:07.876+0000] {dag.py:3239} INFO - Sync 3 DAGs
[2024-09-27T20:25:07.893+0000] {logging_mixin.py:190} INFO - [2024-09-27T20:25:07.893+0000] {dag.py:4180} INFO - Setting next_dagrun for example_subdag_operator to 2022-01-01 05:00:00+00:00, run_after=2022-01-01 05:00:00+00:00
[2024-09-27T20:25:07.897+0000] {logging_mixin.py:190} INFO - [2024-09-27T20:25:07.897+0000] {dag.py:4180} INFO - Setting next_dagrun for example_subdag_operator.section-1 to None, run_after=None
[2024-09-27T20:25:07.898+0000] {logging_mixin.py:190} INFO - [2024-09-27T20:25:07.898+0000] {dag.py:4180} INFO - Setting next_dagrun for example_subdag_operator.section-2 to None, run_after=None
[2024-09-27T20:25:07.904+0000] {logging_mixin.py:190} INFO - [2024-09-27T20:25:07.904+0000] {dag.py:3239} INFO - Sync 2 DAGs
[2024-09-27T20:25:07.909+0000] {logging_mixin.py:190} INFO - [2024-09-27T20:25:07.908+0000] {dag.py:4180} INFO - Setting next_dagrun for example_subdag_operator.section-1 to None, run_after=None
[2024-09-27T20:25:07.909+0000] {logging_mixin.py:190} INFO - [2024-09-27T20:25:07.909+0000] {dag.py:4180} INFO - Setting next_dagrun for example_subdag_operator.section-2 to None, run_after=None
[2024-09-27T20:25:07.917+0000] {processor.py:208} INFO - Processing /home/airflow/.local/lib/python3.12/site-packages/airflow/example_dags/example_subdag_operator.py took 0.079 seconds
[2024-09-27T20:25:38.041+0000] {processor.py:186} INFO - Started process (PID=540) to work on /home/airflow/.local/lib/python3.12/site-packages/airflow/example_dags/example_subdag_operator.py
[2024-09-27T20:25:38.042+0000] {processor.py:914} INFO - Processing file /home/airflow/.local/lib/python3.12/site-packages/airflow/example_dags/example_subdag_operator.py for tasks to queue
[2024-09-27T20:25:38.044+0000] {logging_mixin.py:190} INFO - [2024-09-27T20:25:38.044+0000] {dagbag.py:588} INFO - Filling up the DagBag from /home/airflow/.local/lib/python3.12/site-packages/airflow/example_dags/example_subdag_operator.py
[2024-09-27T20:25:38.063+0000] {processor.py:925} INFO - DAG(s) 'example_subdag_operator.section-1', 'example_subdag_operator.section-2', 'example_subdag_operator' retrieved from /home/airflow/.local/lib/python3.12/site-packages/airflow/example_dags/example_subdag_operator.py
[2024-09-27T20:25:38.075+0000] {logging_mixin.py:190} INFO - [2024-09-27T20:25:38.075+0000] {dag.py:3239} INFO - Sync 3 DAGs
[2024-09-27T20:25:38.093+0000] {logging_mixin.py:190} INFO - [2024-09-27T20:25:38.093+0000] {dag.py:4180} INFO - Setting next_dagrun for example_subdag_operator to 2022-01-01 05:00:00+00:00, run_after=2022-01-01 05:00:00+00:00
[2024-09-27T20:25:38.097+0000] {logging_mixin.py:190} INFO - [2024-09-27T20:25:38.097+0000] {dag.py:4180} INFO - Setting next_dagrun for example_subdag_operator.section-1 to None, run_after=None
[2024-09-27T20:25:38.098+0000] {logging_mixin.py:190} INFO - [2024-09-27T20:25:38.098+0000] {dag.py:4180} INFO - Setting next_dagrun for example_subdag_operator.section-2 to None, run_after=None
[2024-09-27T20:25:38.104+0000] {logging_mixin.py:190} INFO - [2024-09-27T20:25:38.104+0000] {dag.py:3239} INFO - Sync 2 DAGs
[2024-09-27T20:25:38.108+0000] {logging_mixin.py:190} INFO - [2024-09-27T20:25:38.108+0000] {dag.py:4180} INFO - Setting next_dagrun for example_subdag_operator.section-1 to None, run_after=None
[2024-09-27T20:25:38.109+0000] {logging_mixin.py:190} INFO - [2024-09-27T20:25:38.109+0000] {dag.py:4180} INFO - Setting next_dagrun for example_subdag_operator.section-2 to None, run_after=None
[2024-09-27T20:25:38.118+0000] {processor.py:208} INFO - Processing /home/airflow/.local/lib/python3.12/site-packages/airflow/example_dags/example_subdag_operator.py took 0.082 seconds
[2024-09-27T20:26:08.425+0000] {processor.py:186} INFO - Started process (PID=603) to work on /home/airflow/.local/lib/python3.12/site-packages/airflow/example_dags/example_subdag_operator.py
[2024-09-27T20:26:08.426+0000] {processor.py:914} INFO - Processing file /home/airflow/.local/lib/python3.12/site-packages/airflow/example_dags/example_subdag_operator.py for tasks to queue
[2024-09-27T20:26:08.428+0000] {logging_mixin.py:190} INFO - [2024-09-27T20:26:08.428+0000] {dagbag.py:588} INFO - Filling up the DagBag from /home/airflow/.local/lib/python3.12/site-packages/airflow/example_dags/example_subdag_operator.py
[2024-09-27T20:26:08.448+0000] {processor.py:925} INFO - DAG(s) 'example_subdag_operator.section-1', 'example_subdag_operator.section-2', 'example_subdag_operator' retrieved from /home/airflow/.local/lib/python3.12/site-packages/airflow/example_dags/example_subdag_operator.py
[2024-09-27T20:26:08.460+0000] {logging_mixin.py:190} INFO - [2024-09-27T20:26:08.460+0000] {dag.py:3239} INFO - Sync 3 DAGs
[2024-09-27T20:26:08.481+0000] {logging_mixin.py:190} INFO - [2024-09-27T20:26:08.480+0000] {dag.py:4180} INFO - Setting next_dagrun for example_subdag_operator to 2022-01-01 05:00:00+00:00, run_after=2022-01-01 05:00:00+00:00
[2024-09-27T20:26:08.485+0000] {logging_mixin.py:190} INFO - [2024-09-27T20:26:08.485+0000] {dag.py:4180} INFO - Setting next_dagrun for example_subdag_operator.section-1 to None, run_after=None
[2024-09-27T20:26:08.486+0000] {logging_mixin.py:190} INFO - [2024-09-27T20:26:08.486+0000] {dag.py:4180} INFO - Setting next_dagrun for example_subdag_operator.section-2 to None, run_after=None
[2024-09-27T20:26:08.491+0000] {logging_mixin.py:190} INFO - [2024-09-27T20:26:08.491+0000] {dag.py:3239} INFO - Sync 2 DAGs
[2024-09-27T20:26:08.495+0000] {logging_mixin.py:190} INFO - [2024-09-27T20:26:08.495+0000] {dag.py:4180} INFO - Setting next_dagrun for example_subdag_operator.section-1 to None, run_after=None
[2024-09-27T20:26:08.496+0000] {logging_mixin.py:190} INFO - [2024-09-27T20:26:08.496+0000] {dag.py:4180} INFO - Setting next_dagrun for example_subdag_operator.section-2 to None, run_after=None
[2024-09-27T20:26:08.504+0000] {processor.py:208} INFO - Processing /home/airflow/.local/lib/python3.12/site-packages/airflow/example_dags/example_subdag_operator.py took 0.083 seconds
[2024-09-27T20:26:38.933+0000] {processor.py:186} INFO - Started process (PID=666) to work on /home/airflow/.local/lib/python3.12/site-packages/airflow/example_dags/example_subdag_operator.py
[2024-09-27T20:26:38.934+0000] {processor.py:914} INFO - Processing file /home/airflow/.local/lib/python3.12/site-packages/airflow/example_dags/example_subdag_operator.py for tasks to queue
[2024-09-27T20:26:38.937+0000] {logging_mixin.py:190} INFO - [2024-09-27T20:26:38.937+0000] {dagbag.py:588} INFO - Filling up the DagBag from /home/airflow/.local/lib/python3.12/site-packages/airflow/example_dags/example_subdag_operator.py
[2024-09-27T20:26:38.960+0000] {processor.py:925} INFO - DAG(s) 'example_subdag_operator.section-1', 'example_subdag_operator.section-2', 'example_subdag_operator' retrieved from /home/airflow/.local/lib/python3.12/site-packages/airflow/example_dags/example_subdag_operator.py
[2024-09-27T20:26:38.974+0000] {logging_mixin.py:190} INFO - [2024-09-27T20:26:38.974+0000] {dag.py:3239} INFO - Sync 3 DAGs
[2024-09-27T20:26:38.996+0000] {logging_mixin.py:190} INFO - [2024-09-27T20:26:38.996+0000] {dag.py:4180} INFO - Setting next_dagrun for example_subdag_operator to 2022-01-01 05:00:00+00:00, run_after=2022-01-01 05:00:00+00:00
[2024-09-27T20:26:39.000+0000] {logging_mixin.py:190} INFO - [2024-09-27T20:26:39.999+0000] {dag.py:4180} INFO - Setting next_dagrun for example_subdag_operator.section-1 to None, run_after=None
[2024-09-27T20:26:39.001+0000] {logging_mixin.py:190} INFO - [2024-09-27T20:26:39.001+0000] {dag.py:4180} INFO - Setting next_dagrun for example_subdag_operator.section-2 to None, run_after=None
[2024-09-27T20:26:39.008+0000] {logging_mixin.py:190} INFO - [2024-09-27T20:26:39.007+0000] {dag.py:3239} INFO - Sync 2 DAGs
[2024-09-27T20:26:39.012+0000] {logging_mixin.py:190} INFO - [2024-09-27T20:26:39.012+0000] {dag.py:4180} INFO - Setting next_dagrun for example_subdag_operator.section-1 to None, run_after=None
[2024-09-27T20:26:39.013+0000] {logging_mixin.py:190} INFO - [2024-09-27T20:26:39.012+0000] {dag.py:4180} INFO - Setting next_dagrun for example_subdag_operator.section-2 to None, run_after=None
[2024-09-27T20:26:39.021+0000] {processor.py:208} INFO - Processing /home/airflow/.local/lib/python3.12/site-packages/airflow/example_dags/example_subdag_operator.py took 0.093 seconds
[2024-09-27T20:27:09.265+0000] {processor.py:186} INFO - Started process (PID=729) to work on /home/airflow/.local/lib/python3.12/site-packages/airflow/example_dags/example_subdag_operator.py
[2024-09-27T20:27:09.266+0000] {processor.py:914} INFO - Processing file /home/airflow/.local/lib/python3.12/site-packages/airflow/example_dags/example_subdag_operator.py for tasks to queue
[2024-09-27T20:27:09.268+0000] {logging_mixin.py:190} INFO - [2024-09-27T20:27:09.267+0000] {dagbag.py:588} INFO - Filling up the DagBag from /home/airflow/.local/lib/python3.12/site-packages/airflow/example_dags/example_subdag_operator.py
[2024-09-27T20:27:09.287+0000] {processor.py:925} INFO - DAG(s) 'example_subdag_operator.section-1', 'example_subdag_operator.section-2', 'example_subdag_operator' retrieved from /home/airflow/.local/lib/python3.12/site-packages/airflow/example_dags/example_subdag_operator.py
[2024-09-27T20:27:09.302+0000] {logging_mixin.py:190} INFO - [2024-09-27T20:27:09.301+0000] {dag.py:3239} INFO - Sync 3 DAGs
[2024-09-27T20:27:09.320+0000] {logging_mixin.py:190} INFO - [2024-09-27T20:27:09.320+0000] {dag.py:4180} INFO - Setting next_dagrun for example_subdag_operator to 2022-01-01 05:00:00+00:00, run_after=2022-01-01 05:00:00+00:00
[2024-09-27T20:27:09.323+0000] {logging_mixin.py:190} INFO - [2024-09-27T20:27:09.323+0000] {dag.py:4180} INFO - Setting next_dagrun for example_subdag_operator.section-1 to None, run_after=None
[2024-09-27T20:27:09.324+0000] {logging_mixin.py:190} INFO - [2024-09-27T20:27:09.324+0000] {dag.py:4180} INFO - Setting next_dagrun for example_subdag_operator.section-2 to None, run_after=None
[2024-09-27T20:27:09.330+0000] {logging_mixin.py:190} INFO - [2024-09-27T20:27:09.329+0000] {dag.py:3239} INFO - Sync 2 DAGs
[2024-09-27T20:27:09.335+0000] {logging_mixin.py:190} INFO - [2024-09-27T20:27:09.335+0000] {dag.py:4180} INFO - Setting next_dagrun for example_subdag_operator.section-1 to None, run_after=None
[2024-09-27T20:27:09.335+0000] {logging_mixin.py:190} INFO - [2024-09-27T20:27:09.335+0000] {dag.py:4180} INFO - Setting next_dagrun for example_subdag_operator.section-2 to None, run_after=None
[2024-09-27T20:27:09.343+0000] {processor.py:208} INFO - Processing /home/airflow/.local/lib/python3.12/site-packages/airflow/example_dags/example_subdag_operator.py took 0.083 seconds
[2024-09-27T20:27:43.846+0000] {processor.py:186} INFO - Started process (PID=792) to work on /home/airflow/.local/lib/python3.12/site-packages/airflow/example_dags/example_subdag_operator.py
[2024-09-27T20:27:43.849+0000] {processor.py:914} INFO - Processing file /home/airflow/.local/lib/python3.12/site-packages/airflow/example_dags/example_subdag_operator.py for tasks to queue
[2024-09-27T20:27:43.859+0000] {logging_mixin.py:190} INFO - [2024-09-27T20:27:43.859+0000] {dagbag.py:588} INFO - Filling up the DagBag from /home/airflow/.local/lib/python3.12/site-packages/airflow/example_dags/example_subdag_operator.py
[2024-09-27T20:27:43.909+0000] {processor.py:925} INFO - DAG(s) 'example_subdag_operator.section-1', 'example_subdag_operator.section-2', 'example_subdag_operator' retrieved from /home/airflow/.local/lib/python3.12/site-packages/airflow/example_dags/example_subdag_operator.py
[2024-09-27T20:27:43.942+0000] {logging_mixin.py:190} INFO - [2024-09-27T20:27:43.941+0000] {dag.py:3239} INFO - Sync 3 DAGs
[2024-09-27T20:27:43.975+0000] {logging_mixin.py:190} INFO - [2024-09-27T20:27:43.975+0000] {dag.py:4180} INFO - Setting next_dagrun for example_subdag_operator to 2022-01-01 05:00:00+00:00, run_after=2022-01-01 05:00:00+00:00
[2024-09-27T20:27:43.988+0000] {logging_mixin.py:190} INFO - [2024-09-27T20:27:43.988+0000] {dag.py:4180} INFO - Setting next_dagrun for example_subdag_operator.section-1 to None, run_after=None
[2024-09-27T20:27:43.991+0000] {logging_mixin.py:190} INFO - [2024-09-27T20:27:43.991+0000] {dag.py:4180} INFO - Setting next_dagrun for example_subdag_operator.section-2 to None, run_after=None
[2024-09-27T20:27:44.011+0000] {logging_mixin.py:190} INFO - [2024-09-27T20:27:44.011+0000] {dag.py:3239} INFO - Sync 2 DAGs
[2024-09-27T20:27:44.028+0000] {logging_mixin.py:190} INFO - [2024-09-27T20:27:44.027+0000] {dag.py:4180} INFO - Setting next_dagrun for example_subdag_operator.section-1 to None, run_after=None
[2024-09-27T20:27:44.030+0000] {logging_mixin.py:190} INFO - [2024-09-27T20:27:44.030+0000] {dag.py:4180} INFO - Setting next_dagrun for example_subdag_operator.section-2 to None, run_after=None
[2024-09-27T20:27:44.051+0000] {processor.py:208} INFO - Processing /home/airflow/.local/lib/python3.12/site-packages/airflow/example_dags/example_subdag_operator.py took 0.212 seconds
[2024-09-27T20:28:15.002+0000] {processor.py:186} INFO - Started process (PID=855) to work on /home/airflow/.local/lib/python3.12/site-packages/airflow/example_dags/example_subdag_operator.py
[2024-09-27T20:28:15.003+0000] {processor.py:914} INFO - Processing file /home/airflow/.local/lib/python3.12/site-packages/airflow/example_dags/example_subdag_operator.py for tasks to queue
[2024-09-27T20:28:15.005+0000] {logging_mixin.py:190} INFO - [2024-09-27T20:28:15.005+0000] {dagbag.py:588} INFO - Filling up the DagBag from /home/airflow/.local/lib/python3.12/site-packages/airflow/example_dags/example_subdag_operator.py
[2024-09-27T20:28:15.027+0000] {processor.py:925} INFO - DAG(s) 'example_subdag_operator.section-1', 'example_subdag_operator.section-2', 'example_subdag_operator' retrieved from /home/airflow/.local/lib/python3.12/site-packages/airflow/example_dags/example_subdag_operator.py
[2024-09-27T20:28:15.039+0000] {logging_mixin.py:190} INFO - [2024-09-27T20:28:15.039+0000] {dag.py:3239} INFO - Sync 3 DAGs
[2024-09-27T20:28:15.056+0000] {logging_mixin.py:190} INFO - [2024-09-27T20:28:15.056+0000] {dag.py:4180} INFO - Setting next_dagrun for example_subdag_operator to 2022-01-01 05:00:00+00:00, run_after=2022-01-01 05:00:00+00:00
[2024-09-27T20:28:15.059+0000] {logging_mixin.py:190} INFO - [2024-09-27T20:28:15.059+0000] {dag.py:4180} INFO - Setting next_dagrun for example_subdag_operator.section-1 to None, run_after=None
[2024-09-27T20:28:15.060+0000] {logging_mixin.py:190} INFO - [2024-09-27T20:28:15.060+0000] {dag.py:4180} INFO - Setting next_dagrun for example_subdag_operator.section-2 to None, run_after=None
[2024-09-27T20:28:15.065+0000] {logging_mixin.py:190} INFO - [2024-09-27T20:28:15.065+0000] {dag.py:3239} INFO - Sync 2 DAGs
[2024-09-27T20:28:15.069+0000] {logging_mixin.py:190} INFO - [2024-09-27T20:28:15.069+0000] {dag.py:4180} INFO - Setting next_dagrun for example_subdag_operator.section-1 to None, run_after=None
[2024-09-27T20:28:15.070+0000] {logging_mixin.py:190} INFO - [2024-09-27T20:28:15.070+0000] {dag.py:4180} INFO - Setting next_dagrun for example_subdag_operator.section-2 to None, run_after=None
[2024-09-27T20:28:15.078+0000] {processor.py:208} INFO - Processing /home/airflow/.local/lib/python3.12/site-packages/airflow/example_dags/example_subdag_operator.py took 0.080 seconds
[2024-09-27T20:28:45.442+0000] {processor.py:186} INFO - Started process (PID=918) to work on /home/airflow/.local/lib/python3.12/site-packages/airflow/example_dags/example_subdag_operator.py
[2024-09-27T20:28:45.442+0000] {processor.py:914} INFO - Processing file /home/airflow/.local/lib/python3.12/site-packages/airflow/example_dags/example_subdag_operator.py for tasks to queue
[2024-09-27T20:28:45.445+0000] {logging_mixin.py:190} INFO - [2024-09-27T20:28:45.444+0000] {dagbag.py:588} INFO - Filling up the DagBag from /home/airflow/.local/lib/python3.12/site-packages/airflow/example_dags/example_subdag_operator.py
[2024-09-27T20:28:45.464+0000] {processor.py:925} INFO - DAG(s) 'example_subdag_operator.section-1', 'example_subdag_operator.section-2', 'example_subdag_operator' retrieved from /home/airflow/.local/lib/python3.12/site-packages/airflow/example_dags/example_subdag_operator.py
[2024-09-27T20:28:45.475+0000] {logging_mixin.py:190} INFO - [2024-09-27T20:28:45.475+0000] {dag.py:3239} INFO - Sync 3 DAGs
[2024-09-27T20:28:45.492+0000] {logging_mixin.py:190} INFO - [2024-09-27T20:28:45.492+0000] {dag.py:4180} INFO - Setting next_dagrun for example_subdag_operator to 2022-01-01 05:00:00+00:00, run_after=2022-01-01 05:00:00+00:00
[2024-09-27T20:28:45.495+0000] {logging_mixin.py:190} INFO - [2024-09-27T20:28:45.495+0000] {dag.py:4180} INFO - Setting next_dagrun for example_subdag_operator.section-1 to None, run_after=None
[2024-09-27T20:28:45.496+0000] {logging_mixin.py:190} INFO - [2024-09-27T20:28:45.496+0000] {dag.py:4180} INFO - Setting next_dagrun for example_subdag_operator.section-2 to None, run_after=None
[2024-09-27T20:28:45.502+0000] {logging_mixin.py:190} INFO - [2024-09-27T20:28:45.501+0000] {dag.py:3239} INFO - Sync 2 DAGs
[2024-09-27T20:28:45.506+0000] {logging_mixin.py:190} INFO - [2024-09-27T20:28:45.506+0000] {dag.py:4180} INFO - Setting next_dagrun for example_subdag_operator.section-1 to None, run_after=None
[2024-09-27T20:28:45.506+0000] {logging_mixin.py:190} INFO - [2024-09-27T20:28:45.506+0000] {dag.py:4180} INFO - Setting next_dagrun for example_subdag_operator.section-2 to None, run_after=None
[2024-09-27T20:28:45.515+0000] {processor.py:208} INFO - Processing /home/airflow/.local/lib/python3.12/site-packages/airflow/example_dags/example_subdag_operator.py took 0.078 seconds
[2024-09-27T20:29:15.699+0000] {processor.py:186} INFO - Started process (PID=981) to work on /home/airflow/.local/lib/python3.12/site-packages/airflow/example_dags/example_subdag_operator.py
[2024-09-27T20:29:15.700+0000] {processor.py:914} INFO - Processing file /home/airflow/.local/lib/python3.12/site-packages/airflow/example_dags/example_subdag_operator.py for tasks to queue
[2024-09-27T20:29:15.702+0000] {logging_mixin.py:190} INFO - [2024-09-27T20:29:15.702+0000] {dagbag.py:588} INFO - Filling up the DagBag from /home/airflow/.local/lib/python3.12/site-packages/airflow/example_dags/example_subdag_operator.py
[2024-09-27T20:29:15.724+0000] {processor.py:925} INFO - DAG(s) 'example_subdag_operator.section-1', 'example_subdag_operator.section-2', 'example_subdag_operator' retrieved from /home/airflow/.local/lib/python3.12/site-packages/airflow/example_dags/example_subdag_operator.py
[2024-09-27T20:29:15.736+0000] {logging_mixin.py:190} INFO - [2024-09-27T20:29:15.736+0000] {dag.py:3239} INFO - Sync 3 DAGs
[2024-09-27T20:29:15.754+0000] {logging_mixin.py:190} INFO - [2024-09-27T20:29:15.754+0000] {dag.py:4180} INFO - Setting next_dagrun for example_subdag_operator to 2022-01-01 05:00:00+00:00, run_after=2022-01-01 05:00:00+00:00
[2024-09-27T20:29:15.757+0000] {logging_mixin.py:190} INFO - [2024-09-27T20:29:15.757+0000] {dag.py:4180} INFO - Setting next_dagrun for example_subdag_operator.section-1 to None, run_after=None
[2024-09-27T20:29:15.759+0000] {logging_mixin.py:190} INFO - [2024-09-27T20:29:15.758+0000] {dag.py:4180} INFO - Setting next_dagrun for example_subdag_operator.section-2 to None, run_after=None
[2024-09-27T20:29:15.765+0000] {logging_mixin.py:190} INFO - [2024-09-27T20:29:15.765+0000] {dag.py:3239} INFO - Sync 2 DAGs
[2024-09-27T20:29:15.770+0000] {logging_mixin.py:190} INFO - [2024-09-27T20:29:15.769+0000] {dag.py:4180} INFO - Setting next_dagrun for example_subdag_operator.section-1 to None, run_after=None
[2024-09-27T20:29:15.770+0000] {logging_mixin.py:190} INFO - [2024-09-27T20:29:15.770+0000] {dag.py:4180} INFO - Setting next_dagrun for example_subdag_operator.section-2 to None, run_after=None
[2024-09-27T20:29:15.779+0000] {processor.py:208} INFO - Processing /home/airflow/.local/lib/python3.12/site-packages/airflow/example_dags/example_subdag_operator.py took 0.085 seconds
[2024-09-27T20:29:46.047+0000] {processor.py:186} INFO - Started process (PID=1044) to work on /home/airflow/.local/lib/python3.12/site-packages/airflow/example_dags/example_subdag_operator.py
[2024-09-27T20:29:46.048+0000] {processor.py:914} INFO - Processing file /home/airflow/.local/lib/python3.12/site-packages/airflow/example_dags/example_subdag_operator.py for tasks to queue
[2024-09-27T20:29:46.051+0000] {logging_mixin.py:190} INFO - [2024-09-27T20:29:46.051+0000] {dagbag.py:588} INFO - Filling up the DagBag from /home/airflow/.local/lib/python3.12/site-packages/airflow/example_dags/example_subdag_operator.py
[2024-09-27T20:29:46.078+0000] {processor.py:925} INFO - DAG(s) 'example_subdag_operator.section-1', 'example_subdag_operator.section-2', 'example_subdag_operator' retrieved from /home/airflow/.local/lib/python3.12/site-packages/airflow/example_dags/example_subdag_operator.py
[2024-09-27T20:29:46.094+0000] {logging_mixin.py:190} INFO - [2024-09-27T20:29:46.093+0000] {dag.py:3239} INFO - Sync 3 DAGs
[2024-09-27T20:29:46.122+0000] {logging_mixin.py:190} INFO - [2024-09-27T20:29:46.122+0000] {dag.py:4180} INFO - Setting next_dagrun for example_subdag_operator to 2022-01-01 05:00:00+00:00, run_after=2022-01-01 05:00:00+00:00
[2024-09-27T20:29:46.127+0000] {logging_mixin.py:190} INFO - [2024-09-27T20:29:46.127+0000] {dag.py:4180} INFO - Setting next_dagrun for example_subdag_operator.section-1 to None, run_after=None
[2024-09-27T20:29:46.130+0000] {logging_mixin.py:190} INFO - [2024-09-27T20:29:46.130+0000] {dag.py:4180} INFO - Setting next_dagrun for example_subdag_operator.section-2 to None, run_after=None
[2024-09-27T20:29:46.141+0000] {logging_mixin.py:190} INFO - [2024-09-27T20:29:46.140+0000] {dag.py:3239} INFO - Sync 2 DAGs
[2024-09-27T20:29:46.148+0000] {logging_mixin.py:190} INFO - [2024-09-27T20:29:46.148+0000] {dag.py:4180} INFO - Setting next_dagrun for example_subdag_operator.section-1 to None, run_after=None
[2024-09-27T20:29:46.149+0000] {logging_mixin.py:190} INFO - [2024-09-27T20:29:46.149+0000] {dag.py:4180} INFO - Setting next_dagrun for example_subdag_operator.section-2 to None, run_after=None
[2024-09-27T20:29:46.163+0000] {processor.py:208} INFO - Processing /home/airflow/.local/lib/python3.12/site-packages/airflow/example_dags/example_subdag_operator.py took 0.121 seconds
[2024-09-27T20:30:16.516+0000] {processor.py:186} INFO - Started process (PID=1107) to work on /home/airflow/.local/lib/python3.12/site-packages/airflow/example_dags/example_subdag_operator.py
[2024-09-27T20:30:16.516+0000] {processor.py:914} INFO - Processing file /home/airflow/.local/lib/python3.12/site-packages/airflow/example_dags/example_subdag_operator.py for tasks to queue
[2024-09-27T20:30:16.518+0000] {logging_mixin.py:190} INFO - [2024-09-27T20:30:16.518+0000] {dagbag.py:588} INFO - Filling up the DagBag from /home/airflow/.local/lib/python3.12/site-packages/airflow/example_dags/example_subdag_operator.py
[2024-09-27T20:30:16.538+0000] {processor.py:925} INFO - DAG(s) 'example_subdag_operator.section-1', 'example_subdag_operator.section-2', 'example_subdag_operator' retrieved from /home/airflow/.local/lib/python3.12/site-packages/airflow/example_dags/example_subdag_operator.py
[2024-09-27T20:30:16.549+0000] {logging_mixin.py:190} INFO - [2024-09-27T20:30:16.549+0000] {dag.py:3239} INFO - Sync 3 DAGs
[2024-09-27T20:30:16.566+0000] {logging_mixin.py:190} INFO - [2024-09-27T20:30:16.566+0000] {dag.py:4180} INFO - Setting next_dagrun for example_subdag_operator to 2022-01-01 05:00:00+00:00, run_after=2022-01-01 05:00:00+00:00
[2024-09-27T20:30:16.569+0000] {logging_mixin.py:190} INFO - [2024-09-27T20:30:16.569+0000] {dag.py:4180} INFO - Setting next_dagrun for example_subdag_operator.section-1 to None, run_after=None
[2024-09-27T20:30:16.570+0000] {logging_mixin.py:190} INFO - [2024-09-27T20:30:16.570+0000] {dag.py:4180} INFO - Setting next_dagrun for example_subdag_operator.section-2 to None, run_after=None
[2024-09-27T20:30:16.575+0000] {logging_mixin.py:190} INFO - [2024-09-27T20:30:16.575+0000] {dag.py:3239} INFO - Sync 2 DAGs
[2024-09-27T20:30:16.580+0000] {logging_mixin.py:190} INFO - [2024-09-27T20:30:16.580+0000] {dag.py:4180} INFO - Setting next_dagrun for example_subdag_operator.section-1 to None, run_after=None
[2024-09-27T20:30:16.580+0000] {logging_mixin.py:190} INFO - [2024-09-27T20:30:16.580+0000] {dag.py:4180} INFO - Setting next_dagrun for example_subdag_operator.section-2 to None, run_after=None
[2024-09-27T20:30:16.589+0000] {processor.py:208} INFO - Processing /home/airflow/.local/lib/python3.12/site-packages/airflow/example_dags/example_subdag_operator.py took 0.078 seconds
[2024-09-27T20:30:46.667+0000] {processor.py:186} INFO - Started process (PID=1170) to work on /home/airflow/.local/lib/python3.12/site-packages/airflow/example_dags/example_subdag_operator.py
[2024-09-27T20:30:46.668+0000] {processor.py:914} INFO - Processing file /home/airflow/.local/lib/python3.12/site-packages/airflow/example_dags/example_subdag_operator.py for tasks to queue
[2024-09-27T20:30:46.670+0000] {logging_mixin.py:190} INFO - [2024-09-27T20:30:46.670+0000] {dagbag.py:588} INFO - Filling up the DagBag from /home/airflow/.local/lib/python3.12/site-packages/airflow/example_dags/example_subdag_operator.py
[2024-09-27T20:30:46.690+0000] {processor.py:925} INFO - DAG(s) 'example_subdag_operator.section-1', 'example_subdag_operator.section-2', 'example_subdag_operator' retrieved from /home/airflow/.local/lib/python3.12/site-packages/airflow/example_dags/example_subdag_operator.py
[2024-09-27T20:30:46.701+0000] {logging_mixin.py:190} INFO - [2024-09-27T20:30:46.701+0000] {dag.py:3239} INFO - Sync 3 DAGs
[2024-09-27T20:30:46.720+0000] {logging_mixin.py:190} INFO - [2024-09-27T20:30:46.719+0000] {dag.py:4180} INFO - Setting next_dagrun for example_subdag_operator to 2022-01-01 05:00:00+00:00, run_after=2022-01-01 05:00:00+00:00
[2024-09-27T20:30:46.723+0000] {logging_mixin.py:190} INFO - [2024-09-27T20:30:46.723+0000] {dag.py:4180} INFO - Setting next_dagrun for example_subdag_operator.section-1 to None, run_after=None
[2024-09-27T20:30:46.724+0000] {logging_mixin.py:190} INFO - [2024-09-27T20:30:46.724+0000] {dag.py:4180} INFO - Setting next_dagrun for example_subdag_operator.section-2 to None, run_after=None
[2024-09-27T20:30:46.730+0000] {logging_mixin.py:190} INFO - [2024-09-27T20:30:46.730+0000] {dag.py:3239} INFO - Sync 2 DAGs
[2024-09-27T20:30:46.735+0000] {logging_mixin.py:190} INFO - [2024-09-27T20:30:46.734+0000] {dag.py:4180} INFO - Setting next_dagrun for example_subdag_operator.section-1 to None, run_after=None
[2024-09-27T20:30:46.735+0000] {logging_mixin.py:190} INFO - [2024-09-27T20:30:46.735+0000] {dag.py:4180} INFO - Setting next_dagrun for example_subdag_operator.section-2 to None, run_after=None
[2024-09-27T20:30:46.743+0000] {processor.py:208} INFO - Processing /home/airflow/.local/lib/python3.12/site-packages/airflow/example_dags/example_subdag_operator.py took 0.080 seconds
[2024-09-27T20:31:17.002+0000] {processor.py:186} INFO - Started process (PID=1234) to work on /home/airflow/.local/lib/python3.12/site-packages/airflow/example_dags/example_subdag_operator.py
[2024-09-27T20:31:17.003+0000] {processor.py:914} INFO - Processing file /home/airflow/.local/lib/python3.12/site-packages/airflow/example_dags/example_subdag_operator.py for tasks to queue
[2024-09-27T20:31:17.005+0000] {logging_mixin.py:190} INFO - [2024-09-27T20:31:17.005+0000] {dagbag.py:588} INFO - Filling up the DagBag from /home/airflow/.local/lib/python3.12/site-packages/airflow/example_dags/example_subdag_operator.py
[2024-09-27T20:31:17.028+0000] {processor.py:925} INFO - DAG(s) 'example_subdag_operator.section-1', 'example_subdag_operator.section-2', 'example_subdag_operator' retrieved from /home/airflow/.local/lib/python3.12/site-packages/airflow/example_dags/example_subdag_operator.py
[2024-09-27T20:31:17.042+0000] {logging_mixin.py:190} INFO - [2024-09-27T20:31:17.042+0000] {dag.py:3239} INFO - Sync 3 DAGs
[2024-09-27T20:31:17.060+0000] {logging_mixin.py:190} INFO - [2024-09-27T20:31:17.060+0000] {dag.py:4180} INFO - Setting next_dagrun for example_subdag_operator to 2022-01-01 05:00:00+00:00, run_after=2022-01-01 05:00:00+00:00
[2024-09-27T20:31:17.063+0000] {logging_mixin.py:190} INFO - [2024-09-27T20:31:17.063+0000] {dag.py:4180} INFO - Setting next_dagrun for example_subdag_operator.section-1 to None, run_after=None
[2024-09-27T20:31:17.064+0000] {logging_mixin.py:190} INFO - [2024-09-27T20:31:17.064+0000] {dag.py:4180} INFO - Setting next_dagrun for example_subdag_operator.section-2 to None, run_after=None
[2024-09-27T20:31:17.070+0000] {logging_mixin.py:190} INFO - [2024-09-27T20:31:17.070+0000] {dag.py:3239} INFO - Sync 2 DAGs
[2024-09-27T20:31:17.074+0000] {logging_mixin.py:190} INFO - [2024-09-27T20:31:17.074+0000] {dag.py:4180} INFO - Setting next_dagrun for example_subdag_operator.section-1 to None, run_after=None
[2024-09-27T20:31:17.075+0000] {logging_mixin.py:190} INFO - [2024-09-27T20:31:17.075+0000] {dag.py:4180} INFO - Setting next_dagrun for example_subdag_operator.section-2 to None, run_after=None
[2024-09-27T20:31:17.083+0000] {processor.py:208} INFO - Processing /home/airflow/.local/lib/python3.12/site-packages/airflow/example_dags/example_subdag_operator.py took 0.085 seconds
[2024-09-27T20:31:47.124+0000] {processor.py:186} INFO - Started process (PID=1297) to work on /home/airflow/.local/lib/python3.12/site-packages/airflow/example_dags/example_subdag_operator.py
[2024-09-27T20:31:47.125+0000] {processor.py:914} INFO - Processing file /home/airflow/.local/lib/python3.12/site-packages/airflow/example_dags/example_subdag_operator.py for tasks to queue
[2024-09-27T20:31:47.127+0000] {logging_mixin.py:190} INFO - [2024-09-27T20:31:47.127+0000] {dagbag.py:588} INFO - Filling up the DagBag from /home/airflow/.local/lib/python3.12/site-packages/airflow/example_dags/example_subdag_operator.py
[2024-09-27T20:31:47.167+0000] {processor.py:925} INFO - DAG(s) 'example_subdag_operator.section-1', 'example_subdag_operator.section-2', 'example_subdag_operator' retrieved from /home/airflow/.local/lib/python3.12/site-packages/airflow/example_dags/example_subdag_operator.py
[2024-09-27T20:31:47.196+0000] {logging_mixin.py:190} INFO - [2024-09-27T20:31:47.196+0000] {dag.py:3239} INFO - Sync 3 DAGs
[2024-09-27T20:31:47.234+0000] {logging_mixin.py:190} INFO - [2024-09-27T20:31:47.233+0000] {dag.py:4180} INFO - Setting next_dagrun for example_subdag_operator to 2022-01-01 05:00:00+00:00, run_after=2022-01-01 05:00:00+00:00
[2024-09-27T20:31:47.239+0000] {logging_mixin.py:190} INFO - [2024-09-27T20:31:47.239+0000] {dag.py:4180} INFO - Setting next_dagrun for example_subdag_operator.section-1 to None, run_after=None
[2024-09-27T20:31:47.240+0000] {logging_mixin.py:190} INFO - [2024-09-27T20:31:47.240+0000] {dag.py:4180} INFO - Setting next_dagrun for example_subdag_operator.section-2 to None, run_after=None
[2024-09-27T20:31:47.247+0000] {logging_mixin.py:190} INFO - [2024-09-27T20:31:47.247+0000] {dag.py:3239} INFO - Sync 2 DAGs
[2024-09-27T20:31:47.253+0000] {logging_mixin.py:190} INFO - [2024-09-27T20:31:47.253+0000] {dag.py:4180} INFO - Setting next_dagrun for example_subdag_operator.section-1 to None, run_after=None
[2024-09-27T20:31:47.254+0000] {logging_mixin.py:190} INFO - [2024-09-27T20:31:47.254+0000] {dag.py:4180} INFO - Setting next_dagrun for example_subdag_operator.section-2 to None, run_after=None
[2024-09-27T20:31:47.265+0000] {processor.py:208} INFO - Processing /home/airflow/.local/lib/python3.12/site-packages/airflow/example_dags/example_subdag_operator.py took 0.148 seconds
[2024-09-27T20:32:17.805+0000] {processor.py:186} INFO - Started process (PID=1360) to work on /home/airflow/.local/lib/python3.12/site-packages/airflow/example_dags/example_subdag_operator.py
[2024-09-27T20:32:17.806+0000] {processor.py:914} INFO - Processing file /home/airflow/.local/lib/python3.12/site-packages/airflow/example_dags/example_subdag_operator.py for tasks to queue
[2024-09-27T20:32:17.808+0000] {logging_mixin.py:190} INFO - [2024-09-27T20:32:17.808+0000] {dagbag.py:588} INFO - Filling up the DagBag from /home/airflow/.local/lib/python3.12/site-packages/airflow/example_dags/example_subdag_operator.py
[2024-09-27T20:32:17.828+0000] {processor.py:925} INFO - DAG(s) 'example_subdag_operator.section-1', 'example_subdag_operator.section-2', 'example_subdag_operator' retrieved from /home/airflow/.local/lib/python3.12/site-packages/airflow/example_dags/example_subdag_operator.py
[2024-09-27T20:32:17.840+0000] {logging_mixin.py:190} INFO - [2024-09-27T20:32:17.840+0000] {dag.py:3239} INFO - Sync 3 DAGs
[2024-09-27T20:32:17.860+0000] {logging_mixin.py:190} INFO - [2024-09-27T20:32:17.859+0000] {dag.py:4180} INFO - Setting next_dagrun for example_subdag_operator to 2022-01-01 05:00:00+00:00, run_after=2022-01-01 05:00:00+00:00
[2024-09-27T20:32:17.863+0000] {logging_mixin.py:190} INFO - [2024-09-27T20:32:17.862+0000] {dag.py:4180} INFO - Setting next_dagrun for example_subdag_operator.section-1 to None, run_after=None
[2024-09-27T20:32:17.864+0000] {logging_mixin.py:190} INFO - [2024-09-27T20:32:17.863+0000] {dag.py:4180} INFO - Setting next_dagrun for example_subdag_operator.section-2 to None, run_after=None
[2024-09-27T20:32:17.869+0000] {logging_mixin.py:190} INFO - [2024-09-27T20:32:17.869+0000] {dag.py:3239} INFO - Sync 2 DAGs
[2024-09-27T20:32:17.873+0000] {logging_mixin.py:190} INFO - [2024-09-27T20:32:17.873+0000] {dag.py:4180} INFO - Setting next_dagrun for example_subdag_operator.section-1 to None, run_after=None
[2024-09-27T20:32:17.874+0000] {logging_mixin.py:190} INFO - [2024-09-27T20:32:17.874+0000] {dag.py:4180} INFO - Setting next_dagrun for example_subdag_operator.section-2 to None, run_after=None
[2024-09-27T20:32:17.883+0000] {processor.py:208} INFO - Processing /home/airflow/.local/lib/python3.12/site-packages/airflow/example_dags/example_subdag_operator.py took 0.083 seconds
[2024-09-27T20:32:48.295+0000] {processor.py:186} INFO - Started process (PID=1423) to work on /home/airflow/.local/lib/python3.12/site-packages/airflow/example_dags/example_subdag_operator.py
[2024-09-27T20:32:48.296+0000] {processor.py:914} INFO - Processing file /home/airflow/.local/lib/python3.12/site-packages/airflow/example_dags/example_subdag_operator.py for tasks to queue
[2024-09-27T20:32:48.298+0000] {logging_mixin.py:190} INFO - [2024-09-27T20:32:48.298+0000] {dagbag.py:588} INFO - Filling up the DagBag from /home/airflow/.local/lib/python3.12/site-packages/airflow/example_dags/example_subdag_operator.py
[2024-09-27T20:32:48.317+0000] {processor.py:925} INFO - DAG(s) 'example_subdag_operator.section-1', 'example_subdag_operator.section-2', 'example_subdag_operator' retrieved from /home/airflow/.local/lib/python3.12/site-packages/airflow/example_dags/example_subdag_operator.py
[2024-09-27T20:32:48.328+0000] {logging_mixin.py:190} INFO - [2024-09-27T20:32:48.328+0000] {dag.py:3239} INFO - Sync 3 DAGs
[2024-09-27T20:32:48.346+0000] {logging_mixin.py:190} INFO - [2024-09-27T20:32:48.345+0000] {dag.py:4180} INFO - Setting next_dagrun for example_subdag_operator to 2022-01-01 05:00:00+00:00, run_after=2022-01-01 05:00:00+00:00
[2024-09-27T20:32:48.348+0000] {logging_mixin.py:190} INFO - [2024-09-27T20:32:48.348+0000] {dag.py:4180} INFO - Setting next_dagrun for example_subdag_operator.section-1 to None, run_after=None
[2024-09-27T20:32:48.349+0000] {logging_mixin.py:190} INFO - [2024-09-27T20:32:48.349+0000] {dag.py:4180} INFO - Setting next_dagrun for example_subdag_operator.section-2 to None, run_after=None
[2024-09-27T20:32:48.355+0000] {logging_mixin.py:190} INFO - [2024-09-27T20:32:48.354+0000] {dag.py:3239} INFO - Sync 2 DAGs
[2024-09-27T20:32:48.359+0000] {logging_mixin.py:190} INFO - [2024-09-27T20:32:48.359+0000] {dag.py:4180} INFO - Setting next_dagrun for example_subdag_operator.section-1 to None, run_after=None
[2024-09-27T20:32:48.359+0000] {logging_mixin.py:190} INFO - [2024-09-27T20:32:48.359+0000] {dag.py:4180} INFO - Setting next_dagrun for example_subdag_operator.section-2 to None, run_after=None
[2024-09-27T20:32:48.369+0000] {processor.py:208} INFO - Processing /home/airflow/.local/lib/python3.12/site-packages/airflow/example_dags/example_subdag_operator.py took 0.078 seconds
[2024-09-27T20:33:18.850+0000] {processor.py:186} INFO - Started process (PID=1486) to work on /home/airflow/.local/lib/python3.12/site-packages/airflow/example_dags/example_subdag_operator.py
[2024-09-27T20:33:18.851+0000] {processor.py:914} INFO - Processing file /home/airflow/.local/lib/python3.12/site-packages/airflow/example_dags/example_subdag_operator.py for tasks to queue
[2024-09-27T20:33:18.854+0000] {logging_mixin.py:190} INFO - [2024-09-27T20:33:18.853+0000] {dagbag.py:588} INFO - Filling up the DagBag from /home/airflow/.local/lib/python3.12/site-packages/airflow/example_dags/example_subdag_operator.py
[2024-09-27T20:33:18.877+0000] {processor.py:925} INFO - DAG(s) 'example_subdag_operator.section-1', 'example_subdag_operator.section-2', 'example_subdag_operator' retrieved from /home/airflow/.local/lib/python3.12/site-packages/airflow/example_dags/example_subdag_operator.py
[2024-09-27T20:33:18.893+0000] {logging_mixin.py:190} INFO - [2024-09-27T20:33:18.893+0000] {dag.py:3239} INFO - Sync 3 DAGs
[2024-09-27T20:33:18.920+0000] {logging_mixin.py:190} INFO - [2024-09-27T20:33:18.920+0000] {dag.py:4180} INFO - Setting next_dagrun for example_subdag_operator to 2022-01-01 05:00:00+00:00, run_after=2022-01-01 05:00:00+00:00
[2024-09-27T20:33:18.924+0000] {logging_mixin.py:190} INFO - [2024-09-27T20:33:18.924+0000] {dag.py:4180} INFO - Setting next_dagrun for example_subdag_operator.section-1 to None, run_after=None
[2024-09-27T20:33:18.925+0000] {logging_mixin.py:190} INFO - [2024-09-27T20:33:18.925+0000] {dag.py:4180} INFO - Setting next_dagrun for example_subdag_operator.section-2 to None, run_after=None
[2024-09-27T20:33:18.934+0000] {logging_mixin.py:190} INFO - [2024-09-27T20:33:18.934+0000] {dag.py:3239} INFO - Sync 2 DAGs
[2024-09-27T20:33:18.940+0000] {logging_mixin.py:190} INFO - [2024-09-27T20:33:18.940+0000] {dag.py:4180} INFO - Setting next_dagrun for example_subdag_operator.section-1 to None, run_after=None
[2024-09-27T20:33:18.941+0000] {logging_mixin.py:190} INFO - [2024-09-27T20:33:18.941+0000] {dag.py:4180} INFO - Setting next_dagrun for example_subdag_operator.section-2 to None, run_after=None
[2024-09-27T20:33:18.954+0000] {processor.py:208} INFO - Processing /home/airflow/.local/lib/python3.12/site-packages/airflow/example_dags/example_subdag_operator.py took 0.109 seconds
[2024-09-27T20:33:49.447+0000] {processor.py:186} INFO - Started process (PID=1549) to work on /home/airflow/.local/lib/python3.12/site-packages/airflow/example_dags/example_subdag_operator.py
[2024-09-27T20:33:49.448+0000] {processor.py:914} INFO - Processing file /home/airflow/.local/lib/python3.12/site-packages/airflow/example_dags/example_subdag_operator.py for tasks to queue
[2024-09-27T20:33:49.450+0000] {logging_mixin.py:190} INFO - [2024-09-27T20:33:49.450+0000] {dagbag.py:588} INFO - Filling up the DagBag from /home/airflow/.local/lib/python3.12/site-packages/airflow/example_dags/example_subdag_operator.py
[2024-09-27T20:33:49.470+0000] {processor.py:925} INFO - DAG(s) 'example_subdag_operator.section-1', 'example_subdag_operator.section-2', 'example_subdag_operator' retrieved from /home/airflow/.local/lib/python3.12/site-packages/airflow/example_dags/example_subdag_operator.py
[2024-09-27T20:33:49.482+0000] {logging_mixin.py:190} INFO - [2024-09-27T20:33:49.481+0000] {dag.py:3239} INFO - Sync 3 DAGs
[2024-09-27T20:33:49.500+0000] {logging_mixin.py:190} INFO - [2024-09-27T20:33:49.500+0000] {dag.py:4180} INFO - Setting next_dagrun for example_subdag_operator to 2022-01-01 05:00:00+00:00, run_after=2022-01-01 05:00:00+00:00
[2024-09-27T20:33:49.504+0000] {logging_mixin.py:190} INFO - [2024-09-27T20:33:49.504+0000] {dag.py:4180} INFO - Setting next_dagrun for example_subdag_operator.section-1 to None, run_after=None
[2024-09-27T20:33:49.505+0000] {logging_mixin.py:190} INFO - [2024-09-27T20:33:49.505+0000] {dag.py:4180} INFO - Setting next_dagrun for example_subdag_operator.section-2 to None, run_after=None
[2024-09-27T20:33:49.511+0000] {logging_mixin.py:190} INFO - [2024-09-27T20:33:49.511+0000] {dag.py:3239} INFO - Sync 2 DAGs
[2024-09-27T20:33:49.516+0000] {logging_mixin.py:190} INFO - [2024-09-27T20:33:49.516+0000] {dag.py:4180} INFO - Setting next_dagrun for example_subdag_operator.section-1 to None, run_after=None
[2024-09-27T20:33:49.516+0000] {logging_mixin.py:190} INFO - [2024-09-27T20:33:49.516+0000] {dag.py:4180} INFO - Setting next_dagrun for example_subdag_operator.section-2 to None, run_after=None
[2024-09-27T20:33:49.525+0000] {processor.py:208} INFO - Processing /home/airflow/.local/lib/python3.12/site-packages/airflow/example_dags/example_subdag_operator.py took 0.082 seconds
[2024-09-27T20:34:19.796+0000] {processor.py:186} INFO - Started process (PID=1612) to work on /home/airflow/.local/lib/python3.12/site-packages/airflow/example_dags/example_subdag_operator.py
[2024-09-27T20:34:19.797+0000] {processor.py:914} INFO - Processing file /home/airflow/.local/lib/python3.12/site-packages/airflow/example_dags/example_subdag_operator.py for tasks to queue
[2024-09-27T20:34:19.800+0000] {logging_mixin.py:190} INFO - [2024-09-27T20:34:19.799+0000] {dagbag.py:588} INFO - Filling up the DagBag from /home/airflow/.local/lib/python3.12/site-packages/airflow/example_dags/example_subdag_operator.py
[2024-09-27T20:34:19.822+0000] {processor.py:925} INFO - DAG(s) 'example_subdag_operator.section-1', 'example_subdag_operator.section-2', 'example_subdag_operator' retrieved from /home/airflow/.local/lib/python3.12/site-packages/airflow/example_dags/example_subdag_operator.py
[2024-09-27T20:34:19.835+0000] {logging_mixin.py:190} INFO - [2024-09-27T20:34:19.835+0000] {dag.py:3239} INFO - Sync 3 DAGs
[2024-09-27T20:34:19.855+0000] {logging_mixin.py:190} INFO - [2024-09-27T20:34:19.854+0000] {dag.py:4180} INFO - Setting next_dagrun for example_subdag_operator to 2022-01-01 05:00:00+00:00, run_after=2022-01-01 05:00:00+00:00
[2024-09-27T20:34:19.858+0000] {logging_mixin.py:190} INFO - [2024-09-27T20:34:19.857+0000] {dag.py:4180} INFO - Setting next_dagrun for example_subdag_operator.section-1 to None, run_after=None
[2024-09-27T20:34:19.859+0000] {logging_mixin.py:190} INFO - [2024-09-27T20:34:19.859+0000] {dag.py:4180} INFO - Setting next_dagrun for example_subdag_operator.section-2 to None, run_after=None
[2024-09-27T20:34:19.865+0000] {logging_mixin.py:190} INFO - [2024-09-27T20:34:19.865+0000] {dag.py:3239} INFO - Sync 2 DAGs
[2024-09-27T20:34:19.870+0000] {logging_mixin.py:190} INFO - [2024-09-27T20:34:19.870+0000] {dag.py:4180} INFO - Setting next_dagrun for example_subdag_operator.section-1 to None, run_after=None
[2024-09-27T20:34:19.870+0000] {logging_mixin.py:190} INFO - [2024-09-27T20:34:19.870+0000] {dag.py:4180} INFO - Setting next_dagrun for example_subdag_operator.section-2 to None, run_after=None
[2024-09-27T20:34:19.879+0000] {processor.py:208} INFO - Processing /home/airflow/.local/lib/python3.12/site-packages/airflow/example_dags/example_subdag_operator.py took 0.088 seconds
