[2024-09-27T19:45:56.576+0000] {processor.py:186} INFO - Started process (PID=61) to work on /home/airflow/.local/lib/python3.12/site-packages/airflow/example_dags/example_latest_only.py
[2024-09-27T19:45:56.578+0000] {processor.py:914} INFO - Processing file /home/airflow/.local/lib/python3.12/site-packages/airflow/example_dags/example_latest_only.py for tasks to queue
[2024-09-27T19:45:56.580+0000] {logging_mixin.py:190} INFO - [2024-09-27T19:45:56.580+0000] {dagbag.py:588} INFO - Filling up the DagBag from /home/airflow/.local/lib/python3.12/site-packages/airflow/example_dags/example_latest_only.py
[2024-09-27T19:45:56.608+0000] {processor.py:925} INFO - DAG(s) 'latest_only' retrieved from /home/airflow/.local/lib/python3.12/site-packages/airflow/example_dags/example_latest_only.py
[2024-09-27T19:45:56.666+0000] {logging_mixin.py:190} INFO - [2024-09-27T19:45:56.666+0000] {dag.py:3239} INFO - Sync 1 DAGs
[2024-09-27T19:45:56.702+0000] {logging_mixin.py:190} INFO - [2024-09-27T19:45:56.702+0000] {dag.py:4180} INFO - Setting next_dagrun for latest_only to 2024-09-27 12:00:00+00:00, run_after=2024-09-27 16:00:00+00:00
[2024-09-27T19:45:56.725+0000] {processor.py:208} INFO - Processing /home/airflow/.local/lib/python3.12/site-packages/airflow/example_dags/example_latest_only.py took 0.158 seconds
[2024-09-27T19:46:27.750+0000] {processor.py:186} INFO - Started process (PID=124) to work on /home/airflow/.local/lib/python3.12/site-packages/airflow/example_dags/example_latest_only.py
[2024-09-27T19:46:27.751+0000] {processor.py:914} INFO - Processing file /home/airflow/.local/lib/python3.12/site-packages/airflow/example_dags/example_latest_only.py for tasks to queue
[2024-09-27T19:46:27.752+0000] {logging_mixin.py:190} INFO - [2024-09-27T19:46:27.752+0000] {dagbag.py:588} INFO - Filling up the DagBag from /home/airflow/.local/lib/python3.12/site-packages/airflow/example_dags/example_latest_only.py
[2024-09-27T19:46:27.757+0000] {processor.py:925} INFO - DAG(s) 'latest_only' retrieved from /home/airflow/.local/lib/python3.12/site-packages/airflow/example_dags/example_latest_only.py
[2024-09-27T19:46:27.773+0000] {logging_mixin.py:190} INFO - [2024-09-27T19:46:27.773+0000] {dag.py:3239} INFO - Sync 1 DAGs
[2024-09-27T19:46:27.794+0000] {logging_mixin.py:190} INFO - [2024-09-27T19:46:27.793+0000] {dag.py:4180} INFO - Setting next_dagrun for latest_only to 2024-09-27 12:00:00+00:00, run_after=2024-09-27 16:00:00+00:00
[2024-09-27T19:46:27.840+0000] {processor.py:208} INFO - Processing /home/airflow/.local/lib/python3.12/site-packages/airflow/example_dags/example_latest_only.py took 0.094 seconds
[2024-09-27T19:46:58.040+0000] {processor.py:186} INFO - Started process (PID=187) to work on /home/airflow/.local/lib/python3.12/site-packages/airflow/example_dags/example_latest_only.py
[2024-09-27T19:46:58.041+0000] {processor.py:914} INFO - Processing file /home/airflow/.local/lib/python3.12/site-packages/airflow/example_dags/example_latest_only.py for tasks to queue
[2024-09-27T19:46:58.042+0000] {logging_mixin.py:190} INFO - [2024-09-27T19:46:58.042+0000] {dagbag.py:588} INFO - Filling up the DagBag from /home/airflow/.local/lib/python3.12/site-packages/airflow/example_dags/example_latest_only.py
[2024-09-27T19:46:58.047+0000] {processor.py:925} INFO - DAG(s) 'latest_only' retrieved from /home/airflow/.local/lib/python3.12/site-packages/airflow/example_dags/example_latest_only.py
[2024-09-27T19:46:58.065+0000] {logging_mixin.py:190} INFO - [2024-09-27T19:46:58.064+0000] {dag.py:3239} INFO - Sync 1 DAGs
[2024-09-27T19:46:58.083+0000] {logging_mixin.py:190} INFO - [2024-09-27T19:46:58.083+0000] {dag.py:4180} INFO - Setting next_dagrun for latest_only to 2024-09-27 12:00:00+00:00, run_after=2024-09-27 16:00:00+00:00
[2024-09-27T19:46:58.098+0000] {processor.py:208} INFO - Processing /home/airflow/.local/lib/python3.12/site-packages/airflow/example_dags/example_latest_only.py took 0.062 seconds
[2024-09-27T19:47:28.256+0000] {processor.py:186} INFO - Started process (PID=254) to work on /home/airflow/.local/lib/python3.12/site-packages/airflow/example_dags/example_latest_only.py
[2024-09-27T19:47:28.257+0000] {processor.py:914} INFO - Processing file /home/airflow/.local/lib/python3.12/site-packages/airflow/example_dags/example_latest_only.py for tasks to queue
[2024-09-27T19:47:28.260+0000] {logging_mixin.py:190} INFO - [2024-09-27T19:47:28.259+0000] {dagbag.py:588} INFO - Filling up the DagBag from /home/airflow/.local/lib/python3.12/site-packages/airflow/example_dags/example_latest_only.py
[2024-09-27T19:47:28.267+0000] {processor.py:925} INFO - DAG(s) 'latest_only' retrieved from /home/airflow/.local/lib/python3.12/site-packages/airflow/example_dags/example_latest_only.py
[2024-09-27T19:47:28.286+0000] {logging_mixin.py:190} INFO - [2024-09-27T19:47:28.286+0000] {dag.py:3239} INFO - Sync 1 DAGs
[2024-09-27T19:47:28.308+0000] {logging_mixin.py:190} INFO - [2024-09-27T19:47:28.308+0000] {dag.py:4180} INFO - Setting next_dagrun for latest_only to 2024-09-27 12:00:00+00:00, run_after=2024-09-27 16:00:00+00:00
[2024-09-27T19:47:28.333+0000] {processor.py:208} INFO - Processing /home/airflow/.local/lib/python3.12/site-packages/airflow/example_dags/example_latest_only.py took 0.084 seconds
[2024-09-27T19:47:58.928+0000] {processor.py:186} INFO - Started process (PID=335) to work on /home/airflow/.local/lib/python3.12/site-packages/airflow/example_dags/example_latest_only.py
[2024-09-27T19:47:58.929+0000] {processor.py:914} INFO - Processing file /home/airflow/.local/lib/python3.12/site-packages/airflow/example_dags/example_latest_only.py for tasks to queue
[2024-09-27T19:47:58.930+0000] {logging_mixin.py:190} INFO - [2024-09-27T19:47:58.930+0000] {dagbag.py:588} INFO - Filling up the DagBag from /home/airflow/.local/lib/python3.12/site-packages/airflow/example_dags/example_latest_only.py
[2024-09-27T19:47:58.937+0000] {processor.py:925} INFO - DAG(s) 'latest_only' retrieved from /home/airflow/.local/lib/python3.12/site-packages/airflow/example_dags/example_latest_only.py
[2024-09-27T19:47:58.954+0000] {logging_mixin.py:190} INFO - [2024-09-27T19:47:58.954+0000] {dag.py:3239} INFO - Sync 1 DAGs
[2024-09-27T19:47:58.978+0000] {logging_mixin.py:190} INFO - [2024-09-27T19:47:58.978+0000] {dag.py:4180} INFO - Setting next_dagrun for latest_only to 2024-09-27 12:00:00+00:00, run_after=2024-09-27 16:00:00+00:00
[2024-09-27T19:47:58.993+0000] {processor.py:208} INFO - Processing /home/airflow/.local/lib/python3.12/site-packages/airflow/example_dags/example_latest_only.py took 0.070 seconds
[2024-09-27T20:22:01.218+0000] {processor.py:186} INFO - Started process (PID=49) to work on /home/airflow/.local/lib/python3.12/site-packages/airflow/example_dags/example_latest_only.py
[2024-09-27T20:22:01.219+0000] {processor.py:914} INFO - Processing file /home/airflow/.local/lib/python3.12/site-packages/airflow/example_dags/example_latest_only.py for tasks to queue
[2024-09-27T20:22:01.222+0000] {logging_mixin.py:190} INFO - [2024-09-27T20:22:01.221+0000] {dagbag.py:588} INFO - Filling up the DagBag from /home/airflow/.local/lib/python3.12/site-packages/airflow/example_dags/example_latest_only.py
[2024-09-27T20:22:01.240+0000] {processor.py:925} INFO - DAG(s) 'latest_only' retrieved from /home/airflow/.local/lib/python3.12/site-packages/airflow/example_dags/example_latest_only.py
[2024-09-27T20:22:01.275+0000] {logging_mixin.py:190} INFO - [2024-09-27T20:22:01.274+0000] {dag.py:3239} INFO - Sync 1 DAGs
[2024-09-27T20:22:01.303+0000] {logging_mixin.py:190} INFO - [2024-09-27T20:22:01.303+0000] {dag.py:4180} INFO - Setting next_dagrun for latest_only to 2024-09-27 16:00:00+00:00, run_after=2024-09-27 20:00:00+00:00
[2024-09-27T20:22:01.322+0000] {processor.py:208} INFO - Processing /home/airflow/.local/lib/python3.12/site-packages/airflow/example_dags/example_latest_only.py took 0.110 seconds
[2024-09-27T20:22:32.136+0000] {processor.py:186} INFO - Started process (PID=112) to work on /home/airflow/.local/lib/python3.12/site-packages/airflow/example_dags/example_latest_only.py
[2024-09-27T20:22:32.137+0000] {processor.py:914} INFO - Processing file /home/airflow/.local/lib/python3.12/site-packages/airflow/example_dags/example_latest_only.py for tasks to queue
[2024-09-27T20:22:32.138+0000] {logging_mixin.py:190} INFO - [2024-09-27T20:22:32.138+0000] {dagbag.py:588} INFO - Filling up the DagBag from /home/airflow/.local/lib/python3.12/site-packages/airflow/example_dags/example_latest_only.py
[2024-09-27T20:22:32.143+0000] {processor.py:925} INFO - DAG(s) 'latest_only' retrieved from /home/airflow/.local/lib/python3.12/site-packages/airflow/example_dags/example_latest_only.py
[2024-09-27T20:22:32.158+0000] {logging_mixin.py:190} INFO - [2024-09-27T20:22:32.158+0000] {dag.py:3239} INFO - Sync 1 DAGs
[2024-09-27T20:22:32.176+0000] {logging_mixin.py:190} INFO - [2024-09-27T20:22:32.176+0000] {dag.py:4180} INFO - Setting next_dagrun for latest_only to 2024-09-27 16:00:00+00:00, run_after=2024-09-27 20:00:00+00:00
[2024-09-27T20:22:32.190+0000] {processor.py:208} INFO - Processing /home/airflow/.local/lib/python3.12/site-packages/airflow/example_dags/example_latest_only.py took 0.058 seconds
[2024-09-27T20:23:02.374+0000] {processor.py:186} INFO - Started process (PID=186) to work on /home/airflow/.local/lib/python3.12/site-packages/airflow/example_dags/example_latest_only.py
[2024-09-27T20:23:02.375+0000] {processor.py:914} INFO - Processing file /home/airflow/.local/lib/python3.12/site-packages/airflow/example_dags/example_latest_only.py for tasks to queue
[2024-09-27T20:23:02.377+0000] {logging_mixin.py:190} INFO - [2024-09-27T20:23:02.376+0000] {dagbag.py:588} INFO - Filling up the DagBag from /home/airflow/.local/lib/python3.12/site-packages/airflow/example_dags/example_latest_only.py
[2024-09-27T20:23:02.382+0000] {processor.py:925} INFO - DAG(s) 'latest_only' retrieved from /home/airflow/.local/lib/python3.12/site-packages/airflow/example_dags/example_latest_only.py
[2024-09-27T20:23:02.398+0000] {logging_mixin.py:190} INFO - [2024-09-27T20:23:02.398+0000] {dag.py:3239} INFO - Sync 1 DAGs
[2024-09-27T20:23:02.418+0000] {logging_mixin.py:190} INFO - [2024-09-27T20:23:02.418+0000] {dag.py:4180} INFO - Setting next_dagrun for latest_only to 2024-09-27 16:00:00+00:00, run_after=2024-09-27 20:00:00+00:00
[2024-09-27T20:23:02.433+0000] {processor.py:208} INFO - Processing /home/airflow/.local/lib/python3.12/site-packages/airflow/example_dags/example_latest_only.py took 0.063 seconds
[2024-09-27T20:23:32.848+0000] {processor.py:186} INFO - Started process (PID=250) to work on /home/airflow/.local/lib/python3.12/site-packages/airflow/example_dags/example_latest_only.py
[2024-09-27T20:23:32.849+0000] {processor.py:914} INFO - Processing file /home/airflow/.local/lib/python3.12/site-packages/airflow/example_dags/example_latest_only.py for tasks to queue
[2024-09-27T20:23:32.852+0000] {logging_mixin.py:190} INFO - [2024-09-27T20:23:32.852+0000] {dagbag.py:588} INFO - Filling up the DagBag from /home/airflow/.local/lib/python3.12/site-packages/airflow/example_dags/example_latest_only.py
[2024-09-27T20:23:32.858+0000] {processor.py:925} INFO - DAG(s) 'latest_only' retrieved from /home/airflow/.local/lib/python3.12/site-packages/airflow/example_dags/example_latest_only.py
[2024-09-27T20:23:32.874+0000] {logging_mixin.py:190} INFO - [2024-09-27T20:23:32.874+0000] {dag.py:3239} INFO - Sync 1 DAGs
[2024-09-27T20:23:32.895+0000] {logging_mixin.py:190} INFO - [2024-09-27T20:23:32.895+0000] {dag.py:4180} INFO - Setting next_dagrun for latest_only to 2024-09-27 16:00:00+00:00, run_after=2024-09-27 20:00:00+00:00
[2024-09-27T20:23:32.910+0000] {processor.py:208} INFO - Processing /home/airflow/.local/lib/python3.12/site-packages/airflow/example_dags/example_latest_only.py took 0.066 seconds
[2024-09-27T20:24:03.651+0000] {processor.py:186} INFO - Started process (PID=313) to work on /home/airflow/.local/lib/python3.12/site-packages/airflow/example_dags/example_latest_only.py
[2024-09-27T20:24:03.651+0000] {processor.py:914} INFO - Processing file /home/airflow/.local/lib/python3.12/site-packages/airflow/example_dags/example_latest_only.py for tasks to queue
[2024-09-27T20:24:03.653+0000] {logging_mixin.py:190} INFO - [2024-09-27T20:24:03.653+0000] {dagbag.py:588} INFO - Filling up the DagBag from /home/airflow/.local/lib/python3.12/site-packages/airflow/example_dags/example_latest_only.py
[2024-09-27T20:24:03.659+0000] {processor.py:925} INFO - DAG(s) 'latest_only' retrieved from /home/airflow/.local/lib/python3.12/site-packages/airflow/example_dags/example_latest_only.py
[2024-09-27T20:24:03.675+0000] {logging_mixin.py:190} INFO - [2024-09-27T20:24:03.675+0000] {dag.py:3239} INFO - Sync 1 DAGs
[2024-09-27T20:24:03.699+0000] {logging_mixin.py:190} INFO - [2024-09-27T20:24:03.699+0000] {dag.py:4180} INFO - Setting next_dagrun for latest_only to 2024-09-27 16:00:00+00:00, run_after=2024-09-27 20:00:00+00:00
[2024-09-27T20:24:03.720+0000] {processor.py:208} INFO - Processing /home/airflow/.local/lib/python3.12/site-packages/airflow/example_dags/example_latest_only.py took 0.074 seconds
[2024-09-27T20:24:33.948+0000] {processor.py:186} INFO - Started process (PID=376) to work on /home/airflow/.local/lib/python3.12/site-packages/airflow/example_dags/example_latest_only.py
[2024-09-27T20:24:33.949+0000] {processor.py:914} INFO - Processing file /home/airflow/.local/lib/python3.12/site-packages/airflow/example_dags/example_latest_only.py for tasks to queue
[2024-09-27T20:24:33.951+0000] {logging_mixin.py:190} INFO - [2024-09-27T20:24:33.950+0000] {dagbag.py:588} INFO - Filling up the DagBag from /home/airflow/.local/lib/python3.12/site-packages/airflow/example_dags/example_latest_only.py
[2024-09-27T20:24:33.957+0000] {processor.py:925} INFO - DAG(s) 'latest_only' retrieved from /home/airflow/.local/lib/python3.12/site-packages/airflow/example_dags/example_latest_only.py
[2024-09-27T20:24:33.972+0000] {logging_mixin.py:190} INFO - [2024-09-27T20:24:33.972+0000] {dag.py:3239} INFO - Sync 1 DAGs
[2024-09-27T20:24:33.994+0000] {logging_mixin.py:190} INFO - [2024-09-27T20:24:33.994+0000] {dag.py:4180} INFO - Setting next_dagrun for latest_only to 2024-09-27 16:00:00+00:00, run_after=2024-09-27 20:00:00+00:00
[2024-09-27T20:24:34.043+0000] {processor.py:208} INFO - Processing /home/airflow/.local/lib/python3.12/site-packages/airflow/example_dags/example_latest_only.py took 0.099 seconds
[2024-09-27T20:25:04.401+0000] {processor.py:186} INFO - Started process (PID=439) to work on /home/airflow/.local/lib/python3.12/site-packages/airflow/example_dags/example_latest_only.py
[2024-09-27T20:25:04.402+0000] {processor.py:914} INFO - Processing file /home/airflow/.local/lib/python3.12/site-packages/airflow/example_dags/example_latest_only.py for tasks to queue
[2024-09-27T20:25:04.404+0000] {logging_mixin.py:190} INFO - [2024-09-27T20:25:04.403+0000] {dagbag.py:588} INFO - Filling up the DagBag from /home/airflow/.local/lib/python3.12/site-packages/airflow/example_dags/example_latest_only.py
[2024-09-27T20:25:04.409+0000] {processor.py:925} INFO - DAG(s) 'latest_only' retrieved from /home/airflow/.local/lib/python3.12/site-packages/airflow/example_dags/example_latest_only.py
[2024-09-27T20:25:04.424+0000] {logging_mixin.py:190} INFO - [2024-09-27T20:25:04.424+0000] {dag.py:3239} INFO - Sync 1 DAGs
[2024-09-27T20:25:04.443+0000] {logging_mixin.py:190} INFO - [2024-09-27T20:25:04.443+0000] {dag.py:4180} INFO - Setting next_dagrun for latest_only to 2024-09-27 16:00:00+00:00, run_after=2024-09-27 20:00:00+00:00
[2024-09-27T20:25:04.465+0000] {processor.py:208} INFO - Processing /home/airflow/.local/lib/python3.12/site-packages/airflow/example_dags/example_latest_only.py took 0.067 seconds
[2024-09-27T20:25:34.713+0000] {processor.py:186} INFO - Started process (PID=502) to work on /home/airflow/.local/lib/python3.12/site-packages/airflow/example_dags/example_latest_only.py
[2024-09-27T20:25:34.714+0000] {processor.py:914} INFO - Processing file /home/airflow/.local/lib/python3.12/site-packages/airflow/example_dags/example_latest_only.py for tasks to queue
[2024-09-27T20:25:34.715+0000] {logging_mixin.py:190} INFO - [2024-09-27T20:25:34.715+0000] {dagbag.py:588} INFO - Filling up the DagBag from /home/airflow/.local/lib/python3.12/site-packages/airflow/example_dags/example_latest_only.py
[2024-09-27T20:25:34.721+0000] {processor.py:925} INFO - DAG(s) 'latest_only' retrieved from /home/airflow/.local/lib/python3.12/site-packages/airflow/example_dags/example_latest_only.py
[2024-09-27T20:25:34.736+0000] {logging_mixin.py:190} INFO - [2024-09-27T20:25:34.735+0000] {dag.py:3239} INFO - Sync 1 DAGs
[2024-09-27T20:25:34.753+0000] {logging_mixin.py:190} INFO - [2024-09-27T20:25:34.753+0000] {dag.py:4180} INFO - Setting next_dagrun for latest_only to 2024-09-27 16:00:00+00:00, run_after=2024-09-27 20:00:00+00:00
[2024-09-27T20:25:34.766+0000] {processor.py:208} INFO - Processing /home/airflow/.local/lib/python3.12/site-packages/airflow/example_dags/example_latest_only.py took 0.058 seconds
[2024-09-27T20:26:04.920+0000] {processor.py:186} INFO - Started process (PID=565) to work on /home/airflow/.local/lib/python3.12/site-packages/airflow/example_dags/example_latest_only.py
[2024-09-27T20:26:04.921+0000] {processor.py:914} INFO - Processing file /home/airflow/.local/lib/python3.12/site-packages/airflow/example_dags/example_latest_only.py for tasks to queue
[2024-09-27T20:26:04.923+0000] {logging_mixin.py:190} INFO - [2024-09-27T20:26:04.922+0000] {dagbag.py:588} INFO - Filling up the DagBag from /home/airflow/.local/lib/python3.12/site-packages/airflow/example_dags/example_latest_only.py
[2024-09-27T20:26:04.927+0000] {processor.py:925} INFO - DAG(s) 'latest_only' retrieved from /home/airflow/.local/lib/python3.12/site-packages/airflow/example_dags/example_latest_only.py
[2024-09-27T20:26:04.943+0000] {logging_mixin.py:190} INFO - [2024-09-27T20:26:04.942+0000] {dag.py:3239} INFO - Sync 1 DAGs
[2024-09-27T20:26:04.960+0000] {logging_mixin.py:190} INFO - [2024-09-27T20:26:04.960+0000] {dag.py:4180} INFO - Setting next_dagrun for latest_only to 2024-09-27 16:00:00+00:00, run_after=2024-09-27 20:00:00+00:00
[2024-09-27T20:26:04.980+0000] {processor.py:208} INFO - Processing /home/airflow/.local/lib/python3.12/site-packages/airflow/example_dags/example_latest_only.py took 0.064 seconds
[2024-09-27T20:26:35.340+0000] {processor.py:186} INFO - Started process (PID=628) to work on /home/airflow/.local/lib/python3.12/site-packages/airflow/example_dags/example_latest_only.py
[2024-09-27T20:26:35.341+0000] {processor.py:914} INFO - Processing file /home/airflow/.local/lib/python3.12/site-packages/airflow/example_dags/example_latest_only.py for tasks to queue
[2024-09-27T20:26:35.343+0000] {logging_mixin.py:190} INFO - [2024-09-27T20:26:35.342+0000] {dagbag.py:588} INFO - Filling up the DagBag from /home/airflow/.local/lib/python3.12/site-packages/airflow/example_dags/example_latest_only.py
[2024-09-27T20:26:35.348+0000] {processor.py:925} INFO - DAG(s) 'latest_only' retrieved from /home/airflow/.local/lib/python3.12/site-packages/airflow/example_dags/example_latest_only.py
[2024-09-27T20:26:35.363+0000] {logging_mixin.py:190} INFO - [2024-09-27T20:26:35.362+0000] {dag.py:3239} INFO - Sync 1 DAGs
[2024-09-27T20:26:35.381+0000] {logging_mixin.py:190} INFO - [2024-09-27T20:26:35.380+0000] {dag.py:4180} INFO - Setting next_dagrun for latest_only to 2024-09-27 16:00:00+00:00, run_after=2024-09-27 20:00:00+00:00
[2024-09-27T20:26:35.394+0000] {processor.py:208} INFO - Processing /home/airflow/.local/lib/python3.12/site-packages/airflow/example_dags/example_latest_only.py took 0.057 seconds
[2024-09-27T20:27:06.136+0000] {processor.py:186} INFO - Started process (PID=691) to work on /home/airflow/.local/lib/python3.12/site-packages/airflow/example_dags/example_latest_only.py
[2024-09-27T20:27:06.136+0000] {processor.py:914} INFO - Processing file /home/airflow/.local/lib/python3.12/site-packages/airflow/example_dags/example_latest_only.py for tasks to queue
[2024-09-27T20:27:06.138+0000] {logging_mixin.py:190} INFO - [2024-09-27T20:27:06.138+0000] {dagbag.py:588} INFO - Filling up the DagBag from /home/airflow/.local/lib/python3.12/site-packages/airflow/example_dags/example_latest_only.py
[2024-09-27T20:27:06.143+0000] {processor.py:925} INFO - DAG(s) 'latest_only' retrieved from /home/airflow/.local/lib/python3.12/site-packages/airflow/example_dags/example_latest_only.py
[2024-09-27T20:27:06.160+0000] {logging_mixin.py:190} INFO - [2024-09-27T20:27:06.160+0000] {dag.py:3239} INFO - Sync 1 DAGs
[2024-09-27T20:27:06.179+0000] {logging_mixin.py:190} INFO - [2024-09-27T20:27:06.178+0000] {dag.py:4180} INFO - Setting next_dagrun for latest_only to 2024-09-27 16:00:00+00:00, run_after=2024-09-27 20:00:00+00:00
[2024-09-27T20:27:06.193+0000] {processor.py:208} INFO - Processing /home/airflow/.local/lib/python3.12/site-packages/airflow/example_dags/example_latest_only.py took 0.062 seconds
[2024-09-27T20:27:37.284+0000] {processor.py:186} INFO - Started process (PID=754) to work on /home/airflow/.local/lib/python3.12/site-packages/airflow/example_dags/example_latest_only.py
[2024-09-27T20:27:37.286+0000] {processor.py:914} INFO - Processing file /home/airflow/.local/lib/python3.12/site-packages/airflow/example_dags/example_latest_only.py for tasks to queue
[2024-09-27T20:27:37.290+0000] {logging_mixin.py:190} INFO - [2024-09-27T20:27:37.289+0000] {dagbag.py:588} INFO - Filling up the DagBag from /home/airflow/.local/lib/python3.12/site-packages/airflow/example_dags/example_latest_only.py
[2024-09-27T20:27:37.306+0000] {processor.py:925} INFO - DAG(s) 'latest_only' retrieved from /home/airflow/.local/lib/python3.12/site-packages/airflow/example_dags/example_latest_only.py
[2024-09-27T20:27:37.363+0000] {logging_mixin.py:190} INFO - [2024-09-27T20:27:37.362+0000] {dag.py:3239} INFO - Sync 1 DAGs
[2024-09-27T20:27:37.431+0000] {logging_mixin.py:190} INFO - [2024-09-27T20:27:37.431+0000] {dag.py:4180} INFO - Setting next_dagrun for latest_only to 2024-09-27 16:00:00+00:00, run_after=2024-09-27 20:00:00+00:00
[2024-09-27T20:27:37.512+0000] {processor.py:208} INFO - Processing /home/airflow/.local/lib/python3.12/site-packages/airflow/example_dags/example_latest_only.py took 0.244 seconds
[2024-09-27T20:28:07.836+0000] {processor.py:186} INFO - Started process (PID=817) to work on /home/airflow/.local/lib/python3.12/site-packages/airflow/example_dags/example_latest_only.py
[2024-09-27T20:28:07.837+0000] {processor.py:914} INFO - Processing file /home/airflow/.local/lib/python3.12/site-packages/airflow/example_dags/example_latest_only.py for tasks to queue
[2024-09-27T20:28:07.839+0000] {logging_mixin.py:190} INFO - [2024-09-27T20:28:07.839+0000] {dagbag.py:588} INFO - Filling up the DagBag from /home/airflow/.local/lib/python3.12/site-packages/airflow/example_dags/example_latest_only.py
[2024-09-27T20:28:07.845+0000] {processor.py:925} INFO - DAG(s) 'latest_only' retrieved from /home/airflow/.local/lib/python3.12/site-packages/airflow/example_dags/example_latest_only.py
[2024-09-27T20:28:07.862+0000] {logging_mixin.py:190} INFO - [2024-09-27T20:28:07.861+0000] {dag.py:3239} INFO - Sync 1 DAGs
[2024-09-27T20:28:07.880+0000] {logging_mixin.py:190} INFO - [2024-09-27T20:28:07.880+0000] {dag.py:4180} INFO - Setting next_dagrun for latest_only to 2024-09-27 16:00:00+00:00, run_after=2024-09-27 20:00:00+00:00
[2024-09-27T20:28:07.894+0000] {processor.py:208} INFO - Processing /home/airflow/.local/lib/python3.12/site-packages/airflow/example_dags/example_latest_only.py took 0.063 seconds
[2024-09-27T20:28:37.984+0000] {processor.py:186} INFO - Started process (PID=880) to work on /home/airflow/.local/lib/python3.12/site-packages/airflow/example_dags/example_latest_only.py
[2024-09-27T20:28:37.985+0000] {processor.py:914} INFO - Processing file /home/airflow/.local/lib/python3.12/site-packages/airflow/example_dags/example_latest_only.py for tasks to queue
[2024-09-27T20:28:37.986+0000] {logging_mixin.py:190} INFO - [2024-09-27T20:28:37.986+0000] {dagbag.py:588} INFO - Filling up the DagBag from /home/airflow/.local/lib/python3.12/site-packages/airflow/example_dags/example_latest_only.py
[2024-09-27T20:28:37.992+0000] {processor.py:925} INFO - DAG(s) 'latest_only' retrieved from /home/airflow/.local/lib/python3.12/site-packages/airflow/example_dags/example_latest_only.py
[2024-09-27T20:28:38.009+0000] {logging_mixin.py:190} INFO - [2024-09-27T20:28:38.009+0000] {dag.py:3239} INFO - Sync 1 DAGs
[2024-09-27T20:28:38.030+0000] {logging_mixin.py:190} INFO - [2024-09-27T20:28:38.030+0000] {dag.py:4180} INFO - Setting next_dagrun for latest_only to 2024-09-27 16:00:00+00:00, run_after=2024-09-27 20:00:00+00:00
[2024-09-27T20:28:38.046+0000] {processor.py:208} INFO - Processing /home/airflow/.local/lib/python3.12/site-packages/airflow/example_dags/example_latest_only.py took 0.066 seconds
[2024-09-27T20:29:08.292+0000] {processor.py:186} INFO - Started process (PID=943) to work on /home/airflow/.local/lib/python3.12/site-packages/airflow/example_dags/example_latest_only.py
[2024-09-27T20:29:08.297+0000] {processor.py:914} INFO - Processing file /home/airflow/.local/lib/python3.12/site-packages/airflow/example_dags/example_latest_only.py for tasks to queue
[2024-09-27T20:29:08.300+0000] {logging_mixin.py:190} INFO - [2024-09-27T20:29:08.299+0000] {dagbag.py:588} INFO - Filling up the DagBag from /home/airflow/.local/lib/python3.12/site-packages/airflow/example_dags/example_latest_only.py
[2024-09-27T20:29:08.306+0000] {processor.py:925} INFO - DAG(s) 'latest_only' retrieved from /home/airflow/.local/lib/python3.12/site-packages/airflow/example_dags/example_latest_only.py
[2024-09-27T20:29:08.322+0000] {logging_mixin.py:190} INFO - [2024-09-27T20:29:08.322+0000] {dag.py:3239} INFO - Sync 1 DAGs
[2024-09-27T20:29:08.343+0000] {logging_mixin.py:190} INFO - [2024-09-27T20:29:08.343+0000] {dag.py:4180} INFO - Setting next_dagrun for latest_only to 2024-09-27 16:00:00+00:00, run_after=2024-09-27 20:00:00+00:00
[2024-09-27T20:29:08.358+0000] {processor.py:208} INFO - Processing /home/airflow/.local/lib/python3.12/site-packages/airflow/example_dags/example_latest_only.py took 0.071 seconds
[2024-09-27T20:29:38.643+0000] {processor.py:186} INFO - Started process (PID=1006) to work on /home/airflow/.local/lib/python3.12/site-packages/airflow/example_dags/example_latest_only.py
[2024-09-27T20:29:38.644+0000] {processor.py:914} INFO - Processing file /home/airflow/.local/lib/python3.12/site-packages/airflow/example_dags/example_latest_only.py for tasks to queue
[2024-09-27T20:29:38.645+0000] {logging_mixin.py:190} INFO - [2024-09-27T20:29:38.645+0000] {dagbag.py:588} INFO - Filling up the DagBag from /home/airflow/.local/lib/python3.12/site-packages/airflow/example_dags/example_latest_only.py
[2024-09-27T20:29:38.651+0000] {processor.py:925} INFO - DAG(s) 'latest_only' retrieved from /home/airflow/.local/lib/python3.12/site-packages/airflow/example_dags/example_latest_only.py
[2024-09-27T20:29:38.666+0000] {logging_mixin.py:190} INFO - [2024-09-27T20:29:38.666+0000] {dag.py:3239} INFO - Sync 1 DAGs
[2024-09-27T20:29:38.684+0000] {logging_mixin.py:190} INFO - [2024-09-27T20:29:38.684+0000] {dag.py:4180} INFO - Setting next_dagrun for latest_only to 2024-09-27 16:00:00+00:00, run_after=2024-09-27 20:00:00+00:00
[2024-09-27T20:29:38.698+0000] {processor.py:208} INFO - Processing /home/airflow/.local/lib/python3.12/site-packages/airflow/example_dags/example_latest_only.py took 0.059 seconds
[2024-09-27T20:30:09.057+0000] {processor.py:186} INFO - Started process (PID=1069) to work on /home/airflow/.local/lib/python3.12/site-packages/airflow/example_dags/example_latest_only.py
[2024-09-27T20:30:09.057+0000] {processor.py:914} INFO - Processing file /home/airflow/.local/lib/python3.12/site-packages/airflow/example_dags/example_latest_only.py for tasks to queue
[2024-09-27T20:30:09.059+0000] {logging_mixin.py:190} INFO - [2024-09-27T20:30:09.059+0000] {dagbag.py:588} INFO - Filling up the DagBag from /home/airflow/.local/lib/python3.12/site-packages/airflow/example_dags/example_latest_only.py
[2024-09-27T20:30:09.064+0000] {processor.py:925} INFO - DAG(s) 'latest_only' retrieved from /home/airflow/.local/lib/python3.12/site-packages/airflow/example_dags/example_latest_only.py
[2024-09-27T20:30:09.079+0000] {logging_mixin.py:190} INFO - [2024-09-27T20:30:09.079+0000] {dag.py:3239} INFO - Sync 1 DAGs
[2024-09-27T20:30:09.097+0000] {logging_mixin.py:190} INFO - [2024-09-27T20:30:09.097+0000] {dag.py:4180} INFO - Setting next_dagrun for latest_only to 2024-09-27 16:00:00+00:00, run_after=2024-09-27 20:00:00+00:00
[2024-09-27T20:30:09.111+0000] {processor.py:208} INFO - Processing /home/airflow/.local/lib/python3.12/site-packages/airflow/example_dags/example_latest_only.py took 0.059 seconds
[2024-09-27T20:30:39.357+0000] {processor.py:186} INFO - Started process (PID=1132) to work on /home/airflow/.local/lib/python3.12/site-packages/airflow/example_dags/example_latest_only.py
[2024-09-27T20:30:39.358+0000] {processor.py:914} INFO - Processing file /home/airflow/.local/lib/python3.12/site-packages/airflow/example_dags/example_latest_only.py for tasks to queue
[2024-09-27T20:30:39.360+0000] {logging_mixin.py:190} INFO - [2024-09-27T20:30:39.360+0000] {dagbag.py:588} INFO - Filling up the DagBag from /home/airflow/.local/lib/python3.12/site-packages/airflow/example_dags/example_latest_only.py
[2024-09-27T20:30:39.365+0000] {processor.py:925} INFO - DAG(s) 'latest_only' retrieved from /home/airflow/.local/lib/python3.12/site-packages/airflow/example_dags/example_latest_only.py
[2024-09-27T20:30:39.381+0000] {logging_mixin.py:190} INFO - [2024-09-27T20:30:39.381+0000] {dag.py:3239} INFO - Sync 1 DAGs
[2024-09-27T20:30:39.401+0000] {logging_mixin.py:190} INFO - [2024-09-27T20:30:39.401+0000] {dag.py:4180} INFO - Setting next_dagrun for latest_only to 2024-09-27 16:00:00+00:00, run_after=2024-09-27 20:00:00+00:00
[2024-09-27T20:30:39.415+0000] {processor.py:208} INFO - Processing /home/airflow/.local/lib/python3.12/site-packages/airflow/example_dags/example_latest_only.py took 0.062 seconds
[2024-09-27T20:31:09.557+0000] {processor.py:186} INFO - Started process (PID=1195) to work on /home/airflow/.local/lib/python3.12/site-packages/airflow/example_dags/example_latest_only.py
[2024-09-27T20:31:09.558+0000] {processor.py:914} INFO - Processing file /home/airflow/.local/lib/python3.12/site-packages/airflow/example_dags/example_latest_only.py for tasks to queue
[2024-09-27T20:31:09.560+0000] {logging_mixin.py:190} INFO - [2024-09-27T20:31:09.559+0000] {dagbag.py:588} INFO - Filling up the DagBag from /home/airflow/.local/lib/python3.12/site-packages/airflow/example_dags/example_latest_only.py
[2024-09-27T20:31:09.566+0000] {processor.py:925} INFO - DAG(s) 'latest_only' retrieved from /home/airflow/.local/lib/python3.12/site-packages/airflow/example_dags/example_latest_only.py
[2024-09-27T20:31:09.585+0000] {logging_mixin.py:190} INFO - [2024-09-27T20:31:09.584+0000] {dag.py:3239} INFO - Sync 1 DAGs
[2024-09-27T20:31:09.605+0000] {logging_mixin.py:190} INFO - [2024-09-27T20:31:09.605+0000] {dag.py:4180} INFO - Setting next_dagrun for latest_only to 2024-09-27 16:00:00+00:00, run_after=2024-09-27 20:00:00+00:00
[2024-09-27T20:31:09.620+0000] {processor.py:208} INFO - Processing /home/airflow/.local/lib/python3.12/site-packages/airflow/example_dags/example_latest_only.py took 0.067 seconds
[2024-09-27T20:31:39.959+0000] {processor.py:186} INFO - Started process (PID=1259) to work on /home/airflow/.local/lib/python3.12/site-packages/airflow/example_dags/example_latest_only.py
[2024-09-27T20:31:39.961+0000] {processor.py:914} INFO - Processing file /home/airflow/.local/lib/python3.12/site-packages/airflow/example_dags/example_latest_only.py for tasks to queue
[2024-09-27T20:31:39.968+0000] {logging_mixin.py:190} INFO - [2024-09-27T20:31:39.967+0000] {dagbag.py:588} INFO - Filling up the DagBag from /home/airflow/.local/lib/python3.12/site-packages/airflow/example_dags/example_latest_only.py
[2024-09-27T20:31:39.981+0000] {processor.py:925} INFO - DAG(s) 'latest_only' retrieved from /home/airflow/.local/lib/python3.12/site-packages/airflow/example_dags/example_latest_only.py
[2024-09-27T20:31:40.006+0000] {logging_mixin.py:190} INFO - [2024-09-27T20:31:40.006+0000] {dag.py:3239} INFO - Sync 1 DAGs
[2024-09-27T20:31:40.049+0000] {logging_mixin.py:190} INFO - [2024-09-27T20:31:40.048+0000] {dag.py:4180} INFO - Setting next_dagrun for latest_only to 2024-09-27 16:00:00+00:00, run_after=2024-09-27 20:00:00+00:00
[2024-09-27T20:31:40.093+0000] {processor.py:208} INFO - Processing /home/airflow/.local/lib/python3.12/site-packages/airflow/example_dags/example_latest_only.py took 0.142 seconds
[2024-09-27T20:32:10.281+0000] {processor.py:186} INFO - Started process (PID=1322) to work on /home/airflow/.local/lib/python3.12/site-packages/airflow/example_dags/example_latest_only.py
[2024-09-27T20:32:10.281+0000] {processor.py:914} INFO - Processing file /home/airflow/.local/lib/python3.12/site-packages/airflow/example_dags/example_latest_only.py for tasks to queue
[2024-09-27T20:32:10.283+0000] {logging_mixin.py:190} INFO - [2024-09-27T20:32:10.283+0000] {dagbag.py:588} INFO - Filling up the DagBag from /home/airflow/.local/lib/python3.12/site-packages/airflow/example_dags/example_latest_only.py
[2024-09-27T20:32:10.288+0000] {processor.py:925} INFO - DAG(s) 'latest_only' retrieved from /home/airflow/.local/lib/python3.12/site-packages/airflow/example_dags/example_latest_only.py
[2024-09-27T20:32:10.303+0000] {logging_mixin.py:190} INFO - [2024-09-27T20:32:10.303+0000] {dag.py:3239} INFO - Sync 1 DAGs
[2024-09-27T20:32:10.321+0000] {logging_mixin.py:190} INFO - [2024-09-27T20:32:10.321+0000] {dag.py:4180} INFO - Setting next_dagrun for latest_only to 2024-09-27 16:00:00+00:00, run_after=2024-09-27 20:00:00+00:00
[2024-09-27T20:32:10.333+0000] {processor.py:208} INFO - Processing /home/airflow/.local/lib/python3.12/site-packages/airflow/example_dags/example_latest_only.py took 0.057 seconds
[2024-09-27T20:32:41.018+0000] {processor.py:186} INFO - Started process (PID=1385) to work on /home/airflow/.local/lib/python3.12/site-packages/airflow/example_dags/example_latest_only.py
[2024-09-27T20:32:41.019+0000] {processor.py:914} INFO - Processing file /home/airflow/.local/lib/python3.12/site-packages/airflow/example_dags/example_latest_only.py for tasks to queue
[2024-09-27T20:32:41.021+0000] {logging_mixin.py:190} INFO - [2024-09-27T20:32:41.021+0000] {dagbag.py:588} INFO - Filling up the DagBag from /home/airflow/.local/lib/python3.12/site-packages/airflow/example_dags/example_latest_only.py
[2024-09-27T20:32:41.026+0000] {processor.py:925} INFO - DAG(s) 'latest_only' retrieved from /home/airflow/.local/lib/python3.12/site-packages/airflow/example_dags/example_latest_only.py
[2024-09-27T20:32:41.040+0000] {logging_mixin.py:190} INFO - [2024-09-27T20:32:41.039+0000] {dag.py:3239} INFO - Sync 1 DAGs
[2024-09-27T20:32:41.058+0000] {logging_mixin.py:190} INFO - [2024-09-27T20:32:41.058+0000] {dag.py:4180} INFO - Setting next_dagrun for latest_only to 2024-09-27 16:00:00+00:00, run_after=2024-09-27 20:00:00+00:00
[2024-09-27T20:32:41.072+0000] {processor.py:208} INFO - Processing /home/airflow/.local/lib/python3.12/site-packages/airflow/example_dags/example_latest_only.py took 0.058 seconds
[2024-09-27T20:33:11.331+0000] {processor.py:186} INFO - Started process (PID=1448) to work on /home/airflow/.local/lib/python3.12/site-packages/airflow/example_dags/example_latest_only.py
[2024-09-27T20:33:11.331+0000] {processor.py:914} INFO - Processing file /home/airflow/.local/lib/python3.12/site-packages/airflow/example_dags/example_latest_only.py for tasks to queue
[2024-09-27T20:33:11.333+0000] {logging_mixin.py:190} INFO - [2024-09-27T20:33:11.333+0000] {dagbag.py:588} INFO - Filling up the DagBag from /home/airflow/.local/lib/python3.12/site-packages/airflow/example_dags/example_latest_only.py
[2024-09-27T20:33:11.341+0000] {processor.py:925} INFO - DAG(s) 'latest_only' retrieved from /home/airflow/.local/lib/python3.12/site-packages/airflow/example_dags/example_latest_only.py
[2024-09-27T20:33:11.364+0000] {logging_mixin.py:190} INFO - [2024-09-27T20:33:11.364+0000] {dag.py:3239} INFO - Sync 1 DAGs
[2024-09-27T20:33:11.386+0000] {logging_mixin.py:190} INFO - [2024-09-27T20:33:11.386+0000] {dag.py:4180} INFO - Setting next_dagrun for latest_only to 2024-09-27 16:00:00+00:00, run_after=2024-09-27 20:00:00+00:00
[2024-09-27T20:33:11.405+0000] {processor.py:208} INFO - Processing /home/airflow/.local/lib/python3.12/site-packages/airflow/example_dags/example_latest_only.py took 0.080 seconds
[2024-09-27T20:33:41.896+0000] {processor.py:186} INFO - Started process (PID=1511) to work on /home/airflow/.local/lib/python3.12/site-packages/airflow/example_dags/example_latest_only.py
[2024-09-27T20:33:41.897+0000] {processor.py:914} INFO - Processing file /home/airflow/.local/lib/python3.12/site-packages/airflow/example_dags/example_latest_only.py for tasks to queue
[2024-09-27T20:33:41.900+0000] {logging_mixin.py:190} INFO - [2024-09-27T20:33:41.900+0000] {dagbag.py:588} INFO - Filling up the DagBag from /home/airflow/.local/lib/python3.12/site-packages/airflow/example_dags/example_latest_only.py
[2024-09-27T20:33:41.908+0000] {processor.py:925} INFO - DAG(s) 'latest_only' retrieved from /home/airflow/.local/lib/python3.12/site-packages/airflow/example_dags/example_latest_only.py
[2024-09-27T20:33:41.935+0000] {logging_mixin.py:190} INFO - [2024-09-27T20:33:41.935+0000] {dag.py:3239} INFO - Sync 1 DAGs
[2024-09-27T20:33:41.971+0000] {logging_mixin.py:190} INFO - [2024-09-27T20:33:41.970+0000] {dag.py:4180} INFO - Setting next_dagrun for latest_only to 2024-09-27 16:00:00+00:00, run_after=2024-09-27 20:00:00+00:00
[2024-09-27T20:33:42.002+0000] {processor.py:208} INFO - Processing /home/airflow/.local/lib/python3.12/site-packages/airflow/example_dags/example_latest_only.py took 0.118 seconds
[2024-09-27T20:34:12.362+0000] {processor.py:186} INFO - Started process (PID=1574) to work on /home/airflow/.local/lib/python3.12/site-packages/airflow/example_dags/example_latest_only.py
[2024-09-27T20:34:12.362+0000] {processor.py:914} INFO - Processing file /home/airflow/.local/lib/python3.12/site-packages/airflow/example_dags/example_latest_only.py for tasks to queue
[2024-09-27T20:34:12.364+0000] {logging_mixin.py:190} INFO - [2024-09-27T20:34:12.364+0000] {dagbag.py:588} INFO - Filling up the DagBag from /home/airflow/.local/lib/python3.12/site-packages/airflow/example_dags/example_latest_only.py
[2024-09-27T20:34:12.369+0000] {processor.py:925} INFO - DAG(s) 'latest_only' retrieved from /home/airflow/.local/lib/python3.12/site-packages/airflow/example_dags/example_latest_only.py
[2024-09-27T20:34:12.384+0000] {logging_mixin.py:190} INFO - [2024-09-27T20:34:12.383+0000] {dag.py:3239} INFO - Sync 1 DAGs
[2024-09-27T20:34:12.401+0000] {logging_mixin.py:190} INFO - [2024-09-27T20:34:12.401+0000] {dag.py:4180} INFO - Setting next_dagrun for latest_only to 2024-09-27 16:00:00+00:00, run_after=2024-09-27 20:00:00+00:00
[2024-09-27T20:34:12.414+0000] {processor.py:208} INFO - Processing /home/airflow/.local/lib/python3.12/site-packages/airflow/example_dags/example_latest_only.py took 0.057 seconds
[2024-09-27T20:34:42.697+0000] {processor.py:186} INFO - Started process (PID=1637) to work on /home/airflow/.local/lib/python3.12/site-packages/airflow/example_dags/example_latest_only.py
[2024-09-27T20:34:42.697+0000] {processor.py:914} INFO - Processing file /home/airflow/.local/lib/python3.12/site-packages/airflow/example_dags/example_latest_only.py for tasks to queue
[2024-09-27T20:34:42.699+0000] {logging_mixin.py:190} INFO - [2024-09-27T20:34:42.699+0000] {dagbag.py:588} INFO - Filling up the DagBag from /home/airflow/.local/lib/python3.12/site-packages/airflow/example_dags/example_latest_only.py
[2024-09-27T20:34:42.705+0000] {processor.py:925} INFO - DAG(s) 'latest_only' retrieved from /home/airflow/.local/lib/python3.12/site-packages/airflow/example_dags/example_latest_only.py
[2024-09-27T20:34:42.719+0000] {logging_mixin.py:190} INFO - [2024-09-27T20:34:42.719+0000] {dag.py:3239} INFO - Sync 1 DAGs
[2024-09-27T20:34:42.737+0000] {logging_mixin.py:190} INFO - [2024-09-27T20:34:42.736+0000] {dag.py:4180} INFO - Setting next_dagrun for latest_only to 2024-09-27 16:00:00+00:00, run_after=2024-09-27 20:00:00+00:00
[2024-09-27T20:34:42.750+0000] {processor.py:208} INFO - Processing /home/airflow/.local/lib/python3.12/site-packages/airflow/example_dags/example_latest_only.py took 0.057 seconds
[2024-09-27T20:35:13.096+0000] {processor.py:186} INFO - Started process (PID=1700) to work on /home/airflow/.local/lib/python3.12/site-packages/airflow/example_dags/example_latest_only.py
[2024-09-27T20:35:13.096+0000] {processor.py:914} INFO - Processing file /home/airflow/.local/lib/python3.12/site-packages/airflow/example_dags/example_latest_only.py for tasks to queue
[2024-09-27T20:35:13.098+0000] {logging_mixin.py:190} INFO - [2024-09-27T20:35:13.098+0000] {dagbag.py:588} INFO - Filling up the DagBag from /home/airflow/.local/lib/python3.12/site-packages/airflow/example_dags/example_latest_only.py
[2024-09-27T20:35:13.103+0000] {processor.py:925} INFO - DAG(s) 'latest_only' retrieved from /home/airflow/.local/lib/python3.12/site-packages/airflow/example_dags/example_latest_only.py
[2024-09-27T20:35:13.119+0000] {logging_mixin.py:190} INFO - [2024-09-27T20:35:13.119+0000] {dag.py:3239} INFO - Sync 1 DAGs
[2024-09-27T20:35:13.138+0000] {logging_mixin.py:190} INFO - [2024-09-27T20:35:13.138+0000] {dag.py:4180} INFO - Setting next_dagrun for latest_only to 2024-09-27 16:00:00+00:00, run_after=2024-09-27 20:00:00+00:00
[2024-09-27T20:35:13.161+0000] {processor.py:208} INFO - Processing /home/airflow/.local/lib/python3.12/site-packages/airflow/example_dags/example_latest_only.py took 0.069 seconds
[2024-09-27T20:44:12.338+0000] {processor.py:186} INFO - Started process (PID=60) to work on /home/airflow/.local/lib/python3.12/site-packages/airflow/example_dags/example_latest_only.py
[2024-09-27T20:44:12.339+0000] {processor.py:914} INFO - Processing file /home/airflow/.local/lib/python3.12/site-packages/airflow/example_dags/example_latest_only.py for tasks to queue
[2024-09-27T20:44:12.342+0000] {logging_mixin.py:190} INFO - [2024-09-27T20:44:12.341+0000] {dagbag.py:588} INFO - Filling up the DagBag from /home/airflow/.local/lib/python3.12/site-packages/airflow/example_dags/example_latest_only.py
[2024-09-27T20:44:12.358+0000] {processor.py:925} INFO - DAG(s) 'latest_only' retrieved from /home/airflow/.local/lib/python3.12/site-packages/airflow/example_dags/example_latest_only.py
[2024-09-27T20:44:12.395+0000] {logging_mixin.py:190} INFO - [2024-09-27T20:44:12.394+0000] {dag.py:3239} INFO - Sync 1 DAGs
[2024-09-27T20:44:12.421+0000] {logging_mixin.py:190} INFO - [2024-09-27T20:44:12.421+0000] {dag.py:4180} INFO - Setting next_dagrun for latest_only to 2024-09-27 16:00:00+00:00, run_after=2024-09-27 20:00:00+00:00
[2024-09-27T20:44:12.440+0000] {processor.py:208} INFO - Processing /home/airflow/.local/lib/python3.12/site-packages/airflow/example_dags/example_latest_only.py took 0.108 seconds
[2024-09-27T20:44:42.979+0000] {processor.py:186} INFO - Started process (PID=123) to work on /home/airflow/.local/lib/python3.12/site-packages/airflow/example_dags/example_latest_only.py
[2024-09-27T20:44:42.980+0000] {processor.py:914} INFO - Processing file /home/airflow/.local/lib/python3.12/site-packages/airflow/example_dags/example_latest_only.py for tasks to queue
[2024-09-27T20:44:42.982+0000] {logging_mixin.py:190} INFO - [2024-09-27T20:44:42.981+0000] {dagbag.py:588} INFO - Filling up the DagBag from /home/airflow/.local/lib/python3.12/site-packages/airflow/example_dags/example_latest_only.py
[2024-09-27T20:44:42.987+0000] {processor.py:925} INFO - DAG(s) 'latest_only' retrieved from /home/airflow/.local/lib/python3.12/site-packages/airflow/example_dags/example_latest_only.py
[2024-09-27T20:44:43.003+0000] {logging_mixin.py:190} INFO - [2024-09-27T20:44:43.003+0000] {dag.py:3239} INFO - Sync 1 DAGs
[2024-09-27T20:44:43.023+0000] {logging_mixin.py:190} INFO - [2024-09-27T20:44:43.022+0000] {dag.py:4180} INFO - Setting next_dagrun for latest_only to 2024-09-27 16:00:00+00:00, run_after=2024-09-27 20:00:00+00:00
[2024-09-27T20:44:43.038+0000] {processor.py:208} INFO - Processing /home/airflow/.local/lib/python3.12/site-packages/airflow/example_dags/example_latest_only.py took 0.064 seconds
[2024-09-27T20:45:13.835+0000] {processor.py:186} INFO - Started process (PID=192) to work on /home/airflow/.local/lib/python3.12/site-packages/airflow/example_dags/example_latest_only.py
[2024-09-27T20:45:13.835+0000] {processor.py:914} INFO - Processing file /home/airflow/.local/lib/python3.12/site-packages/airflow/example_dags/example_latest_only.py for tasks to queue
[2024-09-27T20:45:13.837+0000] {logging_mixin.py:190} INFO - [2024-09-27T20:45:13.837+0000] {dagbag.py:588} INFO - Filling up the DagBag from /home/airflow/.local/lib/python3.12/site-packages/airflow/example_dags/example_latest_only.py
[2024-09-27T20:45:13.842+0000] {processor.py:925} INFO - DAG(s) 'latest_only' retrieved from /home/airflow/.local/lib/python3.12/site-packages/airflow/example_dags/example_latest_only.py
[2024-09-27T20:45:13.858+0000] {logging_mixin.py:190} INFO - [2024-09-27T20:45:13.858+0000] {dag.py:3239} INFO - Sync 1 DAGs
[2024-09-27T20:45:13.875+0000] {logging_mixin.py:190} INFO - [2024-09-27T20:45:13.875+0000] {dag.py:4180} INFO - Setting next_dagrun for latest_only to 2024-09-27 16:00:00+00:00, run_after=2024-09-27 20:00:00+00:00
[2024-09-27T20:45:13.896+0000] {processor.py:208} INFO - Processing /home/airflow/.local/lib/python3.12/site-packages/airflow/example_dags/example_latest_only.py took 0.066 seconds
