[2024-09-27T19:46:00.070+0000] {processor.py:186} INFO - Started process (PID=93) to work on /home/airflow/.local/lib/python3.12/site-packages/airflow/example_dags/example_inlet_event_extra.py
[2024-09-27T19:46:00.071+0000] {processor.py:914} INFO - Processing file /home/airflow/.local/lib/python3.12/site-packages/airflow/example_dags/example_inlet_event_extra.py for tasks to queue
[2024-09-27T19:46:00.074+0000] {logging_mixin.py:190} INFO - [2024-09-27T19:46:00.074+0000] {dagbag.py:588} INFO - Filling up the DagBag from /home/airflow/.local/lib/python3.12/site-packages/airflow/example_dags/example_inlet_event_extra.py
[2024-09-27T19:46:00.207+0000] {processor.py:925} INFO - DAG(s) 'read_dataset_event', 'read_dataset_event_from_classic' retrieved from /home/airflow/.local/lib/python3.12/site-packages/airflow/example_dags/example_inlet_event_extra.py
[2024-09-27T19:46:00.229+0000] {logging_mixin.py:190} INFO - [2024-09-27T19:46:00.229+0000] {dag.py:3239} INFO - Sync 2 DAGs
[2024-09-27T19:46:00.251+0000] {logging_mixin.py:190} INFO - [2024-09-27T19:46:00.251+0000] {dag.py:4180} INFO - Setting next_dagrun for read_dataset_event to 2024-09-26 05:00:00+00:00, run_after=2024-09-27 05:00:00+00:00
[2024-09-27T19:46:00.256+0000] {logging_mixin.py:190} INFO - [2024-09-27T19:46:00.256+0000] {dag.py:4180} INFO - Setting next_dagrun for read_dataset_event_from_classic to 2024-09-26 05:00:00+00:00, run_after=2024-09-27 05:00:00+00:00
[2024-09-27T19:46:00.272+0000] {processor.py:208} INFO - Processing /home/airflow/.local/lib/python3.12/site-packages/airflow/example_dags/example_inlet_event_extra.py took 0.207 seconds
[2024-09-27T19:46:31.472+0000] {processor.py:186} INFO - Started process (PID=162) to work on /home/airflow/.local/lib/python3.12/site-packages/airflow/example_dags/example_inlet_event_extra.py
[2024-09-27T19:46:31.473+0000] {processor.py:914} INFO - Processing file /home/airflow/.local/lib/python3.12/site-packages/airflow/example_dags/example_inlet_event_extra.py for tasks to queue
[2024-09-27T19:46:31.475+0000] {logging_mixin.py:190} INFO - [2024-09-27T19:46:31.474+0000] {dagbag.py:588} INFO - Filling up the DagBag from /home/airflow/.local/lib/python3.12/site-packages/airflow/example_dags/example_inlet_event_extra.py
[2024-09-27T19:46:31.583+0000] {processor.py:925} INFO - DAG(s) 'read_dataset_event', 'read_dataset_event_from_classic' retrieved from /home/airflow/.local/lib/python3.12/site-packages/airflow/example_dags/example_inlet_event_extra.py
[2024-09-27T19:46:31.599+0000] {logging_mixin.py:190} INFO - [2024-09-27T19:46:31.599+0000] {dag.py:3239} INFO - Sync 2 DAGs
[2024-09-27T19:46:31.618+0000] {logging_mixin.py:190} INFO - [2024-09-27T19:46:31.617+0000] {dag.py:4180} INFO - Setting next_dagrun for read_dataset_event to 2024-09-26 05:00:00+00:00, run_after=2024-09-27 05:00:00+00:00
[2024-09-27T19:46:31.622+0000] {logging_mixin.py:190} INFO - [2024-09-27T19:46:31.622+0000] {dag.py:4180} INFO - Setting next_dagrun for read_dataset_event_from_classic to 2024-09-26 05:00:00+00:00, run_after=2024-09-27 05:00:00+00:00
[2024-09-27T19:46:31.665+0000] {processor.py:208} INFO - Processing /home/airflow/.local/lib/python3.12/site-packages/airflow/example_dags/example_inlet_event_extra.py took 0.197 seconds
[2024-09-27T19:47:01.764+0000] {processor.py:186} INFO - Started process (PID=230) to work on /home/airflow/.local/lib/python3.12/site-packages/airflow/example_dags/example_inlet_event_extra.py
[2024-09-27T19:47:01.764+0000] {processor.py:914} INFO - Processing file /home/airflow/.local/lib/python3.12/site-packages/airflow/example_dags/example_inlet_event_extra.py for tasks to queue
[2024-09-27T19:47:01.766+0000] {logging_mixin.py:190} INFO - [2024-09-27T19:47:01.766+0000] {dagbag.py:588} INFO - Filling up the DagBag from /home/airflow/.local/lib/python3.12/site-packages/airflow/example_dags/example_inlet_event_extra.py
[2024-09-27T19:47:01.877+0000] {processor.py:925} INFO - DAG(s) 'read_dataset_event', 'read_dataset_event_from_classic' retrieved from /home/airflow/.local/lib/python3.12/site-packages/airflow/example_dags/example_inlet_event_extra.py
[2024-09-27T19:47:01.894+0000] {logging_mixin.py:190} INFO - [2024-09-27T19:47:01.894+0000] {dag.py:3239} INFO - Sync 2 DAGs
[2024-09-27T19:47:01.915+0000] {logging_mixin.py:190} INFO - [2024-09-27T19:47:01.914+0000] {dag.py:4180} INFO - Setting next_dagrun for read_dataset_event to 2024-09-26 05:00:00+00:00, run_after=2024-09-27 05:00:00+00:00
[2024-09-27T19:47:01.918+0000] {logging_mixin.py:190} INFO - [2024-09-27T19:47:01.918+0000] {dag.py:4180} INFO - Setting next_dagrun for read_dataset_event_from_classic to 2024-09-26 05:00:00+00:00, run_after=2024-09-27 05:00:00+00:00
[2024-09-27T19:47:01.929+0000] {processor.py:208} INFO - Processing /home/airflow/.local/lib/python3.12/site-packages/airflow/example_dags/example_inlet_event_extra.py took 0.171 seconds
[2024-09-27T19:47:32.073+0000] {processor.py:186} INFO - Started process (PID=294) to work on /home/airflow/.local/lib/python3.12/site-packages/airflow/example_dags/example_inlet_event_extra.py
[2024-09-27T19:47:32.074+0000] {processor.py:914} INFO - Processing file /home/airflow/.local/lib/python3.12/site-packages/airflow/example_dags/example_inlet_event_extra.py for tasks to queue
[2024-09-27T19:47:32.076+0000] {logging_mixin.py:190} INFO - [2024-09-27T19:47:32.076+0000] {dagbag.py:588} INFO - Filling up the DagBag from /home/airflow/.local/lib/python3.12/site-packages/airflow/example_dags/example_inlet_event_extra.py
[2024-09-27T19:47:32.244+0000] {processor.py:925} INFO - DAG(s) 'read_dataset_event', 'read_dataset_event_from_classic' retrieved from /home/airflow/.local/lib/python3.12/site-packages/airflow/example_dags/example_inlet_event_extra.py
[2024-09-27T19:47:32.280+0000] {logging_mixin.py:190} INFO - [2024-09-27T19:47:32.279+0000] {dag.py:3239} INFO - Sync 2 DAGs
[2024-09-27T19:47:32.337+0000] {logging_mixin.py:190} INFO - [2024-09-27T19:47:32.337+0000] {dag.py:4180} INFO - Setting next_dagrun for read_dataset_event to 2024-09-26 05:00:00+00:00, run_after=2024-09-27 05:00:00+00:00
[2024-09-27T19:47:32.346+0000] {logging_mixin.py:190} INFO - [2024-09-27T19:47:32.346+0000] {dag.py:4180} INFO - Setting next_dagrun for read_dataset_event_from_classic to 2024-09-26 05:00:00+00:00, run_after=2024-09-27 05:00:00+00:00
[2024-09-27T19:47:32.368+0000] {processor.py:208} INFO - Processing /home/airflow/.local/lib/python3.12/site-packages/airflow/example_dags/example_inlet_event_extra.py took 0.301 seconds
[2024-09-27T19:48:03.083+0000] {processor.py:186} INFO - Started process (PID=374) to work on /home/airflow/.local/lib/python3.12/site-packages/airflow/example_dags/example_inlet_event_extra.py
[2024-09-27T19:48:03.084+0000] {processor.py:914} INFO - Processing file /home/airflow/.local/lib/python3.12/site-packages/airflow/example_dags/example_inlet_event_extra.py for tasks to queue
[2024-09-27T19:48:03.086+0000] {logging_mixin.py:190} INFO - [2024-09-27T19:48:03.086+0000] {dagbag.py:588} INFO - Filling up the DagBag from /home/airflow/.local/lib/python3.12/site-packages/airflow/example_dags/example_inlet_event_extra.py
[2024-09-27T19:48:03.264+0000] {processor.py:925} INFO - DAG(s) 'read_dataset_event', 'read_dataset_event_from_classic' retrieved from /home/airflow/.local/lib/python3.12/site-packages/airflow/example_dags/example_inlet_event_extra.py
[2024-09-27T19:48:03.294+0000] {logging_mixin.py:190} INFO - [2024-09-27T19:48:03.293+0000] {dag.py:3239} INFO - Sync 2 DAGs
[2024-09-27T19:48:03.331+0000] {logging_mixin.py:190} INFO - [2024-09-27T19:48:03.331+0000] {dag.py:4180} INFO - Setting next_dagrun for read_dataset_event to 2024-09-26 05:00:00+00:00, run_after=2024-09-27 05:00:00+00:00
[2024-09-27T19:48:03.338+0000] {logging_mixin.py:190} INFO - [2024-09-27T19:48:03.338+0000] {dag.py:4180} INFO - Setting next_dagrun for read_dataset_event_from_classic to 2024-09-26 05:00:00+00:00, run_after=2024-09-27 05:00:00+00:00
[2024-09-27T19:48:03.358+0000] {processor.py:208} INFO - Processing /home/airflow/.local/lib/python3.12/site-packages/airflow/example_dags/example_inlet_event_extra.py took 0.281 seconds
