[2024-09-27T19:46:01.418+0000] {processor.py:186} INFO - Started process (PID=117) to work on /home/airflow/.local/lib/python3.12/site-packages/airflow/example_dags/example_task_group.py
[2024-09-27T19:46:01.418+0000] {processor.py:914} INFO - Processing file /home/airflow/.local/lib/python3.12/site-packages/airflow/example_dags/example_task_group.py for tasks to queue
[2024-09-27T19:46:01.421+0000] {logging_mixin.py:190} INFO - [2024-09-27T19:46:01.420+0000] {dagbag.py:588} INFO - Filling up the DagBag from /home/airflow/.local/lib/python3.12/site-packages/airflow/example_dags/example_task_group.py
[2024-09-27T19:46:01.429+0000] {processor.py:925} INFO - DAG(s) 'example_task_group' retrieved from /home/airflow/.local/lib/python3.12/site-packages/airflow/example_dags/example_task_group.py
[2024-09-27T19:46:01.448+0000] {logging_mixin.py:190} INFO - [2024-09-27T19:46:01.448+0000] {dag.py:3239} INFO - Sync 1 DAGs
[2024-09-27T19:46:01.461+0000] {logging_mixin.py:190} INFO - [2024-09-27T19:46:01.461+0000] {dag.py:4180} INFO - Setting next_dagrun for example_task_group to None, run_after=None
[2024-09-27T19:46:01.475+0000] {processor.py:208} INFO - Processing /home/airflow/.local/lib/python3.12/site-packages/airflow/example_dags/example_task_group.py took 0.063 seconds
[2024-09-27T19:46:32.688+0000] {processor.py:186} INFO - Started process (PID=180) to work on /home/airflow/.local/lib/python3.12/site-packages/airflow/example_dags/example_task_group.py
[2024-09-27T19:46:32.689+0000] {processor.py:914} INFO - Processing file /home/airflow/.local/lib/python3.12/site-packages/airflow/example_dags/example_task_group.py for tasks to queue
[2024-09-27T19:46:32.691+0000] {logging_mixin.py:190} INFO - [2024-09-27T19:46:32.691+0000] {dagbag.py:588} INFO - Filling up the DagBag from /home/airflow/.local/lib/python3.12/site-packages/airflow/example_dags/example_task_group.py
[2024-09-27T19:46:32.697+0000] {processor.py:925} INFO - DAG(s) 'example_task_group' retrieved from /home/airflow/.local/lib/python3.12/site-packages/airflow/example_dags/example_task_group.py
[2024-09-27T19:46:32.715+0000] {logging_mixin.py:190} INFO - [2024-09-27T19:46:32.715+0000] {dag.py:3239} INFO - Sync 1 DAGs
[2024-09-27T19:46:32.727+0000] {logging_mixin.py:190} INFO - [2024-09-27T19:46:32.727+0000] {dag.py:4180} INFO - Setting next_dagrun for example_task_group to None, run_after=None
[2024-09-27T19:46:32.742+0000] {processor.py:208} INFO - Processing /home/airflow/.local/lib/python3.12/site-packages/airflow/example_dags/example_task_group.py took 0.058 seconds
[2024-09-27T19:47:02.900+0000] {processor.py:186} INFO - Started process (PID=248) to work on /home/airflow/.local/lib/python3.12/site-packages/airflow/example_dags/example_task_group.py
[2024-09-27T19:47:02.901+0000] {processor.py:914} INFO - Processing file /home/airflow/.local/lib/python3.12/site-packages/airflow/example_dags/example_task_group.py for tasks to queue
[2024-09-27T19:47:02.903+0000] {logging_mixin.py:190} INFO - [2024-09-27T19:47:02.903+0000] {dagbag.py:588} INFO - Filling up the DagBag from /home/airflow/.local/lib/python3.12/site-packages/airflow/example_dags/example_task_group.py
[2024-09-27T19:47:02.910+0000] {processor.py:925} INFO - DAG(s) 'example_task_group' retrieved from /home/airflow/.local/lib/python3.12/site-packages/airflow/example_dags/example_task_group.py
[2024-09-27T19:47:02.929+0000] {logging_mixin.py:190} INFO - [2024-09-27T19:47:02.929+0000] {dag.py:3239} INFO - Sync 1 DAGs
[2024-09-27T19:47:02.942+0000] {logging_mixin.py:190} INFO - [2024-09-27T19:47:02.942+0000] {dag.py:4180} INFO - Setting next_dagrun for example_task_group to None, run_after=None
[2024-09-27T19:47:02.959+0000] {processor.py:208} INFO - Processing /home/airflow/.local/lib/python3.12/site-packages/airflow/example_dags/example_task_group.py took 0.063 seconds
[2024-09-27T19:47:34.414+0000] {processor.py:186} INFO - Started process (PID=320) to work on /home/airflow/.local/lib/python3.12/site-packages/airflow/example_dags/example_task_group.py
[2024-09-27T19:47:34.416+0000] {processor.py:914} INFO - Processing file /home/airflow/.local/lib/python3.12/site-packages/airflow/example_dags/example_task_group.py for tasks to queue
[2024-09-27T19:47:34.420+0000] {logging_mixin.py:190} INFO - [2024-09-27T19:47:34.420+0000] {dagbag.py:588} INFO - Filling up the DagBag from /home/airflow/.local/lib/python3.12/site-packages/airflow/example_dags/example_task_group.py
[2024-09-27T19:47:34.437+0000] {processor.py:925} INFO - DAG(s) 'example_task_group' retrieved from /home/airflow/.local/lib/python3.12/site-packages/airflow/example_dags/example_task_group.py
[2024-09-27T19:47:34.489+0000] {logging_mixin.py:190} INFO - [2024-09-27T19:47:34.488+0000] {dag.py:3239} INFO - Sync 1 DAGs
[2024-09-27T19:47:34.512+0000] {logging_mixin.py:190} INFO - [2024-09-27T19:47:34.512+0000] {dag.py:4180} INFO - Setting next_dagrun for example_task_group to None, run_after=None
[2024-09-27T19:47:34.541+0000] {processor.py:208} INFO - Processing /home/airflow/.local/lib/python3.12/site-packages/airflow/example_dags/example_task_group.py took 0.136 seconds
