[2024-09-27T19:45:58.259+0000] {processor.py:186} INFO - Started process (PID=75) to work on /home/airflow/.local/lib/python3.12/site-packages/airflow/example_dags/example_dynamic_task_mapping.py
[2024-09-27T19:45:58.261+0000] {processor.py:914} INFO - Processing file /home/airflow/.local/lib/python3.12/site-packages/airflow/example_dags/example_dynamic_task_mapping.py for tasks to queue
[2024-09-27T19:45:58.263+0000] {logging_mixin.py:190} INFO - [2024-09-27T19:45:58.263+0000] {dagbag.py:588} INFO - Filling up the DagBag from /home/airflow/.local/lib/python3.12/site-packages/airflow/example_dags/example_dynamic_task_mapping.py
[2024-09-27T19:45:58.272+0000] {processor.py:925} INFO - DAG(s) 'example_dynamic_task_mapping' retrieved from /home/airflow/.local/lib/python3.12/site-packages/airflow/example_dags/example_dynamic_task_mapping.py
[2024-09-27T19:45:58.296+0000] {logging_mixin.py:190} INFO - [2024-09-27T19:45:58.296+0000] {dag.py:3239} INFO - Sync 1 DAGs
[2024-09-27T19:45:58.311+0000] {logging_mixin.py:190} INFO - [2024-09-27T19:45:58.311+0000] {dag.py:4180} INFO - Setting next_dagrun for example_dynamic_task_mapping to None, run_after=None
[2024-09-27T19:45:58.329+0000] {processor.py:208} INFO - Processing /home/airflow/.local/lib/python3.12/site-packages/airflow/example_dags/example_dynamic_task_mapping.py took 0.074 seconds
[2024-09-27T19:46:28.769+0000] {processor.py:186} INFO - Started process (PID=138) to work on /home/airflow/.local/lib/python3.12/site-packages/airflow/example_dags/example_dynamic_task_mapping.py
[2024-09-27T19:46:28.769+0000] {processor.py:914} INFO - Processing file /home/airflow/.local/lib/python3.12/site-packages/airflow/example_dags/example_dynamic_task_mapping.py for tasks to queue
[2024-09-27T19:46:28.771+0000] {logging_mixin.py:190} INFO - [2024-09-27T19:46:28.771+0000] {dagbag.py:588} INFO - Filling up the DagBag from /home/airflow/.local/lib/python3.12/site-packages/airflow/example_dags/example_dynamic_task_mapping.py
[2024-09-27T19:46:28.777+0000] {processor.py:925} INFO - DAG(s) 'example_dynamic_task_mapping' retrieved from /home/airflow/.local/lib/python3.12/site-packages/airflow/example_dags/example_dynamic_task_mapping.py
[2024-09-27T19:46:28.792+0000] {logging_mixin.py:190} INFO - [2024-09-27T19:46:28.792+0000] {dag.py:3239} INFO - Sync 1 DAGs
[2024-09-27T19:46:28.805+0000] {logging_mixin.py:190} INFO - [2024-09-27T19:46:28.805+0000] {dag.py:4180} INFO - Setting next_dagrun for example_dynamic_task_mapping to None, run_after=None
[2024-09-27T19:46:28.852+0000] {processor.py:208} INFO - Processing /home/airflow/.local/lib/python3.12/site-packages/airflow/example_dags/example_dynamic_task_mapping.py took 0.088 seconds
[2024-09-27T19:46:58.942+0000] {processor.py:186} INFO - Started process (PID=201) to work on /home/airflow/.local/lib/python3.12/site-packages/airflow/example_dags/example_dynamic_task_mapping.py
[2024-09-27T19:46:58.943+0000] {processor.py:914} INFO - Processing file /home/airflow/.local/lib/python3.12/site-packages/airflow/example_dags/example_dynamic_task_mapping.py for tasks to queue
[2024-09-27T19:46:58.944+0000] {logging_mixin.py:190} INFO - [2024-09-27T19:46:58.944+0000] {dagbag.py:588} INFO - Filling up the DagBag from /home/airflow/.local/lib/python3.12/site-packages/airflow/example_dags/example_dynamic_task_mapping.py
[2024-09-27T19:46:58.950+0000] {processor.py:925} INFO - DAG(s) 'example_dynamic_task_mapping' retrieved from /home/airflow/.local/lib/python3.12/site-packages/airflow/example_dags/example_dynamic_task_mapping.py
[2024-09-27T19:46:58.965+0000] {logging_mixin.py:190} INFO - [2024-09-27T19:46:58.965+0000] {dag.py:3239} INFO - Sync 1 DAGs
[2024-09-27T19:46:58.976+0000] {logging_mixin.py:190} INFO - [2024-09-27T19:46:58.976+0000] {dag.py:4180} INFO - Setting next_dagrun for example_dynamic_task_mapping to None, run_after=None
[2024-09-27T19:46:58.988+0000] {processor.py:208} INFO - Processing /home/airflow/.local/lib/python3.12/site-packages/airflow/example_dags/example_dynamic_task_mapping.py took 0.051 seconds
[2024-09-27T19:47:29.295+0000] {processor.py:186} INFO - Started process (PID=268) to work on /home/airflow/.local/lib/python3.12/site-packages/airflow/example_dags/example_dynamic_task_mapping.py
[2024-09-27T19:47:29.296+0000] {processor.py:914} INFO - Processing file /home/airflow/.local/lib/python3.12/site-packages/airflow/example_dags/example_dynamic_task_mapping.py for tasks to queue
[2024-09-27T19:47:29.298+0000] {logging_mixin.py:190} INFO - [2024-09-27T19:47:29.297+0000] {dagbag.py:588} INFO - Filling up the DagBag from /home/airflow/.local/lib/python3.12/site-packages/airflow/example_dags/example_dynamic_task_mapping.py
[2024-09-27T19:47:29.304+0000] {processor.py:925} INFO - DAG(s) 'example_dynamic_task_mapping' retrieved from /home/airflow/.local/lib/python3.12/site-packages/airflow/example_dags/example_dynamic_task_mapping.py
[2024-09-27T19:47:29.320+0000] {logging_mixin.py:190} INFO - [2024-09-27T19:47:29.320+0000] {dag.py:3239} INFO - Sync 1 DAGs
[2024-09-27T19:47:29.333+0000] {logging_mixin.py:190} INFO - [2024-09-27T19:47:29.333+0000] {dag.py:4180} INFO - Setting next_dagrun for example_dynamic_task_mapping to None, run_after=None
[2024-09-27T19:47:29.348+0000] {processor.py:208} INFO - Processing /home/airflow/.local/lib/python3.12/site-packages/airflow/example_dags/example_dynamic_task_mapping.py took 0.058 seconds
[2024-09-27T19:47:59.822+0000] {processor.py:186} INFO - Started process (PID=349) to work on /home/airflow/.local/lib/python3.12/site-packages/airflow/example_dags/example_dynamic_task_mapping.py
[2024-09-27T19:47:59.823+0000] {processor.py:914} INFO - Processing file /home/airflow/.local/lib/python3.12/site-packages/airflow/example_dags/example_dynamic_task_mapping.py for tasks to queue
[2024-09-27T19:47:59.826+0000] {logging_mixin.py:190} INFO - [2024-09-27T19:47:59.825+0000] {dagbag.py:588} INFO - Filling up the DagBag from /home/airflow/.local/lib/python3.12/site-packages/airflow/example_dags/example_dynamic_task_mapping.py
[2024-09-27T19:47:59.832+0000] {processor.py:925} INFO - DAG(s) 'example_dynamic_task_mapping' retrieved from /home/airflow/.local/lib/python3.12/site-packages/airflow/example_dags/example_dynamic_task_mapping.py
[2024-09-27T19:47:59.848+0000] {logging_mixin.py:190} INFO - [2024-09-27T19:47:59.848+0000] {dag.py:3239} INFO - Sync 1 DAGs
[2024-09-27T19:47:59.859+0000] {logging_mixin.py:190} INFO - [2024-09-27T19:47:59.859+0000] {dag.py:4180} INFO - Setting next_dagrun for example_dynamic_task_mapping to None, run_after=None
[2024-09-27T19:47:59.873+0000] {processor.py:208} INFO - Processing /home/airflow/.local/lib/python3.12/site-packages/airflow/example_dags/example_dynamic_task_mapping.py took 0.056 seconds
[2024-09-27T20:22:02.333+0000] {processor.py:186} INFO - Started process (PID=69) to work on /home/airflow/.local/lib/python3.12/site-packages/airflow/example_dags/example_dynamic_task_mapping.py
[2024-09-27T20:22:02.334+0000] {processor.py:914} INFO - Processing file /home/airflow/.local/lib/python3.12/site-packages/airflow/example_dags/example_dynamic_task_mapping.py for tasks to queue
[2024-09-27T20:22:02.337+0000] {logging_mixin.py:190} INFO - [2024-09-27T20:22:02.336+0000] {dagbag.py:588} INFO - Filling up the DagBag from /home/airflow/.local/lib/python3.12/site-packages/airflow/example_dags/example_dynamic_task_mapping.py
[2024-09-27T20:22:02.347+0000] {processor.py:925} INFO - DAG(s) 'example_dynamic_task_mapping' retrieved from /home/airflow/.local/lib/python3.12/site-packages/airflow/example_dags/example_dynamic_task_mapping.py
[2024-09-27T20:22:02.375+0000] {logging_mixin.py:190} INFO - [2024-09-27T20:22:02.375+0000] {dag.py:3239} INFO - Sync 1 DAGs
[2024-09-27T20:22:02.390+0000] {logging_mixin.py:190} INFO - [2024-09-27T20:22:02.389+0000] {dag.py:4180} INFO - Setting next_dagrun for example_dynamic_task_mapping to None, run_after=None
[2024-09-27T20:22:02.408+0000] {processor.py:208} INFO - Processing /home/airflow/.local/lib/python3.12/site-packages/airflow/example_dags/example_dynamic_task_mapping.py took 0.082 seconds
[2024-09-27T20:22:32.838+0000] {processor.py:186} INFO - Started process (PID=132) to work on /home/airflow/.local/lib/python3.12/site-packages/airflow/example_dags/example_dynamic_task_mapping.py
[2024-09-27T20:22:32.839+0000] {processor.py:914} INFO - Processing file /home/airflow/.local/lib/python3.12/site-packages/airflow/example_dags/example_dynamic_task_mapping.py for tasks to queue
[2024-09-27T20:22:32.840+0000] {logging_mixin.py:190} INFO - [2024-09-27T20:22:32.840+0000] {dagbag.py:588} INFO - Filling up the DagBag from /home/airflow/.local/lib/python3.12/site-packages/airflow/example_dags/example_dynamic_task_mapping.py
[2024-09-27T20:22:32.846+0000] {processor.py:925} INFO - DAG(s) 'example_dynamic_task_mapping' retrieved from /home/airflow/.local/lib/python3.12/site-packages/airflow/example_dags/example_dynamic_task_mapping.py
[2024-09-27T20:22:32.862+0000] {logging_mixin.py:190} INFO - [2024-09-27T20:22:32.862+0000] {dag.py:3239} INFO - Sync 1 DAGs
[2024-09-27T20:22:32.875+0000] {logging_mixin.py:190} INFO - [2024-09-27T20:22:32.875+0000] {dag.py:4180} INFO - Setting next_dagrun for example_dynamic_task_mapping to None, run_after=None
[2024-09-27T20:22:32.889+0000] {processor.py:208} INFO - Processing /home/airflow/.local/lib/python3.12/site-packages/airflow/example_dags/example_dynamic_task_mapping.py took 0.055 seconds
[2024-09-27T20:23:03.222+0000] {processor.py:186} INFO - Started process (PID=200) to work on /home/airflow/.local/lib/python3.12/site-packages/airflow/example_dags/example_dynamic_task_mapping.py
[2024-09-27T20:23:03.223+0000] {processor.py:914} INFO - Processing file /home/airflow/.local/lib/python3.12/site-packages/airflow/example_dags/example_dynamic_task_mapping.py for tasks to queue
[2024-09-27T20:23:03.225+0000] {logging_mixin.py:190} INFO - [2024-09-27T20:23:03.224+0000] {dagbag.py:588} INFO - Filling up the DagBag from /home/airflow/.local/lib/python3.12/site-packages/airflow/example_dags/example_dynamic_task_mapping.py
[2024-09-27T20:23:03.231+0000] {processor.py:925} INFO - DAG(s) 'example_dynamic_task_mapping' retrieved from /home/airflow/.local/lib/python3.12/site-packages/airflow/example_dags/example_dynamic_task_mapping.py
[2024-09-27T20:23:03.247+0000] {logging_mixin.py:190} INFO - [2024-09-27T20:23:03.247+0000] {dag.py:3239} INFO - Sync 1 DAGs
[2024-09-27T20:23:03.260+0000] {logging_mixin.py:190} INFO - [2024-09-27T20:23:03.260+0000] {dag.py:4180} INFO - Setting next_dagrun for example_dynamic_task_mapping to None, run_after=None
[2024-09-27T20:23:03.274+0000] {processor.py:208} INFO - Processing /home/airflow/.local/lib/python3.12/site-packages/airflow/example_dags/example_dynamic_task_mapping.py took 0.057 seconds
[2024-09-27T20:23:33.665+0000] {processor.py:186} INFO - Started process (PID=264) to work on /home/airflow/.local/lib/python3.12/site-packages/airflow/example_dags/example_dynamic_task_mapping.py
[2024-09-27T20:23:33.666+0000] {processor.py:914} INFO - Processing file /home/airflow/.local/lib/python3.12/site-packages/airflow/example_dags/example_dynamic_task_mapping.py for tasks to queue
[2024-09-27T20:23:33.668+0000] {logging_mixin.py:190} INFO - [2024-09-27T20:23:33.667+0000] {dagbag.py:588} INFO - Filling up the DagBag from /home/airflow/.local/lib/python3.12/site-packages/airflow/example_dags/example_dynamic_task_mapping.py
[2024-09-27T20:23:33.675+0000] {processor.py:925} INFO - DAG(s) 'example_dynamic_task_mapping' retrieved from /home/airflow/.local/lib/python3.12/site-packages/airflow/example_dags/example_dynamic_task_mapping.py
[2024-09-27T20:23:33.692+0000] {logging_mixin.py:190} INFO - [2024-09-27T20:23:33.692+0000] {dag.py:3239} INFO - Sync 1 DAGs
[2024-09-27T20:23:33.706+0000] {logging_mixin.py:190} INFO - [2024-09-27T20:23:33.706+0000] {dag.py:4180} INFO - Setting next_dagrun for example_dynamic_task_mapping to None, run_after=None
[2024-09-27T20:23:33.723+0000] {processor.py:208} INFO - Processing /home/airflow/.local/lib/python3.12/site-packages/airflow/example_dags/example_dynamic_task_mapping.py took 0.063 seconds
[2024-09-27T20:24:04.534+0000] {processor.py:186} INFO - Started process (PID=327) to work on /home/airflow/.local/lib/python3.12/site-packages/airflow/example_dags/example_dynamic_task_mapping.py
[2024-09-27T20:24:04.535+0000] {processor.py:914} INFO - Processing file /home/airflow/.local/lib/python3.12/site-packages/airflow/example_dags/example_dynamic_task_mapping.py for tasks to queue
[2024-09-27T20:24:04.538+0000] {logging_mixin.py:190} INFO - [2024-09-27T20:24:04.537+0000] {dagbag.py:588} INFO - Filling up the DagBag from /home/airflow/.local/lib/python3.12/site-packages/airflow/example_dags/example_dynamic_task_mapping.py
[2024-09-27T20:24:04.545+0000] {processor.py:925} INFO - DAG(s) 'example_dynamic_task_mapping' retrieved from /home/airflow/.local/lib/python3.12/site-packages/airflow/example_dags/example_dynamic_task_mapping.py
[2024-09-27T20:24:04.564+0000] {logging_mixin.py:190} INFO - [2024-09-27T20:24:04.564+0000] {dag.py:3239} INFO - Sync 1 DAGs
[2024-09-27T20:24:04.578+0000] {logging_mixin.py:190} INFO - [2024-09-27T20:24:04.578+0000] {dag.py:4180} INFO - Setting next_dagrun for example_dynamic_task_mapping to None, run_after=None
[2024-09-27T20:24:04.596+0000] {processor.py:208} INFO - Processing /home/airflow/.local/lib/python3.12/site-packages/airflow/example_dags/example_dynamic_task_mapping.py took 0.068 seconds
[2024-09-27T20:24:34.938+0000] {processor.py:186} INFO - Started process (PID=390) to work on /home/airflow/.local/lib/python3.12/site-packages/airflow/example_dags/example_dynamic_task_mapping.py
[2024-09-27T20:24:34.938+0000] {processor.py:914} INFO - Processing file /home/airflow/.local/lib/python3.12/site-packages/airflow/example_dags/example_dynamic_task_mapping.py for tasks to queue
[2024-09-27T20:24:34.940+0000] {logging_mixin.py:190} INFO - [2024-09-27T20:24:34.940+0000] {dagbag.py:588} INFO - Filling up the DagBag from /home/airflow/.local/lib/python3.12/site-packages/airflow/example_dags/example_dynamic_task_mapping.py
[2024-09-27T20:24:34.947+0000] {processor.py:925} INFO - DAG(s) 'example_dynamic_task_mapping' retrieved from /home/airflow/.local/lib/python3.12/site-packages/airflow/example_dags/example_dynamic_task_mapping.py
[2024-09-27T20:24:34.962+0000] {logging_mixin.py:190} INFO - [2024-09-27T20:24:34.961+0000] {dag.py:3239} INFO - Sync 1 DAGs
[2024-09-27T20:24:34.974+0000] {logging_mixin.py:190} INFO - [2024-09-27T20:24:34.974+0000] {dag.py:4180} INFO - Setting next_dagrun for example_dynamic_task_mapping to None, run_after=None
[2024-09-27T20:24:35.009+0000] {processor.py:208} INFO - Processing /home/airflow/.local/lib/python3.12/site-packages/airflow/example_dags/example_dynamic_task_mapping.py took 0.076 seconds
[2024-09-27T20:25:05.131+0000] {processor.py:186} INFO - Started process (PID=453) to work on /home/airflow/.local/lib/python3.12/site-packages/airflow/example_dags/example_dynamic_task_mapping.py
[2024-09-27T20:25:05.132+0000] {processor.py:914} INFO - Processing file /home/airflow/.local/lib/python3.12/site-packages/airflow/example_dags/example_dynamic_task_mapping.py for tasks to queue
[2024-09-27T20:25:05.133+0000] {logging_mixin.py:190} INFO - [2024-09-27T20:25:05.133+0000] {dagbag.py:588} INFO - Filling up the DagBag from /home/airflow/.local/lib/python3.12/site-packages/airflow/example_dags/example_dynamic_task_mapping.py
[2024-09-27T20:25:05.139+0000] {processor.py:925} INFO - DAG(s) 'example_dynamic_task_mapping' retrieved from /home/airflow/.local/lib/python3.12/site-packages/airflow/example_dags/example_dynamic_task_mapping.py
[2024-09-27T20:25:05.154+0000] {logging_mixin.py:190} INFO - [2024-09-27T20:25:05.154+0000] {dag.py:3239} INFO - Sync 1 DAGs
[2024-09-27T20:25:05.165+0000] {logging_mixin.py:190} INFO - [2024-09-27T20:25:05.165+0000] {dag.py:4180} INFO - Setting next_dagrun for example_dynamic_task_mapping to None, run_after=None
[2024-09-27T20:25:05.178+0000] {processor.py:208} INFO - Processing /home/airflow/.local/lib/python3.12/site-packages/airflow/example_dags/example_dynamic_task_mapping.py took 0.051 seconds
[2024-09-27T20:25:35.439+0000] {processor.py:186} INFO - Started process (PID=516) to work on /home/airflow/.local/lib/python3.12/site-packages/airflow/example_dags/example_dynamic_task_mapping.py
[2024-09-27T20:25:35.440+0000] {processor.py:914} INFO - Processing file /home/airflow/.local/lib/python3.12/site-packages/airflow/example_dags/example_dynamic_task_mapping.py for tasks to queue
[2024-09-27T20:25:35.442+0000] {logging_mixin.py:190} INFO - [2024-09-27T20:25:35.441+0000] {dagbag.py:588} INFO - Filling up the DagBag from /home/airflow/.local/lib/python3.12/site-packages/airflow/example_dags/example_dynamic_task_mapping.py
[2024-09-27T20:25:35.448+0000] {processor.py:925} INFO - DAG(s) 'example_dynamic_task_mapping' retrieved from /home/airflow/.local/lib/python3.12/site-packages/airflow/example_dags/example_dynamic_task_mapping.py
[2024-09-27T20:25:35.463+0000] {logging_mixin.py:190} INFO - [2024-09-27T20:25:35.463+0000] {dag.py:3239} INFO - Sync 1 DAGs
[2024-09-27T20:25:35.475+0000] {logging_mixin.py:190} INFO - [2024-09-27T20:25:35.475+0000] {dag.py:4180} INFO - Setting next_dagrun for example_dynamic_task_mapping to None, run_after=None
[2024-09-27T20:25:35.488+0000] {processor.py:208} INFO - Processing /home/airflow/.local/lib/python3.12/site-packages/airflow/example_dags/example_dynamic_task_mapping.py took 0.054 seconds
[2024-09-27T20:26:05.646+0000] {processor.py:186} INFO - Started process (PID=579) to work on /home/airflow/.local/lib/python3.12/site-packages/airflow/example_dags/example_dynamic_task_mapping.py
[2024-09-27T20:26:05.647+0000] {processor.py:914} INFO - Processing file /home/airflow/.local/lib/python3.12/site-packages/airflow/example_dags/example_dynamic_task_mapping.py for tasks to queue
[2024-09-27T20:26:05.649+0000] {logging_mixin.py:190} INFO - [2024-09-27T20:26:05.648+0000] {dagbag.py:588} INFO - Filling up the DagBag from /home/airflow/.local/lib/python3.12/site-packages/airflow/example_dags/example_dynamic_task_mapping.py
[2024-09-27T20:26:05.655+0000] {processor.py:925} INFO - DAG(s) 'example_dynamic_task_mapping' retrieved from /home/airflow/.local/lib/python3.12/site-packages/airflow/example_dags/example_dynamic_task_mapping.py
[2024-09-27T20:26:05.670+0000] {logging_mixin.py:190} INFO - [2024-09-27T20:26:05.669+0000] {dag.py:3239} INFO - Sync 1 DAGs
[2024-09-27T20:26:05.681+0000] {logging_mixin.py:190} INFO - [2024-09-27T20:26:05.681+0000] {dag.py:4180} INFO - Setting next_dagrun for example_dynamic_task_mapping to None, run_after=None
[2024-09-27T20:26:05.695+0000] {processor.py:208} INFO - Processing /home/airflow/.local/lib/python3.12/site-packages/airflow/example_dags/example_dynamic_task_mapping.py took 0.053 seconds
[2024-09-27T20:26:36.070+0000] {processor.py:186} INFO - Started process (PID=642) to work on /home/airflow/.local/lib/python3.12/site-packages/airflow/example_dags/example_dynamic_task_mapping.py
[2024-09-27T20:26:36.071+0000] {processor.py:914} INFO - Processing file /home/airflow/.local/lib/python3.12/site-packages/airflow/example_dags/example_dynamic_task_mapping.py for tasks to queue
[2024-09-27T20:26:36.073+0000] {logging_mixin.py:190} INFO - [2024-09-27T20:26:36.072+0000] {dagbag.py:588} INFO - Filling up the DagBag from /home/airflow/.local/lib/python3.12/site-packages/airflow/example_dags/example_dynamic_task_mapping.py
[2024-09-27T20:26:36.079+0000] {processor.py:925} INFO - DAG(s) 'example_dynamic_task_mapping' retrieved from /home/airflow/.local/lib/python3.12/site-packages/airflow/example_dags/example_dynamic_task_mapping.py
[2024-09-27T20:26:36.094+0000] {logging_mixin.py:190} INFO - [2024-09-27T20:26:36.093+0000] {dag.py:3239} INFO - Sync 1 DAGs
[2024-09-27T20:26:36.104+0000] {logging_mixin.py:190} INFO - [2024-09-27T20:26:36.104+0000] {dag.py:4180} INFO - Setting next_dagrun for example_dynamic_task_mapping to None, run_after=None
[2024-09-27T20:26:36.118+0000] {processor.py:208} INFO - Processing /home/airflow/.local/lib/python3.12/site-packages/airflow/example_dags/example_dynamic_task_mapping.py took 0.052 seconds
[2024-09-27T20:27:06.854+0000] {processor.py:186} INFO - Started process (PID=705) to work on /home/airflow/.local/lib/python3.12/site-packages/airflow/example_dags/example_dynamic_task_mapping.py
[2024-09-27T20:27:06.855+0000] {processor.py:914} INFO - Processing file /home/airflow/.local/lib/python3.12/site-packages/airflow/example_dags/example_dynamic_task_mapping.py for tasks to queue
[2024-09-27T20:27:06.857+0000] {logging_mixin.py:190} INFO - [2024-09-27T20:27:06.856+0000] {dagbag.py:588} INFO - Filling up the DagBag from /home/airflow/.local/lib/python3.12/site-packages/airflow/example_dags/example_dynamic_task_mapping.py
[2024-09-27T20:27:06.863+0000] {processor.py:925} INFO - DAG(s) 'example_dynamic_task_mapping' retrieved from /home/airflow/.local/lib/python3.12/site-packages/airflow/example_dags/example_dynamic_task_mapping.py
[2024-09-27T20:27:06.877+0000] {logging_mixin.py:190} INFO - [2024-09-27T20:27:06.877+0000] {dag.py:3239} INFO - Sync 1 DAGs
[2024-09-27T20:27:06.889+0000] {logging_mixin.py:190} INFO - [2024-09-27T20:27:06.889+0000] {dag.py:4180} INFO - Setting next_dagrun for example_dynamic_task_mapping to None, run_after=None
[2024-09-27T20:27:06.902+0000] {processor.py:208} INFO - Processing /home/airflow/.local/lib/python3.12/site-packages/airflow/example_dags/example_dynamic_task_mapping.py took 0.053 seconds
[2024-09-27T20:27:39.306+0000] {processor.py:186} INFO - Started process (PID=768) to work on /home/airflow/.local/lib/python3.12/site-packages/airflow/example_dags/example_dynamic_task_mapping.py
[2024-09-27T20:27:39.308+0000] {processor.py:914} INFO - Processing file /home/airflow/.local/lib/python3.12/site-packages/airflow/example_dags/example_dynamic_task_mapping.py for tasks to queue
[2024-09-27T20:27:39.311+0000] {logging_mixin.py:190} INFO - [2024-09-27T20:27:39.310+0000] {dagbag.py:588} INFO - Filling up the DagBag from /home/airflow/.local/lib/python3.12/site-packages/airflow/example_dags/example_dynamic_task_mapping.py
[2024-09-27T20:27:39.319+0000] {processor.py:925} INFO - DAG(s) 'example_dynamic_task_mapping' retrieved from /home/airflow/.local/lib/python3.12/site-packages/airflow/example_dags/example_dynamic_task_mapping.py
[2024-09-27T20:27:39.347+0000] {logging_mixin.py:190} INFO - [2024-09-27T20:27:39.347+0000] {dag.py:3239} INFO - Sync 1 DAGs
[2024-09-27T20:27:39.360+0000] {logging_mixin.py:190} INFO - [2024-09-27T20:27:39.360+0000] {dag.py:4180} INFO - Setting next_dagrun for example_dynamic_task_mapping to None, run_after=None
[2024-09-27T20:27:39.373+0000] {processor.py:208} INFO - Processing /home/airflow/.local/lib/python3.12/site-packages/airflow/example_dags/example_dynamic_task_mapping.py took 0.075 seconds
[2024-09-27T20:28:09.552+0000] {processor.py:186} INFO - Started process (PID=831) to work on /home/airflow/.local/lib/python3.12/site-packages/airflow/example_dags/example_dynamic_task_mapping.py
[2024-09-27T20:28:09.553+0000] {processor.py:914} INFO - Processing file /home/airflow/.local/lib/python3.12/site-packages/airflow/example_dags/example_dynamic_task_mapping.py for tasks to queue
[2024-09-27T20:28:09.555+0000] {logging_mixin.py:190} INFO - [2024-09-27T20:28:09.555+0000] {dagbag.py:588} INFO - Filling up the DagBag from /home/airflow/.local/lib/python3.12/site-packages/airflow/example_dags/example_dynamic_task_mapping.py
[2024-09-27T20:28:09.561+0000] {processor.py:925} INFO - DAG(s) 'example_dynamic_task_mapping' retrieved from /home/airflow/.local/lib/python3.12/site-packages/airflow/example_dags/example_dynamic_task_mapping.py
[2024-09-27T20:28:09.577+0000] {logging_mixin.py:190} INFO - [2024-09-27T20:28:09.577+0000] {dag.py:3239} INFO - Sync 1 DAGs
[2024-09-27T20:28:09.590+0000] {logging_mixin.py:190} INFO - [2024-09-27T20:28:09.590+0000] {dag.py:4180} INFO - Setting next_dagrun for example_dynamic_task_mapping to None, run_after=None
[2024-09-27T20:28:09.604+0000] {processor.py:208} INFO - Processing /home/airflow/.local/lib/python3.12/site-packages/airflow/example_dags/example_dynamic_task_mapping.py took 0.057 seconds
[2024-09-27T20:28:39.859+0000] {processor.py:186} INFO - Started process (PID=894) to work on /home/airflow/.local/lib/python3.12/site-packages/airflow/example_dags/example_dynamic_task_mapping.py
[2024-09-27T20:28:39.861+0000] {processor.py:914} INFO - Processing file /home/airflow/.local/lib/python3.12/site-packages/airflow/example_dags/example_dynamic_task_mapping.py for tasks to queue
[2024-09-27T20:28:39.863+0000] {logging_mixin.py:190} INFO - [2024-09-27T20:28:39.863+0000] {dagbag.py:588} INFO - Filling up the DagBag from /home/airflow/.local/lib/python3.12/site-packages/airflow/example_dags/example_dynamic_task_mapping.py
[2024-09-27T20:28:39.872+0000] {processor.py:925} INFO - DAG(s) 'example_dynamic_task_mapping' retrieved from /home/airflow/.local/lib/python3.12/site-packages/airflow/example_dags/example_dynamic_task_mapping.py
[2024-09-27T20:28:39.894+0000] {logging_mixin.py:190} INFO - [2024-09-27T20:28:39.894+0000] {dag.py:3239} INFO - Sync 1 DAGs
[2024-09-27T20:28:39.911+0000] {logging_mixin.py:190} INFO - [2024-09-27T20:28:39.911+0000] {dag.py:4180} INFO - Setting next_dagrun for example_dynamic_task_mapping to None, run_after=None
[2024-09-27T20:28:39.930+0000] {processor.py:208} INFO - Processing /home/airflow/.local/lib/python3.12/site-packages/airflow/example_dags/example_dynamic_task_mapping.py took 0.077 seconds
[2024-09-27T20:29:10.136+0000] {processor.py:186} INFO - Started process (PID=957) to work on /home/airflow/.local/lib/python3.12/site-packages/airflow/example_dags/example_dynamic_task_mapping.py
[2024-09-27T20:29:10.137+0000] {processor.py:914} INFO - Processing file /home/airflow/.local/lib/python3.12/site-packages/airflow/example_dags/example_dynamic_task_mapping.py for tasks to queue
[2024-09-27T20:29:10.138+0000] {logging_mixin.py:190} INFO - [2024-09-27T20:29:10.138+0000] {dagbag.py:588} INFO - Filling up the DagBag from /home/airflow/.local/lib/python3.12/site-packages/airflow/example_dags/example_dynamic_task_mapping.py
[2024-09-27T20:29:10.145+0000] {processor.py:925} INFO - DAG(s) 'example_dynamic_task_mapping' retrieved from /home/airflow/.local/lib/python3.12/site-packages/airflow/example_dags/example_dynamic_task_mapping.py
[2024-09-27T20:29:10.161+0000] {logging_mixin.py:190} INFO - [2024-09-27T20:29:10.161+0000] {dag.py:3239} INFO - Sync 1 DAGs
[2024-09-27T20:29:10.175+0000] {logging_mixin.py:190} INFO - [2024-09-27T20:29:10.174+0000] {dag.py:4180} INFO - Setting next_dagrun for example_dynamic_task_mapping to None, run_after=None
[2024-09-27T20:29:10.188+0000] {processor.py:208} INFO - Processing /home/airflow/.local/lib/python3.12/site-packages/airflow/example_dags/example_dynamic_task_mapping.py took 0.057 seconds
[2024-09-27T20:29:40.380+0000] {processor.py:186} INFO - Started process (PID=1020) to work on /home/airflow/.local/lib/python3.12/site-packages/airflow/example_dags/example_dynamic_task_mapping.py
[2024-09-27T20:29:40.381+0000] {processor.py:914} INFO - Processing file /home/airflow/.local/lib/python3.12/site-packages/airflow/example_dags/example_dynamic_task_mapping.py for tasks to queue
[2024-09-27T20:29:40.383+0000] {logging_mixin.py:190} INFO - [2024-09-27T20:29:40.383+0000] {dagbag.py:588} INFO - Filling up the DagBag from /home/airflow/.local/lib/python3.12/site-packages/airflow/example_dags/example_dynamic_task_mapping.py
[2024-09-27T20:29:40.389+0000] {processor.py:925} INFO - DAG(s) 'example_dynamic_task_mapping' retrieved from /home/airflow/.local/lib/python3.12/site-packages/airflow/example_dags/example_dynamic_task_mapping.py
[2024-09-27T20:29:40.404+0000] {logging_mixin.py:190} INFO - [2024-09-27T20:29:40.404+0000] {dag.py:3239} INFO - Sync 1 DAGs
[2024-09-27T20:29:40.415+0000] {logging_mixin.py:190} INFO - [2024-09-27T20:29:40.415+0000] {dag.py:4180} INFO - Setting next_dagrun for example_dynamic_task_mapping to None, run_after=None
[2024-09-27T20:29:40.428+0000] {processor.py:208} INFO - Processing /home/airflow/.local/lib/python3.12/site-packages/airflow/example_dags/example_dynamic_task_mapping.py took 0.054 seconds
[2024-09-27T20:30:10.761+0000] {processor.py:186} INFO - Started process (PID=1083) to work on /home/airflow/.local/lib/python3.12/site-packages/airflow/example_dags/example_dynamic_task_mapping.py
[2024-09-27T20:30:10.762+0000] {processor.py:914} INFO - Processing file /home/airflow/.local/lib/python3.12/site-packages/airflow/example_dags/example_dynamic_task_mapping.py for tasks to queue
[2024-09-27T20:30:10.764+0000] {logging_mixin.py:190} INFO - [2024-09-27T20:30:10.764+0000] {dagbag.py:588} INFO - Filling up the DagBag from /home/airflow/.local/lib/python3.12/site-packages/airflow/example_dags/example_dynamic_task_mapping.py
[2024-09-27T20:30:10.772+0000] {processor.py:925} INFO - DAG(s) 'example_dynamic_task_mapping' retrieved from /home/airflow/.local/lib/python3.12/site-packages/airflow/example_dags/example_dynamic_task_mapping.py
[2024-09-27T20:30:10.791+0000] {logging_mixin.py:190} INFO - [2024-09-27T20:30:10.791+0000] {dag.py:3239} INFO - Sync 1 DAGs
[2024-09-27T20:30:10.804+0000] {logging_mixin.py:190} INFO - [2024-09-27T20:30:10.803+0000] {dag.py:4180} INFO - Setting next_dagrun for example_dynamic_task_mapping to None, run_after=None
[2024-09-27T20:30:10.819+0000] {processor.py:208} INFO - Processing /home/airflow/.local/lib/python3.12/site-packages/airflow/example_dags/example_dynamic_task_mapping.py took 0.063 seconds
[2024-09-27T20:30:41.020+0000] {processor.py:186} INFO - Started process (PID=1146) to work on /home/airflow/.local/lib/python3.12/site-packages/airflow/example_dags/example_dynamic_task_mapping.py
[2024-09-27T20:30:41.021+0000] {processor.py:914} INFO - Processing file /home/airflow/.local/lib/python3.12/site-packages/airflow/example_dags/example_dynamic_task_mapping.py for tasks to queue
[2024-09-27T20:30:41.023+0000] {logging_mixin.py:190} INFO - [2024-09-27T20:30:41.022+0000] {dagbag.py:588} INFO - Filling up the DagBag from /home/airflow/.local/lib/python3.12/site-packages/airflow/example_dags/example_dynamic_task_mapping.py
[2024-09-27T20:30:41.030+0000] {processor.py:925} INFO - DAG(s) 'example_dynamic_task_mapping' retrieved from /home/airflow/.local/lib/python3.12/site-packages/airflow/example_dags/example_dynamic_task_mapping.py
[2024-09-27T20:30:41.045+0000] {logging_mixin.py:190} INFO - [2024-09-27T20:30:41.044+0000] {dag.py:3239} INFO - Sync 1 DAGs
[2024-09-27T20:30:41.056+0000] {logging_mixin.py:190} INFO - [2024-09-27T20:30:41.055+0000] {dag.py:4180} INFO - Setting next_dagrun for example_dynamic_task_mapping to None, run_after=None
[2024-09-27T20:30:41.068+0000] {processor.py:208} INFO - Processing /home/airflow/.local/lib/python3.12/site-packages/airflow/example_dags/example_dynamic_task_mapping.py took 0.053 seconds
[2024-09-27T20:31:11.453+0000] {processor.py:186} INFO - Started process (PID=1210) to work on /home/airflow/.local/lib/python3.12/site-packages/airflow/example_dags/example_dynamic_task_mapping.py
[2024-09-27T20:31:11.454+0000] {processor.py:914} INFO - Processing file /home/airflow/.local/lib/python3.12/site-packages/airflow/example_dags/example_dynamic_task_mapping.py for tasks to queue
[2024-09-27T20:31:11.456+0000] {logging_mixin.py:190} INFO - [2024-09-27T20:31:11.455+0000] {dagbag.py:588} INFO - Filling up the DagBag from /home/airflow/.local/lib/python3.12/site-packages/airflow/example_dags/example_dynamic_task_mapping.py
[2024-09-27T20:31:11.462+0000] {processor.py:925} INFO - DAG(s) 'example_dynamic_task_mapping' retrieved from /home/airflow/.local/lib/python3.12/site-packages/airflow/example_dags/example_dynamic_task_mapping.py
[2024-09-27T20:31:11.480+0000] {logging_mixin.py:190} INFO - [2024-09-27T20:31:11.480+0000] {dag.py:3239} INFO - Sync 1 DAGs
[2024-09-27T20:31:11.494+0000] {logging_mixin.py:190} INFO - [2024-09-27T20:31:11.493+0000] {dag.py:4180} INFO - Setting next_dagrun for example_dynamic_task_mapping to None, run_after=None
[2024-09-27T20:31:11.507+0000] {processor.py:208} INFO - Processing /home/airflow/.local/lib/python3.12/site-packages/airflow/example_dags/example_dynamic_task_mapping.py took 0.059 seconds
[2024-09-27T20:31:41.987+0000] {processor.py:186} INFO - Started process (PID=1273) to work on /home/airflow/.local/lib/python3.12/site-packages/airflow/example_dags/example_dynamic_task_mapping.py
[2024-09-27T20:31:41.988+0000] {processor.py:914} INFO - Processing file /home/airflow/.local/lib/python3.12/site-packages/airflow/example_dags/example_dynamic_task_mapping.py for tasks to queue
[2024-09-27T20:31:41.989+0000] {logging_mixin.py:190} INFO - [2024-09-27T20:31:41.989+0000] {dagbag.py:588} INFO - Filling up the DagBag from /home/airflow/.local/lib/python3.12/site-packages/airflow/example_dags/example_dynamic_task_mapping.py
[2024-09-27T20:31:41.996+0000] {processor.py:925} INFO - DAG(s) 'example_dynamic_task_mapping' retrieved from /home/airflow/.local/lib/python3.12/site-packages/airflow/example_dags/example_dynamic_task_mapping.py
[2024-09-27T20:31:42.011+0000] {logging_mixin.py:190} INFO - [2024-09-27T20:31:42.011+0000] {dag.py:3239} INFO - Sync 1 DAGs
[2024-09-27T20:31:42.024+0000] {logging_mixin.py:190} INFO - [2024-09-27T20:31:42.023+0000] {dag.py:4180} INFO - Setting next_dagrun for example_dynamic_task_mapping to None, run_after=None
[2024-09-27T20:31:42.040+0000] {processor.py:208} INFO - Processing /home/airflow/.local/lib/python3.12/site-packages/airflow/example_dags/example_dynamic_task_mapping.py took 0.058 seconds
[2024-09-27T20:32:12.869+0000] {processor.py:186} INFO - Started process (PID=1336) to work on /home/airflow/.local/lib/python3.12/site-packages/airflow/example_dags/example_dynamic_task_mapping.py
[2024-09-27T20:32:12.870+0000] {processor.py:914} INFO - Processing file /home/airflow/.local/lib/python3.12/site-packages/airflow/example_dags/example_dynamic_task_mapping.py for tasks to queue
[2024-09-27T20:32:12.871+0000] {logging_mixin.py:190} INFO - [2024-09-27T20:32:12.871+0000] {dagbag.py:588} INFO - Filling up the DagBag from /home/airflow/.local/lib/python3.12/site-packages/airflow/example_dags/example_dynamic_task_mapping.py
[2024-09-27T20:32:12.877+0000] {processor.py:925} INFO - DAG(s) 'example_dynamic_task_mapping' retrieved from /home/airflow/.local/lib/python3.12/site-packages/airflow/example_dags/example_dynamic_task_mapping.py
[2024-09-27T20:32:12.893+0000] {logging_mixin.py:190} INFO - [2024-09-27T20:32:12.893+0000] {dag.py:3239} INFO - Sync 1 DAGs
[2024-09-27T20:32:12.905+0000] {logging_mixin.py:190} INFO - [2024-09-27T20:32:12.905+0000] {dag.py:4180} INFO - Setting next_dagrun for example_dynamic_task_mapping to None, run_after=None
[2024-09-27T20:32:12.918+0000] {processor.py:208} INFO - Processing /home/airflow/.local/lib/python3.12/site-packages/airflow/example_dags/example_dynamic_task_mapping.py took 0.053 seconds
[2024-09-27T20:32:43.674+0000] {processor.py:186} INFO - Started process (PID=1399) to work on /home/airflow/.local/lib/python3.12/site-packages/airflow/example_dags/example_dynamic_task_mapping.py
[2024-09-27T20:32:43.676+0000] {processor.py:914} INFO - Processing file /home/airflow/.local/lib/python3.12/site-packages/airflow/example_dags/example_dynamic_task_mapping.py for tasks to queue
[2024-09-27T20:32:43.680+0000] {logging_mixin.py:190} INFO - [2024-09-27T20:32:43.680+0000] {dagbag.py:588} INFO - Filling up the DagBag from /home/airflow/.local/lib/python3.12/site-packages/airflow/example_dags/example_dynamic_task_mapping.py
[2024-09-27T20:32:43.696+0000] {processor.py:925} INFO - DAG(s) 'example_dynamic_task_mapping' retrieved from /home/airflow/.local/lib/python3.12/site-packages/airflow/example_dags/example_dynamic_task_mapping.py
[2024-09-27T20:32:43.729+0000] {logging_mixin.py:190} INFO - [2024-09-27T20:32:43.728+0000] {dag.py:3239} INFO - Sync 1 DAGs
[2024-09-27T20:32:43.754+0000] {logging_mixin.py:190} INFO - [2024-09-27T20:32:43.754+0000] {dag.py:4180} INFO - Setting next_dagrun for example_dynamic_task_mapping to None, run_after=None
[2024-09-27T20:32:43.778+0000] {processor.py:208} INFO - Processing /home/airflow/.local/lib/python3.12/site-packages/airflow/example_dags/example_dynamic_task_mapping.py took 0.113 seconds
[2024-09-27T20:33:13.898+0000] {processor.py:186} INFO - Started process (PID=1462) to work on /home/airflow/.local/lib/python3.12/site-packages/airflow/example_dags/example_dynamic_task_mapping.py
[2024-09-27T20:33:13.899+0000] {processor.py:914} INFO - Processing file /home/airflow/.local/lib/python3.12/site-packages/airflow/example_dags/example_dynamic_task_mapping.py for tasks to queue
[2024-09-27T20:33:13.900+0000] {logging_mixin.py:190} INFO - [2024-09-27T20:33:13.900+0000] {dagbag.py:588} INFO - Filling up the DagBag from /home/airflow/.local/lib/python3.12/site-packages/airflow/example_dags/example_dynamic_task_mapping.py
[2024-09-27T20:33:13.906+0000] {processor.py:925} INFO - DAG(s) 'example_dynamic_task_mapping' retrieved from /home/airflow/.local/lib/python3.12/site-packages/airflow/example_dags/example_dynamic_task_mapping.py
[2024-09-27T20:33:13.921+0000] {logging_mixin.py:190} INFO - [2024-09-27T20:33:13.921+0000] {dag.py:3239} INFO - Sync 1 DAGs
[2024-09-27T20:33:13.933+0000] {logging_mixin.py:190} INFO - [2024-09-27T20:33:13.933+0000] {dag.py:4180} INFO - Setting next_dagrun for example_dynamic_task_mapping to None, run_after=None
[2024-09-27T20:33:13.947+0000] {processor.py:208} INFO - Processing /home/airflow/.local/lib/python3.12/site-packages/airflow/example_dags/example_dynamic_task_mapping.py took 0.054 seconds
[2024-09-27T20:33:45.491+0000] {processor.py:186} INFO - Started process (PID=1525) to work on /home/airflow/.local/lib/python3.12/site-packages/airflow/example_dags/example_dynamic_task_mapping.py
[2024-09-27T20:33:45.492+0000] {processor.py:914} INFO - Processing file /home/airflow/.local/lib/python3.12/site-packages/airflow/example_dags/example_dynamic_task_mapping.py for tasks to queue
[2024-09-27T20:33:45.495+0000] {logging_mixin.py:190} INFO - [2024-09-27T20:33:45.494+0000] {dagbag.py:588} INFO - Filling up the DagBag from /home/airflow/.local/lib/python3.12/site-packages/airflow/example_dags/example_dynamic_task_mapping.py
[2024-09-27T20:33:45.507+0000] {processor.py:925} INFO - DAG(s) 'example_dynamic_task_mapping' retrieved from /home/airflow/.local/lib/python3.12/site-packages/airflow/example_dags/example_dynamic_task_mapping.py
[2024-09-27T20:33:45.535+0000] {logging_mixin.py:190} INFO - [2024-09-27T20:33:45.534+0000] {dag.py:3239} INFO - Sync 1 DAGs
[2024-09-27T20:33:45.565+0000] {logging_mixin.py:190} INFO - [2024-09-27T20:33:45.565+0000] {dag.py:4180} INFO - Setting next_dagrun for example_dynamic_task_mapping to None, run_after=None
[2024-09-27T20:33:45.603+0000] {processor.py:208} INFO - Processing /home/airflow/.local/lib/python3.12/site-packages/airflow/example_dags/example_dynamic_task_mapping.py took 0.119 seconds
[2024-09-27T20:34:15.969+0000] {processor.py:186} INFO - Started process (PID=1588) to work on /home/airflow/.local/lib/python3.12/site-packages/airflow/example_dags/example_dynamic_task_mapping.py
[2024-09-27T20:34:15.969+0000] {processor.py:914} INFO - Processing file /home/airflow/.local/lib/python3.12/site-packages/airflow/example_dags/example_dynamic_task_mapping.py for tasks to queue
[2024-09-27T20:34:15.971+0000] {logging_mixin.py:190} INFO - [2024-09-27T20:34:15.971+0000] {dagbag.py:588} INFO - Filling up the DagBag from /home/airflow/.local/lib/python3.12/site-packages/airflow/example_dags/example_dynamic_task_mapping.py
[2024-09-27T20:34:15.978+0000] {processor.py:925} INFO - DAG(s) 'example_dynamic_task_mapping' retrieved from /home/airflow/.local/lib/python3.12/site-packages/airflow/example_dags/example_dynamic_task_mapping.py
[2024-09-27T20:34:15.995+0000] {logging_mixin.py:190} INFO - [2024-09-27T20:34:15.995+0000] {dag.py:3239} INFO - Sync 1 DAGs
[2024-09-27T20:34:16.009+0000] {logging_mixin.py:190} INFO - [2024-09-27T20:34:16.008+0000] {dag.py:4180} INFO - Setting next_dagrun for example_dynamic_task_mapping to None, run_after=None
[2024-09-27T20:34:16.023+0000] {processor.py:208} INFO - Processing /home/airflow/.local/lib/python3.12/site-packages/airflow/example_dags/example_dynamic_task_mapping.py took 0.059 seconds
[2024-09-27T20:34:46.201+0000] {processor.py:186} INFO - Started process (PID=1651) to work on /home/airflow/.local/lib/python3.12/site-packages/airflow/example_dags/example_dynamic_task_mapping.py
[2024-09-27T20:34:46.202+0000] {processor.py:914} INFO - Processing file /home/airflow/.local/lib/python3.12/site-packages/airflow/example_dags/example_dynamic_task_mapping.py for tasks to queue
[2024-09-27T20:34:46.204+0000] {logging_mixin.py:190} INFO - [2024-09-27T20:34:46.203+0000] {dagbag.py:588} INFO - Filling up the DagBag from /home/airflow/.local/lib/python3.12/site-packages/airflow/example_dags/example_dynamic_task_mapping.py
[2024-09-27T20:34:46.210+0000] {processor.py:925} INFO - DAG(s) 'example_dynamic_task_mapping' retrieved from /home/airflow/.local/lib/python3.12/site-packages/airflow/example_dags/example_dynamic_task_mapping.py
[2024-09-27T20:34:46.224+0000] {logging_mixin.py:190} INFO - [2024-09-27T20:34:46.224+0000] {dag.py:3239} INFO - Sync 1 DAGs
[2024-09-27T20:34:46.235+0000] {logging_mixin.py:190} INFO - [2024-09-27T20:34:46.235+0000] {dag.py:4180} INFO - Setting next_dagrun for example_dynamic_task_mapping to None, run_after=None
[2024-09-27T20:34:46.248+0000] {processor.py:208} INFO - Processing /home/airflow/.local/lib/python3.12/site-packages/airflow/example_dags/example_dynamic_task_mapping.py took 0.052 seconds
