[2024-09-27T19:45:58.216+0000] {processor.py:186} INFO - Started process (PID=74) to work on /home/airflow/.local/lib/python3.12/site-packages/airflow/example_dags/example_sla_dag.py
[2024-09-27T19:45:58.217+0000] {processor.py:914} INFO - Processing file /home/airflow/.local/lib/python3.12/site-packages/airflow/example_dags/example_sla_dag.py for tasks to queue
[2024-09-27T19:45:58.219+0000] {logging_mixin.py:190} INFO - [2024-09-27T19:45:58.219+0000] {dagbag.py:588} INFO - Filling up the DagBag from /home/airflow/.local/lib/python3.12/site-packages/airflow/example_dags/example_sla_dag.py
[2024-09-27T19:45:58.230+0000] {processor.py:925} INFO - DAG(s) 'example_sla_dag' retrieved from /home/airflow/.local/lib/python3.12/site-packages/airflow/example_dags/example_sla_dag.py
[2024-09-27T19:45:58.257+0000] {logging_mixin.py:190} INFO - [2024-09-27T19:45:58.257+0000] {dag.py:3239} INFO - Sync 1 DAGs
[2024-09-27T19:45:58.281+0000] {logging_mixin.py:190} INFO - [2024-09-27T19:45:58.281+0000] {dag.py:4180} INFO - Setting next_dagrun for example_sla_dag to 2024-09-27 19:42:00+00:00, run_after=2024-09-27 19:44:00+00:00
[2024-09-27T19:45:58.297+0000] {processor.py:208} INFO - Processing /home/airflow/.local/lib/python3.12/site-packages/airflow/example_dags/example_sla_dag.py took 0.086 seconds
[2024-09-27T19:46:28.684+0000] {processor.py:186} INFO - Started process (PID=137) to work on /home/airflow/.local/lib/python3.12/site-packages/airflow/example_dags/example_sla_dag.py
[2024-09-27T19:46:28.685+0000] {processor.py:914} INFO - Processing file /home/airflow/.local/lib/python3.12/site-packages/airflow/example_dags/example_sla_dag.py for tasks to queue
[2024-09-27T19:46:28.686+0000] {logging_mixin.py:190} INFO - [2024-09-27T19:46:28.686+0000] {dagbag.py:588} INFO - Filling up the DagBag from /home/airflow/.local/lib/python3.12/site-packages/airflow/example_dags/example_sla_dag.py
[2024-09-27T19:46:28.693+0000] {processor.py:925} INFO - DAG(s) 'example_sla_dag' retrieved from /home/airflow/.local/lib/python3.12/site-packages/airflow/example_dags/example_sla_dag.py
[2024-09-27T19:46:28.709+0000] {logging_mixin.py:190} INFO - [2024-09-27T19:46:28.709+0000] {dag.py:3239} INFO - Sync 1 DAGs
[2024-09-27T19:46:28.728+0000] {logging_mixin.py:190} INFO - [2024-09-27T19:46:28.728+0000] {dag.py:4180} INFO - Setting next_dagrun for example_sla_dag to 2024-09-27 19:44:00+00:00, run_after=2024-09-27 19:46:00+00:00
[2024-09-27T19:46:28.741+0000] {processor.py:208} INFO - Processing /home/airflow/.local/lib/python3.12/site-packages/airflow/example_dags/example_sla_dag.py took 0.063 seconds
[2024-09-27T19:46:58.856+0000] {processor.py:186} INFO - Started process (PID=200) to work on /home/airflow/.local/lib/python3.12/site-packages/airflow/example_dags/example_sla_dag.py
[2024-09-27T19:46:58.857+0000] {processor.py:914} INFO - Processing file /home/airflow/.local/lib/python3.12/site-packages/airflow/example_dags/example_sla_dag.py for tasks to queue
[2024-09-27T19:46:58.859+0000] {logging_mixin.py:190} INFO - [2024-09-27T19:46:58.858+0000] {dagbag.py:588} INFO - Filling up the DagBag from /home/airflow/.local/lib/python3.12/site-packages/airflow/example_dags/example_sla_dag.py
[2024-09-27T19:46:58.865+0000] {processor.py:925} INFO - DAG(s) 'example_sla_dag' retrieved from /home/airflow/.local/lib/python3.12/site-packages/airflow/example_dags/example_sla_dag.py
[2024-09-27T19:46:58.881+0000] {logging_mixin.py:190} INFO - [2024-09-27T19:46:58.880+0000] {dag.py:3239} INFO - Sync 1 DAGs
[2024-09-27T19:46:58.900+0000] {logging_mixin.py:190} INFO - [2024-09-27T19:46:58.900+0000] {dag.py:4180} INFO - Setting next_dagrun for example_sla_dag to 2024-09-27 19:44:00+00:00, run_after=2024-09-27 19:46:00+00:00
[2024-09-27T19:46:58.913+0000] {processor.py:208} INFO - Processing /home/airflow/.local/lib/python3.12/site-packages/airflow/example_dags/example_sla_dag.py took 0.061 seconds
[2024-09-27T19:47:29.163+0000] {processor.py:186} INFO - Started process (PID=267) to work on /home/airflow/.local/lib/python3.12/site-packages/airflow/example_dags/example_sla_dag.py
[2024-09-27T19:47:29.164+0000] {processor.py:914} INFO - Processing file /home/airflow/.local/lib/python3.12/site-packages/airflow/example_dags/example_sla_dag.py for tasks to queue
[2024-09-27T19:47:29.167+0000] {logging_mixin.py:190} INFO - [2024-09-27T19:47:29.166+0000] {dagbag.py:588} INFO - Filling up the DagBag from /home/airflow/.local/lib/python3.12/site-packages/airflow/example_dags/example_sla_dag.py
[2024-09-27T19:47:29.178+0000] {processor.py:925} INFO - DAG(s) 'example_sla_dag' retrieved from /home/airflow/.local/lib/python3.12/site-packages/airflow/example_dags/example_sla_dag.py
[2024-09-27T19:47:29.203+0000] {logging_mixin.py:190} INFO - [2024-09-27T19:47:29.202+0000] {dag.py:3239} INFO - Sync 1 DAGs
[2024-09-27T19:47:29.229+0000] {logging_mixin.py:190} INFO - [2024-09-27T19:47:29.228+0000] {dag.py:4180} INFO - Setting next_dagrun for example_sla_dag to 2024-09-27 19:44:00+00:00, run_after=2024-09-27 19:46:00+00:00
[2024-09-27T19:47:29.260+0000] {processor.py:208} INFO - Processing /home/airflow/.local/lib/python3.12/site-packages/airflow/example_dags/example_sla_dag.py took 0.104 seconds
[2024-09-27T19:47:59.735+0000] {processor.py:186} INFO - Started process (PID=348) to work on /home/airflow/.local/lib/python3.12/site-packages/airflow/example_dags/example_sla_dag.py
[2024-09-27T19:47:59.736+0000] {processor.py:914} INFO - Processing file /home/airflow/.local/lib/python3.12/site-packages/airflow/example_dags/example_sla_dag.py for tasks to queue
[2024-09-27T19:47:59.738+0000] {logging_mixin.py:190} INFO - [2024-09-27T19:47:59.738+0000] {dagbag.py:588} INFO - Filling up the DagBag from /home/airflow/.local/lib/python3.12/site-packages/airflow/example_dags/example_sla_dag.py
[2024-09-27T19:47:59.746+0000] {processor.py:925} INFO - DAG(s) 'example_sla_dag' retrieved from /home/airflow/.local/lib/python3.12/site-packages/airflow/example_dags/example_sla_dag.py
[2024-09-27T19:47:59.761+0000] {logging_mixin.py:190} INFO - [2024-09-27T19:47:59.761+0000] {dag.py:3239} INFO - Sync 1 DAGs
[2024-09-27T19:47:59.782+0000] {logging_mixin.py:190} INFO - [2024-09-27T19:47:59.782+0000] {dag.py:4180} INFO - Setting next_dagrun for example_sla_dag to 2024-09-27 19:44:00+00:00, run_after=2024-09-27 19:46:00+00:00
[2024-09-27T19:47:59.797+0000] {processor.py:208} INFO - Processing /home/airflow/.local/lib/python3.12/site-packages/airflow/example_dags/example_sla_dag.py took 0.066 seconds
[2024-09-27T20:22:02.278+0000] {processor.py:186} INFO - Started process (PID=68) to work on /home/airflow/.local/lib/python3.12/site-packages/airflow/example_dags/example_sla_dag.py
[2024-09-27T20:22:02.279+0000] {processor.py:914} INFO - Processing file /home/airflow/.local/lib/python3.12/site-packages/airflow/example_dags/example_sla_dag.py for tasks to queue
[2024-09-27T20:22:02.282+0000] {logging_mixin.py:190} INFO - [2024-09-27T20:22:02.282+0000] {dagbag.py:588} INFO - Filling up the DagBag from /home/airflow/.local/lib/python3.12/site-packages/airflow/example_dags/example_sla_dag.py
[2024-09-27T20:22:02.293+0000] {processor.py:925} INFO - DAG(s) 'example_sla_dag' retrieved from /home/airflow/.local/lib/python3.12/site-packages/airflow/example_dags/example_sla_dag.py
[2024-09-27T20:22:02.319+0000] {logging_mixin.py:190} INFO - [2024-09-27T20:22:02.318+0000] {dag.py:3239} INFO - Sync 1 DAGs
[2024-09-27T20:22:02.345+0000] {logging_mixin.py:190} INFO - [2024-09-27T20:22:02.344+0000] {dag.py:4180} INFO - Setting next_dagrun for example_sla_dag to 2024-09-27 20:20:00+00:00, run_after=2024-09-27 20:22:00+00:00
[2024-09-27T20:22:02.364+0000] {processor.py:208} INFO - Processing /home/airflow/.local/lib/python3.12/site-packages/airflow/example_dags/example_sla_dag.py took 0.094 seconds
[2024-09-27T20:22:32.783+0000] {processor.py:186} INFO - Started process (PID=131) to work on /home/airflow/.local/lib/python3.12/site-packages/airflow/example_dags/example_sla_dag.py
[2024-09-27T20:22:32.784+0000] {processor.py:914} INFO - Processing file /home/airflow/.local/lib/python3.12/site-packages/airflow/example_dags/example_sla_dag.py for tasks to queue
[2024-09-27T20:22:32.786+0000] {logging_mixin.py:190} INFO - [2024-09-27T20:22:32.786+0000] {dagbag.py:588} INFO - Filling up the DagBag from /home/airflow/.local/lib/python3.12/site-packages/airflow/example_dags/example_sla_dag.py
[2024-09-27T20:22:32.794+0000] {processor.py:925} INFO - DAG(s) 'example_sla_dag' retrieved from /home/airflow/.local/lib/python3.12/site-packages/airflow/example_dags/example_sla_dag.py
[2024-09-27T20:22:32.808+0000] {logging_mixin.py:190} INFO - [2024-09-27T20:22:32.808+0000] {dag.py:3239} INFO - Sync 1 DAGs
[2024-09-27T20:22:32.829+0000] {logging_mixin.py:190} INFO - [2024-09-27T20:22:32.829+0000] {dag.py:4180} INFO - Setting next_dagrun for example_sla_dag to 2024-09-27 20:20:00+00:00, run_after=2024-09-27 20:22:00+00:00
[2024-09-27T20:22:32.843+0000] {processor.py:208} INFO - Processing /home/airflow/.local/lib/python3.12/site-packages/airflow/example_dags/example_sla_dag.py took 0.064 seconds
[2024-09-27T20:23:03.171+0000] {processor.py:186} INFO - Started process (PID=199) to work on /home/airflow/.local/lib/python3.12/site-packages/airflow/example_dags/example_sla_dag.py
[2024-09-27T20:23:03.172+0000] {processor.py:914} INFO - Processing file /home/airflow/.local/lib/python3.12/site-packages/airflow/example_dags/example_sla_dag.py for tasks to queue
[2024-09-27T20:23:03.173+0000] {logging_mixin.py:190} INFO - [2024-09-27T20:23:03.173+0000] {dagbag.py:588} INFO - Filling up the DagBag from /home/airflow/.local/lib/python3.12/site-packages/airflow/example_dags/example_sla_dag.py
[2024-09-27T20:23:03.181+0000] {processor.py:925} INFO - DAG(s) 'example_sla_dag' retrieved from /home/airflow/.local/lib/python3.12/site-packages/airflow/example_dags/example_sla_dag.py
[2024-09-27T20:23:03.197+0000] {logging_mixin.py:190} INFO - [2024-09-27T20:23:03.197+0000] {dag.py:3239} INFO - Sync 1 DAGs
[2024-09-27T20:23:03.220+0000] {logging_mixin.py:190} INFO - [2024-09-27T20:23:03.220+0000] {dag.py:4180} INFO - Setting next_dagrun for example_sla_dag to 2024-09-27 20:20:00+00:00, run_after=2024-09-27 20:22:00+00:00
[2024-09-27T20:23:03.236+0000] {processor.py:208} INFO - Processing /home/airflow/.local/lib/python3.12/site-packages/airflow/example_dags/example_sla_dag.py took 0.070 seconds
[2024-09-27T20:23:33.646+0000] {processor.py:186} INFO - Started process (PID=263) to work on /home/airflow/.local/lib/python3.12/site-packages/airflow/example_dags/example_sla_dag.py
[2024-09-27T20:23:33.647+0000] {processor.py:914} INFO - Processing file /home/airflow/.local/lib/python3.12/site-packages/airflow/example_dags/example_sla_dag.py for tasks to queue
[2024-09-27T20:23:33.649+0000] {logging_mixin.py:190} INFO - [2024-09-27T20:23:33.648+0000] {dagbag.py:588} INFO - Filling up the DagBag from /home/airflow/.local/lib/python3.12/site-packages/airflow/example_dags/example_sla_dag.py
[2024-09-27T20:23:33.657+0000] {processor.py:925} INFO - DAG(s) 'example_sla_dag' retrieved from /home/airflow/.local/lib/python3.12/site-packages/airflow/example_dags/example_sla_dag.py
[2024-09-27T20:23:33.674+0000] {logging_mixin.py:190} INFO - [2024-09-27T20:23:33.674+0000] {dag.py:3239} INFO - Sync 1 DAGs
[2024-09-27T20:23:33.695+0000] {logging_mixin.py:190} INFO - [2024-09-27T20:23:33.695+0000] {dag.py:4180} INFO - Setting next_dagrun for example_sla_dag to 2024-09-27 20:20:00+00:00, run_after=2024-09-27 20:22:00+00:00
[2024-09-27T20:23:33.713+0000] {processor.py:208} INFO - Processing /home/airflow/.local/lib/python3.12/site-packages/airflow/example_dags/example_sla_dag.py took 0.072 seconds
[2024-09-27T20:24:04.499+0000] {processor.py:186} INFO - Started process (PID=326) to work on /home/airflow/.local/lib/python3.12/site-packages/airflow/example_dags/example_sla_dag.py
[2024-09-27T20:24:04.500+0000] {processor.py:914} INFO - Processing file /home/airflow/.local/lib/python3.12/site-packages/airflow/example_dags/example_sla_dag.py for tasks to queue
[2024-09-27T20:24:04.502+0000] {logging_mixin.py:190} INFO - [2024-09-27T20:24:04.502+0000] {dagbag.py:588} INFO - Filling up the DagBag from /home/airflow/.local/lib/python3.12/site-packages/airflow/example_dags/example_sla_dag.py
[2024-09-27T20:24:04.516+0000] {processor.py:925} INFO - DAG(s) 'example_sla_dag' retrieved from /home/airflow/.local/lib/python3.12/site-packages/airflow/example_dags/example_sla_dag.py
[2024-09-27T20:24:04.537+0000] {logging_mixin.py:190} INFO - [2024-09-27T20:24:04.537+0000] {dag.py:3239} INFO - Sync 1 DAGs
[2024-09-27T20:24:04.564+0000] {logging_mixin.py:190} INFO - [2024-09-27T20:24:04.564+0000] {dag.py:4180} INFO - Setting next_dagrun for example_sla_dag to 2024-09-27 20:22:00+00:00, run_after=2024-09-27 20:24:00+00:00
[2024-09-27T20:24:04.582+0000] {processor.py:208} INFO - Processing /home/airflow/.local/lib/python3.12/site-packages/airflow/example_dags/example_sla_dag.py took 0.090 seconds
[2024-09-27T20:24:34.910+0000] {processor.py:186} INFO - Started process (PID=389) to work on /home/airflow/.local/lib/python3.12/site-packages/airflow/example_dags/example_sla_dag.py
[2024-09-27T20:24:34.910+0000] {processor.py:914} INFO - Processing file /home/airflow/.local/lib/python3.12/site-packages/airflow/example_dags/example_sla_dag.py for tasks to queue
[2024-09-27T20:24:34.913+0000] {logging_mixin.py:190} INFO - [2024-09-27T20:24:34.912+0000] {dagbag.py:588} INFO - Filling up the DagBag from /home/airflow/.local/lib/python3.12/site-packages/airflow/example_dags/example_sla_dag.py
[2024-09-27T20:24:34.921+0000] {processor.py:925} INFO - DAG(s) 'example_sla_dag' retrieved from /home/airflow/.local/lib/python3.12/site-packages/airflow/example_dags/example_sla_dag.py
[2024-09-27T20:24:34.939+0000] {logging_mixin.py:190} INFO - [2024-09-27T20:24:34.938+0000] {dag.py:3239} INFO - Sync 1 DAGs
[2024-09-27T20:24:34.960+0000] {logging_mixin.py:190} INFO - [2024-09-27T20:24:34.960+0000] {dag.py:4180} INFO - Setting next_dagrun for example_sla_dag to 2024-09-27 20:22:00+00:00, run_after=2024-09-27 20:24:00+00:00
[2024-09-27T20:24:35.007+0000] {processor.py:208} INFO - Processing /home/airflow/.local/lib/python3.12/site-packages/airflow/example_dags/example_sla_dag.py took 0.103 seconds
[2024-09-27T20:25:05.114+0000] {processor.py:186} INFO - Started process (PID=452) to work on /home/airflow/.local/lib/python3.12/site-packages/airflow/example_dags/example_sla_dag.py
[2024-09-27T20:25:05.115+0000] {processor.py:914} INFO - Processing file /home/airflow/.local/lib/python3.12/site-packages/airflow/example_dags/example_sla_dag.py for tasks to queue
[2024-09-27T20:25:05.117+0000] {logging_mixin.py:190} INFO - [2024-09-27T20:25:05.116+0000] {dagbag.py:588} INFO - Filling up the DagBag from /home/airflow/.local/lib/python3.12/site-packages/airflow/example_dags/example_sla_dag.py
[2024-09-27T20:25:05.125+0000] {processor.py:925} INFO - DAG(s) 'example_sla_dag' retrieved from /home/airflow/.local/lib/python3.12/site-packages/airflow/example_dags/example_sla_dag.py
[2024-09-27T20:25:05.139+0000] {logging_mixin.py:190} INFO - [2024-09-27T20:25:05.139+0000] {dag.py:3239} INFO - Sync 1 DAGs
[2024-09-27T20:25:05.159+0000] {logging_mixin.py:190} INFO - [2024-09-27T20:25:05.158+0000] {dag.py:4180} INFO - Setting next_dagrun for example_sla_dag to 2024-09-27 20:22:00+00:00, run_after=2024-09-27 20:24:00+00:00
[2024-09-27T20:25:05.172+0000] {processor.py:208} INFO - Processing /home/airflow/.local/lib/python3.12/site-packages/airflow/example_dags/example_sla_dag.py took 0.063 seconds
[2024-09-27T20:25:35.425+0000] {processor.py:186} INFO - Started process (PID=515) to work on /home/airflow/.local/lib/python3.12/site-packages/airflow/example_dags/example_sla_dag.py
[2024-09-27T20:25:35.426+0000] {processor.py:914} INFO - Processing file /home/airflow/.local/lib/python3.12/site-packages/airflow/example_dags/example_sla_dag.py for tasks to queue
[2024-09-27T20:25:35.428+0000] {logging_mixin.py:190} INFO - [2024-09-27T20:25:35.427+0000] {dagbag.py:588} INFO - Filling up the DagBag from /home/airflow/.local/lib/python3.12/site-packages/airflow/example_dags/example_sla_dag.py
[2024-09-27T20:25:35.436+0000] {processor.py:925} INFO - DAG(s) 'example_sla_dag' retrieved from /home/airflow/.local/lib/python3.12/site-packages/airflow/example_dags/example_sla_dag.py
[2024-09-27T20:25:35.451+0000] {logging_mixin.py:190} INFO - [2024-09-27T20:25:35.450+0000] {dag.py:3239} INFO - Sync 1 DAGs
[2024-09-27T20:25:35.471+0000] {logging_mixin.py:190} INFO - [2024-09-27T20:25:35.471+0000] {dag.py:4180} INFO - Setting next_dagrun for example_sla_dag to 2024-09-27 20:22:00+00:00, run_after=2024-09-27 20:24:00+00:00
[2024-09-27T20:25:35.485+0000] {processor.py:208} INFO - Processing /home/airflow/.local/lib/python3.12/site-packages/airflow/example_dags/example_sla_dag.py took 0.064 seconds
[2024-09-27T20:26:05.626+0000] {processor.py:186} INFO - Started process (PID=578) to work on /home/airflow/.local/lib/python3.12/site-packages/airflow/example_dags/example_sla_dag.py
[2024-09-27T20:26:05.627+0000] {processor.py:914} INFO - Processing file /home/airflow/.local/lib/python3.12/site-packages/airflow/example_dags/example_sla_dag.py for tasks to queue
[2024-09-27T20:26:05.629+0000] {logging_mixin.py:190} INFO - [2024-09-27T20:26:05.629+0000] {dagbag.py:588} INFO - Filling up the DagBag from /home/airflow/.local/lib/python3.12/site-packages/airflow/example_dags/example_sla_dag.py
[2024-09-27T20:26:05.637+0000] {processor.py:925} INFO - DAG(s) 'example_sla_dag' retrieved from /home/airflow/.local/lib/python3.12/site-packages/airflow/example_dags/example_sla_dag.py
[2024-09-27T20:26:05.652+0000] {logging_mixin.py:190} INFO - [2024-09-27T20:26:05.652+0000] {dag.py:3239} INFO - Sync 1 DAGs
[2024-09-27T20:26:05.671+0000] {logging_mixin.py:190} INFO - [2024-09-27T20:26:05.671+0000] {dag.py:4180} INFO - Setting next_dagrun for example_sla_dag to 2024-09-27 20:24:00+00:00, run_after=2024-09-27 20:26:00+00:00
[2024-09-27T20:26:05.684+0000] {processor.py:208} INFO - Processing /home/airflow/.local/lib/python3.12/site-packages/airflow/example_dags/example_sla_dag.py took 0.063 seconds
[2024-09-27T20:26:36.050+0000] {processor.py:186} INFO - Started process (PID=641) to work on /home/airflow/.local/lib/python3.12/site-packages/airflow/example_dags/example_sla_dag.py
[2024-09-27T20:26:36.050+0000] {processor.py:914} INFO - Processing file /home/airflow/.local/lib/python3.12/site-packages/airflow/example_dags/example_sla_dag.py for tasks to queue
[2024-09-27T20:26:36.052+0000] {logging_mixin.py:190} INFO - [2024-09-27T20:26:36.052+0000] {dagbag.py:588} INFO - Filling up the DagBag from /home/airflow/.local/lib/python3.12/site-packages/airflow/example_dags/example_sla_dag.py
[2024-09-27T20:26:36.060+0000] {processor.py:925} INFO - DAG(s) 'example_sla_dag' retrieved from /home/airflow/.local/lib/python3.12/site-packages/airflow/example_dags/example_sla_dag.py
[2024-09-27T20:26:36.075+0000] {logging_mixin.py:190} INFO - [2024-09-27T20:26:36.075+0000] {dag.py:3239} INFO - Sync 1 DAGs
[2024-09-27T20:26:36.095+0000] {logging_mixin.py:190} INFO - [2024-09-27T20:26:36.095+0000] {dag.py:4180} INFO - Setting next_dagrun for example_sla_dag to 2024-09-27 20:24:00+00:00, run_after=2024-09-27 20:26:00+00:00
[2024-09-27T20:26:36.108+0000] {processor.py:208} INFO - Processing /home/airflow/.local/lib/python3.12/site-packages/airflow/example_dags/example_sla_dag.py took 0.063 seconds
[2024-09-27T20:27:06.838+0000] {processor.py:186} INFO - Started process (PID=704) to work on /home/airflow/.local/lib/python3.12/site-packages/airflow/example_dags/example_sla_dag.py
[2024-09-27T20:27:06.839+0000] {processor.py:914} INFO - Processing file /home/airflow/.local/lib/python3.12/site-packages/airflow/example_dags/example_sla_dag.py for tasks to queue
[2024-09-27T20:27:06.841+0000] {logging_mixin.py:190} INFO - [2024-09-27T20:27:06.841+0000] {dagbag.py:588} INFO - Filling up the DagBag from /home/airflow/.local/lib/python3.12/site-packages/airflow/example_dags/example_sla_dag.py
[2024-09-27T20:27:06.849+0000] {processor.py:925} INFO - DAG(s) 'example_sla_dag' retrieved from /home/airflow/.local/lib/python3.12/site-packages/airflow/example_dags/example_sla_dag.py
[2024-09-27T20:27:06.864+0000] {logging_mixin.py:190} INFO - [2024-09-27T20:27:06.864+0000] {dag.py:3239} INFO - Sync 1 DAGs
[2024-09-27T20:27:06.884+0000] {logging_mixin.py:190} INFO - [2024-09-27T20:27:06.884+0000] {dag.py:4180} INFO - Setting next_dagrun for example_sla_dag to 2024-09-27 20:24:00+00:00, run_after=2024-09-27 20:26:00+00:00
[2024-09-27T20:27:06.898+0000] {processor.py:208} INFO - Processing /home/airflow/.local/lib/python3.12/site-packages/airflow/example_dags/example_sla_dag.py took 0.064 seconds
[2024-09-27T20:27:39.226+0000] {processor.py:186} INFO - Started process (PID=767) to work on /home/airflow/.local/lib/python3.12/site-packages/airflow/example_dags/example_sla_dag.py
[2024-09-27T20:27:39.229+0000] {processor.py:914} INFO - Processing file /home/airflow/.local/lib/python3.12/site-packages/airflow/example_dags/example_sla_dag.py for tasks to queue
[2024-09-27T20:27:39.232+0000] {logging_mixin.py:190} INFO - [2024-09-27T20:27:39.232+0000] {dagbag.py:588} INFO - Filling up the DagBag from /home/airflow/.local/lib/python3.12/site-packages/airflow/example_dags/example_sla_dag.py
[2024-09-27T20:27:39.243+0000] {processor.py:925} INFO - DAG(s) 'example_sla_dag' retrieved from /home/airflow/.local/lib/python3.12/site-packages/airflow/example_dags/example_sla_dag.py
[2024-09-27T20:27:39.270+0000] {logging_mixin.py:190} INFO - [2024-09-27T20:27:39.270+0000] {dag.py:3239} INFO - Sync 1 DAGs
[2024-09-27T20:27:39.304+0000] {logging_mixin.py:190} INFO - [2024-09-27T20:27:39.304+0000] {dag.py:4180} INFO - Setting next_dagrun for example_sla_dag to 2024-09-27 20:24:00+00:00, run_after=2024-09-27 20:26:00+00:00
[2024-09-27T20:27:39.324+0000] {processor.py:208} INFO - Processing /home/airflow/.local/lib/python3.12/site-packages/airflow/example_dags/example_sla_dag.py took 0.106 seconds
[2024-09-27T20:28:09.492+0000] {processor.py:186} INFO - Started process (PID=830) to work on /home/airflow/.local/lib/python3.12/site-packages/airflow/example_dags/example_sla_dag.py
[2024-09-27T20:28:09.493+0000] {processor.py:914} INFO - Processing file /home/airflow/.local/lib/python3.12/site-packages/airflow/example_dags/example_sla_dag.py for tasks to queue
[2024-09-27T20:28:09.495+0000] {logging_mixin.py:190} INFO - [2024-09-27T20:28:09.495+0000] {dagbag.py:588} INFO - Filling up the DagBag from /home/airflow/.local/lib/python3.12/site-packages/airflow/example_dags/example_sla_dag.py
[2024-09-27T20:28:09.504+0000] {processor.py:925} INFO - DAG(s) 'example_sla_dag' retrieved from /home/airflow/.local/lib/python3.12/site-packages/airflow/example_dags/example_sla_dag.py
[2024-09-27T20:28:09.519+0000] {logging_mixin.py:190} INFO - [2024-09-27T20:28:09.519+0000] {dag.py:3239} INFO - Sync 1 DAGs
[2024-09-27T20:28:09.543+0000] {logging_mixin.py:190} INFO - [2024-09-27T20:28:09.543+0000] {dag.py:4180} INFO - Setting next_dagrun for example_sla_dag to 2024-09-27 20:26:00+00:00, run_after=2024-09-27 20:28:00+00:00
[2024-09-27T20:28:09.558+0000] {processor.py:208} INFO - Processing /home/airflow/.local/lib/python3.12/site-packages/airflow/example_dags/example_sla_dag.py took 0.071 seconds
[2024-09-27T20:28:39.785+0000] {processor.py:186} INFO - Started process (PID=893) to work on /home/airflow/.local/lib/python3.12/site-packages/airflow/example_dags/example_sla_dag.py
[2024-09-27T20:28:39.786+0000] {processor.py:914} INFO - Processing file /home/airflow/.local/lib/python3.12/site-packages/airflow/example_dags/example_sla_dag.py for tasks to queue
[2024-09-27T20:28:39.789+0000] {logging_mixin.py:190} INFO - [2024-09-27T20:28:39.789+0000] {dagbag.py:588} INFO - Filling up the DagBag from /home/airflow/.local/lib/python3.12/site-packages/airflow/example_dags/example_sla_dag.py
[2024-09-27T20:28:39.805+0000] {processor.py:925} INFO - DAG(s) 'example_sla_dag' retrieved from /home/airflow/.local/lib/python3.12/site-packages/airflow/example_dags/example_sla_dag.py
[2024-09-27T20:28:39.833+0000] {logging_mixin.py:190} INFO - [2024-09-27T20:28:39.833+0000] {dag.py:3239} INFO - Sync 1 DAGs
[2024-09-27T20:28:39.863+0000] {logging_mixin.py:190} INFO - [2024-09-27T20:28:39.863+0000] {dag.py:4180} INFO - Setting next_dagrun for example_sla_dag to 2024-09-27 20:26:00+00:00, run_after=2024-09-27 20:28:00+00:00
[2024-09-27T20:28:39.885+0000] {processor.py:208} INFO - Processing /home/airflow/.local/lib/python3.12/site-packages/airflow/example_dags/example_sla_dag.py took 0.106 seconds
[2024-09-27T20:29:10.035+0000] {processor.py:186} INFO - Started process (PID=956) to work on /home/airflow/.local/lib/python3.12/site-packages/airflow/example_dags/example_sla_dag.py
[2024-09-27T20:29:10.036+0000] {processor.py:914} INFO - Processing file /home/airflow/.local/lib/python3.12/site-packages/airflow/example_dags/example_sla_dag.py for tasks to queue
[2024-09-27T20:29:10.038+0000] {logging_mixin.py:190} INFO - [2024-09-27T20:29:10.038+0000] {dagbag.py:588} INFO - Filling up the DagBag from /home/airflow/.local/lib/python3.12/site-packages/airflow/example_dags/example_sla_dag.py
[2024-09-27T20:29:10.046+0000] {processor.py:925} INFO - DAG(s) 'example_sla_dag' retrieved from /home/airflow/.local/lib/python3.12/site-packages/airflow/example_dags/example_sla_dag.py
[2024-09-27T20:29:10.063+0000] {logging_mixin.py:190} INFO - [2024-09-27T20:29:10.063+0000] {dag.py:3239} INFO - Sync 1 DAGs
[2024-09-27T20:29:10.085+0000] {logging_mixin.py:190} INFO - [2024-09-27T20:29:10.085+0000] {dag.py:4180} INFO - Setting next_dagrun for example_sla_dag to 2024-09-27 20:26:00+00:00, run_after=2024-09-27 20:28:00+00:00
[2024-09-27T20:29:10.100+0000] {processor.py:208} INFO - Processing /home/airflow/.local/lib/python3.12/site-packages/airflow/example_dags/example_sla_dag.py took 0.069 seconds
[2024-09-27T20:29:40.289+0000] {processor.py:186} INFO - Started process (PID=1019) to work on /home/airflow/.local/lib/python3.12/site-packages/airflow/example_dags/example_sla_dag.py
[2024-09-27T20:29:40.290+0000] {processor.py:914} INFO - Processing file /home/airflow/.local/lib/python3.12/site-packages/airflow/example_dags/example_sla_dag.py for tasks to queue
[2024-09-27T20:29:40.291+0000] {logging_mixin.py:190} INFO - [2024-09-27T20:29:40.291+0000] {dagbag.py:588} INFO - Filling up the DagBag from /home/airflow/.local/lib/python3.12/site-packages/airflow/example_dags/example_sla_dag.py
[2024-09-27T20:29:40.299+0000] {processor.py:925} INFO - DAG(s) 'example_sla_dag' retrieved from /home/airflow/.local/lib/python3.12/site-packages/airflow/example_dags/example_sla_dag.py
[2024-09-27T20:29:40.315+0000] {logging_mixin.py:190} INFO - [2024-09-27T20:29:40.315+0000] {dag.py:3239} INFO - Sync 1 DAGs
[2024-09-27T20:29:40.335+0000] {logging_mixin.py:190} INFO - [2024-09-27T20:29:40.335+0000] {dag.py:4180} INFO - Setting next_dagrun for example_sla_dag to 2024-09-27 20:26:00+00:00, run_after=2024-09-27 20:28:00+00:00
[2024-09-27T20:29:40.349+0000] {processor.py:208} INFO - Processing /home/airflow/.local/lib/python3.12/site-packages/airflow/example_dags/example_sla_dag.py took 0.065 seconds
[2024-09-27T20:30:10.741+0000] {processor.py:186} INFO - Started process (PID=1082) to work on /home/airflow/.local/lib/python3.12/site-packages/airflow/example_dags/example_sla_dag.py
[2024-09-27T20:30:10.742+0000] {processor.py:914} INFO - Processing file /home/airflow/.local/lib/python3.12/site-packages/airflow/example_dags/example_sla_dag.py for tasks to queue
[2024-09-27T20:30:10.744+0000] {logging_mixin.py:190} INFO - [2024-09-27T20:30:10.743+0000] {dagbag.py:588} INFO - Filling up the DagBag from /home/airflow/.local/lib/python3.12/site-packages/airflow/example_dags/example_sla_dag.py
[2024-09-27T20:30:10.753+0000] {processor.py:925} INFO - DAG(s) 'example_sla_dag' retrieved from /home/airflow/.local/lib/python3.12/site-packages/airflow/example_dags/example_sla_dag.py
[2024-09-27T20:30:10.770+0000] {logging_mixin.py:190} INFO - [2024-09-27T20:30:10.770+0000] {dag.py:3239} INFO - Sync 1 DAGs
[2024-09-27T20:30:10.795+0000] {logging_mixin.py:190} INFO - [2024-09-27T20:30:10.795+0000] {dag.py:4180} INFO - Setting next_dagrun for example_sla_dag to 2024-09-27 20:28:00+00:00, run_after=2024-09-27 20:30:00+00:00
[2024-09-27T20:30:10.810+0000] {processor.py:208} INFO - Processing /home/airflow/.local/lib/python3.12/site-packages/airflow/example_dags/example_sla_dag.py took 0.074 seconds
[2024-09-27T20:30:41.003+0000] {processor.py:186} INFO - Started process (PID=1145) to work on /home/airflow/.local/lib/python3.12/site-packages/airflow/example_dags/example_sla_dag.py
[2024-09-27T20:30:41.004+0000] {processor.py:914} INFO - Processing file /home/airflow/.local/lib/python3.12/site-packages/airflow/example_dags/example_sla_dag.py for tasks to queue
[2024-09-27T20:30:41.006+0000] {logging_mixin.py:190} INFO - [2024-09-27T20:30:41.006+0000] {dagbag.py:588} INFO - Filling up the DagBag from /home/airflow/.local/lib/python3.12/site-packages/airflow/example_dags/example_sla_dag.py
[2024-09-27T20:30:41.014+0000] {processor.py:925} INFO - DAG(s) 'example_sla_dag' retrieved from /home/airflow/.local/lib/python3.12/site-packages/airflow/example_dags/example_sla_dag.py
[2024-09-27T20:30:41.029+0000] {logging_mixin.py:190} INFO - [2024-09-27T20:30:41.029+0000] {dag.py:3239} INFO - Sync 1 DAGs
[2024-09-27T20:30:41.049+0000] {logging_mixin.py:190} INFO - [2024-09-27T20:30:41.048+0000] {dag.py:4180} INFO - Setting next_dagrun for example_sla_dag to 2024-09-27 20:28:00+00:00, run_after=2024-09-27 20:30:00+00:00
[2024-09-27T20:30:41.061+0000] {processor.py:208} INFO - Processing /home/airflow/.local/lib/python3.12/site-packages/airflow/example_dags/example_sla_dag.py took 0.062 seconds
[2024-09-27T20:31:11.404+0000] {processor.py:186} INFO - Started process (PID=1209) to work on /home/airflow/.local/lib/python3.12/site-packages/airflow/example_dags/example_sla_dag.py
[2024-09-27T20:31:11.405+0000] {processor.py:914} INFO - Processing file /home/airflow/.local/lib/python3.12/site-packages/airflow/example_dags/example_sla_dag.py for tasks to queue
[2024-09-27T20:31:11.406+0000] {logging_mixin.py:190} INFO - [2024-09-27T20:31:11.406+0000] {dagbag.py:588} INFO - Filling up the DagBag from /home/airflow/.local/lib/python3.12/site-packages/airflow/example_dags/example_sla_dag.py
[2024-09-27T20:31:11.414+0000] {processor.py:925} INFO - DAG(s) 'example_sla_dag' retrieved from /home/airflow/.local/lib/python3.12/site-packages/airflow/example_dags/example_sla_dag.py
[2024-09-27T20:31:11.430+0000] {logging_mixin.py:190} INFO - [2024-09-27T20:31:11.430+0000] {dag.py:3239} INFO - Sync 1 DAGs
[2024-09-27T20:31:11.453+0000] {logging_mixin.py:190} INFO - [2024-09-27T20:31:11.452+0000] {dag.py:4180} INFO - Setting next_dagrun for example_sla_dag to 2024-09-27 20:28:00+00:00, run_after=2024-09-27 20:30:00+00:00
[2024-09-27T20:31:11.468+0000] {processor.py:208} INFO - Processing /home/airflow/.local/lib/python3.12/site-packages/airflow/example_dags/example_sla_dag.py took 0.068 seconds
[2024-09-27T20:31:41.936+0000] {processor.py:186} INFO - Started process (PID=1272) to work on /home/airflow/.local/lib/python3.12/site-packages/airflow/example_dags/example_sla_dag.py
[2024-09-27T20:31:41.937+0000] {processor.py:914} INFO - Processing file /home/airflow/.local/lib/python3.12/site-packages/airflow/example_dags/example_sla_dag.py for tasks to queue
[2024-09-27T20:31:41.939+0000] {logging_mixin.py:190} INFO - [2024-09-27T20:31:41.939+0000] {dagbag.py:588} INFO - Filling up the DagBag from /home/airflow/.local/lib/python3.12/site-packages/airflow/example_dags/example_sla_dag.py
[2024-09-27T20:31:41.947+0000] {processor.py:925} INFO - DAG(s) 'example_sla_dag' retrieved from /home/airflow/.local/lib/python3.12/site-packages/airflow/example_dags/example_sla_dag.py
[2024-09-27T20:31:41.963+0000] {logging_mixin.py:190} INFO - [2024-09-27T20:31:41.963+0000] {dag.py:3239} INFO - Sync 1 DAGs
[2024-09-27T20:31:41.988+0000] {logging_mixin.py:190} INFO - [2024-09-27T20:31:41.988+0000] {dag.py:4180} INFO - Setting next_dagrun for example_sla_dag to 2024-09-27 20:28:00+00:00, run_after=2024-09-27 20:30:00+00:00
[2024-09-27T20:31:42.002+0000] {processor.py:208} INFO - Processing /home/airflow/.local/lib/python3.12/site-packages/airflow/example_dags/example_sla_dag.py took 0.070 seconds
[2024-09-27T20:32:12.828+0000] {processor.py:186} INFO - Started process (PID=1335) to work on /home/airflow/.local/lib/python3.12/site-packages/airflow/example_dags/example_sla_dag.py
[2024-09-27T20:32:12.829+0000] {processor.py:914} INFO - Processing file /home/airflow/.local/lib/python3.12/site-packages/airflow/example_dags/example_sla_dag.py for tasks to queue
[2024-09-27T20:32:12.831+0000] {logging_mixin.py:190} INFO - [2024-09-27T20:32:12.830+0000] {dagbag.py:588} INFO - Filling up the DagBag from /home/airflow/.local/lib/python3.12/site-packages/airflow/example_dags/example_sla_dag.py
[2024-09-27T20:32:12.838+0000] {processor.py:925} INFO - DAG(s) 'example_sla_dag' retrieved from /home/airflow/.local/lib/python3.12/site-packages/airflow/example_dags/example_sla_dag.py
[2024-09-27T20:32:12.854+0000] {logging_mixin.py:190} INFO - [2024-09-27T20:32:12.854+0000] {dag.py:3239} INFO - Sync 1 DAGs
[2024-09-27T20:32:12.875+0000] {logging_mixin.py:190} INFO - [2024-09-27T20:32:12.875+0000] {dag.py:4180} INFO - Setting next_dagrun for example_sla_dag to 2024-09-27 20:30:00+00:00, run_after=2024-09-27 20:32:00+00:00
[2024-09-27T20:32:12.890+0000] {processor.py:208} INFO - Processing /home/airflow/.local/lib/python3.12/site-packages/airflow/example_dags/example_sla_dag.py took 0.066 seconds
[2024-09-27T20:32:43.593+0000] {processor.py:186} INFO - Started process (PID=1398) to work on /home/airflow/.local/lib/python3.12/site-packages/airflow/example_dags/example_sla_dag.py
[2024-09-27T20:32:43.594+0000] {processor.py:914} INFO - Processing file /home/airflow/.local/lib/python3.12/site-packages/airflow/example_dags/example_sla_dag.py for tasks to queue
[2024-09-27T20:32:43.597+0000] {logging_mixin.py:190} INFO - [2024-09-27T20:32:43.596+0000] {dagbag.py:588} INFO - Filling up the DagBag from /home/airflow/.local/lib/python3.12/site-packages/airflow/example_dags/example_sla_dag.py
[2024-09-27T20:32:43.606+0000] {processor.py:925} INFO - DAG(s) 'example_sla_dag' retrieved from /home/airflow/.local/lib/python3.12/site-packages/airflow/example_dags/example_sla_dag.py
[2024-09-27T20:32:43.630+0000] {logging_mixin.py:190} INFO - [2024-09-27T20:32:43.630+0000] {dag.py:3239} INFO - Sync 1 DAGs
[2024-09-27T20:32:43.678+0000] {logging_mixin.py:190} INFO - [2024-09-27T20:32:43.677+0000] {dag.py:4180} INFO - Setting next_dagrun for example_sla_dag to 2024-09-27 20:30:00+00:00, run_after=2024-09-27 20:32:00+00:00
[2024-09-27T20:32:43.710+0000] {processor.py:208} INFO - Processing /home/airflow/.local/lib/python3.12/site-packages/airflow/example_dags/example_sla_dag.py took 0.121 seconds
[2024-09-27T20:33:13.856+0000] {processor.py:186} INFO - Started process (PID=1461) to work on /home/airflow/.local/lib/python3.12/site-packages/airflow/example_dags/example_sla_dag.py
[2024-09-27T20:33:13.857+0000] {processor.py:914} INFO - Processing file /home/airflow/.local/lib/python3.12/site-packages/airflow/example_dags/example_sla_dag.py for tasks to queue
[2024-09-27T20:33:13.859+0000] {logging_mixin.py:190} INFO - [2024-09-27T20:33:13.858+0000] {dagbag.py:588} INFO - Filling up the DagBag from /home/airflow/.local/lib/python3.12/site-packages/airflow/example_dags/example_sla_dag.py
[2024-09-27T20:33:13.867+0000] {processor.py:925} INFO - DAG(s) 'example_sla_dag' retrieved from /home/airflow/.local/lib/python3.12/site-packages/airflow/example_dags/example_sla_dag.py
[2024-09-27T20:33:13.883+0000] {logging_mixin.py:190} INFO - [2024-09-27T20:33:13.883+0000] {dag.py:3239} INFO - Sync 1 DAGs
[2024-09-27T20:33:13.905+0000] {logging_mixin.py:190} INFO - [2024-09-27T20:33:13.904+0000] {dag.py:4180} INFO - Setting next_dagrun for example_sla_dag to 2024-09-27 20:30:00+00:00, run_after=2024-09-27 20:32:00+00:00
[2024-09-27T20:33:13.918+0000] {processor.py:208} INFO - Processing /home/airflow/.local/lib/python3.12/site-packages/airflow/example_dags/example_sla_dag.py took 0.066 seconds
[2024-09-27T20:33:45.458+0000] {processor.py:186} INFO - Started process (PID=1524) to work on /home/airflow/.local/lib/python3.12/site-packages/airflow/example_dags/example_sla_dag.py
[2024-09-27T20:33:45.460+0000] {processor.py:914} INFO - Processing file /home/airflow/.local/lib/python3.12/site-packages/airflow/example_dags/example_sla_dag.py for tasks to queue
[2024-09-27T20:33:45.463+0000] {logging_mixin.py:190} INFO - [2024-09-27T20:33:45.463+0000] {dagbag.py:588} INFO - Filling up the DagBag from /home/airflow/.local/lib/python3.12/site-packages/airflow/example_dags/example_sla_dag.py
[2024-09-27T20:33:45.475+0000] {processor.py:925} INFO - DAG(s) 'example_sla_dag' retrieved from /home/airflow/.local/lib/python3.12/site-packages/airflow/example_dags/example_sla_dag.py
[2024-09-27T20:33:45.498+0000] {logging_mixin.py:190} INFO - [2024-09-27T20:33:45.497+0000] {dag.py:3239} INFO - Sync 1 DAGs
[2024-09-27T20:33:45.537+0000] {logging_mixin.py:190} INFO - [2024-09-27T20:33:45.537+0000] {dag.py:4180} INFO - Setting next_dagrun for example_sla_dag to 2024-09-27 20:30:00+00:00, run_after=2024-09-27 20:32:00+00:00
[2024-09-27T20:33:45.581+0000] {processor.py:208} INFO - Processing /home/airflow/.local/lib/python3.12/site-packages/airflow/example_dags/example_sla_dag.py took 0.134 seconds
[2024-09-27T20:34:15.957+0000] {processor.py:186} INFO - Started process (PID=1587) to work on /home/airflow/.local/lib/python3.12/site-packages/airflow/example_dags/example_sla_dag.py
[2024-09-27T20:34:15.958+0000] {processor.py:914} INFO - Processing file /home/airflow/.local/lib/python3.12/site-packages/airflow/example_dags/example_sla_dag.py for tasks to queue
[2024-09-27T20:34:15.960+0000] {logging_mixin.py:190} INFO - [2024-09-27T20:34:15.960+0000] {dagbag.py:588} INFO - Filling up the DagBag from /home/airflow/.local/lib/python3.12/site-packages/airflow/example_dags/example_sla_dag.py
[2024-09-27T20:34:15.968+0000] {processor.py:925} INFO - DAG(s) 'example_sla_dag' retrieved from /home/airflow/.local/lib/python3.12/site-packages/airflow/example_dags/example_sla_dag.py
[2024-09-27T20:34:15.985+0000] {logging_mixin.py:190} INFO - [2024-09-27T20:34:15.985+0000] {dag.py:3239} INFO - Sync 1 DAGs
[2024-09-27T20:34:16.008+0000] {logging_mixin.py:190} INFO - [2024-09-27T20:34:16.008+0000] {dag.py:4180} INFO - Setting next_dagrun for example_sla_dag to 2024-09-27 20:32:00+00:00, run_after=2024-09-27 20:34:00+00:00
[2024-09-27T20:34:16.024+0000] {processor.py:208} INFO - Processing /home/airflow/.local/lib/python3.12/site-packages/airflow/example_dags/example_sla_dag.py took 0.071 seconds
[2024-09-27T20:34:46.181+0000] {processor.py:186} INFO - Started process (PID=1650) to work on /home/airflow/.local/lib/python3.12/site-packages/airflow/example_dags/example_sla_dag.py
[2024-09-27T20:34:46.181+0000] {processor.py:914} INFO - Processing file /home/airflow/.local/lib/python3.12/site-packages/airflow/example_dags/example_sla_dag.py for tasks to queue
[2024-09-27T20:34:46.183+0000] {logging_mixin.py:190} INFO - [2024-09-27T20:34:46.183+0000] {dagbag.py:588} INFO - Filling up the DagBag from /home/airflow/.local/lib/python3.12/site-packages/airflow/example_dags/example_sla_dag.py
[2024-09-27T20:34:46.191+0000] {processor.py:925} INFO - DAG(s) 'example_sla_dag' retrieved from /home/airflow/.local/lib/python3.12/site-packages/airflow/example_dags/example_sla_dag.py
[2024-09-27T20:34:46.207+0000] {logging_mixin.py:190} INFO - [2024-09-27T20:34:46.207+0000] {dag.py:3239} INFO - Sync 1 DAGs
[2024-09-27T20:34:46.227+0000] {logging_mixin.py:190} INFO - [2024-09-27T20:34:46.227+0000] {dag.py:4180} INFO - Setting next_dagrun for example_sla_dag to 2024-09-27 20:32:00+00:00, run_after=2024-09-27 20:34:00+00:00
[2024-09-27T20:34:46.240+0000] {processor.py:208} INFO - Processing /home/airflow/.local/lib/python3.12/site-packages/airflow/example_dags/example_sla_dag.py took 0.064 seconds
