[2024-09-27T19:45:58.336+0000] {processor.py:186} INFO - Started process (PID=76) to work on /home/airflow/.local/lib/python3.12/site-packages/airflow/example_dags/example_outlet_event_extra.py
[2024-09-27T19:45:58.337+0000] {processor.py:914} INFO - Processing file /home/airflow/.local/lib/python3.12/site-packages/airflow/example_dags/example_outlet_event_extra.py for tasks to queue
[2024-09-27T19:45:58.340+0000] {logging_mixin.py:190} INFO - [2024-09-27T19:45:58.339+0000] {dagbag.py:588} INFO - Filling up the DagBag from /home/airflow/.local/lib/python3.12/site-packages/airflow/example_dags/example_outlet_event_extra.py
[2024-09-27T19:45:58.848+0000] {processor.py:925} INFO - DAG(s) 'dataset_with_extra_by_context', 'dataset_with_extra_by_yield', 'dataset_with_extra_from_classic_operator' retrieved from /home/airflow/.local/lib/python3.12/site-packages/airflow/example_dags/example_outlet_event_extra.py
[2024-09-27T19:45:58.882+0000] {logging_mixin.py:190} INFO - [2024-09-27T19:45:58.882+0000] {dag.py:3239} INFO - Sync 3 DAGs
[2024-09-27T19:45:58.913+0000] {logging_mixin.py:190} INFO - [2024-09-27T19:45:58.913+0000] {dag.py:4180} INFO - Setting next_dagrun for dataset_with_extra_by_context to 2024-09-26 05:00:00+00:00, run_after=2024-09-27 05:00:00+00:00
[2024-09-27T19:45:58.918+0000] {logging_mixin.py:190} INFO - [2024-09-27T19:45:58.918+0000] {dag.py:4180} INFO - Setting next_dagrun for dataset_with_extra_by_yield to 2024-09-26 05:00:00+00:00, run_after=2024-09-27 05:00:00+00:00
[2024-09-27T19:45:58.920+0000] {logging_mixin.py:190} INFO - [2024-09-27T19:45:58.920+0000] {dag.py:4180} INFO - Setting next_dagrun for dataset_with_extra_from_classic_operator to 2024-09-26 05:00:00+00:00, run_after=2024-09-27 05:00:00+00:00
[2024-09-27T19:45:58.937+0000] {processor.py:208} INFO - Processing /home/airflow/.local/lib/python3.12/site-packages/airflow/example_dags/example_outlet_event_extra.py took 0.607 seconds
[2024-09-27T19:46:29.795+0000] {processor.py:186} INFO - Started process (PID=139) to work on /home/airflow/.local/lib/python3.12/site-packages/airflow/example_dags/example_outlet_event_extra.py
[2024-09-27T19:46:29.796+0000] {processor.py:914} INFO - Processing file /home/airflow/.local/lib/python3.12/site-packages/airflow/example_dags/example_outlet_event_extra.py for tasks to queue
[2024-09-27T19:46:29.798+0000] {logging_mixin.py:190} INFO - [2024-09-27T19:46:29.797+0000] {dagbag.py:588} INFO - Filling up the DagBag from /home/airflow/.local/lib/python3.12/site-packages/airflow/example_dags/example_outlet_event_extra.py
[2024-09-27T19:46:29.918+0000] {processor.py:925} INFO - DAG(s) 'dataset_with_extra_by_context', 'dataset_with_extra_from_classic_operator', 'dataset_with_extra_by_yield' retrieved from /home/airflow/.local/lib/python3.12/site-packages/airflow/example_dags/example_outlet_event_extra.py
[2024-09-27T19:46:29.938+0000] {logging_mixin.py:190} INFO - [2024-09-27T19:46:29.938+0000] {dag.py:3239} INFO - Sync 3 DAGs
[2024-09-27T19:46:29.960+0000] {logging_mixin.py:190} INFO - [2024-09-27T19:46:29.959+0000] {dag.py:4180} INFO - Setting next_dagrun for dataset_with_extra_by_context to 2024-09-26 05:00:00+00:00, run_after=2024-09-27 05:00:00+00:00
[2024-09-27T19:46:29.964+0000] {logging_mixin.py:190} INFO - [2024-09-27T19:46:29.964+0000] {dag.py:4180} INFO - Setting next_dagrun for dataset_with_extra_by_yield to 2024-09-26 05:00:00+00:00, run_after=2024-09-27 05:00:00+00:00
[2024-09-27T19:46:29.966+0000] {logging_mixin.py:190} INFO - [2024-09-27T19:46:29.966+0000] {dag.py:4180} INFO - Setting next_dagrun for dataset_with_extra_from_classic_operator to 2024-09-26 05:00:00+00:00, run_after=2024-09-27 05:00:00+00:00
[2024-09-27T19:46:29.998+0000] {processor.py:208} INFO - Processing /home/airflow/.local/lib/python3.12/site-packages/airflow/example_dags/example_outlet_event_extra.py took 0.208 seconds
[2024-09-27T19:47:00.140+0000] {processor.py:186} INFO - Started process (PID=203) to work on /home/airflow/.local/lib/python3.12/site-packages/airflow/example_dags/example_outlet_event_extra.py
[2024-09-27T19:47:00.141+0000] {processor.py:914} INFO - Processing file /home/airflow/.local/lib/python3.12/site-packages/airflow/example_dags/example_outlet_event_extra.py for tasks to queue
[2024-09-27T19:47:00.143+0000] {logging_mixin.py:190} INFO - [2024-09-27T19:47:00.142+0000] {dagbag.py:588} INFO - Filling up the DagBag from /home/airflow/.local/lib/python3.12/site-packages/airflow/example_dags/example_outlet_event_extra.py
[2024-09-27T19:47:00.271+0000] {processor.py:925} INFO - DAG(s) 'dataset_with_extra_from_classic_operator', 'dataset_with_extra_by_context', 'dataset_with_extra_by_yield' retrieved from /home/airflow/.local/lib/python3.12/site-packages/airflow/example_dags/example_outlet_event_extra.py
[2024-09-27T19:47:00.295+0000] {logging_mixin.py:190} INFO - [2024-09-27T19:47:00.294+0000] {dag.py:3239} INFO - Sync 3 DAGs
[2024-09-27T19:47:00.321+0000] {logging_mixin.py:190} INFO - [2024-09-27T19:47:00.321+0000] {dag.py:4180} INFO - Setting next_dagrun for dataset_with_extra_by_context to 2024-09-26 05:00:00+00:00, run_after=2024-09-27 05:00:00+00:00
[2024-09-27T19:47:00.326+0000] {logging_mixin.py:190} INFO - [2024-09-27T19:47:00.326+0000] {dag.py:4180} INFO - Setting next_dagrun for dataset_with_extra_by_yield to 2024-09-26 05:00:00+00:00, run_after=2024-09-27 05:00:00+00:00
[2024-09-27T19:47:00.329+0000] {logging_mixin.py:190} INFO - [2024-09-27T19:47:00.328+0000] {dag.py:4180} INFO - Setting next_dagrun for dataset_with_extra_from_classic_operator to 2024-09-26 05:00:00+00:00, run_after=2024-09-27 05:00:00+00:00
[2024-09-27T19:47:00.347+0000] {processor.py:208} INFO - Processing /home/airflow/.local/lib/python3.12/site-packages/airflow/example_dags/example_outlet_event_extra.py took 0.212 seconds
[2024-09-27T19:47:30.631+0000] {processor.py:186} INFO - Started process (PID=270) to work on /home/airflow/.local/lib/python3.12/site-packages/airflow/example_dags/example_outlet_event_extra.py
[2024-09-27T19:47:30.632+0000] {processor.py:914} INFO - Processing file /home/airflow/.local/lib/python3.12/site-packages/airflow/example_dags/example_outlet_event_extra.py for tasks to queue
[2024-09-27T19:47:30.634+0000] {logging_mixin.py:190} INFO - [2024-09-27T19:47:30.634+0000] {dagbag.py:588} INFO - Filling up the DagBag from /home/airflow/.local/lib/python3.12/site-packages/airflow/example_dags/example_outlet_event_extra.py
[2024-09-27T19:47:30.750+0000] {processor.py:925} INFO - DAG(s) 'dataset_with_extra_by_yield', 'dataset_with_extra_by_context', 'dataset_with_extra_from_classic_operator' retrieved from /home/airflow/.local/lib/python3.12/site-packages/airflow/example_dags/example_outlet_event_extra.py
[2024-09-27T19:47:30.771+0000] {logging_mixin.py:190} INFO - [2024-09-27T19:47:30.771+0000] {dag.py:3239} INFO - Sync 3 DAGs
[2024-09-27T19:47:30.792+0000] {logging_mixin.py:190} INFO - [2024-09-27T19:47:30.792+0000] {dag.py:4180} INFO - Setting next_dagrun for dataset_with_extra_by_context to 2024-09-26 05:00:00+00:00, run_after=2024-09-27 05:00:00+00:00
[2024-09-27T19:47:30.796+0000] {logging_mixin.py:190} INFO - [2024-09-27T19:47:30.796+0000] {dag.py:4180} INFO - Setting next_dagrun for dataset_with_extra_by_yield to 2024-09-26 05:00:00+00:00, run_after=2024-09-27 05:00:00+00:00
[2024-09-27T19:47:30.798+0000] {logging_mixin.py:190} INFO - [2024-09-27T19:47:30.798+0000] {dag.py:4180} INFO - Setting next_dagrun for dataset_with_extra_from_classic_operator to 2024-09-26 05:00:00+00:00, run_after=2024-09-27 05:00:00+00:00
[2024-09-27T19:47:30.826+0000] {processor.py:208} INFO - Processing /home/airflow/.local/lib/python3.12/site-packages/airflow/example_dags/example_outlet_event_extra.py took 0.199 seconds
[2024-09-27T19:48:00.945+0000] {processor.py:186} INFO - Started process (PID=352) to work on /home/airflow/.local/lib/python3.12/site-packages/airflow/example_dags/example_outlet_event_extra.py
[2024-09-27T19:48:00.946+0000] {processor.py:914} INFO - Processing file /home/airflow/.local/lib/python3.12/site-packages/airflow/example_dags/example_outlet_event_extra.py for tasks to queue
[2024-09-27T19:48:00.948+0000] {logging_mixin.py:190} INFO - [2024-09-27T19:48:00.947+0000] {dagbag.py:588} INFO - Filling up the DagBag from /home/airflow/.local/lib/python3.12/site-packages/airflow/example_dags/example_outlet_event_extra.py
[2024-09-27T19:48:01.075+0000] {processor.py:925} INFO - DAG(s) 'dataset_with_extra_by_context', 'dataset_with_extra_by_yield', 'dataset_with_extra_from_classic_operator' retrieved from /home/airflow/.local/lib/python3.12/site-packages/airflow/example_dags/example_outlet_event_extra.py
[2024-09-27T19:48:01.101+0000] {logging_mixin.py:190} INFO - [2024-09-27T19:48:01.100+0000] {dag.py:3239} INFO - Sync 3 DAGs
[2024-09-27T19:48:01.125+0000] {logging_mixin.py:190} INFO - [2024-09-27T19:48:01.124+0000] {dag.py:4180} INFO - Setting next_dagrun for dataset_with_extra_by_context to 2024-09-26 05:00:00+00:00, run_after=2024-09-27 05:00:00+00:00
[2024-09-27T19:48:01.129+0000] {logging_mixin.py:190} INFO - [2024-09-27T19:48:01.129+0000] {dag.py:4180} INFO - Setting next_dagrun for dataset_with_extra_by_yield to 2024-09-26 05:00:00+00:00, run_after=2024-09-27 05:00:00+00:00
[2024-09-27T19:48:01.132+0000] {logging_mixin.py:190} INFO - [2024-09-27T19:48:01.132+0000] {dag.py:4180} INFO - Setting next_dagrun for dataset_with_extra_from_classic_operator to 2024-09-26 05:00:00+00:00, run_after=2024-09-27 05:00:00+00:00
[2024-09-27T19:48:01.153+0000] {processor.py:208} INFO - Processing /home/airflow/.local/lib/python3.12/site-packages/airflow/example_dags/example_outlet_event_extra.py took 0.213 seconds
[2024-09-27T20:22:02.399+0000] {processor.py:186} INFO - Started process (PID=70) to work on /home/airflow/.local/lib/python3.12/site-packages/airflow/example_dags/example_outlet_event_extra.py
[2024-09-27T20:22:02.400+0000] {processor.py:914} INFO - Processing file /home/airflow/.local/lib/python3.12/site-packages/airflow/example_dags/example_outlet_event_extra.py for tasks to queue
[2024-09-27T20:22:02.402+0000] {logging_mixin.py:190} INFO - [2024-09-27T20:22:02.402+0000] {dagbag.py:588} INFO - Filling up the DagBag from /home/airflow/.local/lib/python3.12/site-packages/airflow/example_dags/example_outlet_event_extra.py
[2024-09-27T20:22:02.581+0000] {processor.py:925} INFO - DAG(s) 'dataset_with_extra_from_classic_operator', 'dataset_with_extra_by_context', 'dataset_with_extra_by_yield' retrieved from /home/airflow/.local/lib/python3.12/site-packages/airflow/example_dags/example_outlet_event_extra.py
[2024-09-27T20:22:02.605+0000] {logging_mixin.py:190} INFO - [2024-09-27T20:22:02.605+0000] {dag.py:3239} INFO - Sync 3 DAGs
[2024-09-27T20:22:02.633+0000] {logging_mixin.py:190} INFO - [2024-09-27T20:22:02.633+0000] {dag.py:4180} INFO - Setting next_dagrun for dataset_with_extra_by_context to 2024-09-26 05:00:00+00:00, run_after=2024-09-27 05:00:00+00:00
[2024-09-27T20:22:02.638+0000] {logging_mixin.py:190} INFO - [2024-09-27T20:22:02.638+0000] {dag.py:4180} INFO - Setting next_dagrun for dataset_with_extra_by_yield to 2024-09-26 05:00:00+00:00, run_after=2024-09-27 05:00:00+00:00
[2024-09-27T20:22:02.642+0000] {logging_mixin.py:190} INFO - [2024-09-27T20:22:02.642+0000] {dag.py:4180} INFO - Setting next_dagrun for dataset_with_extra_from_classic_operator to 2024-09-26 05:00:00+00:00, run_after=2024-09-27 05:00:00+00:00
[2024-09-27T20:22:02.665+0000] {processor.py:208} INFO - Processing /home/airflow/.local/lib/python3.12/site-packages/airflow/example_dags/example_outlet_event_extra.py took 0.271 seconds
[2024-09-27T20:22:32.872+0000] {processor.py:186} INFO - Started process (PID=133) to work on /home/airflow/.local/lib/python3.12/site-packages/airflow/example_dags/example_outlet_event_extra.py
[2024-09-27T20:22:32.872+0000] {processor.py:914} INFO - Processing file /home/airflow/.local/lib/python3.12/site-packages/airflow/example_dags/example_outlet_event_extra.py for tasks to queue
[2024-09-27T20:22:32.874+0000] {logging_mixin.py:190} INFO - [2024-09-27T20:22:32.874+0000] {dagbag.py:588} INFO - Filling up the DagBag from /home/airflow/.local/lib/python3.12/site-packages/airflow/example_dags/example_outlet_event_extra.py
[2024-09-27T20:22:32.990+0000] {processor.py:925} INFO - DAG(s) 'dataset_with_extra_from_classic_operator', 'dataset_with_extra_by_context', 'dataset_with_extra_by_yield' retrieved from /home/airflow/.local/lib/python3.12/site-packages/airflow/example_dags/example_outlet_event_extra.py
[2024-09-27T20:22:33.011+0000] {logging_mixin.py:190} INFO - [2024-09-27T20:22:33.011+0000] {dag.py:3239} INFO - Sync 3 DAGs
[2024-09-27T20:22:33.031+0000] {logging_mixin.py:190} INFO - [2024-09-27T20:22:33.031+0000] {dag.py:4180} INFO - Setting next_dagrun for dataset_with_extra_by_context to 2024-09-26 05:00:00+00:00, run_after=2024-09-27 05:00:00+00:00
[2024-09-27T20:22:33.035+0000] {logging_mixin.py:190} INFO - [2024-09-27T20:22:33.035+0000] {dag.py:4180} INFO - Setting next_dagrun for dataset_with_extra_by_yield to 2024-09-26 05:00:00+00:00, run_after=2024-09-27 05:00:00+00:00
[2024-09-27T20:22:33.037+0000] {logging_mixin.py:190} INFO - [2024-09-27T20:22:33.037+0000] {dag.py:4180} INFO - Setting next_dagrun for dataset_with_extra_from_classic_operator to 2024-09-26 05:00:00+00:00, run_after=2024-09-27 05:00:00+00:00
[2024-09-27T20:22:33.053+0000] {processor.py:208} INFO - Processing /home/airflow/.local/lib/python3.12/site-packages/airflow/example_dags/example_outlet_event_extra.py took 0.185 seconds
[2024-09-27T20:23:03.265+0000] {processor.py:186} INFO - Started process (PID=201) to work on /home/airflow/.local/lib/python3.12/site-packages/airflow/example_dags/example_outlet_event_extra.py
[2024-09-27T20:23:03.266+0000] {processor.py:914} INFO - Processing file /home/airflow/.local/lib/python3.12/site-packages/airflow/example_dags/example_outlet_event_extra.py for tasks to queue
[2024-09-27T20:23:03.267+0000] {logging_mixin.py:190} INFO - [2024-09-27T20:23:03.267+0000] {dagbag.py:588} INFO - Filling up the DagBag from /home/airflow/.local/lib/python3.12/site-packages/airflow/example_dags/example_outlet_event_extra.py
[2024-09-27T20:23:03.392+0000] {processor.py:925} INFO - DAG(s) 'dataset_with_extra_from_classic_operator', 'dataset_with_extra_by_yield', 'dataset_with_extra_by_context' retrieved from /home/airflow/.local/lib/python3.12/site-packages/airflow/example_dags/example_outlet_event_extra.py
[2024-09-27T20:23:03.412+0000] {logging_mixin.py:190} INFO - [2024-09-27T20:23:03.412+0000] {dag.py:3239} INFO - Sync 3 DAGs
[2024-09-27T20:23:03.434+0000] {logging_mixin.py:190} INFO - [2024-09-27T20:23:03.434+0000] {dag.py:4180} INFO - Setting next_dagrun for dataset_with_extra_by_context to 2024-09-26 05:00:00+00:00, run_after=2024-09-27 05:00:00+00:00
[2024-09-27T20:23:03.439+0000] {logging_mixin.py:190} INFO - [2024-09-27T20:23:03.439+0000] {dag.py:4180} INFO - Setting next_dagrun for dataset_with_extra_by_yield to 2024-09-26 05:00:00+00:00, run_after=2024-09-27 05:00:00+00:00
[2024-09-27T20:23:03.444+0000] {logging_mixin.py:190} INFO - [2024-09-27T20:23:03.444+0000] {dag.py:4180} INFO - Setting next_dagrun for dataset_with_extra_from_classic_operator to 2024-09-26 05:00:00+00:00, run_after=2024-09-27 05:00:00+00:00
[2024-09-27T20:23:03.462+0000] {processor.py:208} INFO - Processing /home/airflow/.local/lib/python3.12/site-packages/airflow/example_dags/example_outlet_event_extra.py took 0.201 seconds
[2024-09-27T20:23:33.750+0000] {processor.py:186} INFO - Started process (PID=265) to work on /home/airflow/.local/lib/python3.12/site-packages/airflow/example_dags/example_outlet_event_extra.py
[2024-09-27T20:23:33.751+0000] {processor.py:914} INFO - Processing file /home/airflow/.local/lib/python3.12/site-packages/airflow/example_dags/example_outlet_event_extra.py for tasks to queue
[2024-09-27T20:23:33.754+0000] {logging_mixin.py:190} INFO - [2024-09-27T20:23:33.753+0000] {dagbag.py:588} INFO - Filling up the DagBag from /home/airflow/.local/lib/python3.12/site-packages/airflow/example_dags/example_outlet_event_extra.py
[2024-09-27T20:23:33.878+0000] {processor.py:925} INFO - DAG(s) 'dataset_with_extra_by_yield', 'dataset_with_extra_by_context', 'dataset_with_extra_from_classic_operator' retrieved from /home/airflow/.local/lib/python3.12/site-packages/airflow/example_dags/example_outlet_event_extra.py
[2024-09-27T20:23:33.899+0000] {logging_mixin.py:190} INFO - [2024-09-27T20:23:33.899+0000] {dag.py:3239} INFO - Sync 3 DAGs
[2024-09-27T20:23:33.920+0000] {logging_mixin.py:190} INFO - [2024-09-27T20:23:33.920+0000] {dag.py:4180} INFO - Setting next_dagrun for dataset_with_extra_by_context to 2024-09-26 05:00:00+00:00, run_after=2024-09-27 05:00:00+00:00
[2024-09-27T20:23:33.925+0000] {logging_mixin.py:190} INFO - [2024-09-27T20:23:33.924+0000] {dag.py:4180} INFO - Setting next_dagrun for dataset_with_extra_by_yield to 2024-09-26 05:00:00+00:00, run_after=2024-09-27 05:00:00+00:00
[2024-09-27T20:23:33.927+0000] {logging_mixin.py:190} INFO - [2024-09-27T20:23:33.927+0000] {dag.py:4180} INFO - Setting next_dagrun for dataset_with_extra_from_classic_operator to 2024-09-26 05:00:00+00:00, run_after=2024-09-27 05:00:00+00:00
[2024-09-27T20:23:33.945+0000] {processor.py:208} INFO - Processing /home/airflow/.local/lib/python3.12/site-packages/airflow/example_dags/example_outlet_event_extra.py took 0.199 seconds
[2024-09-27T20:24:04.625+0000] {processor.py:186} INFO - Started process (PID=328) to work on /home/airflow/.local/lib/python3.12/site-packages/airflow/example_dags/example_outlet_event_extra.py
[2024-09-27T20:24:04.626+0000] {processor.py:914} INFO - Processing file /home/airflow/.local/lib/python3.12/site-packages/airflow/example_dags/example_outlet_event_extra.py for tasks to queue
[2024-09-27T20:24:04.628+0000] {logging_mixin.py:190} INFO - [2024-09-27T20:24:04.628+0000] {dagbag.py:588} INFO - Filling up the DagBag from /home/airflow/.local/lib/python3.12/site-packages/airflow/example_dags/example_outlet_event_extra.py
[2024-09-27T20:24:04.771+0000] {processor.py:925} INFO - DAG(s) 'dataset_with_extra_by_yield', 'dataset_with_extra_by_context', 'dataset_with_extra_from_classic_operator' retrieved from /home/airflow/.local/lib/python3.12/site-packages/airflow/example_dags/example_outlet_event_extra.py
[2024-09-27T20:24:04.798+0000] {logging_mixin.py:190} INFO - [2024-09-27T20:24:04.798+0000] {dag.py:3239} INFO - Sync 3 DAGs
[2024-09-27T20:24:04.821+0000] {logging_mixin.py:190} INFO - [2024-09-27T20:24:04.821+0000] {dag.py:4180} INFO - Setting next_dagrun for dataset_with_extra_by_context to 2024-09-26 05:00:00+00:00, run_after=2024-09-27 05:00:00+00:00
[2024-09-27T20:24:04.828+0000] {logging_mixin.py:190} INFO - [2024-09-27T20:24:04.827+0000] {dag.py:4180} INFO - Setting next_dagrun for dataset_with_extra_by_yield to 2024-09-26 05:00:00+00:00, run_after=2024-09-27 05:00:00+00:00
[2024-09-27T20:24:04.830+0000] {logging_mixin.py:190} INFO - [2024-09-27T20:24:04.830+0000] {dag.py:4180} INFO - Setting next_dagrun for dataset_with_extra_from_classic_operator to 2024-09-26 05:00:00+00:00, run_after=2024-09-27 05:00:00+00:00
[2024-09-27T20:24:04.853+0000] {processor.py:208} INFO - Processing /home/airflow/.local/lib/python3.12/site-packages/airflow/example_dags/example_outlet_event_extra.py took 0.234 seconds
[2024-09-27T20:24:35.043+0000] {processor.py:186} INFO - Started process (PID=391) to work on /home/airflow/.local/lib/python3.12/site-packages/airflow/example_dags/example_outlet_event_extra.py
[2024-09-27T20:24:35.044+0000] {processor.py:914} INFO - Processing file /home/airflow/.local/lib/python3.12/site-packages/airflow/example_dags/example_outlet_event_extra.py for tasks to queue
[2024-09-27T20:24:35.046+0000] {logging_mixin.py:190} INFO - [2024-09-27T20:24:35.046+0000] {dagbag.py:588} INFO - Filling up the DagBag from /home/airflow/.local/lib/python3.12/site-packages/airflow/example_dags/example_outlet_event_extra.py
[2024-09-27T20:24:35.174+0000] {processor.py:925} INFO - DAG(s) 'dataset_with_extra_by_yield', 'dataset_with_extra_from_classic_operator', 'dataset_with_extra_by_context' retrieved from /home/airflow/.local/lib/python3.12/site-packages/airflow/example_dags/example_outlet_event_extra.py
[2024-09-27T20:24:35.195+0000] {logging_mixin.py:190} INFO - [2024-09-27T20:24:35.195+0000] {dag.py:3239} INFO - Sync 3 DAGs
[2024-09-27T20:24:35.218+0000] {logging_mixin.py:190} INFO - [2024-09-27T20:24:35.218+0000] {dag.py:4180} INFO - Setting next_dagrun for dataset_with_extra_by_context to 2024-09-26 05:00:00+00:00, run_after=2024-09-27 05:00:00+00:00
[2024-09-27T20:24:35.222+0000] {logging_mixin.py:190} INFO - [2024-09-27T20:24:35.222+0000] {dag.py:4180} INFO - Setting next_dagrun for dataset_with_extra_by_yield to 2024-09-26 05:00:00+00:00, run_after=2024-09-27 05:00:00+00:00
[2024-09-27T20:24:35.225+0000] {logging_mixin.py:190} INFO - [2024-09-27T20:24:35.225+0000] {dag.py:4180} INFO - Setting next_dagrun for dataset_with_extra_from_classic_operator to 2024-09-26 05:00:00+00:00, run_after=2024-09-27 05:00:00+00:00
[2024-09-27T20:24:35.273+0000] {processor.py:208} INFO - Processing /home/airflow/.local/lib/python3.12/site-packages/airflow/example_dags/example_outlet_event_extra.py took 0.235 seconds
[2024-09-27T20:25:06.154+0000] {processor.py:186} INFO - Started process (PID=454) to work on /home/airflow/.local/lib/python3.12/site-packages/airflow/example_dags/example_outlet_event_extra.py
[2024-09-27T20:25:06.155+0000] {processor.py:914} INFO - Processing file /home/airflow/.local/lib/python3.12/site-packages/airflow/example_dags/example_outlet_event_extra.py for tasks to queue
[2024-09-27T20:25:06.157+0000] {logging_mixin.py:190} INFO - [2024-09-27T20:25:06.157+0000] {dagbag.py:588} INFO - Filling up the DagBag from /home/airflow/.local/lib/python3.12/site-packages/airflow/example_dags/example_outlet_event_extra.py
[2024-09-27T20:25:06.268+0000] {processor.py:925} INFO - DAG(s) 'dataset_with_extra_by_yield', 'dataset_with_extra_from_classic_operator', 'dataset_with_extra_by_context' retrieved from /home/airflow/.local/lib/python3.12/site-packages/airflow/example_dags/example_outlet_event_extra.py
[2024-09-27T20:25:06.289+0000] {logging_mixin.py:190} INFO - [2024-09-27T20:25:06.289+0000] {dag.py:3239} INFO - Sync 3 DAGs
[2024-09-27T20:25:06.308+0000] {logging_mixin.py:190} INFO - [2024-09-27T20:25:06.308+0000] {dag.py:4180} INFO - Setting next_dagrun for dataset_with_extra_by_context to 2024-09-26 05:00:00+00:00, run_after=2024-09-27 05:00:00+00:00
[2024-09-27T20:25:06.312+0000] {logging_mixin.py:190} INFO - [2024-09-27T20:25:06.312+0000] {dag.py:4180} INFO - Setting next_dagrun for dataset_with_extra_by_yield to 2024-09-26 05:00:00+00:00, run_after=2024-09-27 05:00:00+00:00
[2024-09-27T20:25:06.314+0000] {logging_mixin.py:190} INFO - [2024-09-27T20:25:06.314+0000] {dag.py:4180} INFO - Setting next_dagrun for dataset_with_extra_from_classic_operator to 2024-09-26 05:00:00+00:00, run_after=2024-09-27 05:00:00+00:00
[2024-09-27T20:25:06.329+0000] {processor.py:208} INFO - Processing /home/airflow/.local/lib/python3.12/site-packages/airflow/example_dags/example_outlet_event_extra.py took 0.180 seconds
[2024-09-27T20:25:36.459+0000] {processor.py:186} INFO - Started process (PID=517) to work on /home/airflow/.local/lib/python3.12/site-packages/airflow/example_dags/example_outlet_event_extra.py
[2024-09-27T20:25:36.460+0000] {processor.py:914} INFO - Processing file /home/airflow/.local/lib/python3.12/site-packages/airflow/example_dags/example_outlet_event_extra.py for tasks to queue
[2024-09-27T20:25:36.461+0000] {logging_mixin.py:190} INFO - [2024-09-27T20:25:36.461+0000] {dagbag.py:588} INFO - Filling up the DagBag from /home/airflow/.local/lib/python3.12/site-packages/airflow/example_dags/example_outlet_event_extra.py
[2024-09-27T20:25:36.581+0000] {processor.py:925} INFO - DAG(s) 'dataset_with_extra_from_classic_operator', 'dataset_with_extra_by_context', 'dataset_with_extra_by_yield' retrieved from /home/airflow/.local/lib/python3.12/site-packages/airflow/example_dags/example_outlet_event_extra.py
[2024-09-27T20:25:36.601+0000] {logging_mixin.py:190} INFO - [2024-09-27T20:25:36.601+0000] {dag.py:3239} INFO - Sync 3 DAGs
[2024-09-27T20:25:36.620+0000] {logging_mixin.py:190} INFO - [2024-09-27T20:25:36.620+0000] {dag.py:4180} INFO - Setting next_dagrun for dataset_with_extra_by_context to 2024-09-26 05:00:00+00:00, run_after=2024-09-27 05:00:00+00:00
[2024-09-27T20:25:36.624+0000] {logging_mixin.py:190} INFO - [2024-09-27T20:25:36.624+0000] {dag.py:4180} INFO - Setting next_dagrun for dataset_with_extra_by_yield to 2024-09-26 05:00:00+00:00, run_after=2024-09-27 05:00:00+00:00
[2024-09-27T20:25:36.627+0000] {logging_mixin.py:190} INFO - [2024-09-27T20:25:36.627+0000] {dag.py:4180} INFO - Setting next_dagrun for dataset_with_extra_from_classic_operator to 2024-09-26 05:00:00+00:00, run_after=2024-09-27 05:00:00+00:00
[2024-09-27T20:25:36.650+0000] {processor.py:208} INFO - Processing /home/airflow/.local/lib/python3.12/site-packages/airflow/example_dags/example_outlet_event_extra.py took 0.197 seconds
[2024-09-27T20:26:06.726+0000] {processor.py:186} INFO - Started process (PID=580) to work on /home/airflow/.local/lib/python3.12/site-packages/airflow/example_dags/example_outlet_event_extra.py
[2024-09-27T20:26:06.727+0000] {processor.py:914} INFO - Processing file /home/airflow/.local/lib/python3.12/site-packages/airflow/example_dags/example_outlet_event_extra.py for tasks to queue
[2024-09-27T20:26:06.729+0000] {logging_mixin.py:190} INFO - [2024-09-27T20:26:06.728+0000] {dagbag.py:588} INFO - Filling up the DagBag from /home/airflow/.local/lib/python3.12/site-packages/airflow/example_dags/example_outlet_event_extra.py
[2024-09-27T20:26:06.837+0000] {processor.py:925} INFO - DAG(s) 'dataset_with_extra_by_yield', 'dataset_with_extra_by_context', 'dataset_with_extra_from_classic_operator' retrieved from /home/airflow/.local/lib/python3.12/site-packages/airflow/example_dags/example_outlet_event_extra.py
[2024-09-27T20:26:06.857+0000] {logging_mixin.py:190} INFO - [2024-09-27T20:26:06.857+0000] {dag.py:3239} INFO - Sync 3 DAGs
[2024-09-27T20:26:06.876+0000] {logging_mixin.py:190} INFO - [2024-09-27T20:26:06.876+0000] {dag.py:4180} INFO - Setting next_dagrun for dataset_with_extra_by_context to 2024-09-26 05:00:00+00:00, run_after=2024-09-27 05:00:00+00:00
[2024-09-27T20:26:06.881+0000] {logging_mixin.py:190} INFO - [2024-09-27T20:26:06.880+0000] {dag.py:4180} INFO - Setting next_dagrun for dataset_with_extra_by_yield to 2024-09-26 05:00:00+00:00, run_after=2024-09-27 05:00:00+00:00
[2024-09-27T20:26:06.883+0000] {logging_mixin.py:190} INFO - [2024-09-27T20:26:06.883+0000] {dag.py:4180} INFO - Setting next_dagrun for dataset_with_extra_from_classic_operator to 2024-09-26 05:00:00+00:00, run_after=2024-09-27 05:00:00+00:00
[2024-09-27T20:26:06.909+0000] {processor.py:208} INFO - Processing /home/airflow/.local/lib/python3.12/site-packages/airflow/example_dags/example_outlet_event_extra.py took 0.189 seconds
[2024-09-27T20:26:37.159+0000] {processor.py:186} INFO - Started process (PID=643) to work on /home/airflow/.local/lib/python3.12/site-packages/airflow/example_dags/example_outlet_event_extra.py
[2024-09-27T20:26:37.161+0000] {processor.py:914} INFO - Processing file /home/airflow/.local/lib/python3.12/site-packages/airflow/example_dags/example_outlet_event_extra.py for tasks to queue
[2024-09-27T20:26:37.164+0000] {logging_mixin.py:190} INFO - [2024-09-27T20:26:37.163+0000] {dagbag.py:588} INFO - Filling up the DagBag from /home/airflow/.local/lib/python3.12/site-packages/airflow/example_dags/example_outlet_event_extra.py
[2024-09-27T20:26:37.280+0000] {processor.py:925} INFO - DAG(s) 'dataset_with_extra_by_context', 'dataset_with_extra_from_classic_operator', 'dataset_with_extra_by_yield' retrieved from /home/airflow/.local/lib/python3.12/site-packages/airflow/example_dags/example_outlet_event_extra.py
[2024-09-27T20:26:37.302+0000] {logging_mixin.py:190} INFO - [2024-09-27T20:26:37.302+0000] {dag.py:3239} INFO - Sync 3 DAGs
[2024-09-27T20:26:37.322+0000] {logging_mixin.py:190} INFO - [2024-09-27T20:26:37.322+0000] {dag.py:4180} INFO - Setting next_dagrun for dataset_with_extra_by_context to 2024-09-26 05:00:00+00:00, run_after=2024-09-27 05:00:00+00:00
[2024-09-27T20:26:37.326+0000] {logging_mixin.py:190} INFO - [2024-09-27T20:26:37.326+0000] {dag.py:4180} INFO - Setting next_dagrun for dataset_with_extra_by_yield to 2024-09-26 05:00:00+00:00, run_after=2024-09-27 05:00:00+00:00
[2024-09-27T20:26:37.329+0000] {logging_mixin.py:190} INFO - [2024-09-27T20:26:37.328+0000] {dag.py:4180} INFO - Setting next_dagrun for dataset_with_extra_from_classic_operator to 2024-09-26 05:00:00+00:00, run_after=2024-09-27 05:00:00+00:00
[2024-09-27T20:26:37.344+0000] {processor.py:208} INFO - Processing /home/airflow/.local/lib/python3.12/site-packages/airflow/example_dags/example_outlet_event_extra.py took 0.195 seconds
[2024-09-27T20:27:07.871+0000] {processor.py:186} INFO - Started process (PID=706) to work on /home/airflow/.local/lib/python3.12/site-packages/airflow/example_dags/example_outlet_event_extra.py
[2024-09-27T20:27:07.872+0000] {processor.py:914} INFO - Processing file /home/airflow/.local/lib/python3.12/site-packages/airflow/example_dags/example_outlet_event_extra.py for tasks to queue
[2024-09-27T20:27:07.873+0000] {logging_mixin.py:190} INFO - [2024-09-27T20:27:07.873+0000] {dagbag.py:588} INFO - Filling up the DagBag from /home/airflow/.local/lib/python3.12/site-packages/airflow/example_dags/example_outlet_event_extra.py
[2024-09-27T20:27:07.980+0000] {processor.py:925} INFO - DAG(s) 'dataset_with_extra_by_yield', 'dataset_with_extra_by_context', 'dataset_with_extra_from_classic_operator' retrieved from /home/airflow/.local/lib/python3.12/site-packages/airflow/example_dags/example_outlet_event_extra.py
[2024-09-27T20:27:08.001+0000] {logging_mixin.py:190} INFO - [2024-09-27T20:27:08.000+0000] {dag.py:3239} INFO - Sync 3 DAGs
[2024-09-27T20:27:08.019+0000] {logging_mixin.py:190} INFO - [2024-09-27T20:27:08.019+0000] {dag.py:4180} INFO - Setting next_dagrun for dataset_with_extra_by_context to 2024-09-26 05:00:00+00:00, run_after=2024-09-27 05:00:00+00:00
[2024-09-27T20:27:08.023+0000] {logging_mixin.py:190} INFO - [2024-09-27T20:27:08.023+0000] {dag.py:4180} INFO - Setting next_dagrun for dataset_with_extra_by_yield to 2024-09-26 05:00:00+00:00, run_after=2024-09-27 05:00:00+00:00
[2024-09-27T20:27:08.025+0000] {logging_mixin.py:190} INFO - [2024-09-27T20:27:08.025+0000] {dag.py:4180} INFO - Setting next_dagrun for dataset_with_extra_from_classic_operator to 2024-09-26 05:00:00+00:00, run_after=2024-09-27 05:00:00+00:00
[2024-09-27T20:27:08.040+0000] {processor.py:208} INFO - Processing /home/airflow/.local/lib/python3.12/site-packages/airflow/example_dags/example_outlet_event_extra.py took 0.173 seconds
[2024-09-27T20:27:39.355+0000] {processor.py:186} INFO - Started process (PID=769) to work on /home/airflow/.local/lib/python3.12/site-packages/airflow/example_dags/example_outlet_event_extra.py
[2024-09-27T20:27:39.396+0000] {processor.py:914} INFO - Processing file /home/airflow/.local/lib/python3.12/site-packages/airflow/example_dags/example_outlet_event_extra.py for tasks to queue
[2024-09-27T20:27:39.398+0000] {logging_mixin.py:190} INFO - [2024-09-27T20:27:39.398+0000] {dagbag.py:588} INFO - Filling up the DagBag from /home/airflow/.local/lib/python3.12/site-packages/airflow/example_dags/example_outlet_event_extra.py
[2024-09-27T20:27:39.703+0000] {processor.py:925} INFO - DAG(s) 'dataset_with_extra_by_yield', 'dataset_with_extra_by_context', 'dataset_with_extra_from_classic_operator' retrieved from /home/airflow/.local/lib/python3.12/site-packages/airflow/example_dags/example_outlet_event_extra.py
[2024-09-27T20:27:39.769+0000] {logging_mixin.py:190} INFO - [2024-09-27T20:27:39.768+0000] {dag.py:3239} INFO - Sync 3 DAGs
[2024-09-27T20:27:39.882+0000] {logging_mixin.py:190} INFO - [2024-09-27T20:27:39.882+0000] {dag.py:4180} INFO - Setting next_dagrun for dataset_with_extra_by_context to 2024-09-26 05:00:00+00:00, run_after=2024-09-27 05:00:00+00:00
[2024-09-27T20:27:39.929+0000] {logging_mixin.py:190} INFO - [2024-09-27T20:27:39.929+0000] {dag.py:4180} INFO - Setting next_dagrun for dataset_with_extra_by_yield to 2024-09-26 05:00:00+00:00, run_after=2024-09-27 05:00:00+00:00
[2024-09-27T20:27:39.935+0000] {logging_mixin.py:190} INFO - [2024-09-27T20:27:39.935+0000] {dag.py:4180} INFO - Setting next_dagrun for dataset_with_extra_from_classic_operator to 2024-09-26 05:00:00+00:00, run_after=2024-09-27 05:00:00+00:00
[2024-09-27T20:27:39.985+0000] {processor.py:208} INFO - Processing /home/airflow/.local/lib/python3.12/site-packages/airflow/example_dags/example_outlet_event_extra.py took 0.634 seconds
[2024-09-27T20:28:10.600+0000] {processor.py:186} INFO - Started process (PID=832) to work on /home/airflow/.local/lib/python3.12/site-packages/airflow/example_dags/example_outlet_event_extra.py
[2024-09-27T20:28:10.601+0000] {processor.py:914} INFO - Processing file /home/airflow/.local/lib/python3.12/site-packages/airflow/example_dags/example_outlet_event_extra.py for tasks to queue
[2024-09-27T20:28:10.602+0000] {logging_mixin.py:190} INFO - [2024-09-27T20:28:10.602+0000] {dagbag.py:588} INFO - Filling up the DagBag from /home/airflow/.local/lib/python3.12/site-packages/airflow/example_dags/example_outlet_event_extra.py
[2024-09-27T20:28:10.711+0000] {processor.py:925} INFO - DAG(s) 'dataset_with_extra_by_context', 'dataset_with_extra_by_yield', 'dataset_with_extra_from_classic_operator' retrieved from /home/airflow/.local/lib/python3.12/site-packages/airflow/example_dags/example_outlet_event_extra.py
[2024-09-27T20:28:10.729+0000] {logging_mixin.py:190} INFO - [2024-09-27T20:28:10.729+0000] {dag.py:3239} INFO - Sync 3 DAGs
[2024-09-27T20:28:10.749+0000] {logging_mixin.py:190} INFO - [2024-09-27T20:28:10.749+0000] {dag.py:4180} INFO - Setting next_dagrun for dataset_with_extra_by_context to 2024-09-26 05:00:00+00:00, run_after=2024-09-27 05:00:00+00:00
[2024-09-27T20:28:10.753+0000] {logging_mixin.py:190} INFO - [2024-09-27T20:28:10.753+0000] {dag.py:4180} INFO - Setting next_dagrun for dataset_with_extra_by_yield to 2024-09-26 05:00:00+00:00, run_after=2024-09-27 05:00:00+00:00
[2024-09-27T20:28:10.755+0000] {logging_mixin.py:190} INFO - [2024-09-27T20:28:10.755+0000] {dag.py:4180} INFO - Setting next_dagrun for dataset_with_extra_from_classic_operator to 2024-09-26 05:00:00+00:00, run_after=2024-09-27 05:00:00+00:00
[2024-09-27T20:28:10.772+0000] {processor.py:208} INFO - Processing /home/airflow/.local/lib/python3.12/site-packages/airflow/example_dags/example_outlet_event_extra.py took 0.176 seconds
[2024-09-27T20:28:40.933+0000] {processor.py:186} INFO - Started process (PID=895) to work on /home/airflow/.local/lib/python3.12/site-packages/airflow/example_dags/example_outlet_event_extra.py
[2024-09-27T20:28:40.933+0000] {processor.py:914} INFO - Processing file /home/airflow/.local/lib/python3.12/site-packages/airflow/example_dags/example_outlet_event_extra.py for tasks to queue
[2024-09-27T20:28:40.935+0000] {logging_mixin.py:190} INFO - [2024-09-27T20:28:40.935+0000] {dagbag.py:588} INFO - Filling up the DagBag from /home/airflow/.local/lib/python3.12/site-packages/airflow/example_dags/example_outlet_event_extra.py
[2024-09-27T20:28:41.044+0000] {processor.py:925} INFO - DAG(s) 'dataset_with_extra_from_classic_operator', 'dataset_with_extra_by_yield', 'dataset_with_extra_by_context' retrieved from /home/airflow/.local/lib/python3.12/site-packages/airflow/example_dags/example_outlet_event_extra.py
[2024-09-27T20:28:41.064+0000] {logging_mixin.py:190} INFO - [2024-09-27T20:28:41.063+0000] {dag.py:3239} INFO - Sync 3 DAGs
[2024-09-27T20:28:41.084+0000] {logging_mixin.py:190} INFO - [2024-09-27T20:28:41.083+0000] {dag.py:4180} INFO - Setting next_dagrun for dataset_with_extra_by_context to 2024-09-26 05:00:00+00:00, run_after=2024-09-27 05:00:00+00:00
[2024-09-27T20:28:41.089+0000] {logging_mixin.py:190} INFO - [2024-09-27T20:28:41.088+0000] {dag.py:4180} INFO - Setting next_dagrun for dataset_with_extra_by_yield to 2024-09-26 05:00:00+00:00, run_after=2024-09-27 05:00:00+00:00
[2024-09-27T20:28:41.091+0000] {logging_mixin.py:190} INFO - [2024-09-27T20:28:41.091+0000] {dag.py:4180} INFO - Setting next_dagrun for dataset_with_extra_from_classic_operator to 2024-09-26 05:00:00+00:00, run_after=2024-09-27 05:00:00+00:00
[2024-09-27T20:28:41.109+0000] {processor.py:208} INFO - Processing /home/airflow/.local/lib/python3.12/site-packages/airflow/example_dags/example_outlet_event_extra.py took 0.181 seconds
[2024-09-27T20:29:11.148+0000] {processor.py:186} INFO - Started process (PID=958) to work on /home/airflow/.local/lib/python3.12/site-packages/airflow/example_dags/example_outlet_event_extra.py
[2024-09-27T20:29:11.149+0000] {processor.py:914} INFO - Processing file /home/airflow/.local/lib/python3.12/site-packages/airflow/example_dags/example_outlet_event_extra.py for tasks to queue
[2024-09-27T20:29:11.151+0000] {logging_mixin.py:190} INFO - [2024-09-27T20:29:11.150+0000] {dagbag.py:588} INFO - Filling up the DagBag from /home/airflow/.local/lib/python3.12/site-packages/airflow/example_dags/example_outlet_event_extra.py
[2024-09-27T20:29:11.265+0000] {processor.py:925} INFO - DAG(s) 'dataset_with_extra_by_context', 'dataset_with_extra_by_yield', 'dataset_with_extra_from_classic_operator' retrieved from /home/airflow/.local/lib/python3.12/site-packages/airflow/example_dags/example_outlet_event_extra.py
[2024-09-27T20:29:11.284+0000] {logging_mixin.py:190} INFO - [2024-09-27T20:29:11.284+0000] {dag.py:3239} INFO - Sync 3 DAGs
[2024-09-27T20:29:11.306+0000] {logging_mixin.py:190} INFO - [2024-09-27T20:29:11.306+0000] {dag.py:4180} INFO - Setting next_dagrun for dataset_with_extra_by_context to 2024-09-26 05:00:00+00:00, run_after=2024-09-27 05:00:00+00:00
[2024-09-27T20:29:11.311+0000] {logging_mixin.py:190} INFO - [2024-09-27T20:29:11.310+0000] {dag.py:4180} INFO - Setting next_dagrun for dataset_with_extra_by_yield to 2024-09-26 05:00:00+00:00, run_after=2024-09-27 05:00:00+00:00
[2024-09-27T20:29:11.313+0000] {logging_mixin.py:190} INFO - [2024-09-27T20:29:11.313+0000] {dag.py:4180} INFO - Setting next_dagrun for dataset_with_extra_from_classic_operator to 2024-09-26 05:00:00+00:00, run_after=2024-09-27 05:00:00+00:00
[2024-09-27T20:29:11.337+0000] {processor.py:208} INFO - Processing /home/airflow/.local/lib/python3.12/site-packages/airflow/example_dags/example_outlet_event_extra.py took 0.193 seconds
[2024-09-27T20:29:41.412+0000] {processor.py:186} INFO - Started process (PID=1021) to work on /home/airflow/.local/lib/python3.12/site-packages/airflow/example_dags/example_outlet_event_extra.py
[2024-09-27T20:29:41.413+0000] {processor.py:914} INFO - Processing file /home/airflow/.local/lib/python3.12/site-packages/airflow/example_dags/example_outlet_event_extra.py for tasks to queue
[2024-09-27T20:29:41.415+0000] {logging_mixin.py:190} INFO - [2024-09-27T20:29:41.415+0000] {dagbag.py:588} INFO - Filling up the DagBag from /home/airflow/.local/lib/python3.12/site-packages/airflow/example_dags/example_outlet_event_extra.py
[2024-09-27T20:29:41.565+0000] {processor.py:925} INFO - DAG(s) 'dataset_with_extra_by_context', 'dataset_with_extra_from_classic_operator', 'dataset_with_extra_by_yield' retrieved from /home/airflow/.local/lib/python3.12/site-packages/airflow/example_dags/example_outlet_event_extra.py
[2024-09-27T20:29:41.591+0000] {logging_mixin.py:190} INFO - [2024-09-27T20:29:41.591+0000] {dag.py:3239} INFO - Sync 3 DAGs
[2024-09-27T20:29:41.614+0000] {logging_mixin.py:190} INFO - [2024-09-27T20:29:41.613+0000] {dag.py:4180} INFO - Setting next_dagrun for dataset_with_extra_by_context to 2024-09-26 05:00:00+00:00, run_after=2024-09-27 05:00:00+00:00
[2024-09-27T20:29:41.618+0000] {logging_mixin.py:190} INFO - [2024-09-27T20:29:41.618+0000] {dag.py:4180} INFO - Setting next_dagrun for dataset_with_extra_by_yield to 2024-09-26 05:00:00+00:00, run_after=2024-09-27 05:00:00+00:00
[2024-09-27T20:29:41.621+0000] {logging_mixin.py:190} INFO - [2024-09-27T20:29:41.621+0000] {dag.py:4180} INFO - Setting next_dagrun for dataset_with_extra_from_classic_operator to 2024-09-26 05:00:00+00:00, run_after=2024-09-27 05:00:00+00:00
[2024-09-27T20:29:41.638+0000] {processor.py:208} INFO - Processing /home/airflow/.local/lib/python3.12/site-packages/airflow/example_dags/example_outlet_event_extra.py took 0.232 seconds
[2024-09-27T20:30:11.853+0000] {processor.py:186} INFO - Started process (PID=1084) to work on /home/airflow/.local/lib/python3.12/site-packages/airflow/example_dags/example_outlet_event_extra.py
[2024-09-27T20:30:11.853+0000] {processor.py:914} INFO - Processing file /home/airflow/.local/lib/python3.12/site-packages/airflow/example_dags/example_outlet_event_extra.py for tasks to queue
[2024-09-27T20:30:11.855+0000] {logging_mixin.py:190} INFO - [2024-09-27T20:30:11.855+0000] {dagbag.py:588} INFO - Filling up the DagBag from /home/airflow/.local/lib/python3.12/site-packages/airflow/example_dags/example_outlet_event_extra.py
[2024-09-27T20:30:11.971+0000] {processor.py:925} INFO - DAG(s) 'dataset_with_extra_by_yield', 'dataset_with_extra_from_classic_operator', 'dataset_with_extra_by_context' retrieved from /home/airflow/.local/lib/python3.12/site-packages/airflow/example_dags/example_outlet_event_extra.py
[2024-09-27T20:30:11.989+0000] {logging_mixin.py:190} INFO - [2024-09-27T20:30:11.989+0000] {dag.py:3239} INFO - Sync 3 DAGs
[2024-09-27T20:30:12.009+0000] {logging_mixin.py:190} INFO - [2024-09-27T20:30:12.009+0000] {dag.py:4180} INFO - Setting next_dagrun for dataset_with_extra_by_context to 2024-09-26 05:00:00+00:00, run_after=2024-09-27 05:00:00+00:00
[2024-09-27T20:30:12.014+0000] {logging_mixin.py:190} INFO - [2024-09-27T20:30:12.014+0000] {dag.py:4180} INFO - Setting next_dagrun for dataset_with_extra_by_yield to 2024-09-26 05:00:00+00:00, run_after=2024-09-27 05:00:00+00:00
[2024-09-27T20:30:12.016+0000] {logging_mixin.py:190} INFO - [2024-09-27T20:30:12.016+0000] {dag.py:4180} INFO - Setting next_dagrun for dataset_with_extra_from_classic_operator to 2024-09-26 05:00:00+00:00, run_after=2024-09-27 05:00:00+00:00
[2024-09-27T20:30:12.040+0000] {processor.py:208} INFO - Processing /home/airflow/.local/lib/python3.12/site-packages/airflow/example_dags/example_outlet_event_extra.py took 0.192 seconds
[2024-09-27T20:30:42.101+0000] {processor.py:186} INFO - Started process (PID=1147) to work on /home/airflow/.local/lib/python3.12/site-packages/airflow/example_dags/example_outlet_event_extra.py
[2024-09-27T20:30:42.102+0000] {processor.py:914} INFO - Processing file /home/airflow/.local/lib/python3.12/site-packages/airflow/example_dags/example_outlet_event_extra.py for tasks to queue
[2024-09-27T20:30:42.104+0000] {logging_mixin.py:190} INFO - [2024-09-27T20:30:42.104+0000] {dagbag.py:588} INFO - Filling up the DagBag from /home/airflow/.local/lib/python3.12/site-packages/airflow/example_dags/example_outlet_event_extra.py
[2024-09-27T20:30:42.216+0000] {processor.py:925} INFO - DAG(s) 'dataset_with_extra_by_context', 'dataset_with_extra_from_classic_operator', 'dataset_with_extra_by_yield' retrieved from /home/airflow/.local/lib/python3.12/site-packages/airflow/example_dags/example_outlet_event_extra.py
[2024-09-27T20:30:42.235+0000] {logging_mixin.py:190} INFO - [2024-09-27T20:30:42.235+0000] {dag.py:3239} INFO - Sync 3 DAGs
[2024-09-27T20:30:42.254+0000] {logging_mixin.py:190} INFO - [2024-09-27T20:30:42.254+0000] {dag.py:4180} INFO - Setting next_dagrun for dataset_with_extra_by_context to 2024-09-26 05:00:00+00:00, run_after=2024-09-27 05:00:00+00:00
[2024-09-27T20:30:42.258+0000] {logging_mixin.py:190} INFO - [2024-09-27T20:30:42.258+0000] {dag.py:4180} INFO - Setting next_dagrun for dataset_with_extra_by_yield to 2024-09-26 05:00:00+00:00, run_after=2024-09-27 05:00:00+00:00
[2024-09-27T20:30:42.260+0000] {logging_mixin.py:190} INFO - [2024-09-27T20:30:42.260+0000] {dag.py:4180} INFO - Setting next_dagrun for dataset_with_extra_from_classic_operator to 2024-09-26 05:00:00+00:00, run_after=2024-09-27 05:00:00+00:00
[2024-09-27T20:30:42.278+0000] {processor.py:208} INFO - Processing /home/airflow/.local/lib/python3.12/site-packages/airflow/example_dags/example_outlet_event_extra.py took 0.181 seconds
[2024-09-27T20:31:12.510+0000] {processor.py:186} INFO - Started process (PID=1211) to work on /home/airflow/.local/lib/python3.12/site-packages/airflow/example_dags/example_outlet_event_extra.py
[2024-09-27T20:31:12.511+0000] {processor.py:914} INFO - Processing file /home/airflow/.local/lib/python3.12/site-packages/airflow/example_dags/example_outlet_event_extra.py for tasks to queue
[2024-09-27T20:31:12.513+0000] {logging_mixin.py:190} INFO - [2024-09-27T20:31:12.512+0000] {dagbag.py:588} INFO - Filling up the DagBag from /home/airflow/.local/lib/python3.12/site-packages/airflow/example_dags/example_outlet_event_extra.py
[2024-09-27T20:31:12.629+0000] {processor.py:925} INFO - DAG(s) 'dataset_with_extra_from_classic_operator', 'dataset_with_extra_by_context', 'dataset_with_extra_by_yield' retrieved from /home/airflow/.local/lib/python3.12/site-packages/airflow/example_dags/example_outlet_event_extra.py
[2024-09-27T20:31:12.647+0000] {logging_mixin.py:190} INFO - [2024-09-27T20:31:12.647+0000] {dag.py:3239} INFO - Sync 3 DAGs
[2024-09-27T20:31:12.667+0000] {logging_mixin.py:190} INFO - [2024-09-27T20:31:12.666+0000] {dag.py:4180} INFO - Setting next_dagrun for dataset_with_extra_by_context to 2024-09-26 05:00:00+00:00, run_after=2024-09-27 05:00:00+00:00
[2024-09-27T20:31:12.671+0000] {logging_mixin.py:190} INFO - [2024-09-27T20:31:12.671+0000] {dag.py:4180} INFO - Setting next_dagrun for dataset_with_extra_by_yield to 2024-09-26 05:00:00+00:00, run_after=2024-09-27 05:00:00+00:00
[2024-09-27T20:31:12.673+0000] {logging_mixin.py:190} INFO - [2024-09-27T20:31:12.673+0000] {dag.py:4180} INFO - Setting next_dagrun for dataset_with_extra_from_classic_operator to 2024-09-26 05:00:00+00:00, run_after=2024-09-27 05:00:00+00:00
[2024-09-27T20:31:12.698+0000] {processor.py:208} INFO - Processing /home/airflow/.local/lib/python3.12/site-packages/airflow/example_dags/example_outlet_event_extra.py took 0.193 seconds
[2024-09-27T20:31:43.045+0000] {processor.py:186} INFO - Started process (PID=1274) to work on /home/airflow/.local/lib/python3.12/site-packages/airflow/example_dags/example_outlet_event_extra.py
[2024-09-27T20:31:43.046+0000] {processor.py:914} INFO - Processing file /home/airflow/.local/lib/python3.12/site-packages/airflow/example_dags/example_outlet_event_extra.py for tasks to queue
[2024-09-27T20:31:43.047+0000] {logging_mixin.py:190} INFO - [2024-09-27T20:31:43.047+0000] {dagbag.py:588} INFO - Filling up the DagBag from /home/airflow/.local/lib/python3.12/site-packages/airflow/example_dags/example_outlet_event_extra.py
[2024-09-27T20:31:43.169+0000] {processor.py:925} INFO - DAG(s) 'dataset_with_extra_from_classic_operator', 'dataset_with_extra_by_yield', 'dataset_with_extra_by_context' retrieved from /home/airflow/.local/lib/python3.12/site-packages/airflow/example_dags/example_outlet_event_extra.py
[2024-09-27T20:31:43.189+0000] {logging_mixin.py:190} INFO - [2024-09-27T20:31:43.189+0000] {dag.py:3239} INFO - Sync 3 DAGs
[2024-09-27T20:31:43.210+0000] {logging_mixin.py:190} INFO - [2024-09-27T20:31:43.210+0000] {dag.py:4180} INFO - Setting next_dagrun for dataset_with_extra_by_context to 2024-09-26 05:00:00+00:00, run_after=2024-09-27 05:00:00+00:00
[2024-09-27T20:31:43.215+0000] {logging_mixin.py:190} INFO - [2024-09-27T20:31:43.214+0000] {dag.py:4180} INFO - Setting next_dagrun for dataset_with_extra_by_yield to 2024-09-26 05:00:00+00:00, run_after=2024-09-27 05:00:00+00:00
[2024-09-27T20:31:43.217+0000] {logging_mixin.py:190} INFO - [2024-09-27T20:31:43.217+0000] {dag.py:4180} INFO - Setting next_dagrun for dataset_with_extra_from_classic_operator to 2024-09-26 05:00:00+00:00, run_after=2024-09-27 05:00:00+00:00
[2024-09-27T20:31:43.234+0000] {processor.py:208} INFO - Processing /home/airflow/.local/lib/python3.12/site-packages/airflow/example_dags/example_outlet_event_extra.py took 0.194 seconds
[2024-09-27T20:32:13.930+0000] {processor.py:186} INFO - Started process (PID=1337) to work on /home/airflow/.local/lib/python3.12/site-packages/airflow/example_dags/example_outlet_event_extra.py
[2024-09-27T20:32:13.930+0000] {processor.py:914} INFO - Processing file /home/airflow/.local/lib/python3.12/site-packages/airflow/example_dags/example_outlet_event_extra.py for tasks to queue
[2024-09-27T20:32:13.932+0000] {logging_mixin.py:190} INFO - [2024-09-27T20:32:13.932+0000] {dagbag.py:588} INFO - Filling up the DagBag from /home/airflow/.local/lib/python3.12/site-packages/airflow/example_dags/example_outlet_event_extra.py
[2024-09-27T20:32:14.042+0000] {processor.py:925} INFO - DAG(s) 'dataset_with_extra_by_yield', 'dataset_with_extra_by_context', 'dataset_with_extra_from_classic_operator' retrieved from /home/airflow/.local/lib/python3.12/site-packages/airflow/example_dags/example_outlet_event_extra.py
[2024-09-27T20:32:14.061+0000] {logging_mixin.py:190} INFO - [2024-09-27T20:32:14.060+0000] {dag.py:3239} INFO - Sync 3 DAGs
[2024-09-27T20:32:14.080+0000] {logging_mixin.py:190} INFO - [2024-09-27T20:32:14.080+0000] {dag.py:4180} INFO - Setting next_dagrun for dataset_with_extra_by_context to 2024-09-26 05:00:00+00:00, run_after=2024-09-27 05:00:00+00:00
[2024-09-27T20:32:14.084+0000] {logging_mixin.py:190} INFO - [2024-09-27T20:32:14.084+0000] {dag.py:4180} INFO - Setting next_dagrun for dataset_with_extra_by_yield to 2024-09-26 05:00:00+00:00, run_after=2024-09-27 05:00:00+00:00
[2024-09-27T20:32:14.087+0000] {logging_mixin.py:190} INFO - [2024-09-27T20:32:14.087+0000] {dag.py:4180} INFO - Setting next_dagrun for dataset_with_extra_from_classic_operator to 2024-09-26 05:00:00+00:00, run_after=2024-09-27 05:00:00+00:00
[2024-09-27T20:32:14.103+0000] {processor.py:208} INFO - Processing /home/airflow/.local/lib/python3.12/site-packages/airflow/example_dags/example_outlet_event_extra.py took 0.178 seconds
[2024-09-27T20:32:44.767+0000] {processor.py:186} INFO - Started process (PID=1400) to work on /home/airflow/.local/lib/python3.12/site-packages/airflow/example_dags/example_outlet_event_extra.py
[2024-09-27T20:32:44.768+0000] {processor.py:914} INFO - Processing file /home/airflow/.local/lib/python3.12/site-packages/airflow/example_dags/example_outlet_event_extra.py for tasks to queue
[2024-09-27T20:32:44.770+0000] {logging_mixin.py:190} INFO - [2024-09-27T20:32:44.769+0000] {dagbag.py:588} INFO - Filling up the DagBag from /home/airflow/.local/lib/python3.12/site-packages/airflow/example_dags/example_outlet_event_extra.py
[2024-09-27T20:32:44.881+0000] {processor.py:925} INFO - DAG(s) 'dataset_with_extra_by_context', 'dataset_with_extra_by_yield', 'dataset_with_extra_from_classic_operator' retrieved from /home/airflow/.local/lib/python3.12/site-packages/airflow/example_dags/example_outlet_event_extra.py
[2024-09-27T20:32:44.899+0000] {logging_mixin.py:190} INFO - [2024-09-27T20:32:44.899+0000] {dag.py:3239} INFO - Sync 3 DAGs
[2024-09-27T20:32:44.918+0000] {logging_mixin.py:190} INFO - [2024-09-27T20:32:44.917+0000] {dag.py:4180} INFO - Setting next_dagrun for dataset_with_extra_by_context to 2024-09-26 05:00:00+00:00, run_after=2024-09-27 05:00:00+00:00
[2024-09-27T20:32:44.922+0000] {logging_mixin.py:190} INFO - [2024-09-27T20:32:44.922+0000] {dag.py:4180} INFO - Setting next_dagrun for dataset_with_extra_by_yield to 2024-09-26 05:00:00+00:00, run_after=2024-09-27 05:00:00+00:00
[2024-09-27T20:32:44.924+0000] {logging_mixin.py:190} INFO - [2024-09-27T20:32:44.924+0000] {dag.py:4180} INFO - Setting next_dagrun for dataset_with_extra_from_classic_operator to 2024-09-26 05:00:00+00:00, run_after=2024-09-27 05:00:00+00:00
[2024-09-27T20:32:44.940+0000] {processor.py:208} INFO - Processing /home/airflow/.local/lib/python3.12/site-packages/airflow/example_dags/example_outlet_event_extra.py took 0.177 seconds
[2024-09-27T20:33:14.986+0000] {processor.py:186} INFO - Started process (PID=1463) to work on /home/airflow/.local/lib/python3.12/site-packages/airflow/example_dags/example_outlet_event_extra.py
[2024-09-27T20:33:14.987+0000] {processor.py:914} INFO - Processing file /home/airflow/.local/lib/python3.12/site-packages/airflow/example_dags/example_outlet_event_extra.py for tasks to queue
[2024-09-27T20:33:14.989+0000] {logging_mixin.py:190} INFO - [2024-09-27T20:33:14.989+0000] {dagbag.py:588} INFO - Filling up the DagBag from /home/airflow/.local/lib/python3.12/site-packages/airflow/example_dags/example_outlet_event_extra.py
[2024-09-27T20:33:15.119+0000] {processor.py:925} INFO - DAG(s) 'dataset_with_extra_by_yield', 'dataset_with_extra_by_context', 'dataset_with_extra_from_classic_operator' retrieved from /home/airflow/.local/lib/python3.12/site-packages/airflow/example_dags/example_outlet_event_extra.py
[2024-09-27T20:33:15.142+0000] {logging_mixin.py:190} INFO - [2024-09-27T20:33:15.141+0000] {dag.py:3239} INFO - Sync 3 DAGs
[2024-09-27T20:33:15.164+0000] {logging_mixin.py:190} INFO - [2024-09-27T20:33:15.164+0000] {dag.py:4180} INFO - Setting next_dagrun for dataset_with_extra_by_context to 2024-09-26 05:00:00+00:00, run_after=2024-09-27 05:00:00+00:00
[2024-09-27T20:33:15.168+0000] {logging_mixin.py:190} INFO - [2024-09-27T20:33:15.168+0000] {dag.py:4180} INFO - Setting next_dagrun for dataset_with_extra_by_yield to 2024-09-26 05:00:00+00:00, run_after=2024-09-27 05:00:00+00:00
[2024-09-27T20:33:15.170+0000] {logging_mixin.py:190} INFO - [2024-09-27T20:33:15.170+0000] {dag.py:4180} INFO - Setting next_dagrun for dataset_with_extra_from_classic_operator to 2024-09-26 05:00:00+00:00, run_after=2024-09-27 05:00:00+00:00
[2024-09-27T20:33:15.186+0000] {processor.py:208} INFO - Processing /home/airflow/.local/lib/python3.12/site-packages/airflow/example_dags/example_outlet_event_extra.py took 0.204 seconds
[2024-09-27T20:33:45.656+0000] {processor.py:186} INFO - Started process (PID=1526) to work on /home/airflow/.local/lib/python3.12/site-packages/airflow/example_dags/example_outlet_event_extra.py
[2024-09-27T20:33:45.658+0000] {processor.py:914} INFO - Processing file /home/airflow/.local/lib/python3.12/site-packages/airflow/example_dags/example_outlet_event_extra.py for tasks to queue
[2024-09-27T20:33:45.661+0000] {logging_mixin.py:190} INFO - [2024-09-27T20:33:45.660+0000] {dagbag.py:588} INFO - Filling up the DagBag from /home/airflow/.local/lib/python3.12/site-packages/airflow/example_dags/example_outlet_event_extra.py
[2024-09-27T20:33:45.859+0000] {processor.py:925} INFO - DAG(s) 'dataset_with_extra_by_context', 'dataset_with_extra_by_yield', 'dataset_with_extra_from_classic_operator' retrieved from /home/airflow/.local/lib/python3.12/site-packages/airflow/example_dags/example_outlet_event_extra.py
[2024-09-27T20:33:45.886+0000] {logging_mixin.py:190} INFO - [2024-09-27T20:33:45.885+0000] {dag.py:3239} INFO - Sync 3 DAGs
[2024-09-27T20:33:45.924+0000] {logging_mixin.py:190} INFO - [2024-09-27T20:33:45.923+0000] {dag.py:4180} INFO - Setting next_dagrun for dataset_with_extra_by_context to 2024-09-26 05:00:00+00:00, run_after=2024-09-27 05:00:00+00:00
[2024-09-27T20:33:45.930+0000] {logging_mixin.py:190} INFO - [2024-09-27T20:33:45.930+0000] {dag.py:4180} INFO - Setting next_dagrun for dataset_with_extra_by_yield to 2024-09-26 05:00:00+00:00, run_after=2024-09-27 05:00:00+00:00
[2024-09-27T20:33:45.933+0000] {logging_mixin.py:190} INFO - [2024-09-27T20:33:45.933+0000] {dag.py:4180} INFO - Setting next_dagrun for dataset_with_extra_from_classic_operator to 2024-09-26 05:00:00+00:00, run_after=2024-09-27 05:00:00+00:00
[2024-09-27T20:33:45.960+0000] {processor.py:208} INFO - Processing /home/airflow/.local/lib/python3.12/site-packages/airflow/example_dags/example_outlet_event_extra.py took 0.315 seconds
[2024-09-27T20:34:16.059+0000] {processor.py:186} INFO - Started process (PID=1589) to work on /home/airflow/.local/lib/python3.12/site-packages/airflow/example_dags/example_outlet_event_extra.py
[2024-09-27T20:34:16.060+0000] {processor.py:914} INFO - Processing file /home/airflow/.local/lib/python3.12/site-packages/airflow/example_dags/example_outlet_event_extra.py for tasks to queue
[2024-09-27T20:34:16.062+0000] {logging_mixin.py:190} INFO - [2024-09-27T20:34:16.062+0000] {dagbag.py:588} INFO - Filling up the DagBag from /home/airflow/.local/lib/python3.12/site-packages/airflow/example_dags/example_outlet_event_extra.py
[2024-09-27T20:34:16.176+0000] {processor.py:925} INFO - DAG(s) 'dataset_with_extra_by_yield', 'dataset_with_extra_by_context', 'dataset_with_extra_from_classic_operator' retrieved from /home/airflow/.local/lib/python3.12/site-packages/airflow/example_dags/example_outlet_event_extra.py
[2024-09-27T20:34:16.201+0000] {logging_mixin.py:190} INFO - [2024-09-27T20:34:16.201+0000] {dag.py:3239} INFO - Sync 3 DAGs
[2024-09-27T20:34:16.224+0000] {logging_mixin.py:190} INFO - [2024-09-27T20:34:16.224+0000] {dag.py:4180} INFO - Setting next_dagrun for dataset_with_extra_by_context to 2024-09-26 05:00:00+00:00, run_after=2024-09-27 05:00:00+00:00
[2024-09-27T20:34:16.229+0000] {logging_mixin.py:190} INFO - [2024-09-27T20:34:16.229+0000] {dag.py:4180} INFO - Setting next_dagrun for dataset_with_extra_by_yield to 2024-09-26 05:00:00+00:00, run_after=2024-09-27 05:00:00+00:00
[2024-09-27T20:34:16.233+0000] {logging_mixin.py:190} INFO - [2024-09-27T20:34:16.232+0000] {dag.py:4180} INFO - Setting next_dagrun for dataset_with_extra_from_classic_operator to 2024-09-26 05:00:00+00:00, run_after=2024-09-27 05:00:00+00:00
[2024-09-27T20:34:16.255+0000] {processor.py:208} INFO - Processing /home/airflow/.local/lib/python3.12/site-packages/airflow/example_dags/example_outlet_event_extra.py took 0.200 seconds
[2024-09-27T20:34:47.282+0000] {processor.py:186} INFO - Started process (PID=1652) to work on /home/airflow/.local/lib/python3.12/site-packages/airflow/example_dags/example_outlet_event_extra.py
[2024-09-27T20:34:47.283+0000] {processor.py:914} INFO - Processing file /home/airflow/.local/lib/python3.12/site-packages/airflow/example_dags/example_outlet_event_extra.py for tasks to queue
[2024-09-27T20:34:47.285+0000] {logging_mixin.py:190} INFO - [2024-09-27T20:34:47.285+0000] {dagbag.py:588} INFO - Filling up the DagBag from /home/airflow/.local/lib/python3.12/site-packages/airflow/example_dags/example_outlet_event_extra.py
[2024-09-27T20:34:47.394+0000] {processor.py:925} INFO - DAG(s) 'dataset_with_extra_by_yield', 'dataset_with_extra_by_context', 'dataset_with_extra_from_classic_operator' retrieved from /home/airflow/.local/lib/python3.12/site-packages/airflow/example_dags/example_outlet_event_extra.py
[2024-09-27T20:34:47.413+0000] {logging_mixin.py:190} INFO - [2024-09-27T20:34:47.413+0000] {dag.py:3239} INFO - Sync 3 DAGs
[2024-09-27T20:34:47.432+0000] {logging_mixin.py:190} INFO - [2024-09-27T20:34:47.432+0000] {dag.py:4180} INFO - Setting next_dagrun for dataset_with_extra_by_context to 2024-09-26 05:00:00+00:00, run_after=2024-09-27 05:00:00+00:00
[2024-09-27T20:34:47.436+0000] {logging_mixin.py:190} INFO - [2024-09-27T20:34:47.436+0000] {dag.py:4180} INFO - Setting next_dagrun for dataset_with_extra_by_yield to 2024-09-26 05:00:00+00:00, run_after=2024-09-27 05:00:00+00:00
[2024-09-27T20:34:47.438+0000] {logging_mixin.py:190} INFO - [2024-09-27T20:34:47.438+0000] {dag.py:4180} INFO - Setting next_dagrun for dataset_with_extra_from_classic_operator to 2024-09-26 05:00:00+00:00, run_after=2024-09-27 05:00:00+00:00
[2024-09-27T20:34:47.453+0000] {processor.py:208} INFO - Processing /home/airflow/.local/lib/python3.12/site-packages/airflow/example_dags/example_outlet_event_extra.py took 0.174 seconds
