[2024-09-27T19:45:56.826+0000] {processor.py:186} INFO - Started process (PID=62) to work on /home/airflow/.local/lib/python3.12/site-packages/airflow/example_dags/example_nested_branch_dag.py
[2024-09-27T19:45:56.827+0000] {processor.py:914} INFO - Processing file /home/airflow/.local/lib/python3.12/site-packages/airflow/example_dags/example_nested_branch_dag.py for tasks to queue
[2024-09-27T19:45:56.830+0000] {logging_mixin.py:190} INFO - [2024-09-27T19:45:56.829+0000] {dagbag.py:588} INFO - Filling up the DagBag from /home/airflow/.local/lib/python3.12/site-packages/airflow/example_dags/example_nested_branch_dag.py
[2024-09-27T19:45:56.851+0000] {processor.py:925} INFO - DAG(s) 'example_nested_branch_dag' retrieved from /home/airflow/.local/lib/python3.12/site-packages/airflow/example_dags/example_nested_branch_dag.py
[2024-09-27T19:45:56.888+0000] {logging_mixin.py:190} INFO - [2024-09-27T19:45:56.888+0000] {dag.py:3239} INFO - Sync 1 DAGs
[2024-09-27T19:45:56.930+0000] {logging_mixin.py:190} INFO - [2024-09-27T19:45:56.929+0000] {dag.py:4180} INFO - Setting next_dagrun for example_nested_branch_dag to 2024-09-26 00:00:00+00:00, run_after=2024-09-27 00:00:00+00:00
[2024-09-27T19:45:56.953+0000] {processor.py:208} INFO - Processing /home/airflow/.local/lib/python3.12/site-packages/airflow/example_dags/example_nested_branch_dag.py took 0.136 seconds
[2024-09-27T19:46:27.872+0000] {processor.py:186} INFO - Started process (PID=125) to work on /home/airflow/.local/lib/python3.12/site-packages/airflow/example_dags/example_nested_branch_dag.py
[2024-09-27T19:46:27.873+0000] {processor.py:914} INFO - Processing file /home/airflow/.local/lib/python3.12/site-packages/airflow/example_dags/example_nested_branch_dag.py for tasks to queue
[2024-09-27T19:46:27.875+0000] {logging_mixin.py:190} INFO - [2024-09-27T19:46:27.875+0000] {dagbag.py:588} INFO - Filling up the DagBag from /home/airflow/.local/lib/python3.12/site-packages/airflow/example_dags/example_nested_branch_dag.py
[2024-09-27T19:46:27.883+0000] {processor.py:925} INFO - DAG(s) 'example_nested_branch_dag' retrieved from /home/airflow/.local/lib/python3.12/site-packages/airflow/example_dags/example_nested_branch_dag.py
[2024-09-27T19:46:27.901+0000] {logging_mixin.py:190} INFO - [2024-09-27T19:46:27.901+0000] {dag.py:3239} INFO - Sync 1 DAGs
[2024-09-27T19:46:27.919+0000] {logging_mixin.py:190} INFO - [2024-09-27T19:46:27.919+0000] {dag.py:4180} INFO - Setting next_dagrun for example_nested_branch_dag to 2024-09-26 00:00:00+00:00, run_after=2024-09-27 00:00:00+00:00
[2024-09-27T19:46:27.959+0000] {processor.py:208} INFO - Processing /home/airflow/.local/lib/python3.12/site-packages/airflow/example_dags/example_nested_branch_dag.py took 0.091 seconds
[2024-09-27T19:46:58.129+0000] {processor.py:186} INFO - Started process (PID=188) to work on /home/airflow/.local/lib/python3.12/site-packages/airflow/example_dags/example_nested_branch_dag.py
[2024-09-27T19:46:58.130+0000] {processor.py:914} INFO - Processing file /home/airflow/.local/lib/python3.12/site-packages/airflow/example_dags/example_nested_branch_dag.py for tasks to queue
[2024-09-27T19:46:58.131+0000] {logging_mixin.py:190} INFO - [2024-09-27T19:46:58.131+0000] {dagbag.py:588} INFO - Filling up the DagBag from /home/airflow/.local/lib/python3.12/site-packages/airflow/example_dags/example_nested_branch_dag.py
[2024-09-27T19:46:58.140+0000] {processor.py:925} INFO - DAG(s) 'example_nested_branch_dag' retrieved from /home/airflow/.local/lib/python3.12/site-packages/airflow/example_dags/example_nested_branch_dag.py
[2024-09-27T19:46:58.157+0000] {logging_mixin.py:190} INFO - [2024-09-27T19:46:58.157+0000] {dag.py:3239} INFO - Sync 1 DAGs
[2024-09-27T19:46:58.175+0000] {logging_mixin.py:190} INFO - [2024-09-27T19:46:58.175+0000] {dag.py:4180} INFO - Setting next_dagrun for example_nested_branch_dag to 2024-09-26 00:00:00+00:00, run_after=2024-09-27 00:00:00+00:00
[2024-09-27T19:46:58.190+0000] {processor.py:208} INFO - Processing /home/airflow/.local/lib/python3.12/site-packages/airflow/example_dags/example_nested_branch_dag.py took 0.066 seconds
[2024-09-27T19:47:28.258+0000] {processor.py:186} INFO - Started process (PID=255) to work on /home/airflow/.local/lib/python3.12/site-packages/airflow/example_dags/example_nested_branch_dag.py
[2024-09-27T19:47:28.259+0000] {processor.py:914} INFO - Processing file /home/airflow/.local/lib/python3.12/site-packages/airflow/example_dags/example_nested_branch_dag.py for tasks to queue
[2024-09-27T19:47:28.261+0000] {logging_mixin.py:190} INFO - [2024-09-27T19:47:28.261+0000] {dagbag.py:588} INFO - Filling up the DagBag from /home/airflow/.local/lib/python3.12/site-packages/airflow/example_dags/example_nested_branch_dag.py
[2024-09-27T19:47:28.272+0000] {processor.py:925} INFO - DAG(s) 'example_nested_branch_dag' retrieved from /home/airflow/.local/lib/python3.12/site-packages/airflow/example_dags/example_nested_branch_dag.py
[2024-09-27T19:47:28.291+0000] {logging_mixin.py:190} INFO - [2024-09-27T19:47:28.291+0000] {dag.py:3239} INFO - Sync 1 DAGs
[2024-09-27T19:47:28.313+0000] {logging_mixin.py:190} INFO - [2024-09-27T19:47:28.313+0000] {dag.py:4180} INFO - Setting next_dagrun for example_nested_branch_dag to 2024-09-26 00:00:00+00:00, run_after=2024-09-27 00:00:00+00:00
[2024-09-27T19:47:28.333+0000] {processor.py:208} INFO - Processing /home/airflow/.local/lib/python3.12/site-packages/airflow/example_dags/example_nested_branch_dag.py took 0.080 seconds
[2024-09-27T19:47:58.929+0000] {processor.py:186} INFO - Started process (PID=336) to work on /home/airflow/.local/lib/python3.12/site-packages/airflow/example_dags/example_nested_branch_dag.py
[2024-09-27T19:47:58.930+0000] {processor.py:914} INFO - Processing file /home/airflow/.local/lib/python3.12/site-packages/airflow/example_dags/example_nested_branch_dag.py for tasks to queue
[2024-09-27T19:47:58.932+0000] {logging_mixin.py:190} INFO - [2024-09-27T19:47:58.932+0000] {dagbag.py:588} INFO - Filling up the DagBag from /home/airflow/.local/lib/python3.12/site-packages/airflow/example_dags/example_nested_branch_dag.py
[2024-09-27T19:47:58.942+0000] {processor.py:925} INFO - DAG(s) 'example_nested_branch_dag' retrieved from /home/airflow/.local/lib/python3.12/site-packages/airflow/example_dags/example_nested_branch_dag.py
[2024-09-27T19:47:58.961+0000] {logging_mixin.py:190} INFO - [2024-09-27T19:47:58.961+0000] {dag.py:3239} INFO - Sync 1 DAGs
[2024-09-27T19:47:58.983+0000] {logging_mixin.py:190} INFO - [2024-09-27T19:47:58.982+0000] {dag.py:4180} INFO - Setting next_dagrun for example_nested_branch_dag to 2024-09-26 00:00:00+00:00, run_after=2024-09-27 00:00:00+00:00
[2024-09-27T19:47:58.997+0000] {processor.py:208} INFO - Processing /home/airflow/.local/lib/python3.12/site-packages/airflow/example_dags/example_nested_branch_dag.py took 0.072 seconds
[2024-09-27T20:22:01.372+0000] {processor.py:186} INFO - Started process (PID=50) to work on /home/airflow/.local/lib/python3.12/site-packages/airflow/example_dags/example_nested_branch_dag.py
[2024-09-27T20:22:01.372+0000] {processor.py:914} INFO - Processing file /home/airflow/.local/lib/python3.12/site-packages/airflow/example_dags/example_nested_branch_dag.py for tasks to queue
[2024-09-27T20:22:01.374+0000] {logging_mixin.py:190} INFO - [2024-09-27T20:22:01.374+0000] {dagbag.py:588} INFO - Filling up the DagBag from /home/airflow/.local/lib/python3.12/site-packages/airflow/example_dags/example_nested_branch_dag.py
[2024-09-27T20:22:01.383+0000] {processor.py:925} INFO - DAG(s) 'example_nested_branch_dag' retrieved from /home/airflow/.local/lib/python3.12/site-packages/airflow/example_dags/example_nested_branch_dag.py
[2024-09-27T20:22:01.411+0000] {logging_mixin.py:190} INFO - [2024-09-27T20:22:01.411+0000] {dag.py:3239} INFO - Sync 1 DAGs
[2024-09-27T20:22:01.436+0000] {logging_mixin.py:190} INFO - [2024-09-27T20:22:01.436+0000] {dag.py:4180} INFO - Setting next_dagrun for example_nested_branch_dag to 2024-09-26 00:00:00+00:00, run_after=2024-09-27 00:00:00+00:00
[2024-09-27T20:22:01.452+0000] {processor.py:208} INFO - Processing /home/airflow/.local/lib/python3.12/site-packages/airflow/example_dags/example_nested_branch_dag.py took 0.085 seconds
[2024-09-27T20:22:32.221+0000] {processor.py:186} INFO - Started process (PID=113) to work on /home/airflow/.local/lib/python3.12/site-packages/airflow/example_dags/example_nested_branch_dag.py
[2024-09-27T20:22:32.222+0000] {processor.py:914} INFO - Processing file /home/airflow/.local/lib/python3.12/site-packages/airflow/example_dags/example_nested_branch_dag.py for tasks to queue
[2024-09-27T20:22:32.224+0000] {logging_mixin.py:190} INFO - [2024-09-27T20:22:32.223+0000] {dagbag.py:588} INFO - Filling up the DagBag from /home/airflow/.local/lib/python3.12/site-packages/airflow/example_dags/example_nested_branch_dag.py
[2024-09-27T20:22:32.232+0000] {processor.py:925} INFO - DAG(s) 'example_nested_branch_dag' retrieved from /home/airflow/.local/lib/python3.12/site-packages/airflow/example_dags/example_nested_branch_dag.py
[2024-09-27T20:22:32.247+0000] {logging_mixin.py:190} INFO - [2024-09-27T20:22:32.247+0000] {dag.py:3239} INFO - Sync 1 DAGs
[2024-09-27T20:22:32.271+0000] {logging_mixin.py:190} INFO - [2024-09-27T20:22:32.271+0000] {dag.py:4180} INFO - Setting next_dagrun for example_nested_branch_dag to 2024-09-26 00:00:00+00:00, run_after=2024-09-27 00:00:00+00:00
[2024-09-27T20:22:32.287+0000] {processor.py:208} INFO - Processing /home/airflow/.local/lib/python3.12/site-packages/airflow/example_dags/example_nested_branch_dag.py took 0.071 seconds
[2024-09-27T20:23:02.468+0000] {processor.py:186} INFO - Started process (PID=187) to work on /home/airflow/.local/lib/python3.12/site-packages/airflow/example_dags/example_nested_branch_dag.py
[2024-09-27T20:23:02.468+0000] {processor.py:914} INFO - Processing file /home/airflow/.local/lib/python3.12/site-packages/airflow/example_dags/example_nested_branch_dag.py for tasks to queue
[2024-09-27T20:23:02.470+0000] {logging_mixin.py:190} INFO - [2024-09-27T20:23:02.470+0000] {dagbag.py:588} INFO - Filling up the DagBag from /home/airflow/.local/lib/python3.12/site-packages/airflow/example_dags/example_nested_branch_dag.py
[2024-09-27T20:23:02.479+0000] {processor.py:925} INFO - DAG(s) 'example_nested_branch_dag' retrieved from /home/airflow/.local/lib/python3.12/site-packages/airflow/example_dags/example_nested_branch_dag.py
[2024-09-27T20:23:02.497+0000] {logging_mixin.py:190} INFO - [2024-09-27T20:23:02.497+0000] {dag.py:3239} INFO - Sync 1 DAGs
[2024-09-27T20:23:02.518+0000] {logging_mixin.py:190} INFO - [2024-09-27T20:23:02.517+0000] {dag.py:4180} INFO - Setting next_dagrun for example_nested_branch_dag to 2024-09-26 00:00:00+00:00, run_after=2024-09-27 00:00:00+00:00
[2024-09-27T20:23:02.532+0000] {processor.py:208} INFO - Processing /home/airflow/.local/lib/python3.12/site-packages/airflow/example_dags/example_nested_branch_dag.py took 0.070 seconds
[2024-09-27T20:23:32.944+0000] {processor.py:186} INFO - Started process (PID=251) to work on /home/airflow/.local/lib/python3.12/site-packages/airflow/example_dags/example_nested_branch_dag.py
[2024-09-27T20:23:32.945+0000] {processor.py:914} INFO - Processing file /home/airflow/.local/lib/python3.12/site-packages/airflow/example_dags/example_nested_branch_dag.py for tasks to queue
[2024-09-27T20:23:32.946+0000] {logging_mixin.py:190} INFO - [2024-09-27T20:23:32.946+0000] {dagbag.py:588} INFO - Filling up the DagBag from /home/airflow/.local/lib/python3.12/site-packages/airflow/example_dags/example_nested_branch_dag.py
[2024-09-27T20:23:32.955+0000] {processor.py:925} INFO - DAG(s) 'example_nested_branch_dag' retrieved from /home/airflow/.local/lib/python3.12/site-packages/airflow/example_dags/example_nested_branch_dag.py
[2024-09-27T20:23:32.977+0000] {logging_mixin.py:190} INFO - [2024-09-27T20:23:32.977+0000] {dag.py:3239} INFO - Sync 1 DAGs
[2024-09-27T20:23:32.997+0000] {logging_mixin.py:190} INFO - [2024-09-27T20:23:32.997+0000] {dag.py:4180} INFO - Setting next_dagrun for example_nested_branch_dag to 2024-09-26 00:00:00+00:00, run_after=2024-09-27 00:00:00+00:00
[2024-09-27T20:23:33.012+0000] {processor.py:208} INFO - Processing /home/airflow/.local/lib/python3.12/site-packages/airflow/example_dags/example_nested_branch_dag.py took 0.073 seconds
[2024-09-27T20:24:03.760+0000] {processor.py:186} INFO - Started process (PID=314) to work on /home/airflow/.local/lib/python3.12/site-packages/airflow/example_dags/example_nested_branch_dag.py
[2024-09-27T20:24:03.761+0000] {processor.py:914} INFO - Processing file /home/airflow/.local/lib/python3.12/site-packages/airflow/example_dags/example_nested_branch_dag.py for tasks to queue
[2024-09-27T20:24:03.763+0000] {logging_mixin.py:190} INFO - [2024-09-27T20:24:03.762+0000] {dagbag.py:588} INFO - Filling up the DagBag from /home/airflow/.local/lib/python3.12/site-packages/airflow/example_dags/example_nested_branch_dag.py
[2024-09-27T20:24:03.772+0000] {processor.py:925} INFO - DAG(s) 'example_nested_branch_dag' retrieved from /home/airflow/.local/lib/python3.12/site-packages/airflow/example_dags/example_nested_branch_dag.py
[2024-09-27T20:24:03.790+0000] {logging_mixin.py:190} INFO - [2024-09-27T20:24:03.790+0000] {dag.py:3239} INFO - Sync 1 DAGs
[2024-09-27T20:24:03.810+0000] {logging_mixin.py:190} INFO - [2024-09-27T20:24:03.810+0000] {dag.py:4180} INFO - Setting next_dagrun for example_nested_branch_dag to 2024-09-26 00:00:00+00:00, run_after=2024-09-27 00:00:00+00:00
[2024-09-27T20:24:03.825+0000] {processor.py:208} INFO - Processing /home/airflow/.local/lib/python3.12/site-packages/airflow/example_dags/example_nested_branch_dag.py took 0.071 seconds
[2024-09-27T20:24:34.076+0000] {processor.py:186} INFO - Started process (PID=377) to work on /home/airflow/.local/lib/python3.12/site-packages/airflow/example_dags/example_nested_branch_dag.py
[2024-09-27T20:24:34.077+0000] {processor.py:914} INFO - Processing file /home/airflow/.local/lib/python3.12/site-packages/airflow/example_dags/example_nested_branch_dag.py for tasks to queue
[2024-09-27T20:24:34.078+0000] {logging_mixin.py:190} INFO - [2024-09-27T20:24:34.078+0000] {dagbag.py:588} INFO - Filling up the DagBag from /home/airflow/.local/lib/python3.12/site-packages/airflow/example_dags/example_nested_branch_dag.py
[2024-09-27T20:24:34.087+0000] {processor.py:925} INFO - DAG(s) 'example_nested_branch_dag' retrieved from /home/airflow/.local/lib/python3.12/site-packages/airflow/example_dags/example_nested_branch_dag.py
[2024-09-27T20:24:34.104+0000] {logging_mixin.py:190} INFO - [2024-09-27T20:24:34.104+0000] {dag.py:3239} INFO - Sync 1 DAGs
[2024-09-27T20:24:34.125+0000] {logging_mixin.py:190} INFO - [2024-09-27T20:24:34.124+0000] {dag.py:4180} INFO - Setting next_dagrun for example_nested_branch_dag to 2024-09-26 00:00:00+00:00, run_after=2024-09-27 00:00:00+00:00
[2024-09-27T20:24:34.171+0000] {processor.py:208} INFO - Processing /home/airflow/.local/lib/python3.12/site-packages/airflow/example_dags/example_nested_branch_dag.py took 0.100 seconds
[2024-09-27T20:25:04.498+0000] {processor.py:186} INFO - Started process (PID=440) to work on /home/airflow/.local/lib/python3.12/site-packages/airflow/example_dags/example_nested_branch_dag.py
[2024-09-27T20:25:04.498+0000] {processor.py:914} INFO - Processing file /home/airflow/.local/lib/python3.12/site-packages/airflow/example_dags/example_nested_branch_dag.py for tasks to queue
[2024-09-27T20:25:04.500+0000] {logging_mixin.py:190} INFO - [2024-09-27T20:25:04.500+0000] {dagbag.py:588} INFO - Filling up the DagBag from /home/airflow/.local/lib/python3.12/site-packages/airflow/example_dags/example_nested_branch_dag.py
[2024-09-27T20:25:04.509+0000] {processor.py:925} INFO - DAG(s) 'example_nested_branch_dag' retrieved from /home/airflow/.local/lib/python3.12/site-packages/airflow/example_dags/example_nested_branch_dag.py
[2024-09-27T20:25:04.526+0000] {logging_mixin.py:190} INFO - [2024-09-27T20:25:04.526+0000] {dag.py:3239} INFO - Sync 1 DAGs
[2024-09-27T20:25:04.546+0000] {logging_mixin.py:190} INFO - [2024-09-27T20:25:04.546+0000] {dag.py:4180} INFO - Setting next_dagrun for example_nested_branch_dag to 2024-09-26 00:00:00+00:00, run_after=2024-09-27 00:00:00+00:00
[2024-09-27T20:25:04.562+0000] {processor.py:208} INFO - Processing /home/airflow/.local/lib/python3.12/site-packages/airflow/example_dags/example_nested_branch_dag.py took 0.069 seconds
[2024-09-27T20:25:34.800+0000] {processor.py:186} INFO - Started process (PID=503) to work on /home/airflow/.local/lib/python3.12/site-packages/airflow/example_dags/example_nested_branch_dag.py
[2024-09-27T20:25:34.801+0000] {processor.py:914} INFO - Processing file /home/airflow/.local/lib/python3.12/site-packages/airflow/example_dags/example_nested_branch_dag.py for tasks to queue
[2024-09-27T20:25:34.802+0000] {logging_mixin.py:190} INFO - [2024-09-27T20:25:34.802+0000] {dagbag.py:588} INFO - Filling up the DagBag from /home/airflow/.local/lib/python3.12/site-packages/airflow/example_dags/example_nested_branch_dag.py
[2024-09-27T20:25:34.811+0000] {processor.py:925} INFO - DAG(s) 'example_nested_branch_dag' retrieved from /home/airflow/.local/lib/python3.12/site-packages/airflow/example_dags/example_nested_branch_dag.py
[2024-09-27T20:25:34.827+0000] {logging_mixin.py:190} INFO - [2024-09-27T20:25:34.827+0000] {dag.py:3239} INFO - Sync 1 DAGs
[2024-09-27T20:25:34.846+0000] {logging_mixin.py:190} INFO - [2024-09-27T20:25:34.846+0000] {dag.py:4180} INFO - Setting next_dagrun for example_nested_branch_dag to 2024-09-26 00:00:00+00:00, run_after=2024-09-27 00:00:00+00:00
[2024-09-27T20:25:34.861+0000] {processor.py:208} INFO - Processing /home/airflow/.local/lib/python3.12/site-packages/airflow/example_dags/example_nested_branch_dag.py took 0.065 seconds
[2024-09-27T20:26:05.013+0000] {processor.py:186} INFO - Started process (PID=566) to work on /home/airflow/.local/lib/python3.12/site-packages/airflow/example_dags/example_nested_branch_dag.py
[2024-09-27T20:26:05.014+0000] {processor.py:914} INFO - Processing file /home/airflow/.local/lib/python3.12/site-packages/airflow/example_dags/example_nested_branch_dag.py for tasks to queue
[2024-09-27T20:26:05.015+0000] {logging_mixin.py:190} INFO - [2024-09-27T20:26:05.015+0000] {dagbag.py:588} INFO - Filling up the DagBag from /home/airflow/.local/lib/python3.12/site-packages/airflow/example_dags/example_nested_branch_dag.py
[2024-09-27T20:26:05.024+0000] {processor.py:925} INFO - DAG(s) 'example_nested_branch_dag' retrieved from /home/airflow/.local/lib/python3.12/site-packages/airflow/example_dags/example_nested_branch_dag.py
[2024-09-27T20:26:05.040+0000] {logging_mixin.py:190} INFO - [2024-09-27T20:26:05.040+0000] {dag.py:3239} INFO - Sync 1 DAGs
[2024-09-27T20:26:05.058+0000] {logging_mixin.py:190} INFO - [2024-09-27T20:26:05.058+0000] {dag.py:4180} INFO - Setting next_dagrun for example_nested_branch_dag to 2024-09-26 00:00:00+00:00, run_after=2024-09-27 00:00:00+00:00
[2024-09-27T20:26:05.071+0000] {processor.py:208} INFO - Processing /home/airflow/.local/lib/python3.12/site-packages/airflow/example_dags/example_nested_branch_dag.py took 0.062 seconds
[2024-09-27T20:26:35.424+0000] {processor.py:186} INFO - Started process (PID=629) to work on /home/airflow/.local/lib/python3.12/site-packages/airflow/example_dags/example_nested_branch_dag.py
[2024-09-27T20:26:35.424+0000] {processor.py:914} INFO - Processing file /home/airflow/.local/lib/python3.12/site-packages/airflow/example_dags/example_nested_branch_dag.py for tasks to queue
[2024-09-27T20:26:35.426+0000] {logging_mixin.py:190} INFO - [2024-09-27T20:26:35.426+0000] {dagbag.py:588} INFO - Filling up the DagBag from /home/airflow/.local/lib/python3.12/site-packages/airflow/example_dags/example_nested_branch_dag.py
[2024-09-27T20:26:35.435+0000] {processor.py:925} INFO - DAG(s) 'example_nested_branch_dag' retrieved from /home/airflow/.local/lib/python3.12/site-packages/airflow/example_dags/example_nested_branch_dag.py
[2024-09-27T20:26:35.452+0000] {logging_mixin.py:190} INFO - [2024-09-27T20:26:35.452+0000] {dag.py:3239} INFO - Sync 1 DAGs
[2024-09-27T20:26:35.471+0000] {logging_mixin.py:190} INFO - [2024-09-27T20:26:35.470+0000] {dag.py:4180} INFO - Setting next_dagrun for example_nested_branch_dag to 2024-09-26 00:00:00+00:00, run_after=2024-09-27 00:00:00+00:00
[2024-09-27T20:26:35.483+0000] {processor.py:208} INFO - Processing /home/airflow/.local/lib/python3.12/site-packages/airflow/example_dags/example_nested_branch_dag.py took 0.064 seconds
[2024-09-27T20:27:06.224+0000] {processor.py:186} INFO - Started process (PID=692) to work on /home/airflow/.local/lib/python3.12/site-packages/airflow/example_dags/example_nested_branch_dag.py
[2024-09-27T20:27:06.225+0000] {processor.py:914} INFO - Processing file /home/airflow/.local/lib/python3.12/site-packages/airflow/example_dags/example_nested_branch_dag.py for tasks to queue
[2024-09-27T20:27:06.227+0000] {logging_mixin.py:190} INFO - [2024-09-27T20:27:06.227+0000] {dagbag.py:588} INFO - Filling up the DagBag from /home/airflow/.local/lib/python3.12/site-packages/airflow/example_dags/example_nested_branch_dag.py
[2024-09-27T20:27:06.235+0000] {processor.py:925} INFO - DAG(s) 'example_nested_branch_dag' retrieved from /home/airflow/.local/lib/python3.12/site-packages/airflow/example_dags/example_nested_branch_dag.py
[2024-09-27T20:27:06.251+0000] {logging_mixin.py:190} INFO - [2024-09-27T20:27:06.251+0000] {dag.py:3239} INFO - Sync 1 DAGs
[2024-09-27T20:27:06.269+0000] {logging_mixin.py:190} INFO - [2024-09-27T20:27:06.269+0000] {dag.py:4180} INFO - Setting next_dagrun for example_nested_branch_dag to 2024-09-26 00:00:00+00:00, run_after=2024-09-27 00:00:00+00:00
[2024-09-27T20:27:06.282+0000] {processor.py:208} INFO - Processing /home/airflow/.local/lib/python3.12/site-packages/airflow/example_dags/example_nested_branch_dag.py took 0.062 seconds
[2024-09-27T20:27:37.619+0000] {processor.py:186} INFO - Started process (PID=755) to work on /home/airflow/.local/lib/python3.12/site-packages/airflow/example_dags/example_nested_branch_dag.py
[2024-09-27T20:27:37.621+0000] {processor.py:914} INFO - Processing file /home/airflow/.local/lib/python3.12/site-packages/airflow/example_dags/example_nested_branch_dag.py for tasks to queue
[2024-09-27T20:27:37.625+0000] {logging_mixin.py:190} INFO - [2024-09-27T20:27:37.625+0000] {dagbag.py:588} INFO - Filling up the DagBag from /home/airflow/.local/lib/python3.12/site-packages/airflow/example_dags/example_nested_branch_dag.py
[2024-09-27T20:27:37.648+0000] {processor.py:925} INFO - DAG(s) 'example_nested_branch_dag' retrieved from /home/airflow/.local/lib/python3.12/site-packages/airflow/example_dags/example_nested_branch_dag.py
[2024-09-27T20:27:37.689+0000] {logging_mixin.py:190} INFO - [2024-09-27T20:27:37.688+0000] {dag.py:3239} INFO - Sync 1 DAGs
[2024-09-27T20:27:37.751+0000] {logging_mixin.py:190} INFO - [2024-09-27T20:27:37.751+0000] {dag.py:4180} INFO - Setting next_dagrun for example_nested_branch_dag to 2024-09-26 00:00:00+00:00, run_after=2024-09-27 00:00:00+00:00
[2024-09-27T20:27:37.788+0000] {processor.py:208} INFO - Processing /home/airflow/.local/lib/python3.12/site-packages/airflow/example_dags/example_nested_branch_dag.py took 0.180 seconds
[2024-09-27T20:28:07.927+0000] {processor.py:186} INFO - Started process (PID=818) to work on /home/airflow/.local/lib/python3.12/site-packages/airflow/example_dags/example_nested_branch_dag.py
[2024-09-27T20:28:07.928+0000] {processor.py:914} INFO - Processing file /home/airflow/.local/lib/python3.12/site-packages/airflow/example_dags/example_nested_branch_dag.py for tasks to queue
[2024-09-27T20:28:07.930+0000] {logging_mixin.py:190} INFO - [2024-09-27T20:28:07.929+0000] {dagbag.py:588} INFO - Filling up the DagBag from /home/airflow/.local/lib/python3.12/site-packages/airflow/example_dags/example_nested_branch_dag.py
[2024-09-27T20:28:07.939+0000] {processor.py:925} INFO - DAG(s) 'example_nested_branch_dag' retrieved from /home/airflow/.local/lib/python3.12/site-packages/airflow/example_dags/example_nested_branch_dag.py
[2024-09-27T20:28:07.955+0000] {logging_mixin.py:190} INFO - [2024-09-27T20:28:07.955+0000] {dag.py:3239} INFO - Sync 1 DAGs
[2024-09-27T20:28:07.974+0000] {logging_mixin.py:190} INFO - [2024-09-27T20:28:07.974+0000] {dag.py:4180} INFO - Setting next_dagrun for example_nested_branch_dag to 2024-09-26 00:00:00+00:00, run_after=2024-09-27 00:00:00+00:00
[2024-09-27T20:28:07.987+0000] {processor.py:208} INFO - Processing /home/airflow/.local/lib/python3.12/site-packages/airflow/example_dags/example_nested_branch_dag.py took 0.064 seconds
[2024-09-27T20:28:38.083+0000] {processor.py:186} INFO - Started process (PID=881) to work on /home/airflow/.local/lib/python3.12/site-packages/airflow/example_dags/example_nested_branch_dag.py
[2024-09-27T20:28:38.084+0000] {processor.py:914} INFO - Processing file /home/airflow/.local/lib/python3.12/site-packages/airflow/example_dags/example_nested_branch_dag.py for tasks to queue
[2024-09-27T20:28:38.086+0000] {logging_mixin.py:190} INFO - [2024-09-27T20:28:38.085+0000] {dagbag.py:588} INFO - Filling up the DagBag from /home/airflow/.local/lib/python3.12/site-packages/airflow/example_dags/example_nested_branch_dag.py
[2024-09-27T20:28:38.096+0000] {processor.py:925} INFO - DAG(s) 'example_nested_branch_dag' retrieved from /home/airflow/.local/lib/python3.12/site-packages/airflow/example_dags/example_nested_branch_dag.py
[2024-09-27T20:28:38.115+0000] {logging_mixin.py:190} INFO - [2024-09-27T20:28:38.115+0000] {dag.py:3239} INFO - Sync 1 DAGs
[2024-09-27T20:28:38.138+0000] {logging_mixin.py:190} INFO - [2024-09-27T20:28:38.138+0000] {dag.py:4180} INFO - Setting next_dagrun for example_nested_branch_dag to 2024-09-26 00:00:00+00:00, run_after=2024-09-27 00:00:00+00:00
[2024-09-27T20:28:38.154+0000] {processor.py:208} INFO - Processing /home/airflow/.local/lib/python3.12/site-packages/airflow/example_dags/example_nested_branch_dag.py took 0.077 seconds
[2024-09-27T20:29:08.390+0000] {processor.py:186} INFO - Started process (PID=944) to work on /home/airflow/.local/lib/python3.12/site-packages/airflow/example_dags/example_nested_branch_dag.py
[2024-09-27T20:29:08.391+0000] {processor.py:914} INFO - Processing file /home/airflow/.local/lib/python3.12/site-packages/airflow/example_dags/example_nested_branch_dag.py for tasks to queue
[2024-09-27T20:29:08.393+0000] {logging_mixin.py:190} INFO - [2024-09-27T20:29:08.392+0000] {dagbag.py:588} INFO - Filling up the DagBag from /home/airflow/.local/lib/python3.12/site-packages/airflow/example_dags/example_nested_branch_dag.py
[2024-09-27T20:29:08.402+0000] {processor.py:925} INFO - DAG(s) 'example_nested_branch_dag' retrieved from /home/airflow/.local/lib/python3.12/site-packages/airflow/example_dags/example_nested_branch_dag.py
[2024-09-27T20:29:08.419+0000] {logging_mixin.py:190} INFO - [2024-09-27T20:29:08.419+0000] {dag.py:3239} INFO - Sync 1 DAGs
[2024-09-27T20:29:08.438+0000] {logging_mixin.py:190} INFO - [2024-09-27T20:29:08.438+0000] {dag.py:4180} INFO - Setting next_dagrun for example_nested_branch_dag to 2024-09-26 00:00:00+00:00, run_after=2024-09-27 00:00:00+00:00
[2024-09-27T20:29:08.452+0000] {processor.py:208} INFO - Processing /home/airflow/.local/lib/python3.12/site-packages/airflow/example_dags/example_nested_branch_dag.py took 0.067 seconds
[2024-09-27T20:29:38.730+0000] {processor.py:186} INFO - Started process (PID=1007) to work on /home/airflow/.local/lib/python3.12/site-packages/airflow/example_dags/example_nested_branch_dag.py
[2024-09-27T20:29:38.731+0000] {processor.py:914} INFO - Processing file /home/airflow/.local/lib/python3.12/site-packages/airflow/example_dags/example_nested_branch_dag.py for tasks to queue
[2024-09-27T20:29:38.733+0000] {logging_mixin.py:190} INFO - [2024-09-27T20:29:38.733+0000] {dagbag.py:588} INFO - Filling up the DagBag from /home/airflow/.local/lib/python3.12/site-packages/airflow/example_dags/example_nested_branch_dag.py
[2024-09-27T20:29:38.741+0000] {processor.py:925} INFO - DAG(s) 'example_nested_branch_dag' retrieved from /home/airflow/.local/lib/python3.12/site-packages/airflow/example_dags/example_nested_branch_dag.py
[2024-09-27T20:29:38.758+0000] {logging_mixin.py:190} INFO - [2024-09-27T20:29:38.758+0000] {dag.py:3239} INFO - Sync 1 DAGs
[2024-09-27T20:29:38.777+0000] {logging_mixin.py:190} INFO - [2024-09-27T20:29:38.776+0000] {dag.py:4180} INFO - Setting next_dagrun for example_nested_branch_dag to 2024-09-26 00:00:00+00:00, run_after=2024-09-27 00:00:00+00:00
[2024-09-27T20:29:38.790+0000] {processor.py:208} INFO - Processing /home/airflow/.local/lib/python3.12/site-packages/airflow/example_dags/example_nested_branch_dag.py took 0.064 seconds
[2024-09-27T20:30:09.141+0000] {processor.py:186} INFO - Started process (PID=1070) to work on /home/airflow/.local/lib/python3.12/site-packages/airflow/example_dags/example_nested_branch_dag.py
[2024-09-27T20:30:09.142+0000] {processor.py:914} INFO - Processing file /home/airflow/.local/lib/python3.12/site-packages/airflow/example_dags/example_nested_branch_dag.py for tasks to queue
[2024-09-27T20:30:09.144+0000] {logging_mixin.py:190} INFO - [2024-09-27T20:30:09.144+0000] {dagbag.py:588} INFO - Filling up the DagBag from /home/airflow/.local/lib/python3.12/site-packages/airflow/example_dags/example_nested_branch_dag.py
[2024-09-27T20:30:09.153+0000] {processor.py:925} INFO - DAG(s) 'example_nested_branch_dag' retrieved from /home/airflow/.local/lib/python3.12/site-packages/airflow/example_dags/example_nested_branch_dag.py
[2024-09-27T20:30:09.169+0000] {logging_mixin.py:190} INFO - [2024-09-27T20:30:09.169+0000] {dag.py:3239} INFO - Sync 1 DAGs
[2024-09-27T20:30:09.188+0000] {logging_mixin.py:190} INFO - [2024-09-27T20:30:09.188+0000] {dag.py:4180} INFO - Setting next_dagrun for example_nested_branch_dag to 2024-09-26 00:00:00+00:00, run_after=2024-09-27 00:00:00+00:00
[2024-09-27T20:30:09.200+0000] {processor.py:208} INFO - Processing /home/airflow/.local/lib/python3.12/site-packages/airflow/example_dags/example_nested_branch_dag.py took 0.064 seconds
[2024-09-27T20:30:39.448+0000] {processor.py:186} INFO - Started process (PID=1133) to work on /home/airflow/.local/lib/python3.12/site-packages/airflow/example_dags/example_nested_branch_dag.py
[2024-09-27T20:30:39.449+0000] {processor.py:914} INFO - Processing file /home/airflow/.local/lib/python3.12/site-packages/airflow/example_dags/example_nested_branch_dag.py for tasks to queue
[2024-09-27T20:30:39.451+0000] {logging_mixin.py:190} INFO - [2024-09-27T20:30:39.451+0000] {dagbag.py:588} INFO - Filling up the DagBag from /home/airflow/.local/lib/python3.12/site-packages/airflow/example_dags/example_nested_branch_dag.py
[2024-09-27T20:30:39.460+0000] {processor.py:925} INFO - DAG(s) 'example_nested_branch_dag' retrieved from /home/airflow/.local/lib/python3.12/site-packages/airflow/example_dags/example_nested_branch_dag.py
[2024-09-27T20:30:39.477+0000] {logging_mixin.py:190} INFO - [2024-09-27T20:30:39.477+0000] {dag.py:3239} INFO - Sync 1 DAGs
[2024-09-27T20:30:39.497+0000] {logging_mixin.py:190} INFO - [2024-09-27T20:30:39.497+0000] {dag.py:4180} INFO - Setting next_dagrun for example_nested_branch_dag to 2024-09-26 00:00:00+00:00, run_after=2024-09-27 00:00:00+00:00
[2024-09-27T20:30:39.511+0000] {processor.py:208} INFO - Processing /home/airflow/.local/lib/python3.12/site-packages/airflow/example_dags/example_nested_branch_dag.py took 0.067 seconds
[2024-09-27T20:31:09.655+0000] {processor.py:186} INFO - Started process (PID=1196) to work on /home/airflow/.local/lib/python3.12/site-packages/airflow/example_dags/example_nested_branch_dag.py
[2024-09-27T20:31:09.656+0000] {processor.py:914} INFO - Processing file /home/airflow/.local/lib/python3.12/site-packages/airflow/example_dags/example_nested_branch_dag.py for tasks to queue
[2024-09-27T20:31:09.658+0000] {logging_mixin.py:190} INFO - [2024-09-27T20:31:09.658+0000] {dagbag.py:588} INFO - Filling up the DagBag from /home/airflow/.local/lib/python3.12/site-packages/airflow/example_dags/example_nested_branch_dag.py
[2024-09-27T20:31:09.667+0000] {processor.py:925} INFO - DAG(s) 'example_nested_branch_dag' retrieved from /home/airflow/.local/lib/python3.12/site-packages/airflow/example_dags/example_nested_branch_dag.py
[2024-09-27T20:31:09.684+0000] {logging_mixin.py:190} INFO - [2024-09-27T20:31:09.684+0000] {dag.py:3239} INFO - Sync 1 DAGs
[2024-09-27T20:31:09.704+0000] {logging_mixin.py:190} INFO - [2024-09-27T20:31:09.703+0000] {dag.py:4180} INFO - Setting next_dagrun for example_nested_branch_dag to 2024-09-26 00:00:00+00:00, run_after=2024-09-27 00:00:00+00:00
[2024-09-27T20:31:09.719+0000] {processor.py:208} INFO - Processing /home/airflow/.local/lib/python3.12/site-packages/airflow/example_dags/example_nested_branch_dag.py took 0.071 seconds
[2024-09-27T20:31:40.168+0000] {processor.py:186} INFO - Started process (PID=1260) to work on /home/airflow/.local/lib/python3.12/site-packages/airflow/example_dags/example_nested_branch_dag.py
[2024-09-27T20:31:40.170+0000] {processor.py:914} INFO - Processing file /home/airflow/.local/lib/python3.12/site-packages/airflow/example_dags/example_nested_branch_dag.py for tasks to queue
[2024-09-27T20:31:40.176+0000] {logging_mixin.py:190} INFO - [2024-09-27T20:31:40.175+0000] {dagbag.py:588} INFO - Filling up the DagBag from /home/airflow/.local/lib/python3.12/site-packages/airflow/example_dags/example_nested_branch_dag.py
[2024-09-27T20:31:40.224+0000] {processor.py:925} INFO - DAG(s) 'example_nested_branch_dag' retrieved from /home/airflow/.local/lib/python3.12/site-packages/airflow/example_dags/example_nested_branch_dag.py
[2024-09-27T20:31:40.273+0000] {logging_mixin.py:190} INFO - [2024-09-27T20:31:40.272+0000] {dag.py:3239} INFO - Sync 1 DAGs
[2024-09-27T20:31:40.314+0000] {logging_mixin.py:190} INFO - [2024-09-27T20:31:40.314+0000] {dag.py:4180} INFO - Setting next_dagrun for example_nested_branch_dag to 2024-09-26 00:00:00+00:00, run_after=2024-09-27 00:00:00+00:00
[2024-09-27T20:31:40.350+0000] {processor.py:208} INFO - Processing /home/airflow/.local/lib/python3.12/site-packages/airflow/example_dags/example_nested_branch_dag.py took 0.195 seconds
[2024-09-27T20:32:11.303+0000] {processor.py:186} INFO - Started process (PID=1323) to work on /home/airflow/.local/lib/python3.12/site-packages/airflow/example_dags/example_nested_branch_dag.py
[2024-09-27T20:32:11.304+0000] {processor.py:914} INFO - Processing file /home/airflow/.local/lib/python3.12/site-packages/airflow/example_dags/example_nested_branch_dag.py for tasks to queue
[2024-09-27T20:32:11.306+0000] {logging_mixin.py:190} INFO - [2024-09-27T20:32:11.305+0000] {dagbag.py:588} INFO - Filling up the DagBag from /home/airflow/.local/lib/python3.12/site-packages/airflow/example_dags/example_nested_branch_dag.py
[2024-09-27T20:32:11.314+0000] {processor.py:925} INFO - DAG(s) 'example_nested_branch_dag' retrieved from /home/airflow/.local/lib/python3.12/site-packages/airflow/example_dags/example_nested_branch_dag.py
[2024-09-27T20:32:11.331+0000] {logging_mixin.py:190} INFO - [2024-09-27T20:32:11.331+0000] {dag.py:3239} INFO - Sync 1 DAGs
[2024-09-27T20:32:11.351+0000] {logging_mixin.py:190} INFO - [2024-09-27T20:32:11.350+0000] {dag.py:4180} INFO - Setting next_dagrun for example_nested_branch_dag to 2024-09-26 00:00:00+00:00, run_after=2024-09-27 00:00:00+00:00
[2024-09-27T20:32:11.365+0000] {processor.py:208} INFO - Processing /home/airflow/.local/lib/python3.12/site-packages/airflow/example_dags/example_nested_branch_dag.py took 0.067 seconds
[2024-09-27T20:32:42.048+0000] {processor.py:186} INFO - Started process (PID=1386) to work on /home/airflow/.local/lib/python3.12/site-packages/airflow/example_dags/example_nested_branch_dag.py
[2024-09-27T20:32:42.049+0000] {processor.py:914} INFO - Processing file /home/airflow/.local/lib/python3.12/site-packages/airflow/example_dags/example_nested_branch_dag.py for tasks to queue
[2024-09-27T20:32:42.051+0000] {logging_mixin.py:190} INFO - [2024-09-27T20:32:42.051+0000] {dagbag.py:588} INFO - Filling up the DagBag from /home/airflow/.local/lib/python3.12/site-packages/airflow/example_dags/example_nested_branch_dag.py
[2024-09-27T20:32:42.062+0000] {processor.py:925} INFO - DAG(s) 'example_nested_branch_dag' retrieved from /home/airflow/.local/lib/python3.12/site-packages/airflow/example_dags/example_nested_branch_dag.py
[2024-09-27T20:32:42.081+0000] {logging_mixin.py:190} INFO - [2024-09-27T20:32:42.081+0000] {dag.py:3239} INFO - Sync 1 DAGs
[2024-09-27T20:32:42.106+0000] {logging_mixin.py:190} INFO - [2024-09-27T20:32:42.106+0000] {dag.py:4180} INFO - Setting next_dagrun for example_nested_branch_dag to 2024-09-26 00:00:00+00:00, run_after=2024-09-27 00:00:00+00:00
[2024-09-27T20:32:42.122+0000] {processor.py:208} INFO - Processing /home/airflow/.local/lib/python3.12/site-packages/airflow/example_dags/example_nested_branch_dag.py took 0.078 seconds
[2024-09-27T20:33:12.355+0000] {processor.py:186} INFO - Started process (PID=1449) to work on /home/airflow/.local/lib/python3.12/site-packages/airflow/example_dags/example_nested_branch_dag.py
[2024-09-27T20:33:12.356+0000] {processor.py:914} INFO - Processing file /home/airflow/.local/lib/python3.12/site-packages/airflow/example_dags/example_nested_branch_dag.py for tasks to queue
[2024-09-27T20:33:12.358+0000] {logging_mixin.py:190} INFO - [2024-09-27T20:33:12.358+0000] {dagbag.py:588} INFO - Filling up the DagBag from /home/airflow/.local/lib/python3.12/site-packages/airflow/example_dags/example_nested_branch_dag.py
[2024-09-27T20:33:12.367+0000] {processor.py:925} INFO - DAG(s) 'example_nested_branch_dag' retrieved from /home/airflow/.local/lib/python3.12/site-packages/airflow/example_dags/example_nested_branch_dag.py
[2024-09-27T20:33:12.384+0000] {logging_mixin.py:190} INFO - [2024-09-27T20:33:12.384+0000] {dag.py:3239} INFO - Sync 1 DAGs
[2024-09-27T20:33:12.403+0000] {logging_mixin.py:190} INFO - [2024-09-27T20:33:12.403+0000] {dag.py:4180} INFO - Setting next_dagrun for example_nested_branch_dag to 2024-09-26 00:00:00+00:00, run_after=2024-09-27 00:00:00+00:00
[2024-09-27T20:33:12.419+0000] {processor.py:208} INFO - Processing /home/airflow/.local/lib/python3.12/site-packages/airflow/example_dags/example_nested_branch_dag.py took 0.069 seconds
[2024-09-27T20:33:42.934+0000] {processor.py:186} INFO - Started process (PID=1512) to work on /home/airflow/.local/lib/python3.12/site-packages/airflow/example_dags/example_nested_branch_dag.py
[2024-09-27T20:33:42.936+0000] {processor.py:914} INFO - Processing file /home/airflow/.local/lib/python3.12/site-packages/airflow/example_dags/example_nested_branch_dag.py for tasks to queue
[2024-09-27T20:33:42.942+0000] {logging_mixin.py:190} INFO - [2024-09-27T20:33:42.942+0000] {dagbag.py:588} INFO - Filling up the DagBag from /home/airflow/.local/lib/python3.12/site-packages/airflow/example_dags/example_nested_branch_dag.py
[2024-09-27T20:33:42.963+0000] {processor.py:925} INFO - DAG(s) 'example_nested_branch_dag' retrieved from /home/airflow/.local/lib/python3.12/site-packages/airflow/example_dags/example_nested_branch_dag.py
[2024-09-27T20:33:42.998+0000] {logging_mixin.py:190} INFO - [2024-09-27T20:33:42.998+0000] {dag.py:3239} INFO - Sync 1 DAGs
[2024-09-27T20:33:43.041+0000] {logging_mixin.py:190} INFO - [2024-09-27T20:33:43.041+0000] {dag.py:4180} INFO - Setting next_dagrun for example_nested_branch_dag to 2024-09-26 00:00:00+00:00, run_after=2024-09-27 00:00:00+00:00
[2024-09-27T20:33:43.073+0000] {processor.py:208} INFO - Processing /home/airflow/.local/lib/python3.12/site-packages/airflow/example_dags/example_nested_branch_dag.py took 0.147 seconds
[2024-09-27T20:34:13.384+0000] {processor.py:186} INFO - Started process (PID=1575) to work on /home/airflow/.local/lib/python3.12/site-packages/airflow/example_dags/example_nested_branch_dag.py
[2024-09-27T20:34:13.385+0000] {processor.py:914} INFO - Processing file /home/airflow/.local/lib/python3.12/site-packages/airflow/example_dags/example_nested_branch_dag.py for tasks to queue
[2024-09-27T20:34:13.387+0000] {logging_mixin.py:190} INFO - [2024-09-27T20:34:13.387+0000] {dagbag.py:588} INFO - Filling up the DagBag from /home/airflow/.local/lib/python3.12/site-packages/airflow/example_dags/example_nested_branch_dag.py
[2024-09-27T20:34:13.395+0000] {processor.py:925} INFO - DAG(s) 'example_nested_branch_dag' retrieved from /home/airflow/.local/lib/python3.12/site-packages/airflow/example_dags/example_nested_branch_dag.py
[2024-09-27T20:34:13.412+0000] {logging_mixin.py:190} INFO - [2024-09-27T20:34:13.412+0000] {dag.py:3239} INFO - Sync 1 DAGs
[2024-09-27T20:34:13.432+0000] {logging_mixin.py:190} INFO - [2024-09-27T20:34:13.432+0000] {dag.py:4180} INFO - Setting next_dagrun for example_nested_branch_dag to 2024-09-26 00:00:00+00:00, run_after=2024-09-27 00:00:00+00:00
[2024-09-27T20:34:13.451+0000] {processor.py:208} INFO - Processing /home/airflow/.local/lib/python3.12/site-packages/airflow/example_dags/example_nested_branch_dag.py took 0.071 seconds
[2024-09-27T20:34:43.717+0000] {processor.py:186} INFO - Started process (PID=1638) to work on /home/airflow/.local/lib/python3.12/site-packages/airflow/example_dags/example_nested_branch_dag.py
[2024-09-27T20:34:43.718+0000] {processor.py:914} INFO - Processing file /home/airflow/.local/lib/python3.12/site-packages/airflow/example_dags/example_nested_branch_dag.py for tasks to queue
[2024-09-27T20:34:43.720+0000] {logging_mixin.py:190} INFO - [2024-09-27T20:34:43.720+0000] {dagbag.py:588} INFO - Filling up the DagBag from /home/airflow/.local/lib/python3.12/site-packages/airflow/example_dags/example_nested_branch_dag.py
[2024-09-27T20:34:43.729+0000] {processor.py:925} INFO - DAG(s) 'example_nested_branch_dag' retrieved from /home/airflow/.local/lib/python3.12/site-packages/airflow/example_dags/example_nested_branch_dag.py
[2024-09-27T20:34:43.745+0000] {logging_mixin.py:190} INFO - [2024-09-27T20:34:43.745+0000] {dag.py:3239} INFO - Sync 1 DAGs
[2024-09-27T20:34:43.764+0000] {logging_mixin.py:190} INFO - [2024-09-27T20:34:43.764+0000] {dag.py:4180} INFO - Setting next_dagrun for example_nested_branch_dag to 2024-09-26 00:00:00+00:00, run_after=2024-09-27 00:00:00+00:00
[2024-09-27T20:34:43.778+0000] {processor.py:208} INFO - Processing /home/airflow/.local/lib/python3.12/site-packages/airflow/example_dags/example_nested_branch_dag.py took 0.065 seconds
