[2024-09-27T19:45:58.366+0000] {processor.py:186} INFO - Started process (PID=77) to work on /home/airflow/.local/lib/python3.12/site-packages/airflow/example_dags/example_dataset_alias.py
[2024-09-27T19:45:58.367+0000] {processor.py:914} INFO - Processing file /home/airflow/.local/lib/python3.12/site-packages/airflow/example_dags/example_dataset_alias.py for tasks to queue
[2024-09-27T19:45:58.369+0000] {logging_mixin.py:190} INFO - [2024-09-27T19:45:58.369+0000] {dagbag.py:588} INFO - Filling up the DagBag from /home/airflow/.local/lib/python3.12/site-packages/airflow/example_dags/example_dataset_alias.py
[2024-09-27T19:45:58.859+0000] {processor.py:925} INFO - DAG(s) 'dataset_alias_example_alias_consumer', 'dataset_s3_bucket_producer', 'dataset_alias_example_alias_producer', 'dataset_s3_bucket_consumer' retrieved from /home/airflow/.local/lib/python3.12/site-packages/airflow/example_dags/example_dataset_alias.py
[2024-09-27T19:45:58.891+0000] {logging_mixin.py:190} INFO - [2024-09-27T19:45:58.890+0000] {dag.py:3239} INFO - Sync 4 DAGs
[2024-09-27T19:45:58.914+0000] {logging_mixin.py:190} INFO - [2024-09-27T19:45:58.914+0000] {dag.py:4180} INFO - Setting next_dagrun for dataset_alias_example_alias_consumer to None, run_after=None
[2024-09-27T19:45:58.916+0000] {logging_mixin.py:190} INFO - [2024-09-27T19:45:58.916+0000] {dag.py:4180} INFO - Setting next_dagrun for dataset_alias_example_alias_producer to None, run_after=None
[2024-09-27T19:45:58.917+0000] {logging_mixin.py:190} INFO - [2024-09-27T19:45:58.917+0000] {dag.py:4180} INFO - Setting next_dagrun for dataset_s3_bucket_consumer to None, run_after=None
[2024-09-27T19:45:58.918+0000] {logging_mixin.py:190} INFO - [2024-09-27T19:45:58.918+0000] {dag.py:4180} INFO - Setting next_dagrun for dataset_s3_bucket_producer to None, run_after=None
[2024-09-27T19:45:58.936+0000] {processor.py:208} INFO - Processing /home/airflow/.local/lib/python3.12/site-packages/airflow/example_dags/example_dataset_alias.py took 0.575 seconds
[2024-09-27T19:46:29.796+0000] {processor.py:186} INFO - Started process (PID=140) to work on /home/airflow/.local/lib/python3.12/site-packages/airflow/example_dags/example_dataset_alias.py
[2024-09-27T19:46:29.797+0000] {processor.py:914} INFO - Processing file /home/airflow/.local/lib/python3.12/site-packages/airflow/example_dags/example_dataset_alias.py for tasks to queue
[2024-09-27T19:46:29.799+0000] {logging_mixin.py:190} INFO - [2024-09-27T19:46:29.798+0000] {dagbag.py:588} INFO - Filling up the DagBag from /home/airflow/.local/lib/python3.12/site-packages/airflow/example_dags/example_dataset_alias.py
[2024-09-27T19:46:29.928+0000] {processor.py:925} INFO - DAG(s) 'dataset_s3_bucket_consumer', 'dataset_alias_example_alias_consumer', 'dataset_alias_example_alias_producer', 'dataset_s3_bucket_producer' retrieved from /home/airflow/.local/lib/python3.12/site-packages/airflow/example_dags/example_dataset_alias.py
[2024-09-27T19:46:29.944+0000] {logging_mixin.py:190} INFO - [2024-09-27T19:46:29.944+0000] {dag.py:3239} INFO - Sync 4 DAGs
[2024-09-27T19:46:29.964+0000] {logging_mixin.py:190} INFO - [2024-09-27T19:46:29.963+0000] {dag.py:4180} INFO - Setting next_dagrun for dataset_alias_example_alias_consumer to None, run_after=None
[2024-09-27T19:46:29.966+0000] {logging_mixin.py:190} INFO - [2024-09-27T19:46:29.966+0000] {dag.py:4180} INFO - Setting next_dagrun for dataset_alias_example_alias_producer to None, run_after=None
[2024-09-27T19:46:29.967+0000] {logging_mixin.py:190} INFO - [2024-09-27T19:46:29.967+0000] {dag.py:4180} INFO - Setting next_dagrun for dataset_s3_bucket_consumer to None, run_after=None
[2024-09-27T19:46:29.968+0000] {logging_mixin.py:190} INFO - [2024-09-27T19:46:29.967+0000] {dag.py:4180} INFO - Setting next_dagrun for dataset_s3_bucket_producer to None, run_after=None
[2024-09-27T19:46:29.998+0000] {processor.py:208} INFO - Processing /home/airflow/.local/lib/python3.12/site-packages/airflow/example_dags/example_dataset_alias.py took 0.206 seconds
[2024-09-27T19:47:00.141+0000] {processor.py:186} INFO - Started process (PID=204) to work on /home/airflow/.local/lib/python3.12/site-packages/airflow/example_dags/example_dataset_alias.py
[2024-09-27T19:47:00.142+0000] {processor.py:914} INFO - Processing file /home/airflow/.local/lib/python3.12/site-packages/airflow/example_dags/example_dataset_alias.py for tasks to queue
[2024-09-27T19:47:00.143+0000] {logging_mixin.py:190} INFO - [2024-09-27T19:47:00.143+0000] {dagbag.py:588} INFO - Filling up the DagBag from /home/airflow/.local/lib/python3.12/site-packages/airflow/example_dags/example_dataset_alias.py
[2024-09-27T19:47:00.284+0000] {processor.py:925} INFO - DAG(s) 'dataset_s3_bucket_consumer', 'dataset_alias_example_alias_consumer', 'dataset_s3_bucket_producer', 'dataset_alias_example_alias_producer' retrieved from /home/airflow/.local/lib/python3.12/site-packages/airflow/example_dags/example_dataset_alias.py
[2024-09-27T19:47:00.306+0000] {logging_mixin.py:190} INFO - [2024-09-27T19:47:00.306+0000] {dag.py:3239} INFO - Sync 4 DAGs
[2024-09-27T19:47:00.328+0000] {logging_mixin.py:190} INFO - [2024-09-27T19:47:00.327+0000] {dag.py:4180} INFO - Setting next_dagrun for dataset_alias_example_alias_consumer to None, run_after=None
[2024-09-27T19:47:00.330+0000] {logging_mixin.py:190} INFO - [2024-09-27T19:47:00.330+0000] {dag.py:4180} INFO - Setting next_dagrun for dataset_alias_example_alias_producer to None, run_after=None
[2024-09-27T19:47:00.331+0000] {logging_mixin.py:190} INFO - [2024-09-27T19:47:00.331+0000] {dag.py:4180} INFO - Setting next_dagrun for dataset_s3_bucket_consumer to None, run_after=None
[2024-09-27T19:47:00.332+0000] {logging_mixin.py:190} INFO - [2024-09-27T19:47:00.332+0000] {dag.py:4180} INFO - Setting next_dagrun for dataset_s3_bucket_producer to None, run_after=None
[2024-09-27T19:47:00.347+0000] {processor.py:208} INFO - Processing /home/airflow/.local/lib/python3.12/site-packages/airflow/example_dags/example_dataset_alias.py took 0.211 seconds
[2024-09-27T19:47:30.389+0000] {processor.py:186} INFO - Started process (PID=269) to work on /home/airflow/.local/lib/python3.12/site-packages/airflow/example_dags/example_dataset_alias.py
[2024-09-27T19:47:30.390+0000] {processor.py:914} INFO - Processing file /home/airflow/.local/lib/python3.12/site-packages/airflow/example_dags/example_dataset_alias.py for tasks to queue
[2024-09-27T19:47:30.391+0000] {logging_mixin.py:190} INFO - [2024-09-27T19:47:30.391+0000] {dagbag.py:588} INFO - Filling up the DagBag from /home/airflow/.local/lib/python3.12/site-packages/airflow/example_dags/example_dataset_alias.py
[2024-09-27T19:47:30.523+0000] {processor.py:925} INFO - DAG(s) 'dataset_s3_bucket_consumer', 'dataset_alias_example_alias_consumer', 'dataset_s3_bucket_producer', 'dataset_alias_example_alias_producer' retrieved from /home/airflow/.local/lib/python3.12/site-packages/airflow/example_dags/example_dataset_alias.py
[2024-09-27T19:47:30.539+0000] {logging_mixin.py:190} INFO - [2024-09-27T19:47:30.538+0000] {dag.py:3239} INFO - Sync 4 DAGs
[2024-09-27T19:47:30.557+0000] {logging_mixin.py:190} INFO - [2024-09-27T19:47:30.557+0000] {dag.py:4180} INFO - Setting next_dagrun for dataset_alias_example_alias_consumer to None, run_after=None
[2024-09-27T19:47:30.560+0000] {logging_mixin.py:190} INFO - [2024-09-27T19:47:30.560+0000] {dag.py:4180} INFO - Setting next_dagrun for dataset_alias_example_alias_producer to None, run_after=None
[2024-09-27T19:47:30.561+0000] {logging_mixin.py:190} INFO - [2024-09-27T19:47:30.561+0000] {dag.py:4180} INFO - Setting next_dagrun for dataset_s3_bucket_consumer to None, run_after=None
[2024-09-27T19:47:30.562+0000] {logging_mixin.py:190} INFO - [2024-09-27T19:47:30.562+0000] {dag.py:4180} INFO - Setting next_dagrun for dataset_s3_bucket_producer to None, run_after=None
[2024-09-27T19:47:30.596+0000] {processor.py:208} INFO - Processing /home/airflow/.local/lib/python3.12/site-packages/airflow/example_dags/example_dataset_alias.py took 0.211 seconds
[2024-09-27T19:48:00.836+0000] {processor.py:186} INFO - Started process (PID=350) to work on /home/airflow/.local/lib/python3.12/site-packages/airflow/example_dags/example_dataset_alias.py
[2024-09-27T19:48:00.837+0000] {processor.py:914} INFO - Processing file /home/airflow/.local/lib/python3.12/site-packages/airflow/example_dags/example_dataset_alias.py for tasks to queue
[2024-09-27T19:48:00.839+0000] {logging_mixin.py:190} INFO - [2024-09-27T19:48:00.839+0000] {dagbag.py:588} INFO - Filling up the DagBag from /home/airflow/.local/lib/python3.12/site-packages/airflow/example_dags/example_dataset_alias.py
[2024-09-27T19:48:00.971+0000] {processor.py:925} INFO - DAG(s) 'dataset_alias_example_alias_producer', 'dataset_alias_example_alias_consumer', 'dataset_s3_bucket_producer', 'dataset_s3_bucket_consumer' retrieved from /home/airflow/.local/lib/python3.12/site-packages/airflow/example_dags/example_dataset_alias.py
[2024-09-27T19:48:00.987+0000] {logging_mixin.py:190} INFO - [2024-09-27T19:48:00.987+0000] {dag.py:3239} INFO - Sync 4 DAGs
[2024-09-27T19:48:01.006+0000] {logging_mixin.py:190} INFO - [2024-09-27T19:48:01.006+0000] {dag.py:4180} INFO - Setting next_dagrun for dataset_alias_example_alias_consumer to None, run_after=None
[2024-09-27T19:48:01.008+0000] {logging_mixin.py:190} INFO - [2024-09-27T19:48:01.008+0000] {dag.py:4180} INFO - Setting next_dagrun for dataset_alias_example_alias_producer to None, run_after=None
[2024-09-27T19:48:01.010+0000] {logging_mixin.py:190} INFO - [2024-09-27T19:48:01.010+0000] {dag.py:4180} INFO - Setting next_dagrun for dataset_s3_bucket_consumer to None, run_after=None
[2024-09-27T19:48:01.011+0000] {logging_mixin.py:190} INFO - [2024-09-27T19:48:01.011+0000] {dag.py:4180} INFO - Setting next_dagrun for dataset_s3_bucket_producer to None, run_after=None
[2024-09-27T19:48:01.030+0000] {processor.py:208} INFO - Processing /home/airflow/.local/lib/python3.12/site-packages/airflow/example_dags/example_dataset_alias.py took 0.198 seconds
[2024-09-27T20:22:02.446+0000] {processor.py:186} INFO - Started process (PID=71) to work on /home/airflow/.local/lib/python3.12/site-packages/airflow/example_dags/example_dataset_alias.py
[2024-09-27T20:22:02.447+0000] {processor.py:914} INFO - Processing file /home/airflow/.local/lib/python3.12/site-packages/airflow/example_dags/example_dataset_alias.py for tasks to queue
[2024-09-27T20:22:02.451+0000] {logging_mixin.py:190} INFO - [2024-09-27T20:22:02.451+0000] {dagbag.py:588} INFO - Filling up the DagBag from /home/airflow/.local/lib/python3.12/site-packages/airflow/example_dags/example_dataset_alias.py
[2024-09-27T20:22:02.599+0000] {processor.py:925} INFO - DAG(s) 'dataset_s3_bucket_producer', 'dataset_s3_bucket_consumer', 'dataset_alias_example_alias_producer', 'dataset_alias_example_alias_consumer' retrieved from /home/airflow/.local/lib/python3.12/site-packages/airflow/example_dags/example_dataset_alias.py
[2024-09-27T20:22:02.624+0000] {logging_mixin.py:190} INFO - [2024-09-27T20:22:02.624+0000] {dag.py:3239} INFO - Sync 4 DAGs
[2024-09-27T20:22:02.649+0000] {logging_mixin.py:190} INFO - [2024-09-27T20:22:02.648+0000] {dag.py:4180} INFO - Setting next_dagrun for dataset_alias_example_alias_consumer to None, run_after=None
[2024-09-27T20:22:02.654+0000] {logging_mixin.py:190} INFO - [2024-09-27T20:22:02.654+0000] {dag.py:4180} INFO - Setting next_dagrun for dataset_alias_example_alias_producer to None, run_after=None
[2024-09-27T20:22:02.656+0000] {logging_mixin.py:190} INFO - [2024-09-27T20:22:02.656+0000] {dag.py:4180} INFO - Setting next_dagrun for dataset_s3_bucket_consumer to None, run_after=None
[2024-09-27T20:22:02.658+0000] {logging_mixin.py:190} INFO - [2024-09-27T20:22:02.658+0000] {dag.py:4180} INFO - Setting next_dagrun for dataset_s3_bucket_producer to None, run_after=None
[2024-09-27T20:22:02.677+0000] {processor.py:208} INFO - Processing /home/airflow/.local/lib/python3.12/site-packages/airflow/example_dags/example_dataset_alias.py took 0.238 seconds
[2024-09-27T20:22:32.918+0000] {processor.py:186} INFO - Started process (PID=134) to work on /home/airflow/.local/lib/python3.12/site-packages/airflow/example_dags/example_dataset_alias.py
[2024-09-27T20:22:32.919+0000] {processor.py:914} INFO - Processing file /home/airflow/.local/lib/python3.12/site-packages/airflow/example_dags/example_dataset_alias.py for tasks to queue
[2024-09-27T20:22:32.921+0000] {logging_mixin.py:190} INFO - [2024-09-27T20:22:32.921+0000] {dagbag.py:588} INFO - Filling up the DagBag from /home/airflow/.local/lib/python3.12/site-packages/airflow/example_dags/example_dataset_alias.py
[2024-09-27T20:22:33.041+0000] {processor.py:925} INFO - DAG(s) 'dataset_s3_bucket_producer', 'dataset_s3_bucket_consumer', 'dataset_alias_example_alias_consumer', 'dataset_alias_example_alias_producer' retrieved from /home/airflow/.local/lib/python3.12/site-packages/airflow/example_dags/example_dataset_alias.py
[2024-09-27T20:22:33.058+0000] {logging_mixin.py:190} INFO - [2024-09-27T20:22:33.057+0000] {dag.py:3239} INFO - Sync 4 DAGs
[2024-09-27T20:22:33.076+0000] {logging_mixin.py:190} INFO - [2024-09-27T20:22:33.076+0000] {dag.py:4180} INFO - Setting next_dagrun for dataset_alias_example_alias_consumer to None, run_after=None
[2024-09-27T20:22:33.078+0000] {logging_mixin.py:190} INFO - [2024-09-27T20:22:33.078+0000] {dag.py:4180} INFO - Setting next_dagrun for dataset_alias_example_alias_producer to None, run_after=None
[2024-09-27T20:22:33.080+0000] {logging_mixin.py:190} INFO - [2024-09-27T20:22:33.079+0000] {dag.py:4180} INFO - Setting next_dagrun for dataset_s3_bucket_consumer to None, run_after=None
[2024-09-27T20:22:33.080+0000] {logging_mixin.py:190} INFO - [2024-09-27T20:22:33.080+0000] {dag.py:4180} INFO - Setting next_dagrun for dataset_s3_bucket_producer to None, run_after=None
[2024-09-27T20:22:33.096+0000] {processor.py:208} INFO - Processing /home/airflow/.local/lib/python3.12/site-packages/airflow/example_dags/example_dataset_alias.py took 0.181 seconds
[2024-09-27T20:23:03.305+0000] {processor.py:186} INFO - Started process (PID=202) to work on /home/airflow/.local/lib/python3.12/site-packages/airflow/example_dags/example_dataset_alias.py
[2024-09-27T20:23:03.306+0000] {processor.py:914} INFO - Processing file /home/airflow/.local/lib/python3.12/site-packages/airflow/example_dags/example_dataset_alias.py for tasks to queue
[2024-09-27T20:23:03.308+0000] {logging_mixin.py:190} INFO - [2024-09-27T20:23:03.307+0000] {dagbag.py:588} INFO - Filling up the DagBag from /home/airflow/.local/lib/python3.12/site-packages/airflow/example_dags/example_dataset_alias.py
[2024-09-27T20:23:03.448+0000] {processor.py:925} INFO - DAG(s) 'dataset_alias_example_alias_producer', 'dataset_s3_bucket_producer', 'dataset_alias_example_alias_consumer', 'dataset_s3_bucket_consumer' retrieved from /home/airflow/.local/lib/python3.12/site-packages/airflow/example_dags/example_dataset_alias.py
[2024-09-27T20:23:03.466+0000] {logging_mixin.py:190} INFO - [2024-09-27T20:23:03.466+0000] {dag.py:3239} INFO - Sync 4 DAGs
[2024-09-27T20:23:03.485+0000] {logging_mixin.py:190} INFO - [2024-09-27T20:23:03.484+0000] {dag.py:4180} INFO - Setting next_dagrun for dataset_alias_example_alias_consumer to None, run_after=None
[2024-09-27T20:23:03.487+0000] {logging_mixin.py:190} INFO - [2024-09-27T20:23:03.487+0000] {dag.py:4180} INFO - Setting next_dagrun for dataset_alias_example_alias_producer to None, run_after=None
[2024-09-27T20:23:03.488+0000] {logging_mixin.py:190} INFO - [2024-09-27T20:23:03.488+0000] {dag.py:4180} INFO - Setting next_dagrun for dataset_s3_bucket_consumer to None, run_after=None
[2024-09-27T20:23:03.489+0000] {logging_mixin.py:190} INFO - [2024-09-27T20:23:03.489+0000] {dag.py:4180} INFO - Setting next_dagrun for dataset_s3_bucket_producer to None, run_after=None
[2024-09-27T20:23:03.507+0000] {processor.py:208} INFO - Processing /home/airflow/.local/lib/python3.12/site-packages/airflow/example_dags/example_dataset_alias.py took 0.207 seconds
[2024-09-27T20:23:33.984+0000] {processor.py:186} INFO - Started process (PID=266) to work on /home/airflow/.local/lib/python3.12/site-packages/airflow/example_dags/example_dataset_alias.py
[2024-09-27T20:23:33.985+0000] {processor.py:914} INFO - Processing file /home/airflow/.local/lib/python3.12/site-packages/airflow/example_dags/example_dataset_alias.py for tasks to queue
[2024-09-27T20:23:33.987+0000] {logging_mixin.py:190} INFO - [2024-09-27T20:23:33.987+0000] {dagbag.py:588} INFO - Filling up the DagBag from /home/airflow/.local/lib/python3.12/site-packages/airflow/example_dags/example_dataset_alias.py
[2024-09-27T20:23:34.126+0000] {processor.py:925} INFO - DAG(s) 'dataset_s3_bucket_producer', 'dataset_alias_example_alias_consumer', 'dataset_alias_example_alias_producer', 'dataset_s3_bucket_consumer' retrieved from /home/airflow/.local/lib/python3.12/site-packages/airflow/example_dags/example_dataset_alias.py
[2024-09-27T20:23:34.144+0000] {logging_mixin.py:190} INFO - [2024-09-27T20:23:34.144+0000] {dag.py:3239} INFO - Sync 4 DAGs
[2024-09-27T20:23:34.165+0000] {logging_mixin.py:190} INFO - [2024-09-27T20:23:34.164+0000] {dag.py:4180} INFO - Setting next_dagrun for dataset_alias_example_alias_consumer to None, run_after=None
[2024-09-27T20:23:34.167+0000] {logging_mixin.py:190} INFO - [2024-09-27T20:23:34.167+0000] {dag.py:4180} INFO - Setting next_dagrun for dataset_alias_example_alias_producer to None, run_after=None
[2024-09-27T20:23:34.169+0000] {logging_mixin.py:190} INFO - [2024-09-27T20:23:34.168+0000] {dag.py:4180} INFO - Setting next_dagrun for dataset_s3_bucket_consumer to None, run_after=None
[2024-09-27T20:23:34.170+0000] {logging_mixin.py:190} INFO - [2024-09-27T20:23:34.169+0000] {dag.py:4180} INFO - Setting next_dagrun for dataset_s3_bucket_producer to None, run_after=None
[2024-09-27T20:23:34.190+0000] {processor.py:208} INFO - Processing /home/airflow/.local/lib/python3.12/site-packages/airflow/example_dags/example_dataset_alias.py took 0.211 seconds
[2024-09-27T20:24:04.638+0000] {processor.py:186} INFO - Started process (PID=329) to work on /home/airflow/.local/lib/python3.12/site-packages/airflow/example_dags/example_dataset_alias.py
[2024-09-27T20:24:04.639+0000] {processor.py:914} INFO - Processing file /home/airflow/.local/lib/python3.12/site-packages/airflow/example_dags/example_dataset_alias.py for tasks to queue
[2024-09-27T20:24:04.641+0000] {logging_mixin.py:190} INFO - [2024-09-27T20:24:04.641+0000] {dagbag.py:588} INFO - Filling up the DagBag from /home/airflow/.local/lib/python3.12/site-packages/airflow/example_dags/example_dataset_alias.py
[2024-09-27T20:24:04.796+0000] {processor.py:925} INFO - DAG(s) 'dataset_alias_example_alias_producer', 'dataset_s3_bucket_consumer', 'dataset_s3_bucket_producer', 'dataset_alias_example_alias_consumer' retrieved from /home/airflow/.local/lib/python3.12/site-packages/airflow/example_dags/example_dataset_alias.py
[2024-09-27T20:24:04.818+0000] {logging_mixin.py:190} INFO - [2024-09-27T20:24:04.818+0000] {dag.py:3239} INFO - Sync 4 DAGs
[2024-09-27T20:24:04.842+0000] {logging_mixin.py:190} INFO - [2024-09-27T20:24:04.842+0000] {dag.py:4180} INFO - Setting next_dagrun for dataset_alias_example_alias_consumer to None, run_after=None
[2024-09-27T20:24:04.846+0000] {logging_mixin.py:190} INFO - [2024-09-27T20:24:04.846+0000] {dag.py:4180} INFO - Setting next_dagrun for dataset_alias_example_alias_producer to None, run_after=None
[2024-09-27T20:24:04.848+0000] {logging_mixin.py:190} INFO - [2024-09-27T20:24:04.848+0000] {dag.py:4180} INFO - Setting next_dagrun for dataset_s3_bucket_consumer to None, run_after=None
[2024-09-27T20:24:04.849+0000] {logging_mixin.py:190} INFO - [2024-09-27T20:24:04.849+0000] {dag.py:4180} INFO - Setting next_dagrun for dataset_s3_bucket_producer to None, run_after=None
[2024-09-27T20:24:04.875+0000] {processor.py:208} INFO - Processing /home/airflow/.local/lib/python3.12/site-packages/airflow/example_dags/example_dataset_alias.py took 0.247 seconds
[2024-09-27T20:24:35.309+0000] {processor.py:186} INFO - Started process (PID=392) to work on /home/airflow/.local/lib/python3.12/site-packages/airflow/example_dags/example_dataset_alias.py
[2024-09-27T20:24:35.310+0000] {processor.py:914} INFO - Processing file /home/airflow/.local/lib/python3.12/site-packages/airflow/example_dags/example_dataset_alias.py for tasks to queue
[2024-09-27T20:24:35.312+0000] {logging_mixin.py:190} INFO - [2024-09-27T20:24:35.311+0000] {dagbag.py:588} INFO - Filling up the DagBag from /home/airflow/.local/lib/python3.12/site-packages/airflow/example_dags/example_dataset_alias.py
[2024-09-27T20:24:35.437+0000] {processor.py:925} INFO - DAG(s) 'dataset_s3_bucket_producer', 'dataset_alias_example_alias_producer', 'dataset_alias_example_alias_consumer', 'dataset_s3_bucket_consumer' retrieved from /home/airflow/.local/lib/python3.12/site-packages/airflow/example_dags/example_dataset_alias.py
[2024-09-27T20:24:35.454+0000] {logging_mixin.py:190} INFO - [2024-09-27T20:24:35.454+0000] {dag.py:3239} INFO - Sync 4 DAGs
[2024-09-27T20:24:35.473+0000] {logging_mixin.py:190} INFO - [2024-09-27T20:24:35.473+0000] {dag.py:4180} INFO - Setting next_dagrun for dataset_alias_example_alias_consumer to None, run_after=None
[2024-09-27T20:24:35.476+0000] {logging_mixin.py:190} INFO - [2024-09-27T20:24:35.476+0000] {dag.py:4180} INFO - Setting next_dagrun for dataset_alias_example_alias_producer to None, run_after=None
[2024-09-27T20:24:35.477+0000] {logging_mixin.py:190} INFO - [2024-09-27T20:24:35.477+0000] {dag.py:4180} INFO - Setting next_dagrun for dataset_s3_bucket_consumer to None, run_after=None
[2024-09-27T20:24:35.478+0000] {logging_mixin.py:190} INFO - [2024-09-27T20:24:35.478+0000] {dag.py:4180} INFO - Setting next_dagrun for dataset_s3_bucket_producer to None, run_after=None
[2024-09-27T20:24:35.498+0000] {processor.py:208} INFO - Processing /home/airflow/.local/lib/python3.12/site-packages/airflow/example_dags/example_dataset_alias.py took 0.193 seconds
[2024-09-27T20:25:06.155+0000] {processor.py:186} INFO - Started process (PID=455) to work on /home/airflow/.local/lib/python3.12/site-packages/airflow/example_dags/example_dataset_alias.py
[2024-09-27T20:25:06.155+0000] {processor.py:914} INFO - Processing file /home/airflow/.local/lib/python3.12/site-packages/airflow/example_dags/example_dataset_alias.py for tasks to queue
[2024-09-27T20:25:06.157+0000] {logging_mixin.py:190} INFO - [2024-09-27T20:25:06.157+0000] {dagbag.py:588} INFO - Filling up the DagBag from /home/airflow/.local/lib/python3.12/site-packages/airflow/example_dags/example_dataset_alias.py
[2024-09-27T20:25:06.278+0000] {processor.py:925} INFO - DAG(s) 'dataset_s3_bucket_producer', 'dataset_alias_example_alias_producer', 'dataset_alias_example_alias_consumer', 'dataset_s3_bucket_consumer' retrieved from /home/airflow/.local/lib/python3.12/site-packages/airflow/example_dags/example_dataset_alias.py
[2024-09-27T20:25:06.296+0000] {logging_mixin.py:190} INFO - [2024-09-27T20:25:06.296+0000] {dag.py:3239} INFO - Sync 4 DAGs
[2024-09-27T20:25:06.313+0000] {logging_mixin.py:190} INFO - [2024-09-27T20:25:06.313+0000] {dag.py:4180} INFO - Setting next_dagrun for dataset_alias_example_alias_consumer to None, run_after=None
[2024-09-27T20:25:06.315+0000] {logging_mixin.py:190} INFO - [2024-09-27T20:25:06.315+0000] {dag.py:4180} INFO - Setting next_dagrun for dataset_alias_example_alias_producer to None, run_after=None
[2024-09-27T20:25:06.316+0000] {logging_mixin.py:190} INFO - [2024-09-27T20:25:06.316+0000] {dag.py:4180} INFO - Setting next_dagrun for dataset_s3_bucket_consumer to None, run_after=None
[2024-09-27T20:25:06.317+0000] {logging_mixin.py:190} INFO - [2024-09-27T20:25:06.317+0000] {dag.py:4180} INFO - Setting next_dagrun for dataset_s3_bucket_producer to None, run_after=None
[2024-09-27T20:25:06.332+0000] {processor.py:208} INFO - Processing /home/airflow/.local/lib/python3.12/site-packages/airflow/example_dags/example_dataset_alias.py took 0.182 seconds
[2024-09-27T20:25:36.459+0000] {processor.py:186} INFO - Started process (PID=518) to work on /home/airflow/.local/lib/python3.12/site-packages/airflow/example_dags/example_dataset_alias.py
[2024-09-27T20:25:36.460+0000] {processor.py:914} INFO - Processing file /home/airflow/.local/lib/python3.12/site-packages/airflow/example_dags/example_dataset_alias.py for tasks to queue
[2024-09-27T20:25:36.461+0000] {logging_mixin.py:190} INFO - [2024-09-27T20:25:36.461+0000] {dagbag.py:588} INFO - Filling up the DagBag from /home/airflow/.local/lib/python3.12/site-packages/airflow/example_dags/example_dataset_alias.py
[2024-09-27T20:25:36.591+0000] {processor.py:925} INFO - DAG(s) 'dataset_alias_example_alias_consumer', 'dataset_alias_example_alias_producer', 'dataset_s3_bucket_consumer', 'dataset_s3_bucket_producer' retrieved from /home/airflow/.local/lib/python3.12/site-packages/airflow/example_dags/example_dataset_alias.py
[2024-09-27T20:25:36.608+0000] {logging_mixin.py:190} INFO - [2024-09-27T20:25:36.608+0000] {dag.py:3239} INFO - Sync 4 DAGs
[2024-09-27T20:25:36.625+0000] {logging_mixin.py:190} INFO - [2024-09-27T20:25:36.625+0000] {dag.py:4180} INFO - Setting next_dagrun for dataset_alias_example_alias_consumer to None, run_after=None
[2024-09-27T20:25:36.627+0000] {logging_mixin.py:190} INFO - [2024-09-27T20:25:36.627+0000] {dag.py:4180} INFO - Setting next_dagrun for dataset_alias_example_alias_producer to None, run_after=None
[2024-09-27T20:25:36.628+0000] {logging_mixin.py:190} INFO - [2024-09-27T20:25:36.628+0000] {dag.py:4180} INFO - Setting next_dagrun for dataset_s3_bucket_consumer to None, run_after=None
[2024-09-27T20:25:36.629+0000] {logging_mixin.py:190} INFO - [2024-09-27T20:25:36.629+0000] {dag.py:4180} INFO - Setting next_dagrun for dataset_s3_bucket_producer to None, run_after=None
[2024-09-27T20:25:36.650+0000] {processor.py:208} INFO - Processing /home/airflow/.local/lib/python3.12/site-packages/airflow/example_dags/example_dataset_alias.py took 0.196 seconds
[2024-09-27T20:26:06.729+0000] {processor.py:186} INFO - Started process (PID=581) to work on /home/airflow/.local/lib/python3.12/site-packages/airflow/example_dags/example_dataset_alias.py
[2024-09-27T20:26:06.729+0000] {processor.py:914} INFO - Processing file /home/airflow/.local/lib/python3.12/site-packages/airflow/example_dags/example_dataset_alias.py for tasks to queue
[2024-09-27T20:26:06.731+0000] {logging_mixin.py:190} INFO - [2024-09-27T20:26:06.731+0000] {dagbag.py:588} INFO - Filling up the DagBag from /home/airflow/.local/lib/python3.12/site-packages/airflow/example_dags/example_dataset_alias.py
[2024-09-27T20:26:06.847+0000] {processor.py:925} INFO - DAG(s) 'dataset_alias_example_alias_consumer', 'dataset_s3_bucket_producer', 'dataset_s3_bucket_consumer', 'dataset_alias_example_alias_producer' retrieved from /home/airflow/.local/lib/python3.12/site-packages/airflow/example_dags/example_dataset_alias.py
[2024-09-27T20:26:06.864+0000] {logging_mixin.py:190} INFO - [2024-09-27T20:26:06.864+0000] {dag.py:3239} INFO - Sync 4 DAGs
[2024-09-27T20:26:06.881+0000] {logging_mixin.py:190} INFO - [2024-09-27T20:26:06.881+0000] {dag.py:4180} INFO - Setting next_dagrun for dataset_alias_example_alias_consumer to None, run_after=None
[2024-09-27T20:26:06.884+0000] {logging_mixin.py:190} INFO - [2024-09-27T20:26:06.884+0000] {dag.py:4180} INFO - Setting next_dagrun for dataset_alias_example_alias_producer to None, run_after=None
[2024-09-27T20:26:06.885+0000] {logging_mixin.py:190} INFO - [2024-09-27T20:26:06.885+0000] {dag.py:4180} INFO - Setting next_dagrun for dataset_s3_bucket_consumer to None, run_after=None
[2024-09-27T20:26:06.886+0000] {logging_mixin.py:190} INFO - [2024-09-27T20:26:06.886+0000] {dag.py:4180} INFO - Setting next_dagrun for dataset_s3_bucket_producer to None, run_after=None
[2024-09-27T20:26:06.909+0000] {processor.py:208} INFO - Processing /home/airflow/.local/lib/python3.12/site-packages/airflow/example_dags/example_dataset_alias.py took 0.185 seconds
[2024-09-27T20:26:37.160+0000] {processor.py:186} INFO - Started process (PID=644) to work on /home/airflow/.local/lib/python3.12/site-packages/airflow/example_dags/example_dataset_alias.py
[2024-09-27T20:26:37.161+0000] {processor.py:914} INFO - Processing file /home/airflow/.local/lib/python3.12/site-packages/airflow/example_dags/example_dataset_alias.py for tasks to queue
[2024-09-27T20:26:37.164+0000] {logging_mixin.py:190} INFO - [2024-09-27T20:26:37.164+0000] {dagbag.py:588} INFO - Filling up the DagBag from /home/airflow/.local/lib/python3.12/site-packages/airflow/example_dags/example_dataset_alias.py
[2024-09-27T20:26:37.291+0000] {processor.py:925} INFO - DAG(s) 'dataset_s3_bucket_producer', 'dataset_alias_example_alias_producer', 'dataset_s3_bucket_consumer', 'dataset_alias_example_alias_consumer' retrieved from /home/airflow/.local/lib/python3.12/site-packages/airflow/example_dags/example_dataset_alias.py
[2024-09-27T20:26:37.308+0000] {logging_mixin.py:190} INFO - [2024-09-27T20:26:37.308+0000] {dag.py:3239} INFO - Sync 4 DAGs
[2024-09-27T20:26:37.326+0000] {logging_mixin.py:190} INFO - [2024-09-27T20:26:37.326+0000] {dag.py:4180} INFO - Setting next_dagrun for dataset_alias_example_alias_consumer to None, run_after=None
[2024-09-27T20:26:37.329+0000] {logging_mixin.py:190} INFO - [2024-09-27T20:26:37.329+0000] {dag.py:4180} INFO - Setting next_dagrun for dataset_alias_example_alias_producer to None, run_after=None
[2024-09-27T20:26:37.330+0000] {logging_mixin.py:190} INFO - [2024-09-27T20:26:37.330+0000] {dag.py:4180} INFO - Setting next_dagrun for dataset_s3_bucket_consumer to None, run_after=None
[2024-09-27T20:26:37.331+0000] {logging_mixin.py:190} INFO - [2024-09-27T20:26:37.331+0000] {dag.py:4180} INFO - Setting next_dagrun for dataset_s3_bucket_producer to None, run_after=None
[2024-09-27T20:26:37.346+0000] {processor.py:208} INFO - Processing /home/airflow/.local/lib/python3.12/site-packages/airflow/example_dags/example_dataset_alias.py took 0.194 seconds
[2024-09-27T20:27:07.872+0000] {processor.py:186} INFO - Started process (PID=707) to work on /home/airflow/.local/lib/python3.12/site-packages/airflow/example_dags/example_dataset_alias.py
[2024-09-27T20:27:07.873+0000] {processor.py:914} INFO - Processing file /home/airflow/.local/lib/python3.12/site-packages/airflow/example_dags/example_dataset_alias.py for tasks to queue
[2024-09-27T20:27:07.874+0000] {logging_mixin.py:190} INFO - [2024-09-27T20:27:07.874+0000] {dagbag.py:588} INFO - Filling up the DagBag from /home/airflow/.local/lib/python3.12/site-packages/airflow/example_dags/example_dataset_alias.py
[2024-09-27T20:27:07.993+0000] {processor.py:925} INFO - DAG(s) 'dataset_alias_example_alias_consumer', 'dataset_s3_bucket_consumer', 'dataset_alias_example_alias_producer', 'dataset_s3_bucket_producer' retrieved from /home/airflow/.local/lib/python3.12/site-packages/airflow/example_dags/example_dataset_alias.py
[2024-09-27T20:27:08.011+0000] {logging_mixin.py:190} INFO - [2024-09-27T20:27:08.011+0000] {dag.py:3239} INFO - Sync 4 DAGs
[2024-09-27T20:27:08.029+0000] {logging_mixin.py:190} INFO - [2024-09-27T20:27:08.029+0000] {dag.py:4180} INFO - Setting next_dagrun for dataset_alias_example_alias_consumer to None, run_after=None
[2024-09-27T20:27:08.031+0000] {logging_mixin.py:190} INFO - [2024-09-27T20:27:08.031+0000] {dag.py:4180} INFO - Setting next_dagrun for dataset_alias_example_alias_producer to None, run_after=None
[2024-09-27T20:27:08.032+0000] {logging_mixin.py:190} INFO - [2024-09-27T20:27:08.032+0000] {dag.py:4180} INFO - Setting next_dagrun for dataset_s3_bucket_consumer to None, run_after=None
[2024-09-27T20:27:08.033+0000] {logging_mixin.py:190} INFO - [2024-09-27T20:27:08.033+0000] {dag.py:4180} INFO - Setting next_dagrun for dataset_s3_bucket_producer to None, run_after=None
[2024-09-27T20:27:08.048+0000] {processor.py:208} INFO - Processing /home/airflow/.local/lib/python3.12/site-packages/airflow/example_dags/example_dataset_alias.py took 0.180 seconds
[2024-09-27T20:27:39.510+0000] {processor.py:186} INFO - Started process (PID=770) to work on /home/airflow/.local/lib/python3.12/site-packages/airflow/example_dags/example_dataset_alias.py
[2024-09-27T20:27:39.512+0000] {processor.py:914} INFO - Processing file /home/airflow/.local/lib/python3.12/site-packages/airflow/example_dags/example_dataset_alias.py for tasks to queue
[2024-09-27T20:27:39.515+0000] {logging_mixin.py:190} INFO - [2024-09-27T20:27:39.514+0000] {dagbag.py:588} INFO - Filling up the DagBag from /home/airflow/.local/lib/python3.12/site-packages/airflow/example_dags/example_dataset_alias.py
[2024-09-27T20:27:39.779+0000] {processor.py:925} INFO - DAG(s) 'dataset_s3_bucket_consumer', 'dataset_alias_example_alias_consumer', 'dataset_s3_bucket_producer', 'dataset_alias_example_alias_producer' retrieved from /home/airflow/.local/lib/python3.12/site-packages/airflow/example_dags/example_dataset_alias.py
[2024-09-27T20:27:39.867+0000] {logging_mixin.py:190} INFO - [2024-09-27T20:27:39.866+0000] {dag.py:3239} INFO - Sync 4 DAGs
[2024-09-27T20:27:39.974+0000] {logging_mixin.py:190} INFO - [2024-09-27T20:27:39.974+0000] {dag.py:4180} INFO - Setting next_dagrun for dataset_alias_example_alias_consumer to None, run_after=None
[2024-09-27T20:27:39.980+0000] {logging_mixin.py:190} INFO - [2024-09-27T20:27:39.980+0000] {dag.py:4180} INFO - Setting next_dagrun for dataset_alias_example_alias_producer to None, run_after=None
[2024-09-27T20:27:39.983+0000] {logging_mixin.py:190} INFO - [2024-09-27T20:27:39.983+0000] {dag.py:4180} INFO - Setting next_dagrun for dataset_s3_bucket_consumer to None, run_after=None
[2024-09-27T20:27:39.985+0000] {logging_mixin.py:190} INFO - [2024-09-27T20:27:39.985+0000] {dag.py:4180} INFO - Setting next_dagrun for dataset_s3_bucket_producer to None, run_after=None
[2024-09-27T20:27:40.037+0000] {processor.py:208} INFO - Processing /home/airflow/.local/lib/python3.12/site-packages/airflow/example_dags/example_dataset_alias.py took 0.535 seconds
[2024-09-27T20:28:10.600+0000] {processor.py:186} INFO - Started process (PID=833) to work on /home/airflow/.local/lib/python3.12/site-packages/airflow/example_dags/example_dataset_alias.py
[2024-09-27T20:28:10.601+0000] {processor.py:914} INFO - Processing file /home/airflow/.local/lib/python3.12/site-packages/airflow/example_dags/example_dataset_alias.py for tasks to queue
[2024-09-27T20:28:10.602+0000] {logging_mixin.py:190} INFO - [2024-09-27T20:28:10.602+0000] {dagbag.py:588} INFO - Filling up the DagBag from /home/airflow/.local/lib/python3.12/site-packages/airflow/example_dags/example_dataset_alias.py
[2024-09-27T20:28:10.720+0000] {processor.py:925} INFO - DAG(s) 'dataset_alias_example_alias_producer', 'dataset_s3_bucket_producer', 'dataset_s3_bucket_consumer', 'dataset_alias_example_alias_consumer' retrieved from /home/airflow/.local/lib/python3.12/site-packages/airflow/example_dags/example_dataset_alias.py
[2024-09-27T20:28:10.735+0000] {logging_mixin.py:190} INFO - [2024-09-27T20:28:10.735+0000] {dag.py:3239} INFO - Sync 4 DAGs
[2024-09-27T20:28:10.754+0000] {logging_mixin.py:190} INFO - [2024-09-27T20:28:10.754+0000] {dag.py:4180} INFO - Setting next_dagrun for dataset_alias_example_alias_consumer to None, run_after=None
[2024-09-27T20:28:10.756+0000] {logging_mixin.py:190} INFO - [2024-09-27T20:28:10.756+0000] {dag.py:4180} INFO - Setting next_dagrun for dataset_alias_example_alias_producer to None, run_after=None
[2024-09-27T20:28:10.757+0000] {logging_mixin.py:190} INFO - [2024-09-27T20:28:10.757+0000] {dag.py:4180} INFO - Setting next_dagrun for dataset_s3_bucket_consumer to None, run_after=None
[2024-09-27T20:28:10.758+0000] {logging_mixin.py:190} INFO - [2024-09-27T20:28:10.758+0000] {dag.py:4180} INFO - Setting next_dagrun for dataset_s3_bucket_producer to None, run_after=None
[2024-09-27T20:28:10.775+0000] {processor.py:208} INFO - Processing /home/airflow/.local/lib/python3.12/site-packages/airflow/example_dags/example_dataset_alias.py took 0.179 seconds
[2024-09-27T20:28:40.942+0000] {processor.py:186} INFO - Started process (PID=896) to work on /home/airflow/.local/lib/python3.12/site-packages/airflow/example_dags/example_dataset_alias.py
[2024-09-27T20:28:40.943+0000] {processor.py:914} INFO - Processing file /home/airflow/.local/lib/python3.12/site-packages/airflow/example_dags/example_dataset_alias.py for tasks to queue
[2024-09-27T20:28:40.945+0000] {logging_mixin.py:190} INFO - [2024-09-27T20:28:40.944+0000] {dagbag.py:588} INFO - Filling up the DagBag from /home/airflow/.local/lib/python3.12/site-packages/airflow/example_dags/example_dataset_alias.py
[2024-09-27T20:28:41.062+0000] {processor.py:925} INFO - DAG(s) 'dataset_s3_bucket_consumer', 'dataset_alias_example_alias_producer', 'dataset_s3_bucket_producer', 'dataset_alias_example_alias_consumer' retrieved from /home/airflow/.local/lib/python3.12/site-packages/airflow/example_dags/example_dataset_alias.py
[2024-09-27T20:28:41.078+0000] {logging_mixin.py:190} INFO - [2024-09-27T20:28:41.078+0000] {dag.py:3239} INFO - Sync 4 DAGs
[2024-09-27T20:28:41.098+0000] {logging_mixin.py:190} INFO - [2024-09-27T20:28:41.098+0000] {dag.py:4180} INFO - Setting next_dagrun for dataset_alias_example_alias_consumer to None, run_after=None
[2024-09-27T20:28:41.101+0000] {logging_mixin.py:190} INFO - [2024-09-27T20:28:41.101+0000] {dag.py:4180} INFO - Setting next_dagrun for dataset_alias_example_alias_producer to None, run_after=None
[2024-09-27T20:28:41.103+0000] {logging_mixin.py:190} INFO - [2024-09-27T20:28:41.102+0000] {dag.py:4180} INFO - Setting next_dagrun for dataset_s3_bucket_consumer to None, run_after=None
[2024-09-27T20:28:41.104+0000] {logging_mixin.py:190} INFO - [2024-09-27T20:28:41.104+0000] {dag.py:4180} INFO - Setting next_dagrun for dataset_s3_bucket_producer to None, run_after=None
[2024-09-27T20:28:41.127+0000] {processor.py:208} INFO - Processing /home/airflow/.local/lib/python3.12/site-packages/airflow/example_dags/example_dataset_alias.py took 0.189 seconds
[2024-09-27T20:29:11.225+0000] {processor.py:186} INFO - Started process (PID=959) to work on /home/airflow/.local/lib/python3.12/site-packages/airflow/example_dags/example_dataset_alias.py
[2024-09-27T20:29:11.226+0000] {processor.py:914} INFO - Processing file /home/airflow/.local/lib/python3.12/site-packages/airflow/example_dags/example_dataset_alias.py for tasks to queue
[2024-09-27T20:29:11.228+0000] {logging_mixin.py:190} INFO - [2024-09-27T20:29:11.228+0000] {dagbag.py:588} INFO - Filling up the DagBag from /home/airflow/.local/lib/python3.12/site-packages/airflow/example_dags/example_dataset_alias.py
[2024-09-27T20:29:11.352+0000] {processor.py:925} INFO - DAG(s) 'dataset_alias_example_alias_producer', 'dataset_alias_example_alias_consumer', 'dataset_s3_bucket_consumer', 'dataset_s3_bucket_producer' retrieved from /home/airflow/.local/lib/python3.12/site-packages/airflow/example_dags/example_dataset_alias.py
[2024-09-27T20:29:11.371+0000] {logging_mixin.py:190} INFO - [2024-09-27T20:29:11.371+0000] {dag.py:3239} INFO - Sync 4 DAGs
[2024-09-27T20:29:11.393+0000] {logging_mixin.py:190} INFO - [2024-09-27T20:29:11.393+0000] {dag.py:4180} INFO - Setting next_dagrun for dataset_alias_example_alias_consumer to None, run_after=None
[2024-09-27T20:29:11.395+0000] {logging_mixin.py:190} INFO - [2024-09-27T20:29:11.395+0000] {dag.py:4180} INFO - Setting next_dagrun for dataset_alias_example_alias_producer to None, run_after=None
[2024-09-27T20:29:11.396+0000] {logging_mixin.py:190} INFO - [2024-09-27T20:29:11.396+0000] {dag.py:4180} INFO - Setting next_dagrun for dataset_s3_bucket_consumer to None, run_after=None
[2024-09-27T20:29:11.397+0000] {logging_mixin.py:190} INFO - [2024-09-27T20:29:11.397+0000] {dag.py:4180} INFO - Setting next_dagrun for dataset_s3_bucket_producer to None, run_after=None
[2024-09-27T20:29:11.413+0000] {processor.py:208} INFO - Processing /home/airflow/.local/lib/python3.12/site-packages/airflow/example_dags/example_dataset_alias.py took 0.192 seconds
[2024-09-27T20:29:41.474+0000] {processor.py:186} INFO - Started process (PID=1022) to work on /home/airflow/.local/lib/python3.12/site-packages/airflow/example_dags/example_dataset_alias.py
[2024-09-27T20:29:41.476+0000] {processor.py:914} INFO - Processing file /home/airflow/.local/lib/python3.12/site-packages/airflow/example_dags/example_dataset_alias.py for tasks to queue
[2024-09-27T20:29:41.478+0000] {logging_mixin.py:190} INFO - [2024-09-27T20:29:41.478+0000] {dagbag.py:588} INFO - Filling up the DagBag from /home/airflow/.local/lib/python3.12/site-packages/airflow/example_dags/example_dataset_alias.py
[2024-09-27T20:29:41.624+0000] {processor.py:925} INFO - DAG(s) 'dataset_s3_bucket_producer', 'dataset_s3_bucket_consumer', 'dataset_alias_example_alias_consumer', 'dataset_alias_example_alias_producer' retrieved from /home/airflow/.local/lib/python3.12/site-packages/airflow/example_dags/example_dataset_alias.py
[2024-09-27T20:29:41.643+0000] {logging_mixin.py:190} INFO - [2024-09-27T20:29:41.643+0000] {dag.py:3239} INFO - Sync 4 DAGs
[2024-09-27T20:29:41.669+0000] {logging_mixin.py:190} INFO - [2024-09-27T20:29:41.669+0000] {dag.py:4180} INFO - Setting next_dagrun for dataset_alias_example_alias_consumer to None, run_after=None
[2024-09-27T20:29:41.672+0000] {logging_mixin.py:190} INFO - [2024-09-27T20:29:41.672+0000] {dag.py:4180} INFO - Setting next_dagrun for dataset_alias_example_alias_producer to None, run_after=None
[2024-09-27T20:29:41.673+0000] {logging_mixin.py:190} INFO - [2024-09-27T20:29:41.673+0000] {dag.py:4180} INFO - Setting next_dagrun for dataset_s3_bucket_consumer to None, run_after=None
[2024-09-27T20:29:41.674+0000] {logging_mixin.py:190} INFO - [2024-09-27T20:29:41.674+0000] {dag.py:4180} INFO - Setting next_dagrun for dataset_s3_bucket_producer to None, run_after=None
[2024-09-27T20:29:41.694+0000] {processor.py:208} INFO - Processing /home/airflow/.local/lib/python3.12/site-packages/airflow/example_dags/example_dataset_alias.py took 0.226 seconds
[2024-09-27T20:30:11.853+0000] {processor.py:186} INFO - Started process (PID=1085) to work on /home/airflow/.local/lib/python3.12/site-packages/airflow/example_dags/example_dataset_alias.py
[2024-09-27T20:30:11.854+0000] {processor.py:914} INFO - Processing file /home/airflow/.local/lib/python3.12/site-packages/airflow/example_dags/example_dataset_alias.py for tasks to queue
[2024-09-27T20:30:11.856+0000] {logging_mixin.py:190} INFO - [2024-09-27T20:30:11.856+0000] {dagbag.py:588} INFO - Filling up the DagBag from /home/airflow/.local/lib/python3.12/site-packages/airflow/example_dags/example_dataset_alias.py
[2024-09-27T20:30:11.981+0000] {processor.py:925} INFO - DAG(s) 'dataset_s3_bucket_consumer', 'dataset_alias_example_alias_producer', 'dataset_alias_example_alias_consumer', 'dataset_s3_bucket_producer' retrieved from /home/airflow/.local/lib/python3.12/site-packages/airflow/example_dags/example_dataset_alias.py
[2024-09-27T20:30:11.997+0000] {logging_mixin.py:190} INFO - [2024-09-27T20:30:11.996+0000] {dag.py:3239} INFO - Sync 4 DAGs
[2024-09-27T20:30:12.015+0000] {logging_mixin.py:190} INFO - [2024-09-27T20:30:12.015+0000] {dag.py:4180} INFO - Setting next_dagrun for dataset_alias_example_alias_consumer to None, run_after=None
[2024-09-27T20:30:12.017+0000] {logging_mixin.py:190} INFO - [2024-09-27T20:30:12.017+0000] {dag.py:4180} INFO - Setting next_dagrun for dataset_alias_example_alias_producer to None, run_after=None
[2024-09-27T20:30:12.018+0000] {logging_mixin.py:190} INFO - [2024-09-27T20:30:12.018+0000] {dag.py:4180} INFO - Setting next_dagrun for dataset_s3_bucket_consumer to None, run_after=None
[2024-09-27T20:30:12.019+0000] {logging_mixin.py:190} INFO - [2024-09-27T20:30:12.019+0000] {dag.py:4180} INFO - Setting next_dagrun for dataset_s3_bucket_producer to None, run_after=None
[2024-09-27T20:30:12.040+0000] {processor.py:208} INFO - Processing /home/airflow/.local/lib/python3.12/site-packages/airflow/example_dags/example_dataset_alias.py took 0.190 seconds
[2024-09-27T20:30:42.104+0000] {processor.py:186} INFO - Started process (PID=1148) to work on /home/airflow/.local/lib/python3.12/site-packages/airflow/example_dags/example_dataset_alias.py
[2024-09-27T20:30:42.105+0000] {processor.py:914} INFO - Processing file /home/airflow/.local/lib/python3.12/site-packages/airflow/example_dags/example_dataset_alias.py for tasks to queue
[2024-09-27T20:30:42.107+0000] {logging_mixin.py:190} INFO - [2024-09-27T20:30:42.106+0000] {dagbag.py:588} INFO - Filling up the DagBag from /home/airflow/.local/lib/python3.12/site-packages/airflow/example_dags/example_dataset_alias.py
[2024-09-27T20:30:42.226+0000] {processor.py:925} INFO - DAG(s) 'dataset_alias_example_alias_consumer', 'dataset_s3_bucket_consumer', 'dataset_s3_bucket_producer', 'dataset_alias_example_alias_producer' retrieved from /home/airflow/.local/lib/python3.12/site-packages/airflow/example_dags/example_dataset_alias.py
[2024-09-27T20:30:42.242+0000] {logging_mixin.py:190} INFO - [2024-09-27T20:30:42.242+0000] {dag.py:3239} INFO - Sync 4 DAGs
[2024-09-27T20:30:42.259+0000] {logging_mixin.py:190} INFO - [2024-09-27T20:30:42.259+0000] {dag.py:4180} INFO - Setting next_dagrun for dataset_alias_example_alias_consumer to None, run_after=None
[2024-09-27T20:30:42.263+0000] {logging_mixin.py:190} INFO - [2024-09-27T20:30:42.263+0000] {dag.py:4180} INFO - Setting next_dagrun for dataset_alias_example_alias_producer to None, run_after=None
[2024-09-27T20:30:42.264+0000] {logging_mixin.py:190} INFO - [2024-09-27T20:30:42.264+0000] {dag.py:4180} INFO - Setting next_dagrun for dataset_s3_bucket_consumer to None, run_after=None
[2024-09-27T20:30:42.265+0000] {logging_mixin.py:190} INFO - [2024-09-27T20:30:42.265+0000] {dag.py:4180} INFO - Setting next_dagrun for dataset_s3_bucket_producer to None, run_after=None
[2024-09-27T20:30:42.281+0000] {processor.py:208} INFO - Processing /home/airflow/.local/lib/python3.12/site-packages/airflow/example_dags/example_dataset_alias.py took 0.181 seconds
[2024-09-27T20:31:12.510+0000] {processor.py:186} INFO - Started process (PID=1212) to work on /home/airflow/.local/lib/python3.12/site-packages/airflow/example_dags/example_dataset_alias.py
[2024-09-27T20:31:12.511+0000] {processor.py:914} INFO - Processing file /home/airflow/.local/lib/python3.12/site-packages/airflow/example_dags/example_dataset_alias.py for tasks to queue
[2024-09-27T20:31:12.513+0000] {logging_mixin.py:190} INFO - [2024-09-27T20:31:12.512+0000] {dagbag.py:588} INFO - Filling up the DagBag from /home/airflow/.local/lib/python3.12/site-packages/airflow/example_dags/example_dataset_alias.py
[2024-09-27T20:31:12.640+0000] {processor.py:925} INFO - DAG(s) 'dataset_s3_bucket_producer', 'dataset_alias_example_alias_consumer', 'dataset_s3_bucket_consumer', 'dataset_alias_example_alias_producer' retrieved from /home/airflow/.local/lib/python3.12/site-packages/airflow/example_dags/example_dataset_alias.py
[2024-09-27T20:31:12.656+0000] {logging_mixin.py:190} INFO - [2024-09-27T20:31:12.656+0000] {dag.py:3239} INFO - Sync 4 DAGs
[2024-09-27T20:31:12.674+0000] {logging_mixin.py:190} INFO - [2024-09-27T20:31:12.674+0000] {dag.py:4180} INFO - Setting next_dagrun for dataset_alias_example_alias_consumer to None, run_after=None
[2024-09-27T20:31:12.678+0000] {logging_mixin.py:190} INFO - [2024-09-27T20:31:12.677+0000] {dag.py:4180} INFO - Setting next_dagrun for dataset_alias_example_alias_producer to None, run_after=None
[2024-09-27T20:31:12.679+0000] {logging_mixin.py:190} INFO - [2024-09-27T20:31:12.679+0000] {dag.py:4180} INFO - Setting next_dagrun for dataset_s3_bucket_consumer to None, run_after=None
[2024-09-27T20:31:12.680+0000] {logging_mixin.py:190} INFO - [2024-09-27T20:31:12.680+0000] {dag.py:4180} INFO - Setting next_dagrun for dataset_s3_bucket_producer to None, run_after=None
[2024-09-27T20:31:12.706+0000] {processor.py:208} INFO - Processing /home/airflow/.local/lib/python3.12/site-packages/airflow/example_dags/example_dataset_alias.py took 0.200 seconds
[2024-09-27T20:31:43.047+0000] {processor.py:186} INFO - Started process (PID=1275) to work on /home/airflow/.local/lib/python3.12/site-packages/airflow/example_dags/example_dataset_alias.py
[2024-09-27T20:31:43.048+0000] {processor.py:914} INFO - Processing file /home/airflow/.local/lib/python3.12/site-packages/airflow/example_dags/example_dataset_alias.py for tasks to queue
[2024-09-27T20:31:43.050+0000] {logging_mixin.py:190} INFO - [2024-09-27T20:31:43.049+0000] {dagbag.py:588} INFO - Filling up the DagBag from /home/airflow/.local/lib/python3.12/site-packages/airflow/example_dags/example_dataset_alias.py
[2024-09-27T20:31:43.181+0000] {processor.py:925} INFO - DAG(s) 'dataset_alias_example_alias_consumer', 'dataset_alias_example_alias_producer', 'dataset_s3_bucket_producer', 'dataset_s3_bucket_consumer' retrieved from /home/airflow/.local/lib/python3.12/site-packages/airflow/example_dags/example_dataset_alias.py
[2024-09-27T20:31:43.198+0000] {logging_mixin.py:190} INFO - [2024-09-27T20:31:43.198+0000] {dag.py:3239} INFO - Sync 4 DAGs
[2024-09-27T20:31:43.219+0000] {logging_mixin.py:190} INFO - [2024-09-27T20:31:43.219+0000] {dag.py:4180} INFO - Setting next_dagrun for dataset_alias_example_alias_consumer to None, run_after=None
[2024-09-27T20:31:43.223+0000] {logging_mixin.py:190} INFO - [2024-09-27T20:31:43.223+0000] {dag.py:4180} INFO - Setting next_dagrun for dataset_alias_example_alias_producer to None, run_after=None
[2024-09-27T20:31:43.224+0000] {logging_mixin.py:190} INFO - [2024-09-27T20:31:43.224+0000] {dag.py:4180} INFO - Setting next_dagrun for dataset_s3_bucket_consumer to None, run_after=None
[2024-09-27T20:31:43.225+0000] {logging_mixin.py:190} INFO - [2024-09-27T20:31:43.225+0000] {dag.py:4180} INFO - Setting next_dagrun for dataset_s3_bucket_producer to None, run_after=None
[2024-09-27T20:31:43.242+0000] {processor.py:208} INFO - Processing /home/airflow/.local/lib/python3.12/site-packages/airflow/example_dags/example_dataset_alias.py took 0.199 seconds
[2024-09-27T20:32:13.931+0000] {processor.py:186} INFO - Started process (PID=1338) to work on /home/airflow/.local/lib/python3.12/site-packages/airflow/example_dags/example_dataset_alias.py
[2024-09-27T20:32:13.932+0000] {processor.py:914} INFO - Processing file /home/airflow/.local/lib/python3.12/site-packages/airflow/example_dags/example_dataset_alias.py for tasks to queue
[2024-09-27T20:32:13.934+0000] {logging_mixin.py:190} INFO - [2024-09-27T20:32:13.933+0000] {dagbag.py:588} INFO - Filling up the DagBag from /home/airflow/.local/lib/python3.12/site-packages/airflow/example_dags/example_dataset_alias.py
[2024-09-27T20:32:14.052+0000] {processor.py:925} INFO - DAG(s) 'dataset_s3_bucket_producer', 'dataset_s3_bucket_consumer', 'dataset_alias_example_alias_consumer', 'dataset_alias_example_alias_producer' retrieved from /home/airflow/.local/lib/python3.12/site-packages/airflow/example_dags/example_dataset_alias.py
[2024-09-27T20:32:14.068+0000] {logging_mixin.py:190} INFO - [2024-09-27T20:32:14.067+0000] {dag.py:3239} INFO - Sync 4 DAGs
[2024-09-27T20:32:14.086+0000] {logging_mixin.py:190} INFO - [2024-09-27T20:32:14.086+0000] {dag.py:4180} INFO - Setting next_dagrun for dataset_alias_example_alias_consumer to None, run_after=None
[2024-09-27T20:32:14.090+0000] {logging_mixin.py:190} INFO - [2024-09-27T20:32:14.090+0000] {dag.py:4180} INFO - Setting next_dagrun for dataset_alias_example_alias_producer to None, run_after=None
[2024-09-27T20:32:14.091+0000] {logging_mixin.py:190} INFO - [2024-09-27T20:32:14.091+0000] {dag.py:4180} INFO - Setting next_dagrun for dataset_s3_bucket_consumer to None, run_after=None
[2024-09-27T20:32:14.092+0000] {logging_mixin.py:190} INFO - [2024-09-27T20:32:14.092+0000] {dag.py:4180} INFO - Setting next_dagrun for dataset_s3_bucket_producer to None, run_after=None
[2024-09-27T20:32:14.107+0000] {processor.py:208} INFO - Processing /home/airflow/.local/lib/python3.12/site-packages/airflow/example_dags/example_dataset_alias.py took 0.180 seconds
[2024-09-27T20:32:44.770+0000] {processor.py:186} INFO - Started process (PID=1401) to work on /home/airflow/.local/lib/python3.12/site-packages/airflow/example_dags/example_dataset_alias.py
[2024-09-27T20:32:44.770+0000] {processor.py:914} INFO - Processing file /home/airflow/.local/lib/python3.12/site-packages/airflow/example_dags/example_dataset_alias.py for tasks to queue
[2024-09-27T20:32:44.772+0000] {logging_mixin.py:190} INFO - [2024-09-27T20:32:44.772+0000] {dagbag.py:588} INFO - Filling up the DagBag from /home/airflow/.local/lib/python3.12/site-packages/airflow/example_dags/example_dataset_alias.py
[2024-09-27T20:32:44.893+0000] {processor.py:925} INFO - DAG(s) 'dataset_alias_example_alias_producer', 'dataset_alias_example_alias_consumer', 'dataset_s3_bucket_consumer', 'dataset_s3_bucket_producer' retrieved from /home/airflow/.local/lib/python3.12/site-packages/airflow/example_dags/example_dataset_alias.py
[2024-09-27T20:32:44.909+0000] {logging_mixin.py:190} INFO - [2024-09-27T20:32:44.908+0000] {dag.py:3239} INFO - Sync 4 DAGs
[2024-09-27T20:32:44.927+0000] {logging_mixin.py:190} INFO - [2024-09-27T20:32:44.927+0000] {dag.py:4180} INFO - Setting next_dagrun for dataset_alias_example_alias_consumer to None, run_after=None
[2024-09-27T20:32:44.930+0000] {logging_mixin.py:190} INFO - [2024-09-27T20:32:44.929+0000] {dag.py:4180} INFO - Setting next_dagrun for dataset_alias_example_alias_producer to None, run_after=None
[2024-09-27T20:32:44.931+0000] {logging_mixin.py:190} INFO - [2024-09-27T20:32:44.931+0000] {dag.py:4180} INFO - Setting next_dagrun for dataset_s3_bucket_consumer to None, run_after=None
[2024-09-27T20:32:44.932+0000] {logging_mixin.py:190} INFO - [2024-09-27T20:32:44.932+0000] {dag.py:4180} INFO - Setting next_dagrun for dataset_s3_bucket_producer to None, run_after=None
[2024-09-27T20:32:44.949+0000] {processor.py:208} INFO - Processing /home/airflow/.local/lib/python3.12/site-packages/airflow/example_dags/example_dataset_alias.py took 0.184 seconds
[2024-09-27T20:33:14.987+0000] {processor.py:186} INFO - Started process (PID=1464) to work on /home/airflow/.local/lib/python3.12/site-packages/airflow/example_dags/example_dataset_alias.py
[2024-09-27T20:33:14.988+0000] {processor.py:914} INFO - Processing file /home/airflow/.local/lib/python3.12/site-packages/airflow/example_dags/example_dataset_alias.py for tasks to queue
[2024-09-27T20:33:14.990+0000] {logging_mixin.py:190} INFO - [2024-09-27T20:33:14.990+0000] {dagbag.py:588} INFO - Filling up the DagBag from /home/airflow/.local/lib/python3.12/site-packages/airflow/example_dags/example_dataset_alias.py
[2024-09-27T20:33:15.131+0000] {processor.py:925} INFO - DAG(s) 'dataset_alias_example_alias_consumer', 'dataset_s3_bucket_consumer', 'dataset_alias_example_alias_producer', 'dataset_s3_bucket_producer' retrieved from /home/airflow/.local/lib/python3.12/site-packages/airflow/example_dags/example_dataset_alias.py
[2024-09-27T20:33:15.149+0000] {logging_mixin.py:190} INFO - [2024-09-27T20:33:15.149+0000] {dag.py:3239} INFO - Sync 4 DAGs
[2024-09-27T20:33:15.168+0000] {logging_mixin.py:190} INFO - [2024-09-27T20:33:15.167+0000] {dag.py:4180} INFO - Setting next_dagrun for dataset_alias_example_alias_consumer to None, run_after=None
[2024-09-27T20:33:15.170+0000] {logging_mixin.py:190} INFO - [2024-09-27T20:33:15.170+0000] {dag.py:4180} INFO - Setting next_dagrun for dataset_alias_example_alias_producer to None, run_after=None
[2024-09-27T20:33:15.171+0000] {logging_mixin.py:190} INFO - [2024-09-27T20:33:15.171+0000] {dag.py:4180} INFO - Setting next_dagrun for dataset_s3_bucket_consumer to None, run_after=None
[2024-09-27T20:33:15.172+0000] {logging_mixin.py:190} INFO - [2024-09-27T20:33:15.172+0000] {dag.py:4180} INFO - Setting next_dagrun for dataset_s3_bucket_producer to None, run_after=None
[2024-09-27T20:33:15.187+0000] {processor.py:208} INFO - Processing /home/airflow/.local/lib/python3.12/site-packages/airflow/example_dags/example_dataset_alias.py took 0.204 seconds
[2024-09-27T20:33:46.002+0000] {processor.py:186} INFO - Started process (PID=1527) to work on /home/airflow/.local/lib/python3.12/site-packages/airflow/example_dags/example_dataset_alias.py
[2024-09-27T20:33:46.003+0000] {processor.py:914} INFO - Processing file /home/airflow/.local/lib/python3.12/site-packages/airflow/example_dags/example_dataset_alias.py for tasks to queue
[2024-09-27T20:33:46.005+0000] {logging_mixin.py:190} INFO - [2024-09-27T20:33:46.005+0000] {dagbag.py:588} INFO - Filling up the DagBag from /home/airflow/.local/lib/python3.12/site-packages/airflow/example_dags/example_dataset_alias.py
[2024-09-27T20:33:46.154+0000] {processor.py:925} INFO - DAG(s) 'dataset_alias_example_alias_producer', 'dataset_alias_example_alias_consumer', 'dataset_s3_bucket_producer', 'dataset_s3_bucket_consumer' retrieved from /home/airflow/.local/lib/python3.12/site-packages/airflow/example_dags/example_dataset_alias.py
[2024-09-27T20:33:46.173+0000] {logging_mixin.py:190} INFO - [2024-09-27T20:33:46.173+0000] {dag.py:3239} INFO - Sync 4 DAGs
[2024-09-27T20:33:46.192+0000] {logging_mixin.py:190} INFO - [2024-09-27T20:33:46.192+0000] {dag.py:4180} INFO - Setting next_dagrun for dataset_alias_example_alias_consumer to None, run_after=None
[2024-09-27T20:33:46.196+0000] {logging_mixin.py:190} INFO - [2024-09-27T20:33:46.196+0000] {dag.py:4180} INFO - Setting next_dagrun for dataset_alias_example_alias_producer to None, run_after=None
[2024-09-27T20:33:46.198+0000] {logging_mixin.py:190} INFO - [2024-09-27T20:33:46.198+0000] {dag.py:4180} INFO - Setting next_dagrun for dataset_s3_bucket_consumer to None, run_after=None
[2024-09-27T20:33:46.200+0000] {logging_mixin.py:190} INFO - [2024-09-27T20:33:46.199+0000] {dag.py:4180} INFO - Setting next_dagrun for dataset_s3_bucket_producer to None, run_after=None
[2024-09-27T20:33:46.226+0000] {processor.py:208} INFO - Processing /home/airflow/.local/lib/python3.12/site-packages/airflow/example_dags/example_dataset_alias.py took 0.229 seconds
[2024-09-27T20:34:16.300+0000] {processor.py:186} INFO - Started process (PID=1590) to work on /home/airflow/.local/lib/python3.12/site-packages/airflow/example_dags/example_dataset_alias.py
[2024-09-27T20:34:16.301+0000] {processor.py:914} INFO - Processing file /home/airflow/.local/lib/python3.12/site-packages/airflow/example_dags/example_dataset_alias.py for tasks to queue
[2024-09-27T20:34:16.304+0000] {logging_mixin.py:190} INFO - [2024-09-27T20:34:16.303+0000] {dagbag.py:588} INFO - Filling up the DagBag from /home/airflow/.local/lib/python3.12/site-packages/airflow/example_dags/example_dataset_alias.py
[2024-09-27T20:34:16.448+0000] {processor.py:925} INFO - DAG(s) 'dataset_alias_example_alias_producer', 'dataset_alias_example_alias_consumer', 'dataset_s3_bucket_producer', 'dataset_s3_bucket_consumer' retrieved from /home/airflow/.local/lib/python3.12/site-packages/airflow/example_dags/example_dataset_alias.py
[2024-09-27T20:34:16.471+0000] {logging_mixin.py:190} INFO - [2024-09-27T20:34:16.471+0000] {dag.py:3239} INFO - Sync 4 DAGs
[2024-09-27T20:34:16.495+0000] {logging_mixin.py:190} INFO - [2024-09-27T20:34:16.495+0000] {dag.py:4180} INFO - Setting next_dagrun for dataset_alias_example_alias_consumer to None, run_after=None
[2024-09-27T20:34:16.498+0000] {logging_mixin.py:190} INFO - [2024-09-27T20:34:16.498+0000] {dag.py:4180} INFO - Setting next_dagrun for dataset_alias_example_alias_producer to None, run_after=None
[2024-09-27T20:34:16.500+0000] {logging_mixin.py:190} INFO - [2024-09-27T20:34:16.500+0000] {dag.py:4180} INFO - Setting next_dagrun for dataset_s3_bucket_consumer to None, run_after=None
[2024-09-27T20:34:16.502+0000] {logging_mixin.py:190} INFO - [2024-09-27T20:34:16.501+0000] {dag.py:4180} INFO - Setting next_dagrun for dataset_s3_bucket_producer to None, run_after=None
[2024-09-27T20:34:16.536+0000] {processor.py:208} INFO - Processing /home/airflow/.local/lib/python3.12/site-packages/airflow/example_dags/example_dataset_alias.py took 0.241 seconds
[2024-09-27T20:34:47.283+0000] {processor.py:186} INFO - Started process (PID=1653) to work on /home/airflow/.local/lib/python3.12/site-packages/airflow/example_dags/example_dataset_alias.py
[2024-09-27T20:34:47.284+0000] {processor.py:914} INFO - Processing file /home/airflow/.local/lib/python3.12/site-packages/airflow/example_dags/example_dataset_alias.py for tasks to queue
[2024-09-27T20:34:47.285+0000] {logging_mixin.py:190} INFO - [2024-09-27T20:34:47.285+0000] {dagbag.py:588} INFO - Filling up the DagBag from /home/airflow/.local/lib/python3.12/site-packages/airflow/example_dags/example_dataset_alias.py
[2024-09-27T20:34:47.405+0000] {processor.py:925} INFO - DAG(s) 'dataset_alias_example_alias_consumer', 'dataset_s3_bucket_producer', 'dataset_alias_example_alias_producer', 'dataset_s3_bucket_consumer' retrieved from /home/airflow/.local/lib/python3.12/site-packages/airflow/example_dags/example_dataset_alias.py
[2024-09-27T20:34:47.420+0000] {logging_mixin.py:190} INFO - [2024-09-27T20:34:47.419+0000] {dag.py:3239} INFO - Sync 4 DAGs
[2024-09-27T20:34:47.436+0000] {logging_mixin.py:190} INFO - [2024-09-27T20:34:47.436+0000] {dag.py:4180} INFO - Setting next_dagrun for dataset_alias_example_alias_consumer to None, run_after=None
[2024-09-27T20:34:47.438+0000] {logging_mixin.py:190} INFO - [2024-09-27T20:34:47.438+0000] {dag.py:4180} INFO - Setting next_dagrun for dataset_alias_example_alias_producer to None, run_after=None
[2024-09-27T20:34:47.439+0000] {logging_mixin.py:190} INFO - [2024-09-27T20:34:47.439+0000] {dag.py:4180} INFO - Setting next_dagrun for dataset_s3_bucket_consumer to None, run_after=None
[2024-09-27T20:34:47.440+0000] {logging_mixin.py:190} INFO - [2024-09-27T20:34:47.440+0000] {dag.py:4180} INFO - Setting next_dagrun for dataset_s3_bucket_producer to None, run_after=None
[2024-09-27T20:34:47.454+0000] {processor.py:208} INFO - Processing /home/airflow/.local/lib/python3.12/site-packages/airflow/example_dags/example_dataset_alias.py took 0.175 seconds
[2024-09-27T20:35:17.692+0000] {processor.py:186} INFO - Started process (PID=1716) to work on /home/airflow/.local/lib/python3.12/site-packages/airflow/example_dags/example_dataset_alias.py
[2024-09-27T20:35:17.693+0000] {processor.py:914} INFO - Processing file /home/airflow/.local/lib/python3.12/site-packages/airflow/example_dags/example_dataset_alias.py for tasks to queue
[2024-09-27T20:35:17.694+0000] {logging_mixin.py:190} INFO - [2024-09-27T20:35:17.694+0000] {dagbag.py:588} INFO - Filling up the DagBag from /home/airflow/.local/lib/python3.12/site-packages/airflow/example_dags/example_dataset_alias.py
[2024-09-27T20:35:17.817+0000] {processor.py:925} INFO - DAG(s) 'dataset_s3_bucket_consumer', 'dataset_alias_example_alias_consumer', 'dataset_alias_example_alias_producer', 'dataset_s3_bucket_producer' retrieved from /home/airflow/.local/lib/python3.12/site-packages/airflow/example_dags/example_dataset_alias.py
[2024-09-27T20:35:17.837+0000] {logging_mixin.py:190} INFO - [2024-09-27T20:35:17.837+0000] {dag.py:3239} INFO - Sync 4 DAGs
[2024-09-27T20:35:17.854+0000] {logging_mixin.py:190} INFO - [2024-09-27T20:35:17.854+0000] {dag.py:4180} INFO - Setting next_dagrun for dataset_alias_example_alias_consumer to None, run_after=None
[2024-09-27T20:35:17.856+0000] {logging_mixin.py:190} INFO - [2024-09-27T20:35:17.856+0000] {dag.py:4180} INFO - Setting next_dagrun for dataset_alias_example_alias_producer to None, run_after=None
[2024-09-27T20:35:17.857+0000] {logging_mixin.py:190} INFO - [2024-09-27T20:35:17.857+0000] {dag.py:4180} INFO - Setting next_dagrun for dataset_s3_bucket_consumer to None, run_after=None
[2024-09-27T20:35:17.858+0000] {logging_mixin.py:190} INFO - [2024-09-27T20:35:17.858+0000] {dag.py:4180} INFO - Setting next_dagrun for dataset_s3_bucket_producer to None, run_after=None
[2024-09-27T20:35:17.873+0000] {processor.py:208} INFO - Processing /home/airflow/.local/lib/python3.12/site-packages/airflow/example_dags/example_dataset_alias.py took 0.185 seconds
[2024-09-27T20:44:14.193+0000] {processor.py:186} INFO - Started process (PID=76) to work on /home/airflow/.local/lib/python3.12/site-packages/airflow/example_dags/example_dataset_alias.py
[2024-09-27T20:44:14.194+0000] {processor.py:914} INFO - Processing file /home/airflow/.local/lib/python3.12/site-packages/airflow/example_dags/example_dataset_alias.py for tasks to queue
[2024-09-27T20:44:14.196+0000] {logging_mixin.py:190} INFO - [2024-09-27T20:44:14.196+0000] {dagbag.py:588} INFO - Filling up the DagBag from /home/airflow/.local/lib/python3.12/site-packages/airflow/example_dags/example_dataset_alias.py
[2024-09-27T20:44:14.344+0000] {processor.py:925} INFO - DAG(s) 'dataset_s3_bucket_consumer', 'dataset_alias_example_alias_producer', 'dataset_alias_example_alias_consumer', 'dataset_s3_bucket_producer' retrieved from /home/airflow/.local/lib/python3.12/site-packages/airflow/example_dags/example_dataset_alias.py
[2024-09-27T20:44:14.367+0000] {logging_mixin.py:190} INFO - [2024-09-27T20:44:14.367+0000] {dag.py:3239} INFO - Sync 4 DAGs
[2024-09-27T20:44:14.388+0000] {logging_mixin.py:190} INFO - [2024-09-27T20:44:14.387+0000] {dag.py:4180} INFO - Setting next_dagrun for dataset_alias_example_alias_consumer to None, run_after=None
[2024-09-27T20:44:14.390+0000] {logging_mixin.py:190} INFO - [2024-09-27T20:44:14.390+0000] {dag.py:4180} INFO - Setting next_dagrun for dataset_alias_example_alias_producer to None, run_after=None
[2024-09-27T20:44:14.391+0000] {logging_mixin.py:190} INFO - [2024-09-27T20:44:14.391+0000] {dag.py:4180} INFO - Setting next_dagrun for dataset_s3_bucket_consumer to None, run_after=None
[2024-09-27T20:44:14.392+0000] {logging_mixin.py:190} INFO - [2024-09-27T20:44:14.392+0000] {dag.py:4180} INFO - Setting next_dagrun for dataset_s3_bucket_producer to None, run_after=None
[2024-09-27T20:44:14.410+0000] {processor.py:208} INFO - Processing /home/airflow/.local/lib/python3.12/site-packages/airflow/example_dags/example_dataset_alias.py took 0.222 seconds
[2024-09-27T20:44:44.880+0000] {processor.py:186} INFO - Started process (PID=139) to work on /home/airflow/.local/lib/python3.12/site-packages/airflow/example_dags/example_dataset_alias.py
[2024-09-27T20:44:44.881+0000] {processor.py:914} INFO - Processing file /home/airflow/.local/lib/python3.12/site-packages/airflow/example_dags/example_dataset_alias.py for tasks to queue
[2024-09-27T20:44:44.884+0000] {logging_mixin.py:190} INFO - [2024-09-27T20:44:44.884+0000] {dagbag.py:588} INFO - Filling up the DagBag from /home/airflow/.local/lib/python3.12/site-packages/airflow/example_dags/example_dataset_alias.py
[2024-09-27T20:44:45.040+0000] {processor.py:925} INFO - DAG(s) 'dataset_s3_bucket_consumer', 'dataset_alias_example_alias_producer', 'dataset_s3_bucket_producer', 'dataset_alias_example_alias_consumer' retrieved from /home/airflow/.local/lib/python3.12/site-packages/airflow/example_dags/example_dataset_alias.py
[2024-09-27T20:44:45.061+0000] {logging_mixin.py:190} INFO - [2024-09-27T20:44:45.061+0000] {dag.py:3239} INFO - Sync 4 DAGs
[2024-09-27T20:44:45.086+0000] {logging_mixin.py:190} INFO - [2024-09-27T20:44:45.085+0000] {dag.py:4180} INFO - Setting next_dagrun for dataset_alias_example_alias_consumer to None, run_after=None
[2024-09-27T20:44:45.090+0000] {logging_mixin.py:190} INFO - [2024-09-27T20:44:45.090+0000] {dag.py:4180} INFO - Setting next_dagrun for dataset_alias_example_alias_producer to None, run_after=None
[2024-09-27T20:44:45.091+0000] {logging_mixin.py:190} INFO - [2024-09-27T20:44:45.091+0000] {dag.py:4180} INFO - Setting next_dagrun for dataset_s3_bucket_consumer to None, run_after=None
[2024-09-27T20:44:45.093+0000] {logging_mixin.py:190} INFO - [2024-09-27T20:44:45.092+0000] {dag.py:4180} INFO - Setting next_dagrun for dataset_s3_bucket_producer to None, run_after=None
[2024-09-27T20:44:45.115+0000] {processor.py:208} INFO - Processing /home/airflow/.local/lib/python3.12/site-packages/airflow/example_dags/example_dataset_alias.py took 0.242 seconds
[2024-09-27T20:45:15.851+0000] {processor.py:186} INFO - Started process (PID=208) to work on /home/airflow/.local/lib/python3.12/site-packages/airflow/example_dags/example_dataset_alias.py
[2024-09-27T20:45:15.851+0000] {processor.py:914} INFO - Processing file /home/airflow/.local/lib/python3.12/site-packages/airflow/example_dags/example_dataset_alias.py for tasks to queue
[2024-09-27T20:45:15.853+0000] {logging_mixin.py:190} INFO - [2024-09-27T20:45:15.853+0000] {dagbag.py:588} INFO - Filling up the DagBag from /home/airflow/.local/lib/python3.12/site-packages/airflow/example_dags/example_dataset_alias.py
[2024-09-27T20:45:15.970+0000] {processor.py:925} INFO - DAG(s) 'dataset_s3_bucket_producer', 'dataset_alias_example_alias_producer', 'dataset_alias_example_alias_consumer', 'dataset_s3_bucket_consumer' retrieved from /home/airflow/.local/lib/python3.12/site-packages/airflow/example_dags/example_dataset_alias.py
[2024-09-27T20:45:15.985+0000] {logging_mixin.py:190} INFO - [2024-09-27T20:45:15.985+0000] {dag.py:3239} INFO - Sync 4 DAGs
[2024-09-27T20:45:16.001+0000] {logging_mixin.py:190} INFO - [2024-09-27T20:45:16.001+0000] {dag.py:4180} INFO - Setting next_dagrun for dataset_alias_example_alias_consumer to None, run_after=None
[2024-09-27T20:45:16.003+0000] {logging_mixin.py:190} INFO - [2024-09-27T20:45:16.003+0000] {dag.py:4180} INFO - Setting next_dagrun for dataset_alias_example_alias_producer to None, run_after=None
[2024-09-27T20:45:16.004+0000] {logging_mixin.py:190} INFO - [2024-09-27T20:45:16.004+0000] {dag.py:4180} INFO - Setting next_dagrun for dataset_s3_bucket_consumer to None, run_after=None
[2024-09-27T20:45:16.005+0000] {logging_mixin.py:190} INFO - [2024-09-27T20:45:16.005+0000] {dag.py:4180} INFO - Setting next_dagrun for dataset_s3_bucket_producer to None, run_after=None
[2024-09-27T20:45:16.055+0000] {processor.py:208} INFO - Processing /home/airflow/.local/lib/python3.12/site-packages/airflow/example_dags/example_dataset_alias.py took 0.209 seconds
