[2024-09-27T19:46:00.761+0000] {processor.py:186} INFO - Started process (PID=102) to work on /home/airflow/.local/lib/python3.12/site-packages/airflow/example_dags/example_params_ui_tutorial.py
[2024-09-27T19:46:00.762+0000] {processor.py:914} INFO - Processing file /home/airflow/.local/lib/python3.12/site-packages/airflow/example_dags/example_params_ui_tutorial.py for tasks to queue
[2024-09-27T19:46:00.764+0000] {logging_mixin.py:190} INFO - [2024-09-27T19:46:00.764+0000] {dagbag.py:588} INFO - Filling up the DagBag from /home/airflow/.local/lib/python3.12/site-packages/airflow/example_dags/example_params_ui_tutorial.py
[2024-09-27T19:46:00.772+0000] {processor.py:925} INFO - DAG(s) 'example_params_ui_tutorial' retrieved from /home/airflow/.local/lib/python3.12/site-packages/airflow/example_dags/example_params_ui_tutorial.py
[2024-09-27T19:46:00.812+0000] {logging_mixin.py:190} INFO - [2024-09-27T19:46:00.811+0000] {dag.py:3239} INFO - Sync 1 DAGs
[2024-09-27T19:46:00.824+0000] {logging_mixin.py:190} INFO - [2024-09-27T19:46:00.824+0000] {dag.py:4180} INFO - Setting next_dagrun for example_params_ui_tutorial to None, run_after=None
[2024-09-27T19:46:00.838+0000] {processor.py:208} INFO - Processing /home/airflow/.local/lib/python3.12/site-packages/airflow/example_dags/example_params_ui_tutorial.py took 0.082 seconds
[2024-09-27T19:46:32.273+0000] {processor.py:186} INFO - Started process (PID=171) to work on /home/airflow/.local/lib/python3.12/site-packages/airflow/example_dags/example_params_ui_tutorial.py
[2024-09-27T19:46:32.274+0000] {processor.py:914} INFO - Processing file /home/airflow/.local/lib/python3.12/site-packages/airflow/example_dags/example_params_ui_tutorial.py for tasks to queue
[2024-09-27T19:46:32.276+0000] {logging_mixin.py:190} INFO - [2024-09-27T19:46:32.276+0000] {dagbag.py:588} INFO - Filling up the DagBag from /home/airflow/.local/lib/python3.12/site-packages/airflow/example_dags/example_params_ui_tutorial.py
[2024-09-27T19:46:32.283+0000] {processor.py:925} INFO - DAG(s) 'example_params_ui_tutorial' retrieved from /home/airflow/.local/lib/python3.12/site-packages/airflow/example_dags/example_params_ui_tutorial.py
[2024-09-27T19:46:32.322+0000] {logging_mixin.py:190} INFO - [2024-09-27T19:46:32.321+0000] {dag.py:3239} INFO - Sync 1 DAGs
[2024-09-27T19:46:32.333+0000] {logging_mixin.py:190} INFO - [2024-09-27T19:46:32.333+0000] {dag.py:4180} INFO - Setting next_dagrun for example_params_ui_tutorial to None, run_after=None
[2024-09-27T19:46:32.349+0000] {processor.py:208} INFO - Processing /home/airflow/.local/lib/python3.12/site-packages/airflow/example_dags/example_params_ui_tutorial.py took 0.080 seconds
[2024-09-27T19:47:02.466+0000] {processor.py:186} INFO - Started process (PID=239) to work on /home/airflow/.local/lib/python3.12/site-packages/airflow/example_dags/example_params_ui_tutorial.py
[2024-09-27T19:47:02.467+0000] {processor.py:914} INFO - Processing file /home/airflow/.local/lib/python3.12/site-packages/airflow/example_dags/example_params_ui_tutorial.py for tasks to queue
[2024-09-27T19:47:02.469+0000] {logging_mixin.py:190} INFO - [2024-09-27T19:47:02.469+0000] {dagbag.py:588} INFO - Filling up the DagBag from /home/airflow/.local/lib/python3.12/site-packages/airflow/example_dags/example_params_ui_tutorial.py
[2024-09-27T19:47:02.477+0000] {processor.py:925} INFO - DAG(s) 'example_params_ui_tutorial' retrieved from /home/airflow/.local/lib/python3.12/site-packages/airflow/example_dags/example_params_ui_tutorial.py
[2024-09-27T19:47:02.516+0000] {logging_mixin.py:190} INFO - [2024-09-27T19:47:02.516+0000] {dag.py:3239} INFO - Sync 1 DAGs
[2024-09-27T19:47:02.529+0000] {logging_mixin.py:190} INFO - [2024-09-27T19:47:02.528+0000] {dag.py:4180} INFO - Setting next_dagrun for example_params_ui_tutorial to None, run_after=None
[2024-09-27T19:47:02.544+0000] {processor.py:208} INFO - Processing /home/airflow/.local/lib/python3.12/site-packages/airflow/example_dags/example_params_ui_tutorial.py took 0.082 seconds
[2024-09-27T19:47:33.126+0000] {processor.py:186} INFO - Started process (PID=311) to work on /home/airflow/.local/lib/python3.12/site-packages/airflow/example_dags/example_params_ui_tutorial.py
[2024-09-27T19:47:33.127+0000] {processor.py:914} INFO - Processing file /home/airflow/.local/lib/python3.12/site-packages/airflow/example_dags/example_params_ui_tutorial.py for tasks to queue
[2024-09-27T19:47:33.130+0000] {logging_mixin.py:190} INFO - [2024-09-27T19:47:33.129+0000] {dagbag.py:588} INFO - Filling up the DagBag from /home/airflow/.local/lib/python3.12/site-packages/airflow/example_dags/example_params_ui_tutorial.py
[2024-09-27T19:47:33.143+0000] {processor.py:925} INFO - DAG(s) 'example_params_ui_tutorial' retrieved from /home/airflow/.local/lib/python3.12/site-packages/airflow/example_dags/example_params_ui_tutorial.py
[2024-09-27T19:47:33.208+0000] {logging_mixin.py:190} INFO - [2024-09-27T19:47:33.208+0000] {dag.py:3239} INFO - Sync 1 DAGs
[2024-09-27T19:47:33.232+0000] {logging_mixin.py:190} INFO - [2024-09-27T19:47:33.232+0000] {dag.py:4180} INFO - Setting next_dagrun for example_params_ui_tutorial to None, run_after=None
[2024-09-27T19:47:33.266+0000] {processor.py:208} INFO - Processing /home/airflow/.local/lib/python3.12/site-packages/airflow/example_dags/example_params_ui_tutorial.py took 0.148 seconds
