[2024-09-27T19:46:01.124+0000] {processor.py:186} INFO - Started process (PID=113) to work on /home/airflow/.local/lib/python3.12/site-packages/airflow/example_dags/example_external_task_marker_dag.py
[2024-09-27T19:46:01.125+0000] {processor.py:914} INFO - Processing file /home/airflow/.local/lib/python3.12/site-packages/airflow/example_dags/example_external_task_marker_dag.py for tasks to queue
[2024-09-27T19:46:01.127+0000] {logging_mixin.py:190} INFO - [2024-09-27T19:46:01.127+0000] {dagbag.py:588} INFO - Filling up the DagBag from /home/airflow/.local/lib/python3.12/site-packages/airflow/example_dags/example_external_task_marker_dag.py
[2024-09-27T19:46:01.134+0000] {processor.py:925} INFO - DAG(s) 'example_external_task_marker_parent', 'example_external_task_marker_child' retrieved from /home/airflow/.local/lib/python3.12/site-packages/airflow/example_dags/example_external_task_marker_dag.py
[2024-09-27T19:46:01.154+0000] {logging_mixin.py:190} INFO - [2024-09-27T19:46:01.154+0000] {dag.py:3239} INFO - Sync 2 DAGs
[2024-09-27T19:46:01.168+0000] {logging_mixin.py:190} INFO - [2024-09-27T19:46:01.168+0000] {dag.py:4180} INFO - Setting next_dagrun for example_external_task_marker_child to None, run_after=None
[2024-09-27T19:46:01.174+0000] {logging_mixin.py:190} INFO - [2024-09-27T19:46:01.174+0000] {dag.py:4180} INFO - Setting next_dagrun for example_external_task_marker_parent to None, run_after=None
[2024-09-27T19:46:01.191+0000] {processor.py:208} INFO - Processing /home/airflow/.local/lib/python3.12/site-packages/airflow/example_dags/example_external_task_marker_dag.py took 0.072 seconds
[2024-09-27T19:46:32.514+0000] {processor.py:186} INFO - Started process (PID=176) to work on /home/airflow/.local/lib/python3.12/site-packages/airflow/example_dags/example_external_task_marker_dag.py
[2024-09-27T19:46:32.514+0000] {processor.py:914} INFO - Processing file /home/airflow/.local/lib/python3.12/site-packages/airflow/example_dags/example_external_task_marker_dag.py for tasks to queue
[2024-09-27T19:46:32.516+0000] {logging_mixin.py:190} INFO - [2024-09-27T19:46:32.516+0000] {dagbag.py:588} INFO - Filling up the DagBag from /home/airflow/.local/lib/python3.12/site-packages/airflow/example_dags/example_external_task_marker_dag.py
[2024-09-27T19:46:32.522+0000] {processor.py:925} INFO - DAG(s) 'example_external_task_marker_parent', 'example_external_task_marker_child' retrieved from /home/airflow/.local/lib/python3.12/site-packages/airflow/example_dags/example_external_task_marker_dag.py
[2024-09-27T19:46:32.540+0000] {logging_mixin.py:190} INFO - [2024-09-27T19:46:32.539+0000] {dag.py:3239} INFO - Sync 2 DAGs
[2024-09-27T19:46:32.552+0000] {logging_mixin.py:190} INFO - [2024-09-27T19:46:32.552+0000] {dag.py:4180} INFO - Setting next_dagrun for example_external_task_marker_child to None, run_after=None
[2024-09-27T19:46:32.556+0000] {logging_mixin.py:190} INFO - [2024-09-27T19:46:32.556+0000] {dag.py:4180} INFO - Setting next_dagrun for example_external_task_marker_parent to None, run_after=None
[2024-09-27T19:46:32.568+0000] {processor.py:208} INFO - Processing /home/airflow/.local/lib/python3.12/site-packages/airflow/example_dags/example_external_task_marker_dag.py took 0.059 seconds
[2024-09-27T19:47:02.706+0000] {processor.py:186} INFO - Started process (PID=244) to work on /home/airflow/.local/lib/python3.12/site-packages/airflow/example_dags/example_external_task_marker_dag.py
[2024-09-27T19:47:02.707+0000] {processor.py:914} INFO - Processing file /home/airflow/.local/lib/python3.12/site-packages/airflow/example_dags/example_external_task_marker_dag.py for tasks to queue
[2024-09-27T19:47:02.710+0000] {logging_mixin.py:190} INFO - [2024-09-27T19:47:02.710+0000] {dagbag.py:588} INFO - Filling up the DagBag from /home/airflow/.local/lib/python3.12/site-packages/airflow/example_dags/example_external_task_marker_dag.py
[2024-09-27T19:47:02.717+0000] {processor.py:925} INFO - DAG(s) 'example_external_task_marker_child', 'example_external_task_marker_parent' retrieved from /home/airflow/.local/lib/python3.12/site-packages/airflow/example_dags/example_external_task_marker_dag.py
[2024-09-27T19:47:02.737+0000] {logging_mixin.py:190} INFO - [2024-09-27T19:47:02.737+0000] {dag.py:3239} INFO - Sync 2 DAGs
[2024-09-27T19:47:02.751+0000] {logging_mixin.py:190} INFO - [2024-09-27T19:47:02.750+0000] {dag.py:4180} INFO - Setting next_dagrun for example_external_task_marker_child to None, run_after=None
[2024-09-27T19:47:02.755+0000] {logging_mixin.py:190} INFO - [2024-09-27T19:47:02.754+0000] {dag.py:4180} INFO - Setting next_dagrun for example_external_task_marker_parent to None, run_after=None
[2024-09-27T19:47:02.769+0000] {processor.py:208} INFO - Processing /home/airflow/.local/lib/python3.12/site-packages/airflow/example_dags/example_external_task_marker_dag.py took 0.068 seconds
[2024-09-27T19:47:33.863+0000] {processor.py:186} INFO - Started process (PID=316) to work on /home/airflow/.local/lib/python3.12/site-packages/airflow/example_dags/example_external_task_marker_dag.py
[2024-09-27T19:47:33.865+0000] {processor.py:914} INFO - Processing file /home/airflow/.local/lib/python3.12/site-packages/airflow/example_dags/example_external_task_marker_dag.py for tasks to queue
[2024-09-27T19:47:33.868+0000] {logging_mixin.py:190} INFO - [2024-09-27T19:47:33.867+0000] {dagbag.py:588} INFO - Filling up the DagBag from /home/airflow/.local/lib/python3.12/site-packages/airflow/example_dags/example_external_task_marker_dag.py
[2024-09-27T19:47:33.880+0000] {processor.py:925} INFO - DAG(s) 'example_external_task_marker_child', 'example_external_task_marker_parent' retrieved from /home/airflow/.local/lib/python3.12/site-packages/airflow/example_dags/example_external_task_marker_dag.py
[2024-09-27T19:47:33.918+0000] {logging_mixin.py:190} INFO - [2024-09-27T19:47:33.918+0000] {dag.py:3239} INFO - Sync 2 DAGs
[2024-09-27T19:47:33.939+0000] {logging_mixin.py:190} INFO - [2024-09-27T19:47:33.938+0000] {dag.py:4180} INFO - Setting next_dagrun for example_external_task_marker_child to None, run_after=None
[2024-09-27T19:47:33.946+0000] {logging_mixin.py:190} INFO - [2024-09-27T19:47:33.946+0000] {dag.py:4180} INFO - Setting next_dagrun for example_external_task_marker_parent to None, run_after=None
[2024-09-27T19:47:33.971+0000] {processor.py:208} INFO - Processing /home/airflow/.local/lib/python3.12/site-packages/airflow/example_dags/example_external_task_marker_dag.py took 0.117 seconds
