[2024-09-27T19:45:59.620+0000] {processor.py:186} INFO - Started process (PID=86) to work on /home/airflow/.local/lib/python3.12/site-packages/airflow/example_dags/example_branch_labels.py
[2024-09-27T19:45:59.621+0000] {processor.py:914} INFO - Processing file /home/airflow/.local/lib/python3.12/site-packages/airflow/example_dags/example_branch_labels.py for tasks to queue
[2024-09-27T19:45:59.623+0000] {logging_mixin.py:190} INFO - [2024-09-27T19:45:59.623+0000] {dagbag.py:588} INFO - Filling up the DagBag from /home/airflow/.local/lib/python3.12/site-packages/airflow/example_dags/example_branch_labels.py
[2024-09-27T19:45:59.632+0000] {processor.py:925} INFO - DAG(s) 'example_branch_labels' retrieved from /home/airflow/.local/lib/python3.12/site-packages/airflow/example_dags/example_branch_labels.py
[2024-09-27T19:45:59.652+0000] {logging_mixin.py:190} INFO - [2024-09-27T19:45:59.651+0000] {dag.py:3239} INFO - Sync 1 DAGs
[2024-09-27T19:45:59.673+0000] {logging_mixin.py:190} INFO - [2024-09-27T19:45:59.673+0000] {dag.py:4180} INFO - Setting next_dagrun for example_branch_labels to 2024-09-26 00:00:00+00:00, run_after=2024-09-27 00:00:00+00:00
[2024-09-27T19:45:59.690+0000] {processor.py:208} INFO - Processing /home/airflow/.local/lib/python3.12/site-packages/airflow/example_dags/example_branch_labels.py took 0.075 seconds
[2024-09-27T19:46:30.785+0000] {processor.py:186} INFO - Started process (PID=149) to work on /home/airflow/.local/lib/python3.12/site-packages/airflow/example_dags/example_branch_labels.py
[2024-09-27T19:46:30.785+0000] {processor.py:914} INFO - Processing file /home/airflow/.local/lib/python3.12/site-packages/airflow/example_dags/example_branch_labels.py for tasks to queue
[2024-09-27T19:46:30.787+0000] {logging_mixin.py:190} INFO - [2024-09-27T19:46:30.787+0000] {dagbag.py:588} INFO - Filling up the DagBag from /home/airflow/.local/lib/python3.12/site-packages/airflow/example_dags/example_branch_labels.py
[2024-09-27T19:46:30.795+0000] {processor.py:925} INFO - DAG(s) 'example_branch_labels' retrieved from /home/airflow/.local/lib/python3.12/site-packages/airflow/example_dags/example_branch_labels.py
[2024-09-27T19:46:30.811+0000] {logging_mixin.py:190} INFO - [2024-09-27T19:46:30.811+0000] {dag.py:3239} INFO - Sync 1 DAGs
[2024-09-27T19:46:30.832+0000] {logging_mixin.py:190} INFO - [2024-09-27T19:46:30.832+0000] {dag.py:4180} INFO - Setting next_dagrun for example_branch_labels to 2024-09-26 00:00:00+00:00, run_after=2024-09-27 00:00:00+00:00
[2024-09-27T19:46:30.845+0000] {processor.py:208} INFO - Processing /home/airflow/.local/lib/python3.12/site-packages/airflow/example_dags/example_branch_labels.py took 0.065 seconds
[2024-09-27T19:47:00.981+0000] {processor.py:186} INFO - Started process (PID=215) to work on /home/airflow/.local/lib/python3.12/site-packages/airflow/example_dags/example_branch_labels.py
[2024-09-27T19:47:00.981+0000] {processor.py:914} INFO - Processing file /home/airflow/.local/lib/python3.12/site-packages/airflow/example_dags/example_branch_labels.py for tasks to queue
[2024-09-27T19:47:00.983+0000] {logging_mixin.py:190} INFO - [2024-09-27T19:47:00.983+0000] {dagbag.py:588} INFO - Filling up the DagBag from /home/airflow/.local/lib/python3.12/site-packages/airflow/example_dags/example_branch_labels.py
[2024-09-27T19:47:00.990+0000] {processor.py:925} INFO - DAG(s) 'example_branch_labels' retrieved from /home/airflow/.local/lib/python3.12/site-packages/airflow/example_dags/example_branch_labels.py
[2024-09-27T19:47:01.007+0000] {logging_mixin.py:190} INFO - [2024-09-27T19:47:01.007+0000] {dag.py:3239} INFO - Sync 1 DAGs
[2024-09-27T19:47:01.027+0000] {logging_mixin.py:190} INFO - [2024-09-27T19:47:01.026+0000] {dag.py:4180} INFO - Setting next_dagrun for example_branch_labels to 2024-09-26 00:00:00+00:00, run_after=2024-09-27 00:00:00+00:00
[2024-09-27T19:47:01.040+0000] {processor.py:208} INFO - Processing /home/airflow/.local/lib/python3.12/site-packages/airflow/example_dags/example_branch_labels.py took 0.063 seconds
[2024-09-27T19:47:31.250+0000] {processor.py:186} INFO - Started process (PID=284) to work on /home/airflow/.local/lib/python3.12/site-packages/airflow/example_dags/example_branch_labels.py
[2024-09-27T19:47:31.251+0000] {processor.py:914} INFO - Processing file /home/airflow/.local/lib/python3.12/site-packages/airflow/example_dags/example_branch_labels.py for tasks to queue
[2024-09-27T19:47:31.253+0000] {logging_mixin.py:190} INFO - [2024-09-27T19:47:31.253+0000] {dagbag.py:588} INFO - Filling up the DagBag from /home/airflow/.local/lib/python3.12/site-packages/airflow/example_dags/example_branch_labels.py
[2024-09-27T19:47:31.261+0000] {processor.py:925} INFO - DAG(s) 'example_branch_labels' retrieved from /home/airflow/.local/lib/python3.12/site-packages/airflow/example_dags/example_branch_labels.py
[2024-09-27T19:47:31.280+0000] {logging_mixin.py:190} INFO - [2024-09-27T19:47:31.280+0000] {dag.py:3239} INFO - Sync 1 DAGs
[2024-09-27T19:47:31.301+0000] {logging_mixin.py:190} INFO - [2024-09-27T19:47:31.301+0000] {dag.py:4180} INFO - Setting next_dagrun for example_branch_labels to 2024-09-26 00:00:00+00:00, run_after=2024-09-27 00:00:00+00:00
[2024-09-27T19:47:31.331+0000] {processor.py:208} INFO - Processing /home/airflow/.local/lib/python3.12/site-packages/airflow/example_dags/example_branch_labels.py took 0.088 seconds
[2024-09-27T19:48:01.393+0000] {processor.py:186} INFO - Started process (PID=364) to work on /home/airflow/.local/lib/python3.12/site-packages/airflow/example_dags/example_branch_labels.py
[2024-09-27T19:48:01.394+0000] {processor.py:914} INFO - Processing file /home/airflow/.local/lib/python3.12/site-packages/airflow/example_dags/example_branch_labels.py for tasks to queue
[2024-09-27T19:48:01.395+0000] {logging_mixin.py:190} INFO - [2024-09-27T19:48:01.395+0000] {dagbag.py:588} INFO - Filling up the DagBag from /home/airflow/.local/lib/python3.12/site-packages/airflow/example_dags/example_branch_labels.py
[2024-09-27T19:48:01.402+0000] {processor.py:925} INFO - DAG(s) 'example_branch_labels' retrieved from /home/airflow/.local/lib/python3.12/site-packages/airflow/example_dags/example_branch_labels.py
[2024-09-27T19:48:01.419+0000] {logging_mixin.py:190} INFO - [2024-09-27T19:48:01.419+0000] {dag.py:3239} INFO - Sync 1 DAGs
[2024-09-27T19:48:01.439+0000] {logging_mixin.py:190} INFO - [2024-09-27T19:48:01.439+0000] {dag.py:4180} INFO - Setting next_dagrun for example_branch_labels to 2024-09-26 00:00:00+00:00, run_after=2024-09-27 00:00:00+00:00
[2024-09-27T19:48:01.452+0000] {processor.py:208} INFO - Processing /home/airflow/.local/lib/python3.12/site-packages/airflow/example_dags/example_branch_labels.py took 0.064 seconds
[2024-09-27T20:22:03.473+0000] {processor.py:186} INFO - Started process (PID=80) to work on /home/airflow/.local/lib/python3.12/site-packages/airflow/example_dags/example_branch_labels.py
[2024-09-27T20:22:03.474+0000] {processor.py:914} INFO - Processing file /home/airflow/.local/lib/python3.12/site-packages/airflow/example_dags/example_branch_labels.py for tasks to queue
[2024-09-27T20:22:03.476+0000] {logging_mixin.py:190} INFO - [2024-09-27T20:22:03.476+0000] {dagbag.py:588} INFO - Filling up the DagBag from /home/airflow/.local/lib/python3.12/site-packages/airflow/example_dags/example_branch_labels.py
[2024-09-27T20:22:03.485+0000] {processor.py:925} INFO - DAG(s) 'example_branch_labels' retrieved from /home/airflow/.local/lib/python3.12/site-packages/airflow/example_dags/example_branch_labels.py
[2024-09-27T20:22:03.509+0000] {logging_mixin.py:190} INFO - [2024-09-27T20:22:03.508+0000] {dag.py:3239} INFO - Sync 1 DAGs
[2024-09-27T20:22:03.545+0000] {logging_mixin.py:190} INFO - [2024-09-27T20:22:03.544+0000] {dag.py:4180} INFO - Setting next_dagrun for example_branch_labels to 2024-09-26 00:00:00+00:00, run_after=2024-09-27 00:00:00+00:00
[2024-09-27T20:22:03.561+0000] {processor.py:208} INFO - Processing /home/airflow/.local/lib/python3.12/site-packages/airflow/example_dags/example_branch_labels.py took 0.093 seconds
[2024-09-27T20:22:33.736+0000] {processor.py:186} INFO - Started process (PID=143) to work on /home/airflow/.local/lib/python3.12/site-packages/airflow/example_dags/example_branch_labels.py
[2024-09-27T20:22:33.737+0000] {processor.py:914} INFO - Processing file /home/airflow/.local/lib/python3.12/site-packages/airflow/example_dags/example_branch_labels.py for tasks to queue
[2024-09-27T20:22:33.739+0000] {logging_mixin.py:190} INFO - [2024-09-27T20:22:33.739+0000] {dagbag.py:588} INFO - Filling up the DagBag from /home/airflow/.local/lib/python3.12/site-packages/airflow/example_dags/example_branch_labels.py
[2024-09-27T20:22:33.746+0000] {processor.py:925} INFO - DAG(s) 'example_branch_labels' retrieved from /home/airflow/.local/lib/python3.12/site-packages/airflow/example_dags/example_branch_labels.py
[2024-09-27T20:22:33.762+0000] {logging_mixin.py:190} INFO - [2024-09-27T20:22:33.762+0000] {dag.py:3239} INFO - Sync 1 DAGs
[2024-09-27T20:22:33.780+0000] {logging_mixin.py:190} INFO - [2024-09-27T20:22:33.780+0000] {dag.py:4180} INFO - Setting next_dagrun for example_branch_labels to 2024-09-26 00:00:00+00:00, run_after=2024-09-27 00:00:00+00:00
[2024-09-27T20:22:33.793+0000] {processor.py:208} INFO - Processing /home/airflow/.local/lib/python3.12/site-packages/airflow/example_dags/example_branch_labels.py took 0.061 seconds
[2024-09-27T20:23:04.093+0000] {processor.py:186} INFO - Started process (PID=210) to work on /home/airflow/.local/lib/python3.12/site-packages/airflow/example_dags/example_branch_labels.py
[2024-09-27T20:23:04.094+0000] {processor.py:914} INFO - Processing file /home/airflow/.local/lib/python3.12/site-packages/airflow/example_dags/example_branch_labels.py for tasks to queue
[2024-09-27T20:23:04.096+0000] {logging_mixin.py:190} INFO - [2024-09-27T20:23:04.096+0000] {dagbag.py:588} INFO - Filling up the DagBag from /home/airflow/.local/lib/python3.12/site-packages/airflow/example_dags/example_branch_labels.py
[2024-09-27T20:23:04.104+0000] {processor.py:925} INFO - DAG(s) 'example_branch_labels' retrieved from /home/airflow/.local/lib/python3.12/site-packages/airflow/example_dags/example_branch_labels.py
[2024-09-27T20:23:04.121+0000] {logging_mixin.py:190} INFO - [2024-09-27T20:23:04.121+0000] {dag.py:3239} INFO - Sync 1 DAGs
[2024-09-27T20:23:04.143+0000] {logging_mixin.py:190} INFO - [2024-09-27T20:23:04.142+0000] {dag.py:4180} INFO - Setting next_dagrun for example_branch_labels to 2024-09-26 00:00:00+00:00, run_after=2024-09-27 00:00:00+00:00
[2024-09-27T20:23:04.157+0000] {processor.py:208} INFO - Processing /home/airflow/.local/lib/python3.12/site-packages/airflow/example_dags/example_branch_labels.py took 0.069 seconds
[2024-09-27T20:23:34.687+0000] {processor.py:186} INFO - Started process (PID=274) to work on /home/airflow/.local/lib/python3.12/site-packages/airflow/example_dags/example_branch_labels.py
[2024-09-27T20:23:34.688+0000] {processor.py:914} INFO - Processing file /home/airflow/.local/lib/python3.12/site-packages/airflow/example_dags/example_branch_labels.py for tasks to queue
[2024-09-27T20:23:34.690+0000] {logging_mixin.py:190} INFO - [2024-09-27T20:23:34.689+0000] {dagbag.py:588} INFO - Filling up the DagBag from /home/airflow/.local/lib/python3.12/site-packages/airflow/example_dags/example_branch_labels.py
[2024-09-27T20:23:34.698+0000] {processor.py:925} INFO - DAG(s) 'example_branch_labels' retrieved from /home/airflow/.local/lib/python3.12/site-packages/airflow/example_dags/example_branch_labels.py
[2024-09-27T20:23:34.715+0000] {logging_mixin.py:190} INFO - [2024-09-27T20:23:34.715+0000] {dag.py:3239} INFO - Sync 1 DAGs
[2024-09-27T20:23:34.737+0000] {logging_mixin.py:190} INFO - [2024-09-27T20:23:34.737+0000] {dag.py:4180} INFO - Setting next_dagrun for example_branch_labels to 2024-09-26 00:00:00+00:00, run_after=2024-09-27 00:00:00+00:00
[2024-09-27T20:23:34.751+0000] {processor.py:208} INFO - Processing /home/airflow/.local/lib/python3.12/site-packages/airflow/example_dags/example_branch_labels.py took 0.068 seconds
[2024-09-27T20:24:05.729+0000] {processor.py:186} INFO - Started process (PID=338) to work on /home/airflow/.local/lib/python3.12/site-packages/airflow/example_dags/example_branch_labels.py
[2024-09-27T20:24:05.730+0000] {processor.py:914} INFO - Processing file /home/airflow/.local/lib/python3.12/site-packages/airflow/example_dags/example_branch_labels.py for tasks to queue
[2024-09-27T20:24:05.732+0000] {logging_mixin.py:190} INFO - [2024-09-27T20:24:05.732+0000] {dagbag.py:588} INFO - Filling up the DagBag from /home/airflow/.local/lib/python3.12/site-packages/airflow/example_dags/example_branch_labels.py
[2024-09-27T20:24:05.741+0000] {processor.py:925} INFO - DAG(s) 'example_branch_labels' retrieved from /home/airflow/.local/lib/python3.12/site-packages/airflow/example_dags/example_branch_labels.py
[2024-09-27T20:24:05.761+0000] {logging_mixin.py:190} INFO - [2024-09-27T20:24:05.761+0000] {dag.py:3239} INFO - Sync 1 DAGs
[2024-09-27T20:24:05.786+0000] {logging_mixin.py:190} INFO - [2024-09-27T20:24:05.786+0000] {dag.py:4180} INFO - Setting next_dagrun for example_branch_labels to 2024-09-26 00:00:00+00:00, run_after=2024-09-27 00:00:00+00:00
[2024-09-27T20:24:05.805+0000] {processor.py:208} INFO - Processing /home/airflow/.local/lib/python3.12/site-packages/airflow/example_dags/example_branch_labels.py took 0.082 seconds
[2024-09-27T20:24:35.939+0000] {processor.py:186} INFO - Started process (PID=400) to work on /home/airflow/.local/lib/python3.12/site-packages/airflow/example_dags/example_branch_labels.py
[2024-09-27T20:24:35.940+0000] {processor.py:914} INFO - Processing file /home/airflow/.local/lib/python3.12/site-packages/airflow/example_dags/example_branch_labels.py for tasks to queue
[2024-09-27T20:24:35.941+0000] {logging_mixin.py:190} INFO - [2024-09-27T20:24:35.941+0000] {dagbag.py:588} INFO - Filling up the DagBag from /home/airflow/.local/lib/python3.12/site-packages/airflow/example_dags/example_branch_labels.py
[2024-09-27T20:24:35.949+0000] {processor.py:925} INFO - DAG(s) 'example_branch_labels' retrieved from /home/airflow/.local/lib/python3.12/site-packages/airflow/example_dags/example_branch_labels.py
[2024-09-27T20:24:35.966+0000] {logging_mixin.py:190} INFO - [2024-09-27T20:24:35.965+0000] {dag.py:3239} INFO - Sync 1 DAGs
[2024-09-27T20:24:35.986+0000] {logging_mixin.py:190} INFO - [2024-09-27T20:24:35.986+0000] {dag.py:4180} INFO - Setting next_dagrun for example_branch_labels to 2024-09-26 00:00:00+00:00, run_after=2024-09-27 00:00:00+00:00
[2024-09-27T20:24:36.034+0000] {processor.py:208} INFO - Processing /home/airflow/.local/lib/python3.12/site-packages/airflow/example_dags/example_branch_labels.py took 0.099 seconds
[2024-09-27T20:25:06.691+0000] {processor.py:186} INFO - Started process (PID=462) to work on /home/airflow/.local/lib/python3.12/site-packages/airflow/example_dags/example_branch_labels.py
[2024-09-27T20:25:06.692+0000] {processor.py:914} INFO - Processing file /home/airflow/.local/lib/python3.12/site-packages/airflow/example_dags/example_branch_labels.py for tasks to queue
[2024-09-27T20:25:06.694+0000] {logging_mixin.py:190} INFO - [2024-09-27T20:25:06.694+0000] {dagbag.py:588} INFO - Filling up the DagBag from /home/airflow/.local/lib/python3.12/site-packages/airflow/example_dags/example_branch_labels.py
[2024-09-27T20:25:06.704+0000] {processor.py:925} INFO - DAG(s) 'example_branch_labels' retrieved from /home/airflow/.local/lib/python3.12/site-packages/airflow/example_dags/example_branch_labels.py
[2024-09-27T20:25:06.724+0000] {logging_mixin.py:190} INFO - [2024-09-27T20:25:06.724+0000] {dag.py:3239} INFO - Sync 1 DAGs
[2024-09-27T20:25:06.745+0000] {logging_mixin.py:190} INFO - [2024-09-27T20:25:06.745+0000] {dag.py:4180} INFO - Setting next_dagrun for example_branch_labels to 2024-09-26 00:00:00+00:00, run_after=2024-09-27 00:00:00+00:00
[2024-09-27T20:25:06.760+0000] {processor.py:208} INFO - Processing /home/airflow/.local/lib/python3.12/site-packages/airflow/example_dags/example_branch_labels.py took 0.073 seconds
[2024-09-27T20:25:37.012+0000] {processor.py:186} INFO - Started process (PID=525) to work on /home/airflow/.local/lib/python3.12/site-packages/airflow/example_dags/example_branch_labels.py
[2024-09-27T20:25:37.012+0000] {processor.py:914} INFO - Processing file /home/airflow/.local/lib/python3.12/site-packages/airflow/example_dags/example_branch_labels.py for tasks to queue
[2024-09-27T20:25:37.014+0000] {logging_mixin.py:190} INFO - [2024-09-27T20:25:37.014+0000] {dagbag.py:588} INFO - Filling up the DagBag from /home/airflow/.local/lib/python3.12/site-packages/airflow/example_dags/example_branch_labels.py
[2024-09-27T20:25:37.022+0000] {processor.py:925} INFO - DAG(s) 'example_branch_labels' retrieved from /home/airflow/.local/lib/python3.12/site-packages/airflow/example_dags/example_branch_labels.py
[2024-09-27T20:25:37.037+0000] {logging_mixin.py:190} INFO - [2024-09-27T20:25:37.037+0000] {dag.py:3239} INFO - Sync 1 DAGs
[2024-09-27T20:25:37.058+0000] {logging_mixin.py:190} INFO - [2024-09-27T20:25:37.057+0000] {dag.py:4180} INFO - Setting next_dagrun for example_branch_labels to 2024-09-26 00:00:00+00:00, run_after=2024-09-27 00:00:00+00:00
[2024-09-27T20:25:37.072+0000] {processor.py:208} INFO - Processing /home/airflow/.local/lib/python3.12/site-packages/airflow/example_dags/example_branch_labels.py took 0.065 seconds
[2024-09-27T20:26:07.241+0000] {processor.py:186} INFO - Started process (PID=588) to work on /home/airflow/.local/lib/python3.12/site-packages/airflow/example_dags/example_branch_labels.py
[2024-09-27T20:26:07.242+0000] {processor.py:914} INFO - Processing file /home/airflow/.local/lib/python3.12/site-packages/airflow/example_dags/example_branch_labels.py for tasks to queue
[2024-09-27T20:26:07.244+0000] {logging_mixin.py:190} INFO - [2024-09-27T20:26:07.244+0000] {dagbag.py:588} INFO - Filling up the DagBag from /home/airflow/.local/lib/python3.12/site-packages/airflow/example_dags/example_branch_labels.py
[2024-09-27T20:26:07.251+0000] {processor.py:925} INFO - DAG(s) 'example_branch_labels' retrieved from /home/airflow/.local/lib/python3.12/site-packages/airflow/example_dags/example_branch_labels.py
[2024-09-27T20:26:07.267+0000] {logging_mixin.py:190} INFO - [2024-09-27T20:26:07.267+0000] {dag.py:3239} INFO - Sync 1 DAGs
[2024-09-27T20:26:07.286+0000] {logging_mixin.py:190} INFO - [2024-09-27T20:26:07.286+0000] {dag.py:4180} INFO - Setting next_dagrun for example_branch_labels to 2024-09-26 00:00:00+00:00, run_after=2024-09-27 00:00:00+00:00
[2024-09-27T20:26:07.300+0000] {processor.py:208} INFO - Processing /home/airflow/.local/lib/python3.12/site-packages/airflow/example_dags/example_branch_labels.py took 0.063 seconds
[2024-09-27T20:26:37.842+0000] {processor.py:186} INFO - Started process (PID=652) to work on /home/airflow/.local/lib/python3.12/site-packages/airflow/example_dags/example_branch_labels.py
[2024-09-27T20:26:37.842+0000] {processor.py:914} INFO - Processing file /home/airflow/.local/lib/python3.12/site-packages/airflow/example_dags/example_branch_labels.py for tasks to queue
[2024-09-27T20:26:37.844+0000] {logging_mixin.py:190} INFO - [2024-09-27T20:26:37.844+0000] {dagbag.py:588} INFO - Filling up the DagBag from /home/airflow/.local/lib/python3.12/site-packages/airflow/example_dags/example_branch_labels.py
[2024-09-27T20:26:37.853+0000] {processor.py:925} INFO - DAG(s) 'example_branch_labels' retrieved from /home/airflow/.local/lib/python3.12/site-packages/airflow/example_dags/example_branch_labels.py
[2024-09-27T20:26:37.873+0000] {logging_mixin.py:190} INFO - [2024-09-27T20:26:37.872+0000] {dag.py:3239} INFO - Sync 1 DAGs
[2024-09-27T20:26:37.895+0000] {logging_mixin.py:190} INFO - [2024-09-27T20:26:37.894+0000] {dag.py:4180} INFO - Setting next_dagrun for example_branch_labels to 2024-09-26 00:00:00+00:00, run_after=2024-09-27 00:00:00+00:00
[2024-09-27T20:26:37.913+0000] {processor.py:208} INFO - Processing /home/airflow/.local/lib/python3.12/site-packages/airflow/example_dags/example_branch_labels.py took 0.077 seconds
[2024-09-27T20:27:08.650+0000] {processor.py:186} INFO - Started process (PID=716) to work on /home/airflow/.local/lib/python3.12/site-packages/airflow/example_dags/example_branch_labels.py
[2024-09-27T20:27:08.651+0000] {processor.py:914} INFO - Processing file /home/airflow/.local/lib/python3.12/site-packages/airflow/example_dags/example_branch_labels.py for tasks to queue
[2024-09-27T20:27:08.653+0000] {logging_mixin.py:190} INFO - [2024-09-27T20:27:08.652+0000] {dagbag.py:588} INFO - Filling up the DagBag from /home/airflow/.local/lib/python3.12/site-packages/airflow/example_dags/example_branch_labels.py
[2024-09-27T20:27:08.661+0000] {processor.py:925} INFO - DAG(s) 'example_branch_labels' retrieved from /home/airflow/.local/lib/python3.12/site-packages/airflow/example_dags/example_branch_labels.py
[2024-09-27T20:27:08.677+0000] {logging_mixin.py:190} INFO - [2024-09-27T20:27:08.677+0000] {dag.py:3239} INFO - Sync 1 DAGs
[2024-09-27T20:27:08.696+0000] {logging_mixin.py:190} INFO - [2024-09-27T20:27:08.696+0000] {dag.py:4180} INFO - Setting next_dagrun for example_branch_labels to 2024-09-26 00:00:00+00:00, run_after=2024-09-27 00:00:00+00:00
[2024-09-27T20:27:08.709+0000] {processor.py:208} INFO - Processing /home/airflow/.local/lib/python3.12/site-packages/airflow/example_dags/example_branch_labels.py took 0.064 seconds
[2024-09-27T20:27:41.806+0000] {processor.py:186} INFO - Started process (PID=779) to work on /home/airflow/.local/lib/python3.12/site-packages/airflow/example_dags/example_branch_labels.py
[2024-09-27T20:27:41.814+0000] {processor.py:914} INFO - Processing file /home/airflow/.local/lib/python3.12/site-packages/airflow/example_dags/example_branch_labels.py for tasks to queue
[2024-09-27T20:27:41.823+0000] {logging_mixin.py:190} INFO - [2024-09-27T20:27:41.822+0000] {dagbag.py:588} INFO - Filling up the DagBag from /home/airflow/.local/lib/python3.12/site-packages/airflow/example_dags/example_branch_labels.py
[2024-09-27T20:27:41.853+0000] {processor.py:925} INFO - DAG(s) 'example_branch_labels' retrieved from /home/airflow/.local/lib/python3.12/site-packages/airflow/example_dags/example_branch_labels.py
[2024-09-27T20:27:41.903+0000] {logging_mixin.py:190} INFO - [2024-09-27T20:27:41.902+0000] {dag.py:3239} INFO - Sync 1 DAGs
[2024-09-27T20:27:41.982+0000] {logging_mixin.py:190} INFO - [2024-09-27T20:27:41.982+0000] {dag.py:4180} INFO - Setting next_dagrun for example_branch_labels to 2024-09-26 00:00:00+00:00, run_after=2024-09-27 00:00:00+00:00
[2024-09-27T20:27:42.036+0000] {processor.py:208} INFO - Processing /home/airflow/.local/lib/python3.12/site-packages/airflow/example_dags/example_branch_labels.py took 0.239 seconds
[2024-09-27T20:28:12.364+0000] {processor.py:186} INFO - Started process (PID=842) to work on /home/airflow/.local/lib/python3.12/site-packages/airflow/example_dags/example_branch_labels.py
[2024-09-27T20:28:12.364+0000] {processor.py:914} INFO - Processing file /home/airflow/.local/lib/python3.12/site-packages/airflow/example_dags/example_branch_labels.py for tasks to queue
[2024-09-27T20:28:12.366+0000] {logging_mixin.py:190} INFO - [2024-09-27T20:28:12.366+0000] {dagbag.py:588} INFO - Filling up the DagBag from /home/airflow/.local/lib/python3.12/site-packages/airflow/example_dags/example_branch_labels.py
[2024-09-27T20:28:12.374+0000] {processor.py:925} INFO - DAG(s) 'example_branch_labels' retrieved from /home/airflow/.local/lib/python3.12/site-packages/airflow/example_dags/example_branch_labels.py
[2024-09-27T20:28:12.391+0000] {logging_mixin.py:190} INFO - [2024-09-27T20:28:12.391+0000] {dag.py:3239} INFO - Sync 1 DAGs
[2024-09-27T20:28:12.410+0000] {logging_mixin.py:190} INFO - [2024-09-27T20:28:12.410+0000] {dag.py:4180} INFO - Setting next_dagrun for example_branch_labels to 2024-09-26 00:00:00+00:00, run_after=2024-09-27 00:00:00+00:00
[2024-09-27T20:28:12.423+0000] {processor.py:208} INFO - Processing /home/airflow/.local/lib/python3.12/site-packages/airflow/example_dags/example_branch_labels.py took 0.063 seconds
[2024-09-27T20:28:42.772+0000] {processor.py:186} INFO - Started process (PID=905) to work on /home/airflow/.local/lib/python3.12/site-packages/airflow/example_dags/example_branch_labels.py
[2024-09-27T20:28:42.773+0000] {processor.py:914} INFO - Processing file /home/airflow/.local/lib/python3.12/site-packages/airflow/example_dags/example_branch_labels.py for tasks to queue
[2024-09-27T20:28:42.775+0000] {logging_mixin.py:190} INFO - [2024-09-27T20:28:42.775+0000] {dagbag.py:588} INFO - Filling up the DagBag from /home/airflow/.local/lib/python3.12/site-packages/airflow/example_dags/example_branch_labels.py
[2024-09-27T20:28:42.785+0000] {processor.py:925} INFO - DAG(s) 'example_branch_labels' retrieved from /home/airflow/.local/lib/python3.12/site-packages/airflow/example_dags/example_branch_labels.py
[2024-09-27T20:28:42.804+0000] {logging_mixin.py:190} INFO - [2024-09-27T20:28:42.803+0000] {dag.py:3239} INFO - Sync 1 DAGs
[2024-09-27T20:28:42.825+0000] {logging_mixin.py:190} INFO - [2024-09-27T20:28:42.824+0000] {dag.py:4180} INFO - Setting next_dagrun for example_branch_labels to 2024-09-26 00:00:00+00:00, run_after=2024-09-27 00:00:00+00:00
[2024-09-27T20:28:42.841+0000] {processor.py:208} INFO - Processing /home/airflow/.local/lib/python3.12/site-packages/airflow/example_dags/example_branch_labels.py took 0.074 seconds
[2024-09-27T20:29:13.930+0000] {processor.py:186} INFO - Started process (PID=968) to work on /home/airflow/.local/lib/python3.12/site-packages/airflow/example_dags/example_branch_labels.py
[2024-09-27T20:29:13.931+0000] {processor.py:914} INFO - Processing file /home/airflow/.local/lib/python3.12/site-packages/airflow/example_dags/example_branch_labels.py for tasks to queue
[2024-09-27T20:29:13.933+0000] {logging_mixin.py:190} INFO - [2024-09-27T20:29:13.933+0000] {dagbag.py:588} INFO - Filling up the DagBag from /home/airflow/.local/lib/python3.12/site-packages/airflow/example_dags/example_branch_labels.py
[2024-09-27T20:29:13.941+0000] {processor.py:925} INFO - DAG(s) 'example_branch_labels' retrieved from /home/airflow/.local/lib/python3.12/site-packages/airflow/example_dags/example_branch_labels.py
[2024-09-27T20:29:13.959+0000] {logging_mixin.py:190} INFO - [2024-09-27T20:29:13.959+0000] {dag.py:3239} INFO - Sync 1 DAGs
[2024-09-27T20:29:13.981+0000] {logging_mixin.py:190} INFO - [2024-09-27T20:29:13.981+0000] {dag.py:4180} INFO - Setting next_dagrun for example_branch_labels to 2024-09-26 00:00:00+00:00, run_after=2024-09-27 00:00:00+00:00
[2024-09-27T20:29:13.996+0000] {processor.py:208} INFO - Processing /home/airflow/.local/lib/python3.12/site-packages/airflow/example_dags/example_branch_labels.py took 0.071 seconds
[2024-09-27T20:29:44.265+0000] {processor.py:186} INFO - Started process (PID=1031) to work on /home/airflow/.local/lib/python3.12/site-packages/airflow/example_dags/example_branch_labels.py
[2024-09-27T20:29:44.266+0000] {processor.py:914} INFO - Processing file /home/airflow/.local/lib/python3.12/site-packages/airflow/example_dags/example_branch_labels.py for tasks to queue
[2024-09-27T20:29:44.268+0000] {logging_mixin.py:190} INFO - [2024-09-27T20:29:44.268+0000] {dagbag.py:588} INFO - Filling up the DagBag from /home/airflow/.local/lib/python3.12/site-packages/airflow/example_dags/example_branch_labels.py
[2024-09-27T20:29:44.277+0000] {processor.py:925} INFO - DAG(s) 'example_branch_labels' retrieved from /home/airflow/.local/lib/python3.12/site-packages/airflow/example_dags/example_branch_labels.py
[2024-09-27T20:29:44.296+0000] {logging_mixin.py:190} INFO - [2024-09-27T20:29:44.296+0000] {dag.py:3239} INFO - Sync 1 DAGs
[2024-09-27T20:29:44.321+0000] {logging_mixin.py:190} INFO - [2024-09-27T20:29:44.320+0000] {dag.py:4180} INFO - Setting next_dagrun for example_branch_labels to 2024-09-26 00:00:00+00:00, run_after=2024-09-27 00:00:00+00:00
[2024-09-27T20:29:44.337+0000] {processor.py:208} INFO - Processing /home/airflow/.local/lib/python3.12/site-packages/airflow/example_dags/example_branch_labels.py took 0.077 seconds
[2024-09-27T20:30:14.615+0000] {processor.py:186} INFO - Started process (PID=1094) to work on /home/airflow/.local/lib/python3.12/site-packages/airflow/example_dags/example_branch_labels.py
[2024-09-27T20:30:14.615+0000] {processor.py:914} INFO - Processing file /home/airflow/.local/lib/python3.12/site-packages/airflow/example_dags/example_branch_labels.py for tasks to queue
[2024-09-27T20:30:14.618+0000] {logging_mixin.py:190} INFO - [2024-09-27T20:30:14.617+0000] {dagbag.py:588} INFO - Filling up the DagBag from /home/airflow/.local/lib/python3.12/site-packages/airflow/example_dags/example_branch_labels.py
[2024-09-27T20:30:14.627+0000] {processor.py:925} INFO - DAG(s) 'example_branch_labels' retrieved from /home/airflow/.local/lib/python3.12/site-packages/airflow/example_dags/example_branch_labels.py
[2024-09-27T20:30:14.647+0000] {logging_mixin.py:190} INFO - [2024-09-27T20:30:14.646+0000] {dag.py:3239} INFO - Sync 1 DAGs
[2024-09-27T20:30:14.667+0000] {logging_mixin.py:190} INFO - [2024-09-27T20:30:14.667+0000] {dag.py:4180} INFO - Setting next_dagrun for example_branch_labels to 2024-09-26 00:00:00+00:00, run_after=2024-09-27 00:00:00+00:00
[2024-09-27T20:30:14.681+0000] {processor.py:208} INFO - Processing /home/airflow/.local/lib/python3.12/site-packages/airflow/example_dags/example_branch_labels.py took 0.071 seconds
[2024-09-27T20:30:44.882+0000] {processor.py:186} INFO - Started process (PID=1157) to work on /home/airflow/.local/lib/python3.12/site-packages/airflow/example_dags/example_branch_labels.py
[2024-09-27T20:30:44.884+0000] {processor.py:914} INFO - Processing file /home/airflow/.local/lib/python3.12/site-packages/airflow/example_dags/example_branch_labels.py for tasks to queue
[2024-09-27T20:30:44.886+0000] {logging_mixin.py:190} INFO - [2024-09-27T20:30:44.886+0000] {dagbag.py:588} INFO - Filling up the DagBag from /home/airflow/.local/lib/python3.12/site-packages/airflow/example_dags/example_branch_labels.py
[2024-09-27T20:30:44.895+0000] {processor.py:925} INFO - DAG(s) 'example_branch_labels' retrieved from /home/airflow/.local/lib/python3.12/site-packages/airflow/example_dags/example_branch_labels.py
[2024-09-27T20:30:44.912+0000] {logging_mixin.py:190} INFO - [2024-09-27T20:30:44.912+0000] {dag.py:3239} INFO - Sync 1 DAGs
[2024-09-27T20:30:44.932+0000] {logging_mixin.py:190} INFO - [2024-09-27T20:30:44.931+0000] {dag.py:4180} INFO - Setting next_dagrun for example_branch_labels to 2024-09-26 00:00:00+00:00, run_after=2024-09-27 00:00:00+00:00
[2024-09-27T20:30:44.947+0000] {processor.py:208} INFO - Processing /home/airflow/.local/lib/python3.12/site-packages/airflow/example_dags/example_branch_labels.py took 0.069 seconds
[2024-09-27T20:31:15.329+0000] {processor.py:186} INFO - Started process (PID=1221) to work on /home/airflow/.local/lib/python3.12/site-packages/airflow/example_dags/example_branch_labels.py
[2024-09-27T20:31:15.330+0000] {processor.py:914} INFO - Processing file /home/airflow/.local/lib/python3.12/site-packages/airflow/example_dags/example_branch_labels.py for tasks to queue
[2024-09-27T20:31:15.332+0000] {logging_mixin.py:190} INFO - [2024-09-27T20:31:15.332+0000] {dagbag.py:588} INFO - Filling up the DagBag from /home/airflow/.local/lib/python3.12/site-packages/airflow/example_dags/example_branch_labels.py
[2024-09-27T20:31:15.340+0000] {processor.py:925} INFO - DAG(s) 'example_branch_labels' retrieved from /home/airflow/.local/lib/python3.12/site-packages/airflow/example_dags/example_branch_labels.py
[2024-09-27T20:31:15.359+0000] {logging_mixin.py:190} INFO - [2024-09-27T20:31:15.358+0000] {dag.py:3239} INFO - Sync 1 DAGs
[2024-09-27T20:31:15.391+0000] {logging_mixin.py:190} INFO - [2024-09-27T20:31:15.390+0000] {dag.py:4180} INFO - Setting next_dagrun for example_branch_labels to 2024-09-26 00:00:00+00:00, run_after=2024-09-27 00:00:00+00:00
[2024-09-27T20:31:15.411+0000] {processor.py:208} INFO - Processing /home/airflow/.local/lib/python3.12/site-packages/airflow/example_dags/example_branch_labels.py took 0.086 seconds
[2024-09-27T20:31:46.033+0000] {processor.py:186} INFO - Started process (PID=1284) to work on /home/airflow/.local/lib/python3.12/site-packages/airflow/example_dags/example_branch_labels.py
[2024-09-27T20:31:46.034+0000] {processor.py:914} INFO - Processing file /home/airflow/.local/lib/python3.12/site-packages/airflow/example_dags/example_branch_labels.py for tasks to queue
[2024-09-27T20:31:46.037+0000] {logging_mixin.py:190} INFO - [2024-09-27T20:31:46.036+0000] {dagbag.py:588} INFO - Filling up the DagBag from /home/airflow/.local/lib/python3.12/site-packages/airflow/example_dags/example_branch_labels.py
[2024-09-27T20:31:46.047+0000] {processor.py:925} INFO - DAG(s) 'example_branch_labels' retrieved from /home/airflow/.local/lib/python3.12/site-packages/airflow/example_dags/example_branch_labels.py
[2024-09-27T20:31:46.071+0000] {logging_mixin.py:190} INFO - [2024-09-27T20:31:46.071+0000] {dag.py:3239} INFO - Sync 1 DAGs
[2024-09-27T20:31:46.099+0000] {logging_mixin.py:190} INFO - [2024-09-27T20:31:46.098+0000] {dag.py:4180} INFO - Setting next_dagrun for example_branch_labels to 2024-09-26 00:00:00+00:00, run_after=2024-09-27 00:00:00+00:00
[2024-09-27T20:31:46.121+0000] {processor.py:208} INFO - Processing /home/airflow/.local/lib/python3.12/site-packages/airflow/example_dags/example_branch_labels.py took 0.094 seconds
[2024-09-27T20:32:16.749+0000] {processor.py:186} INFO - Started process (PID=1347) to work on /home/airflow/.local/lib/python3.12/site-packages/airflow/example_dags/example_branch_labels.py
[2024-09-27T20:32:16.751+0000] {processor.py:914} INFO - Processing file /home/airflow/.local/lib/python3.12/site-packages/airflow/example_dags/example_branch_labels.py for tasks to queue
[2024-09-27T20:32:16.753+0000] {logging_mixin.py:190} INFO - [2024-09-27T20:32:16.753+0000] {dagbag.py:588} INFO - Filling up the DagBag from /home/airflow/.local/lib/python3.12/site-packages/airflow/example_dags/example_branch_labels.py
[2024-09-27T20:32:16.764+0000] {processor.py:925} INFO - DAG(s) 'example_branch_labels' retrieved from /home/airflow/.local/lib/python3.12/site-packages/airflow/example_dags/example_branch_labels.py
[2024-09-27T20:32:16.788+0000] {logging_mixin.py:190} INFO - [2024-09-27T20:32:16.788+0000] {dag.py:3239} INFO - Sync 1 DAGs
[2024-09-27T20:32:16.823+0000] {logging_mixin.py:190} INFO - [2024-09-27T20:32:16.823+0000] {dag.py:4180} INFO - Setting next_dagrun for example_branch_labels to 2024-09-26 00:00:00+00:00, run_after=2024-09-27 00:00:00+00:00
[2024-09-27T20:32:16.841+0000] {processor.py:208} INFO - Processing /home/airflow/.local/lib/python3.12/site-packages/airflow/example_dags/example_branch_labels.py took 0.099 seconds
[2024-09-27T20:32:47.549+0000] {processor.py:186} INFO - Started process (PID=1410) to work on /home/airflow/.local/lib/python3.12/site-packages/airflow/example_dags/example_branch_labels.py
[2024-09-27T20:32:47.550+0000] {processor.py:914} INFO - Processing file /home/airflow/.local/lib/python3.12/site-packages/airflow/example_dags/example_branch_labels.py for tasks to queue
[2024-09-27T20:32:47.552+0000] {logging_mixin.py:190} INFO - [2024-09-27T20:32:47.552+0000] {dagbag.py:588} INFO - Filling up the DagBag from /home/airflow/.local/lib/python3.12/site-packages/airflow/example_dags/example_branch_labels.py
[2024-09-27T20:32:47.559+0000] {processor.py:925} INFO - DAG(s) 'example_branch_labels' retrieved from /home/airflow/.local/lib/python3.12/site-packages/airflow/example_dags/example_branch_labels.py
[2024-09-27T20:32:47.580+0000] {logging_mixin.py:190} INFO - [2024-09-27T20:32:47.580+0000] {dag.py:3239} INFO - Sync 1 DAGs
[2024-09-27T20:32:47.599+0000] {logging_mixin.py:190} INFO - [2024-09-27T20:32:47.599+0000] {dag.py:4180} INFO - Setting next_dagrun for example_branch_labels to 2024-09-26 00:00:00+00:00, run_after=2024-09-27 00:00:00+00:00
[2024-09-27T20:32:47.612+0000] {processor.py:208} INFO - Processing /home/airflow/.local/lib/python3.12/site-packages/airflow/example_dags/example_branch_labels.py took 0.068 seconds
[2024-09-27T20:33:17.877+0000] {processor.py:186} INFO - Started process (PID=1473) to work on /home/airflow/.local/lib/python3.12/site-packages/airflow/example_dags/example_branch_labels.py
[2024-09-27T20:33:17.878+0000] {processor.py:914} INFO - Processing file /home/airflow/.local/lib/python3.12/site-packages/airflow/example_dags/example_branch_labels.py for tasks to queue
[2024-09-27T20:33:17.880+0000] {logging_mixin.py:190} INFO - [2024-09-27T20:33:17.880+0000] {dagbag.py:588} INFO - Filling up the DagBag from /home/airflow/.local/lib/python3.12/site-packages/airflow/example_dags/example_branch_labels.py
[2024-09-27T20:33:17.889+0000] {processor.py:925} INFO - DAG(s) 'example_branch_labels' retrieved from /home/airflow/.local/lib/python3.12/site-packages/airflow/example_dags/example_branch_labels.py
[2024-09-27T20:33:17.916+0000] {logging_mixin.py:190} INFO - [2024-09-27T20:33:17.916+0000] {dag.py:3239} INFO - Sync 1 DAGs
[2024-09-27T20:33:17.947+0000] {logging_mixin.py:190} INFO - [2024-09-27T20:33:17.946+0000] {dag.py:4180} INFO - Setting next_dagrun for example_branch_labels to 2024-09-26 00:00:00+00:00, run_after=2024-09-27 00:00:00+00:00
[2024-09-27T20:33:17.962+0000] {processor.py:208} INFO - Processing /home/airflow/.local/lib/python3.12/site-packages/airflow/example_dags/example_branch_labels.py took 0.089 seconds
[2024-09-27T20:33:48.728+0000] {processor.py:186} INFO - Started process (PID=1536) to work on /home/airflow/.local/lib/python3.12/site-packages/airflow/example_dags/example_branch_labels.py
[2024-09-27T20:33:48.729+0000] {processor.py:914} INFO - Processing file /home/airflow/.local/lib/python3.12/site-packages/airflow/example_dags/example_branch_labels.py for tasks to queue
[2024-09-27T20:33:48.731+0000] {logging_mixin.py:190} INFO - [2024-09-27T20:33:48.730+0000] {dagbag.py:588} INFO - Filling up the DagBag from /home/airflow/.local/lib/python3.12/site-packages/airflow/example_dags/example_branch_labels.py
[2024-09-27T20:33:48.738+0000] {processor.py:925} INFO - DAG(s) 'example_branch_labels' retrieved from /home/airflow/.local/lib/python3.12/site-packages/airflow/example_dags/example_branch_labels.py
[2024-09-27T20:33:48.755+0000] {logging_mixin.py:190} INFO - [2024-09-27T20:33:48.754+0000] {dag.py:3239} INFO - Sync 1 DAGs
[2024-09-27T20:33:48.775+0000] {logging_mixin.py:190} INFO - [2024-09-27T20:33:48.775+0000] {dag.py:4180} INFO - Setting next_dagrun for example_branch_labels to 2024-09-26 00:00:00+00:00, run_after=2024-09-27 00:00:00+00:00
[2024-09-27T20:33:48.788+0000] {processor.py:208} INFO - Processing /home/airflow/.local/lib/python3.12/site-packages/airflow/example_dags/example_branch_labels.py took 0.065 seconds
[2024-09-27T20:34:19.082+0000] {processor.py:186} INFO - Started process (PID=1599) to work on /home/airflow/.local/lib/python3.12/site-packages/airflow/example_dags/example_branch_labels.py
[2024-09-27T20:34:19.083+0000] {processor.py:914} INFO - Processing file /home/airflow/.local/lib/python3.12/site-packages/airflow/example_dags/example_branch_labels.py for tasks to queue
[2024-09-27T20:34:19.084+0000] {logging_mixin.py:190} INFO - [2024-09-27T20:34:19.084+0000] {dagbag.py:588} INFO - Filling up the DagBag from /home/airflow/.local/lib/python3.12/site-packages/airflow/example_dags/example_branch_labels.py
[2024-09-27T20:34:19.092+0000] {processor.py:925} INFO - DAG(s) 'example_branch_labels' retrieved from /home/airflow/.local/lib/python3.12/site-packages/airflow/example_dags/example_branch_labels.py
[2024-09-27T20:34:19.110+0000] {logging_mixin.py:190} INFO - [2024-09-27T20:34:19.110+0000] {dag.py:3239} INFO - Sync 1 DAGs
[2024-09-27T20:34:19.135+0000] {logging_mixin.py:190} INFO - [2024-09-27T20:34:19.135+0000] {dag.py:4180} INFO - Setting next_dagrun for example_branch_labels to 2024-09-26 00:00:00+00:00, run_after=2024-09-27 00:00:00+00:00
[2024-09-27T20:34:19.151+0000] {processor.py:208} INFO - Processing /home/airflow/.local/lib/python3.12/site-packages/airflow/example_dags/example_branch_labels.py took 0.074 seconds
[2024-09-27T20:34:50.006+0000] {processor.py:186} INFO - Started process (PID=1662) to work on /home/airflow/.local/lib/python3.12/site-packages/airflow/example_dags/example_branch_labels.py
[2024-09-27T20:34:50.007+0000] {processor.py:914} INFO - Processing file /home/airflow/.local/lib/python3.12/site-packages/airflow/example_dags/example_branch_labels.py for tasks to queue
[2024-09-27T20:34:50.009+0000] {logging_mixin.py:190} INFO - [2024-09-27T20:34:50.009+0000] {dagbag.py:588} INFO - Filling up the DagBag from /home/airflow/.local/lib/python3.12/site-packages/airflow/example_dags/example_branch_labels.py
[2024-09-27T20:34:50.016+0000] {processor.py:925} INFO - DAG(s) 'example_branch_labels' retrieved from /home/airflow/.local/lib/python3.12/site-packages/airflow/example_dags/example_branch_labels.py
[2024-09-27T20:34:50.032+0000] {logging_mixin.py:190} INFO - [2024-09-27T20:34:50.032+0000] {dag.py:3239} INFO - Sync 1 DAGs
[2024-09-27T20:34:50.051+0000] {logging_mixin.py:190} INFO - [2024-09-27T20:34:50.051+0000] {dag.py:4180} INFO - Setting next_dagrun for example_branch_labels to 2024-09-26 00:00:00+00:00, run_after=2024-09-27 00:00:00+00:00
[2024-09-27T20:34:50.064+0000] {processor.py:208} INFO - Processing /home/airflow/.local/lib/python3.12/site-packages/airflow/example_dags/example_branch_labels.py took 0.062 seconds
[2024-09-27T20:35:20.219+0000] {processor.py:186} INFO - Started process (PID=1724) to work on /home/airflow/.local/lib/python3.12/site-packages/airflow/example_dags/example_branch_labels.py
[2024-09-27T20:35:20.220+0000] {processor.py:914} INFO - Processing file /home/airflow/.local/lib/python3.12/site-packages/airflow/example_dags/example_branch_labels.py for tasks to queue
[2024-09-27T20:35:20.222+0000] {logging_mixin.py:190} INFO - [2024-09-27T20:35:20.222+0000] {dagbag.py:588} INFO - Filling up the DagBag from /home/airflow/.local/lib/python3.12/site-packages/airflow/example_dags/example_branch_labels.py
[2024-09-27T20:35:20.230+0000] {processor.py:925} INFO - DAG(s) 'example_branch_labels' retrieved from /home/airflow/.local/lib/python3.12/site-packages/airflow/example_dags/example_branch_labels.py
[2024-09-27T20:35:20.248+0000] {logging_mixin.py:190} INFO - [2024-09-27T20:35:20.248+0000] {dag.py:3239} INFO - Sync 1 DAGs
[2024-09-27T20:35:20.268+0000] {logging_mixin.py:190} INFO - [2024-09-27T20:35:20.267+0000] {dag.py:4180} INFO - Setting next_dagrun for example_branch_labels to 2024-09-26 00:00:00+00:00, run_after=2024-09-27 00:00:00+00:00
[2024-09-27T20:35:20.282+0000] {processor.py:208} INFO - Processing /home/airflow/.local/lib/python3.12/site-packages/airflow/example_dags/example_branch_labels.py took 0.067 seconds
[2024-09-27T20:44:14.955+0000] {processor.py:186} INFO - Started process (PID=85) to work on /home/airflow/.local/lib/python3.12/site-packages/airflow/example_dags/example_branch_labels.py
[2024-09-27T20:44:14.956+0000] {processor.py:914} INFO - Processing file /home/airflow/.local/lib/python3.12/site-packages/airflow/example_dags/example_branch_labels.py for tasks to queue
[2024-09-27T20:44:14.958+0000] {logging_mixin.py:190} INFO - [2024-09-27T20:44:14.958+0000] {dagbag.py:588} INFO - Filling up the DagBag from /home/airflow/.local/lib/python3.12/site-packages/airflow/example_dags/example_branch_labels.py
[2024-09-27T20:44:14.967+0000] {processor.py:925} INFO - DAG(s) 'example_branch_labels' retrieved from /home/airflow/.local/lib/python3.12/site-packages/airflow/example_dags/example_branch_labels.py
[2024-09-27T20:44:14.986+0000] {logging_mixin.py:190} INFO - [2024-09-27T20:44:14.986+0000] {dag.py:3239} INFO - Sync 1 DAGs
[2024-09-27T20:44:15.006+0000] {logging_mixin.py:190} INFO - [2024-09-27T20:44:15.006+0000] {dag.py:4180} INFO - Setting next_dagrun for example_branch_labels to 2024-09-26 00:00:00+00:00, run_after=2024-09-27 00:00:00+00:00
[2024-09-27T20:44:15.023+0000] {processor.py:208} INFO - Processing /home/airflow/.local/lib/python3.12/site-packages/airflow/example_dags/example_branch_labels.py took 0.073 seconds
[2024-09-27T20:44:45.985+0000] {processor.py:186} INFO - Started process (PID=148) to work on /home/airflow/.local/lib/python3.12/site-packages/airflow/example_dags/example_branch_labels.py
[2024-09-27T20:44:45.986+0000] {processor.py:914} INFO - Processing file /home/airflow/.local/lib/python3.12/site-packages/airflow/example_dags/example_branch_labels.py for tasks to queue
[2024-09-27T20:44:45.988+0000] {logging_mixin.py:190} INFO - [2024-09-27T20:44:45.988+0000] {dagbag.py:588} INFO - Filling up the DagBag from /home/airflow/.local/lib/python3.12/site-packages/airflow/example_dags/example_branch_labels.py
[2024-09-27T20:44:45.997+0000] {processor.py:925} INFO - DAG(s) 'example_branch_labels' retrieved from /home/airflow/.local/lib/python3.12/site-packages/airflow/example_dags/example_branch_labels.py
[2024-09-27T20:44:46.015+0000] {logging_mixin.py:190} INFO - [2024-09-27T20:44:46.015+0000] {dag.py:3239} INFO - Sync 1 DAGs
[2024-09-27T20:44:46.041+0000] {logging_mixin.py:190} INFO - [2024-09-27T20:44:46.041+0000] {dag.py:4180} INFO - Setting next_dagrun for example_branch_labels to 2024-09-26 00:00:00+00:00, run_after=2024-09-27 00:00:00+00:00
[2024-09-27T20:44:46.059+0000] {processor.py:208} INFO - Processing /home/airflow/.local/lib/python3.12/site-packages/airflow/example_dags/example_branch_labels.py took 0.079 seconds
[2024-09-27T20:45:16.771+0000] {processor.py:186} INFO - Started process (PID=223) to work on /home/airflow/.local/lib/python3.12/site-packages/airflow/example_dags/example_branch_labels.py
[2024-09-27T20:45:16.772+0000] {processor.py:914} INFO - Processing file /home/airflow/.local/lib/python3.12/site-packages/airflow/example_dags/example_branch_labels.py for tasks to queue
[2024-09-27T20:45:16.774+0000] {logging_mixin.py:190} INFO - [2024-09-27T20:45:16.774+0000] {dagbag.py:588} INFO - Filling up the DagBag from /home/airflow/.local/lib/python3.12/site-packages/airflow/example_dags/example_branch_labels.py
[2024-09-27T20:45:16.782+0000] {processor.py:925} INFO - DAG(s) 'example_branch_labels' retrieved from /home/airflow/.local/lib/python3.12/site-packages/airflow/example_dags/example_branch_labels.py
[2024-09-27T20:45:16.799+0000] {logging_mixin.py:190} INFO - [2024-09-27T20:45:16.799+0000] {dag.py:3239} INFO - Sync 1 DAGs
[2024-09-27T20:45:16.818+0000] {logging_mixin.py:190} INFO - [2024-09-27T20:45:16.818+0000] {dag.py:4180} INFO - Setting next_dagrun for example_branch_labels to 2024-09-26 00:00:00+00:00, run_after=2024-09-27 00:00:00+00:00
[2024-09-27T20:45:16.832+0000] {processor.py:208} INFO - Processing /home/airflow/.local/lib/python3.12/site-packages/airflow/example_dags/example_branch_labels.py took 0.065 seconds
