[2024-09-27T19:45:58.029+0000] {processor.py:186} INFO - Started process (PID=72) to work on /home/airflow/.local/lib/python3.12/site-packages/airflow/example_dags/example_branch_operator.py
[2024-09-27T19:45:58.030+0000] {processor.py:914} INFO - Processing file /home/airflow/.local/lib/python3.12/site-packages/airflow/example_dags/example_branch_operator.py for tasks to queue
[2024-09-27T19:45:58.032+0000] {logging_mixin.py:190} INFO - [2024-09-27T19:45:58.032+0000] {dagbag.py:588} INFO - Filling up the DagBag from /home/airflow/.local/lib/python3.12/site-packages/airflow/example_dags/example_branch_operator.py
[2024-09-27T19:45:58.050+0000] {processor.py:925} INFO - DAG(s) 'example_branch_operator' retrieved from /home/airflow/.local/lib/python3.12/site-packages/airflow/example_dags/example_branch_operator.py
[2024-09-27T19:45:58.178+0000] {logging_mixin.py:190} INFO - [2024-09-27T19:45:58.178+0000] {dag.py:3239} INFO - Sync 1 DAGs
[2024-09-27T19:45:58.203+0000] {logging_mixin.py:190} INFO - [2024-09-27T19:45:58.203+0000] {dag.py:4180} INFO - Setting next_dagrun for example_branch_operator to 2024-09-26 00:00:00+00:00, run_after=2024-09-27 00:00:00+00:00
[2024-09-27T19:45:58.223+0000] {processor.py:208} INFO - Processing /home/airflow/.local/lib/python3.12/site-packages/airflow/example_dags/example_branch_operator.py took 0.199 seconds
[2024-09-27T19:46:28.681+0000] {processor.py:186} INFO - Started process (PID=136) to work on /home/airflow/.local/lib/python3.12/site-packages/airflow/example_dags/example_branch_operator.py
[2024-09-27T19:46:28.683+0000] {processor.py:914} INFO - Processing file /home/airflow/.local/lib/python3.12/site-packages/airflow/example_dags/example_branch_operator.py for tasks to queue
[2024-09-27T19:46:28.685+0000] {logging_mixin.py:190} INFO - [2024-09-27T19:46:28.685+0000] {dagbag.py:588} INFO - Filling up the DagBag from /home/airflow/.local/lib/python3.12/site-packages/airflow/example_dags/example_branch_operator.py
[2024-09-27T19:46:28.698+0000] {processor.py:925} INFO - DAG(s) 'example_branch_operator' retrieved from /home/airflow/.local/lib/python3.12/site-packages/airflow/example_dags/example_branch_operator.py
[2024-09-27T19:46:28.721+0000] {logging_mixin.py:190} INFO - [2024-09-27T19:46:28.721+0000] {dag.py:3239} INFO - Sync 1 DAGs
[2024-09-27T19:46:28.739+0000] {logging_mixin.py:190} INFO - [2024-09-27T19:46:28.739+0000] {dag.py:4180} INFO - Setting next_dagrun for example_branch_operator to 2024-09-26 00:00:00+00:00, run_after=2024-09-27 00:00:00+00:00
[2024-09-27T19:46:28.754+0000] {processor.py:208} INFO - Processing /home/airflow/.local/lib/python3.12/site-packages/airflow/example_dags/example_branch_operator.py took 0.079 seconds
[2024-09-27T19:46:58.855+0000] {processor.py:186} INFO - Started process (PID=199) to work on /home/airflow/.local/lib/python3.12/site-packages/airflow/example_dags/example_branch_operator.py
[2024-09-27T19:46:58.856+0000] {processor.py:914} INFO - Processing file /home/airflow/.local/lib/python3.12/site-packages/airflow/example_dags/example_branch_operator.py for tasks to queue
[2024-09-27T19:46:58.857+0000] {logging_mixin.py:190} INFO - [2024-09-27T19:46:58.857+0000] {dagbag.py:588} INFO - Filling up the DagBag from /home/airflow/.local/lib/python3.12/site-packages/airflow/example_dags/example_branch_operator.py
[2024-09-27T19:46:58.871+0000] {processor.py:925} INFO - DAG(s) 'example_branch_operator' retrieved from /home/airflow/.local/lib/python3.12/site-packages/airflow/example_dags/example_branch_operator.py
[2024-09-27T19:46:58.894+0000] {logging_mixin.py:190} INFO - [2024-09-27T19:46:58.894+0000] {dag.py:3239} INFO - Sync 1 DAGs
[2024-09-27T19:46:58.912+0000] {logging_mixin.py:190} INFO - [2024-09-27T19:46:58.912+0000] {dag.py:4180} INFO - Setting next_dagrun for example_branch_operator to 2024-09-26 00:00:00+00:00, run_after=2024-09-27 00:00:00+00:00
[2024-09-27T19:46:58.929+0000] {processor.py:208} INFO - Processing /home/airflow/.local/lib/python3.12/site-packages/airflow/example_dags/example_branch_operator.py took 0.079 seconds
[2024-09-27T19:47:29.158+0000] {processor.py:186} INFO - Started process (PID=266) to work on /home/airflow/.local/lib/python3.12/site-packages/airflow/example_dags/example_branch_operator.py
[2024-09-27T19:47:29.159+0000] {processor.py:914} INFO - Processing file /home/airflow/.local/lib/python3.12/site-packages/airflow/example_dags/example_branch_operator.py for tasks to queue
[2024-09-27T19:47:29.162+0000] {logging_mixin.py:190} INFO - [2024-09-27T19:47:29.162+0000] {dagbag.py:588} INFO - Filling up the DagBag from /home/airflow/.local/lib/python3.12/site-packages/airflow/example_dags/example_branch_operator.py
[2024-09-27T19:47:29.183+0000] {processor.py:925} INFO - DAG(s) 'example_branch_operator' retrieved from /home/airflow/.local/lib/python3.12/site-packages/airflow/example_dags/example_branch_operator.py
[2024-09-27T19:47:29.216+0000] {logging_mixin.py:190} INFO - [2024-09-27T19:47:29.216+0000] {dag.py:3239} INFO - Sync 1 DAGs
[2024-09-27T19:47:29.238+0000] {logging_mixin.py:190} INFO - [2024-09-27T19:47:29.238+0000] {dag.py:4180} INFO - Setting next_dagrun for example_branch_operator to 2024-09-26 00:00:00+00:00, run_after=2024-09-27 00:00:00+00:00
[2024-09-27T19:47:29.261+0000] {processor.py:208} INFO - Processing /home/airflow/.local/lib/python3.12/site-packages/airflow/example_dags/example_branch_operator.py took 0.109 seconds
[2024-09-27T19:47:59.616+0000] {processor.py:186} INFO - Started process (PID=346) to work on /home/airflow/.local/lib/python3.12/site-packages/airflow/example_dags/example_branch_operator.py
[2024-09-27T19:47:59.617+0000] {processor.py:914} INFO - Processing file /home/airflow/.local/lib/python3.12/site-packages/airflow/example_dags/example_branch_operator.py for tasks to queue
[2024-09-27T19:47:59.619+0000] {logging_mixin.py:190} INFO - [2024-09-27T19:47:59.618+0000] {dagbag.py:588} INFO - Filling up the DagBag from /home/airflow/.local/lib/python3.12/site-packages/airflow/example_dags/example_branch_operator.py
[2024-09-27T19:47:59.634+0000] {processor.py:925} INFO - DAG(s) 'example_branch_operator' retrieved from /home/airflow/.local/lib/python3.12/site-packages/airflow/example_dags/example_branch_operator.py
[2024-09-27T19:47:59.658+0000] {logging_mixin.py:190} INFO - [2024-09-27T19:47:59.658+0000] {dag.py:3239} INFO - Sync 1 DAGs
[2024-09-27T19:47:59.681+0000] {logging_mixin.py:190} INFO - [2024-09-27T19:47:59.680+0000] {dag.py:4180} INFO - Setting next_dagrun for example_branch_operator to 2024-09-26 00:00:00+00:00, run_after=2024-09-27 00:00:00+00:00
[2024-09-27T19:47:59.697+0000] {processor.py:208} INFO - Processing /home/airflow/.local/lib/python3.12/site-packages/airflow/example_dags/example_branch_operator.py took 0.086 seconds
