[2024-09-27T19:45:59.221+0000] {processor.py:186} INFO - Started process (PID=82) to work on /home/airflow/.local/lib/python3.12/site-packages/airflow/example_dags/example_xcom.py
[2024-09-27T19:45:59.222+0000] {processor.py:914} INFO - Processing file /home/airflow/.local/lib/python3.12/site-packages/airflow/example_dags/example_xcom.py for tasks to queue
[2024-09-27T19:45:59.224+0000] {logging_mixin.py:190} INFO - [2024-09-27T19:45:59.224+0000] {dagbag.py:588} INFO - Filling up the DagBag from /home/airflow/.local/lib/python3.12/site-packages/airflow/example_dags/example_xcom.py
[2024-09-27T19:45:59.233+0000] {processor.py:925} INFO - DAG(s) 'example_xcom' retrieved from /home/airflow/.local/lib/python3.12/site-packages/airflow/example_dags/example_xcom.py
[2024-09-27T19:45:59.253+0000] {logging_mixin.py:190} INFO - [2024-09-27T19:45:59.252+0000] {dag.py:3239} INFO - Sync 1 DAGs
[2024-09-27T19:45:59.272+0000] {logging_mixin.py:190} INFO - [2024-09-27T19:45:59.272+0000] {dag.py:4180} INFO - Setting next_dagrun for example_xcom to 2021-01-01 00:00:00+00:00, run_after=2021-01-01 00:00:00+00:00
[2024-09-27T19:45:59.289+0000] {processor.py:208} INFO - Processing /home/airflow/.local/lib/python3.12/site-packages/airflow/example_dags/example_xcom.py took 0.073 seconds
[2024-09-27T19:46:30.436+0000] {processor.py:186} INFO - Started process (PID=145) to work on /home/airflow/.local/lib/python3.12/site-packages/airflow/example_dags/example_xcom.py
[2024-09-27T19:46:30.437+0000] {processor.py:914} INFO - Processing file /home/airflow/.local/lib/python3.12/site-packages/airflow/example_dags/example_xcom.py for tasks to queue
[2024-09-27T19:46:30.439+0000] {logging_mixin.py:190} INFO - [2024-09-27T19:46:30.438+0000] {dagbag.py:588} INFO - Filling up the DagBag from /home/airflow/.local/lib/python3.12/site-packages/airflow/example_dags/example_xcom.py
[2024-09-27T19:46:30.446+0000] {processor.py:925} INFO - DAG(s) 'example_xcom' retrieved from /home/airflow/.local/lib/python3.12/site-packages/airflow/example_dags/example_xcom.py
[2024-09-27T19:46:30.465+0000] {logging_mixin.py:190} INFO - [2024-09-27T19:46:30.464+0000] {dag.py:3239} INFO - Sync 1 DAGs
[2024-09-27T19:46:30.485+0000] {logging_mixin.py:190} INFO - [2024-09-27T19:46:30.485+0000] {dag.py:4180} INFO - Setting next_dagrun for example_xcom to 2021-01-01 00:00:00+00:00, run_after=2021-01-01 00:00:00+00:00
[2024-09-27T19:46:30.503+0000] {processor.py:208} INFO - Processing /home/airflow/.local/lib/python3.12/site-packages/airflow/example_dags/example_xcom.py took 0.072 seconds
[2024-09-27T19:47:00.797+0000] {processor.py:186} INFO - Started process (PID=211) to work on /home/airflow/.local/lib/python3.12/site-packages/airflow/example_dags/example_xcom.py
[2024-09-27T19:47:00.798+0000] {processor.py:914} INFO - Processing file /home/airflow/.local/lib/python3.12/site-packages/airflow/example_dags/example_xcom.py for tasks to queue
[2024-09-27T19:47:00.800+0000] {logging_mixin.py:190} INFO - [2024-09-27T19:47:00.800+0000] {dagbag.py:588} INFO - Filling up the DagBag from /home/airflow/.local/lib/python3.12/site-packages/airflow/example_dags/example_xcom.py
[2024-09-27T19:47:00.807+0000] {processor.py:925} INFO - DAG(s) 'example_xcom' retrieved from /home/airflow/.local/lib/python3.12/site-packages/airflow/example_dags/example_xcom.py
[2024-09-27T19:47:00.823+0000] {logging_mixin.py:190} INFO - [2024-09-27T19:47:00.823+0000] {dag.py:3239} INFO - Sync 1 DAGs
[2024-09-27T19:47:00.841+0000] {logging_mixin.py:190} INFO - [2024-09-27T19:47:00.841+0000] {dag.py:4180} INFO - Setting next_dagrun for example_xcom to 2021-01-01 00:00:00+00:00, run_after=2021-01-01 00:00:00+00:00
[2024-09-27T19:47:00.854+0000] {processor.py:208} INFO - Processing /home/airflow/.local/lib/python3.12/site-packages/airflow/example_dags/example_xcom.py took 0.061 seconds
[2024-09-27T19:47:31.133+0000] {processor.py:186} INFO - Started process (PID=282) to work on /home/airflow/.local/lib/python3.12/site-packages/airflow/example_dags/example_xcom.py
[2024-09-27T19:47:31.134+0000] {processor.py:914} INFO - Processing file /home/airflow/.local/lib/python3.12/site-packages/airflow/example_dags/example_xcom.py for tasks to queue
[2024-09-27T19:47:31.138+0000] {logging_mixin.py:190} INFO - [2024-09-27T19:47:31.137+0000] {dagbag.py:588} INFO - Filling up the DagBag from /home/airflow/.local/lib/python3.12/site-packages/airflow/example_dags/example_xcom.py
[2024-09-27T19:47:31.149+0000] {processor.py:925} INFO - DAG(s) 'example_xcom' retrieved from /home/airflow/.local/lib/python3.12/site-packages/airflow/example_dags/example_xcom.py
[2024-09-27T19:47:31.170+0000] {logging_mixin.py:190} INFO - [2024-09-27T19:47:31.169+0000] {dag.py:3239} INFO - Sync 1 DAGs
[2024-09-27T19:47:31.194+0000] {logging_mixin.py:190} INFO - [2024-09-27T19:47:31.194+0000] {dag.py:4180} INFO - Setting next_dagrun for example_xcom to 2021-01-01 00:00:00+00:00, run_after=2021-01-01 00:00:00+00:00
[2024-09-27T19:47:31.210+0000] {processor.py:208} INFO - Processing /home/airflow/.local/lib/python3.12/site-packages/airflow/example_dags/example_xcom.py took 0.084 seconds
[2024-09-27T19:48:01.299+0000] {processor.py:186} INFO - Started process (PID=362) to work on /home/airflow/.local/lib/python3.12/site-packages/airflow/example_dags/example_xcom.py
[2024-09-27T19:48:01.300+0000] {processor.py:914} INFO - Processing file /home/airflow/.local/lib/python3.12/site-packages/airflow/example_dags/example_xcom.py for tasks to queue
[2024-09-27T19:48:01.303+0000] {logging_mixin.py:190} INFO - [2024-09-27T19:48:01.302+0000] {dagbag.py:588} INFO - Filling up the DagBag from /home/airflow/.local/lib/python3.12/site-packages/airflow/example_dags/example_xcom.py
[2024-09-27T19:48:01.310+0000] {processor.py:925} INFO - DAG(s) 'example_xcom' retrieved from /home/airflow/.local/lib/python3.12/site-packages/airflow/example_dags/example_xcom.py
[2024-09-27T19:48:01.328+0000] {logging_mixin.py:190} INFO - [2024-09-27T19:48:01.328+0000] {dag.py:3239} INFO - Sync 1 DAGs
[2024-09-27T19:48:01.347+0000] {logging_mixin.py:190} INFO - [2024-09-27T19:48:01.347+0000] {dag.py:4180} INFO - Setting next_dagrun for example_xcom to 2021-01-01 00:00:00+00:00, run_after=2021-01-01 00:00:00+00:00
[2024-09-27T19:48:01.360+0000] {processor.py:208} INFO - Processing /home/airflow/.local/lib/python3.12/site-packages/airflow/example_dags/example_xcom.py took 0.066 seconds
