[2024-09-27T19:45:59.756+0000] {processor.py:186} INFO - Started process (PID=89) to work on /home/airflow/.local/lib/python3.12/site-packages/airflow/example_dags/tutorial_dag.py
[2024-09-27T19:45:59.757+0000] {processor.py:914} INFO - Processing file /home/airflow/.local/lib/python3.12/site-packages/airflow/example_dags/tutorial_dag.py for tasks to queue
[2024-09-27T19:45:59.759+0000] {logging_mixin.py:190} INFO - [2024-09-27T19:45:59.759+0000] {dagbag.py:588} INFO - Filling up the DagBag from /home/airflow/.local/lib/python3.12/site-packages/airflow/example_dags/tutorial_dag.py
[2024-09-27T19:45:59.766+0000] {processor.py:925} INFO - DAG(s) 'tutorial_dag' retrieved from /home/airflow/.local/lib/python3.12/site-packages/airflow/example_dags/tutorial_dag.py
[2024-09-27T19:45:59.784+0000] {logging_mixin.py:190} INFO - [2024-09-27T19:45:59.784+0000] {dag.py:3239} INFO - Sync 1 DAGs
[2024-09-27T19:45:59.796+0000] {logging_mixin.py:190} INFO - [2024-09-27T19:45:59.795+0000] {dag.py:4180} INFO - Setting next_dagrun for tutorial_dag to None, run_after=None
[2024-09-27T19:45:59.813+0000] {processor.py:208} INFO - Processing /home/airflow/.local/lib/python3.12/site-packages/airflow/example_dags/tutorial_dag.py took 0.061 seconds
[2024-09-27T19:46:31.207+0000] {processor.py:186} INFO - Started process (PID=158) to work on /home/airflow/.local/lib/python3.12/site-packages/airflow/example_dags/tutorial_dag.py
[2024-09-27T19:46:31.208+0000] {processor.py:914} INFO - Processing file /home/airflow/.local/lib/python3.12/site-packages/airflow/example_dags/tutorial_dag.py for tasks to queue
[2024-09-27T19:46:31.211+0000] {logging_mixin.py:190} INFO - [2024-09-27T19:46:31.210+0000] {dagbag.py:588} INFO - Filling up the DagBag from /home/airflow/.local/lib/python3.12/site-packages/airflow/example_dags/tutorial_dag.py
[2024-09-27T19:46:31.217+0000] {processor.py:925} INFO - DAG(s) 'tutorial_dag' retrieved from /home/airflow/.local/lib/python3.12/site-packages/airflow/example_dags/tutorial_dag.py
[2024-09-27T19:46:31.235+0000] {logging_mixin.py:190} INFO - [2024-09-27T19:46:31.234+0000] {dag.py:3239} INFO - Sync 1 DAGs
[2024-09-27T19:46:31.247+0000] {logging_mixin.py:190} INFO - [2024-09-27T19:46:31.247+0000] {dag.py:4180} INFO - Setting next_dagrun for tutorial_dag to None, run_after=None
[2024-09-27T19:46:31.297+0000] {processor.py:208} INFO - Processing /home/airflow/.local/lib/python3.12/site-packages/airflow/example_dags/tutorial_dag.py took 0.094 seconds
[2024-09-27T19:47:01.413+0000] {processor.py:186} INFO - Started process (PID=226) to work on /home/airflow/.local/lib/python3.12/site-packages/airflow/example_dags/tutorial_dag.py
[2024-09-27T19:47:01.414+0000] {processor.py:914} INFO - Processing file /home/airflow/.local/lib/python3.12/site-packages/airflow/example_dags/tutorial_dag.py for tasks to queue
[2024-09-27T19:47:01.417+0000] {logging_mixin.py:190} INFO - [2024-09-27T19:47:01.416+0000] {dagbag.py:588} INFO - Filling up the DagBag from /home/airflow/.local/lib/python3.12/site-packages/airflow/example_dags/tutorial_dag.py
[2024-09-27T19:47:01.425+0000] {processor.py:925} INFO - DAG(s) 'tutorial_dag' retrieved from /home/airflow/.local/lib/python3.12/site-packages/airflow/example_dags/tutorial_dag.py
[2024-09-27T19:47:01.451+0000] {logging_mixin.py:190} INFO - [2024-09-27T19:47:01.450+0000] {dag.py:3239} INFO - Sync 1 DAGs
[2024-09-27T19:47:01.466+0000] {logging_mixin.py:190} INFO - [2024-09-27T19:47:01.465+0000] {dag.py:4180} INFO - Setting next_dagrun for tutorial_dag to None, run_after=None
[2024-09-27T19:47:01.481+0000] {processor.py:208} INFO - Processing /home/airflow/.local/lib/python3.12/site-packages/airflow/example_dags/tutorial_dag.py took 0.074 seconds
[2024-09-27T19:47:31.855+0000] {processor.py:186} INFO - Started process (PID=290) to work on /home/airflow/.local/lib/python3.12/site-packages/airflow/example_dags/tutorial_dag.py
[2024-09-27T19:47:31.856+0000] {processor.py:914} INFO - Processing file /home/airflow/.local/lib/python3.12/site-packages/airflow/example_dags/tutorial_dag.py for tasks to queue
[2024-09-27T19:47:31.858+0000] {logging_mixin.py:190} INFO - [2024-09-27T19:47:31.858+0000] {dagbag.py:588} INFO - Filling up the DagBag from /home/airflow/.local/lib/python3.12/site-packages/airflow/example_dags/tutorial_dag.py
[2024-09-27T19:47:31.864+0000] {processor.py:925} INFO - DAG(s) 'tutorial_dag' retrieved from /home/airflow/.local/lib/python3.12/site-packages/airflow/example_dags/tutorial_dag.py
[2024-09-27T19:47:31.885+0000] {logging_mixin.py:190} INFO - [2024-09-27T19:47:31.885+0000] {dag.py:3239} INFO - Sync 1 DAGs
[2024-09-27T19:47:31.900+0000] {logging_mixin.py:190} INFO - [2024-09-27T19:47:31.900+0000] {dag.py:4180} INFO - Setting next_dagrun for tutorial_dag to None, run_after=None
[2024-09-27T19:47:31.917+0000] {processor.py:208} INFO - Processing /home/airflow/.local/lib/python3.12/site-packages/airflow/example_dags/tutorial_dag.py took 0.068 seconds
[2024-09-27T19:48:02.719+0000] {processor.py:186} INFO - Started process (PID=369) to work on /home/airflow/.local/lib/python3.12/site-packages/airflow/example_dags/tutorial_dag.py
[2024-09-27T19:48:02.720+0000] {processor.py:914} INFO - Processing file /home/airflow/.local/lib/python3.12/site-packages/airflow/example_dags/tutorial_dag.py for tasks to queue
[2024-09-27T19:48:02.723+0000] {logging_mixin.py:190} INFO - [2024-09-27T19:48:02.723+0000] {dagbag.py:588} INFO - Filling up the DagBag from /home/airflow/.local/lib/python3.12/site-packages/airflow/example_dags/tutorial_dag.py
[2024-09-27T19:48:02.730+0000] {processor.py:925} INFO - DAG(s) 'tutorial_dag' retrieved from /home/airflow/.local/lib/python3.12/site-packages/airflow/example_dags/tutorial_dag.py
[2024-09-27T19:48:02.749+0000] {logging_mixin.py:190} INFO - [2024-09-27T19:48:02.749+0000] {dag.py:3239} INFO - Sync 1 DAGs
[2024-09-27T19:48:02.766+0000] {logging_mixin.py:190} INFO - [2024-09-27T19:48:02.765+0000] {dag.py:4180} INFO - Setting next_dagrun for tutorial_dag to None, run_after=None
[2024-09-27T19:48:02.783+0000] {processor.py:208} INFO - Processing /home/airflow/.local/lib/python3.12/site-packages/airflow/example_dags/tutorial_dag.py took 0.070 seconds
