[2024-09-27T19:46:00.110+0000] {processor.py:186} INFO - Started process (PID=94) to work on /home/airflow/.local/lib/python3.12/site-packages/airflow/example_dags/tutorial.py
[2024-09-27T19:46:00.111+0000] {processor.py:914} INFO - Processing file /home/airflow/.local/lib/python3.12/site-packages/airflow/example_dags/tutorial.py for tasks to queue
[2024-09-27T19:46:00.114+0000] {logging_mixin.py:190} INFO - [2024-09-27T19:46:00.113+0000] {dagbag.py:588} INFO - Filling up the DagBag from /home/airflow/.local/lib/python3.12/site-packages/airflow/example_dags/tutorial.py
[2024-09-27T19:46:00.121+0000] {processor.py:925} INFO - DAG(s) 'tutorial' retrieved from /home/airflow/.local/lib/python3.12/site-packages/airflow/example_dags/tutorial.py
[2024-09-27T19:46:00.140+0000] {logging_mixin.py:190} INFO - [2024-09-27T19:46:00.140+0000] {dag.py:3239} INFO - Sync 1 DAGs
[2024-09-27T19:46:00.162+0000] {logging_mixin.py:190} INFO - [2024-09-27T19:46:00.162+0000] {dag.py:4180} INFO - Setting next_dagrun for tutorial to 2024-09-26 00:00:00+00:00, run_after=2024-09-27 00:00:00+00:00
[2024-09-27T19:46:00.177+0000] {processor.py:208} INFO - Processing /home/airflow/.local/lib/python3.12/site-packages/airflow/example_dags/tutorial.py took 0.072 seconds
[2024-09-27T19:46:31.700+0000] {processor.py:186} INFO - Started process (PID=163) to work on /home/airflow/.local/lib/python3.12/site-packages/airflow/example_dags/tutorial.py
[2024-09-27T19:46:31.701+0000] {processor.py:914} INFO - Processing file /home/airflow/.local/lib/python3.12/site-packages/airflow/example_dags/tutorial.py for tasks to queue
[2024-09-27T19:46:31.703+0000] {logging_mixin.py:190} INFO - [2024-09-27T19:46:31.703+0000] {dagbag.py:588} INFO - Filling up the DagBag from /home/airflow/.local/lib/python3.12/site-packages/airflow/example_dags/tutorial.py
[2024-09-27T19:46:31.709+0000] {processor.py:925} INFO - DAG(s) 'tutorial' retrieved from /home/airflow/.local/lib/python3.12/site-packages/airflow/example_dags/tutorial.py
[2024-09-27T19:46:31.725+0000] {logging_mixin.py:190} INFO - [2024-09-27T19:46:31.725+0000] {dag.py:3239} INFO - Sync 1 DAGs
[2024-09-27T19:46:31.743+0000] {logging_mixin.py:190} INFO - [2024-09-27T19:46:31.743+0000] {dag.py:4180} INFO - Setting next_dagrun for tutorial to 2024-09-26 00:00:00+00:00, run_after=2024-09-27 00:00:00+00:00
[2024-09-27T19:46:31.790+0000] {processor.py:208} INFO - Processing /home/airflow/.local/lib/python3.12/site-packages/airflow/example_dags/tutorial.py took 0.094 seconds
[2024-09-27T19:47:01.965+0000] {processor.py:186} INFO - Started process (PID=231) to work on /home/airflow/.local/lib/python3.12/site-packages/airflow/example_dags/tutorial.py
[2024-09-27T19:47:01.966+0000] {processor.py:914} INFO - Processing file /home/airflow/.local/lib/python3.12/site-packages/airflow/example_dags/tutorial.py for tasks to queue
[2024-09-27T19:47:01.968+0000] {logging_mixin.py:190} INFO - [2024-09-27T19:47:01.968+0000] {dagbag.py:588} INFO - Filling up the DagBag from /home/airflow/.local/lib/python3.12/site-packages/airflow/example_dags/tutorial.py
[2024-09-27T19:47:01.975+0000] {processor.py:925} INFO - DAG(s) 'tutorial' retrieved from /home/airflow/.local/lib/python3.12/site-packages/airflow/example_dags/tutorial.py
[2024-09-27T19:47:01.992+0000] {logging_mixin.py:190} INFO - [2024-09-27T19:47:01.992+0000] {dag.py:3239} INFO - Sync 1 DAGs
[2024-09-27T19:47:02.017+0000] {logging_mixin.py:190} INFO - [2024-09-27T19:47:02.017+0000] {dag.py:4180} INFO - Setting next_dagrun for tutorial to 2024-09-26 00:00:00+00:00, run_after=2024-09-27 00:00:00+00:00
[2024-09-27T19:47:02.034+0000] {processor.py:208} INFO - Processing /home/airflow/.local/lib/python3.12/site-packages/airflow/example_dags/tutorial.py took 0.073 seconds
[2024-09-27T19:47:32.276+0000] {processor.py:186} INFO - Started process (PID=301) to work on /home/airflow/.local/lib/python3.12/site-packages/airflow/example_dags/tutorial.py
[2024-09-27T19:47:32.277+0000] {processor.py:914} INFO - Processing file /home/airflow/.local/lib/python3.12/site-packages/airflow/example_dags/tutorial.py for tasks to queue
[2024-09-27T19:47:32.282+0000] {logging_mixin.py:190} INFO - [2024-09-27T19:47:32.281+0000] {dagbag.py:588} INFO - Filling up the DagBag from /home/airflow/.local/lib/python3.12/site-packages/airflow/example_dags/tutorial.py
[2024-09-27T19:47:32.299+0000] {processor.py:925} INFO - DAG(s) 'tutorial' retrieved from /home/airflow/.local/lib/python3.12/site-packages/airflow/example_dags/tutorial.py
[2024-09-27T19:47:32.335+0000] {logging_mixin.py:190} INFO - [2024-09-27T19:47:32.335+0000] {dag.py:3239} INFO - Sync 1 DAGs
[2024-09-27T19:47:32.366+0000] {logging_mixin.py:190} INFO - [2024-09-27T19:47:32.365+0000] {dag.py:4180} INFO - Setting next_dagrun for tutorial to 2024-09-26 00:00:00+00:00, run_after=2024-09-27 00:00:00+00:00
[2024-09-27T19:47:32.388+0000] {processor.py:208} INFO - Processing /home/airflow/.local/lib/python3.12/site-packages/airflow/example_dags/tutorial.py took 0.124 seconds
[2024-09-27T19:48:03.168+0000] {processor.py:186} INFO - Started process (PID=375) to work on /home/airflow/.local/lib/python3.12/site-packages/airflow/example_dags/tutorial.py
[2024-09-27T19:48:03.169+0000] {processor.py:914} INFO - Processing file /home/airflow/.local/lib/python3.12/site-packages/airflow/example_dags/tutorial.py for tasks to queue
[2024-09-27T19:48:03.172+0000] {logging_mixin.py:190} INFO - [2024-09-27T19:48:03.171+0000] {dagbag.py:588} INFO - Filling up the DagBag from /home/airflow/.local/lib/python3.12/site-packages/airflow/example_dags/tutorial.py
[2024-09-27T19:48:03.182+0000] {processor.py:925} INFO - DAG(s) 'tutorial' retrieved from /home/airflow/.local/lib/python3.12/site-packages/airflow/example_dags/tutorial.py
[2024-09-27T19:48:03.204+0000] {logging_mixin.py:190} INFO - [2024-09-27T19:48:03.203+0000] {dag.py:3239} INFO - Sync 1 DAGs
[2024-09-27T19:48:03.237+0000] {logging_mixin.py:190} INFO - [2024-09-27T19:48:03.237+0000] {dag.py:4180} INFO - Setting next_dagrun for tutorial to 2024-09-26 00:00:00+00:00, run_after=2024-09-27 00:00:00+00:00
[2024-09-27T19:48:03.262+0000] {processor.py:208} INFO - Processing /home/airflow/.local/lib/python3.12/site-packages/airflow/example_dags/tutorial.py took 0.101 seconds
