[2024-09-27T18:16:31.680+0000] {local_task_job_runner.py:123} INFO - ::group::Pre task execution logs
[2024-09-27T18:16:31.699+0000] {taskinstance.py:2612} INFO - Dependencies all met for dep_context=non-requeueable deps ti=<TaskInstance: etl_costos_ventas.load_data scheduled__2024-09-26T08:00:00+00:00 [queued]>
[2024-09-27T18:16:31.708+0000] {taskinstance.py:2612} INFO - Dependencies all met for dep_context=requeueable deps ti=<TaskInstance: etl_costos_ventas.load_data scheduled__2024-09-26T08:00:00+00:00 [queued]>
[2024-09-27T18:16:31.709+0000] {taskinstance.py:2865} INFO - Starting attempt 1 of 3
[2024-09-27T18:16:31.720+0000] {taskinstance.py:2888} INFO - Executing <Task(PythonOperator): load_data> on 2024-09-26 08:00:00+00:00
[2024-09-27T18:16:31.729+0000] {warnings.py:112} WARNING - /home/***/.local/lib/python3.12/site-packages/***/task/task_runner/standard_task_runner.py:70: DeprecationWarning: This process (pid=271) is multi-threaded, use of fork() may lead to deadlocks in the child.
  pid = os.fork()

[2024-09-27T18:16:31.730+0000] {standard_task_runner.py:72} INFO - Started process 273 to run task
[2024-09-27T18:16:31.730+0000] {standard_task_runner.py:104} INFO - Running: ['***', 'tasks', 'run', 'etl_costos_ventas', 'load_data', 'scheduled__2024-09-26T08:00:00+00:00', '--job-id', '109', '--raw', '--subdir', 'DAGS_FOLDER/RPA_dag.py', '--cfg-path', '/tmp/tmp1lo84rs4']
[2024-09-27T18:16:31.731+0000] {standard_task_runner.py:105} INFO - Job 109: Subtask load_data
[2024-09-27T18:16:31.772+0000] {task_command.py:467} INFO - Running <TaskInstance: etl_costos_ventas.load_data scheduled__2024-09-26T08:00:00+00:00 [running]> on host bb65290724da
[2024-09-27T18:16:31.834+0000] {taskinstance.py:3131} INFO - Exporting env vars: AIRFLOW_CTX_DAG_OWNER='***' AIRFLOW_CTX_DAG_ID='etl_costos_ventas' AIRFLOW_CTX_TASK_ID='load_data' AIRFLOW_CTX_EXECUTION_DATE='2024-09-26T08:00:00+00:00' AIRFLOW_CTX_TRY_NUMBER='1' AIRFLOW_CTX_DAG_RUN_ID='scheduled__2024-09-26T08:00:00+00:00'
[2024-09-27T18:16:31.835+0000] {logging_mixin.py:190} INFO - Task instance is in running state
[2024-09-27T18:16:31.836+0000] {logging_mixin.py:190} INFO -  Previous state of the Task instance: queued
[2024-09-27T18:16:31.836+0000] {logging_mixin.py:190} INFO - Current task name:load_data state:running start_date:2024-09-27 18:16:31.699882+00:00
[2024-09-27T18:16:31.836+0000] {logging_mixin.py:190} INFO - Dag name:etl_costos_ventas and current dag run status:running
[2024-09-27T18:16:31.836+0000] {taskinstance.py:731} INFO - ::endgroup::
[2024-09-27T18:16:31.885+0000] {logging_mixin.py:190} INFO - Archivo Excel corregido generado con éxito.
[2024-09-27T18:16:31.885+0000] {python.py:240} INFO - Done. Returned value was: None
[2024-09-27T18:16:31.894+0000] {taskinstance.py:340} INFO - ::group::Post task execution logs
[2024-09-27T18:16:31.894+0000] {taskinstance.py:352} INFO - Marking task as SUCCESS. dag_id=etl_costos_ventas, task_id=load_data, run_id=scheduled__2024-09-26T08:00:00+00:00, execution_date=20240926T080000, start_date=20240927T181631, end_date=20240927T181631
[2024-09-27T18:16:31.901+0000] {logging_mixin.py:190} INFO - Task instance in success state
[2024-09-27T18:16:31.902+0000] {logging_mixin.py:190} INFO -  Previous state of the Task instance: running
[2024-09-27T18:16:31.902+0000] {logging_mixin.py:190} INFO - Dag name:etl_costos_ventas queued_at:2024-09-27 18:16:26.484002+00:00
[2024-09-27T18:16:31.903+0000] {logging_mixin.py:190} INFO - Task hostname:bb65290724da operator:PythonOperator
[2024-09-27T18:16:31.944+0000] {local_task_job_runner.py:266} INFO - Task exited with return code 0
[2024-09-27T18:16:31.958+0000] {taskinstance.py:3900} INFO - 0 downstream tasks scheduled from follow-on schedule check
[2024-09-27T18:16:31.960+0000] {local_task_job_runner.py:245} INFO - ::endgroup::
